  {
    "Computer": "we5769srv.waynecorpinc.local",
    "DestinationHostname": "a23-208-219-188.deploy.static.akamaitechnologies.com",
    "DestinationIp": "23.208.219.188",
    "DestinationIsIpv6": "false",
    "DestinationPort": "443",
    "DestinationPortName": "https",
    "EventChannel": "Microsoft-Windows-Sysmon/Operational",
    "EventCode": "3",
    "EventDescription": "Network Connect",
    "Image": "C:\\Windows\\System32\\svchost.exe",
    "Initiated": "true",
    "Keywords": "0x8000000000000000",
    "Level": "4",
    "Opcode": "0",
    "ProcessGuid": "{C1B8F7DD-B08A-57AA-0000-0010CAEB0000}",
    "ProcessId": "952",
    "Protocol": "tcp",
    "RecordID": "407260",
    "SecurityID": "S-1-5-18",
    "SourceHostname": "we5769srv.waynecorpinc.local",
    "SourceIp": "192.168.250.100",
    "SourceIsIpv6": "false",
    "SourcePort": "52356",
    "Task": "3",
    "TimeCreated": "2016-08-28T23:56:56.032063300Z",
    "User": "NT AUTHORITY\\SYSTEM",
    "UtcTime": "2016-08-28 23:56:56.834",
    "Version": "5",
    "action": "allowed",
    "app": "C:\\Windows\\System32\\svchost.exe",
    "dest": "a23-208-219-188.deploy.static.akamaitechnologies.com",
    "dest_host": "a23-208-219-188.deploy.static.akamaitechnologies.com",
    "dest_ip": "23.208.219.188",
    "dest_port": "443",
    "direction": "outbound",
    "dvc": "we5769srv.waynecorpinc.local",
    "dvc_nt_host": "we5769srv",
    "eventtype": [
      "ms-sysmon-network",
      "wineventlog_windows"
    ],
    "host": "we5769srv",
    "index": "botsv1",
    "linecount": "2",
    "process": "svchost.exe",
    "process_id": "952",
    "protocol": "https",
    "punct": "<_='://../////'><><_='--'_='{----}'/><></><></><><",
    "session_id": "{C1B8F7DD-B08A-57AA-0000-0010CAEB0000}",
    "signature": "Network Connect",
    "signature_id": "3",
    "source": "WinEventLog:Microsoft-Windows-Sysmon/Operational",
    "sourcetype": "XmlWinEventLog:Microsoft-Windows-Sysmon/Operational",
    "splunk_server": "kraken.local",
    "src": "we5769srv.waynecorpinc.local",
    "src_host": "we5769srv.waynecorpinc.local",
    "src_ip": "192.168.250.100",
    "src_port": "52356",
    "tag": [
      "communicate",
      "network",
      "os",
      "windows"
    ],
    "tag::eventtype": [
      "communicate",
      "network",
      "os",
      "windows"
    ],
    "timestamp": "none",
    "transport": "tcp",
    "user": "NT AUTHORITY\\SYSTEM",
    "vendor_product": "Microsoft Sysmon",
    "_bkt": "botsv1~59~25FE58F7-C438-478E-AC42-625F7A4D81D6",
    "_cd": "59:225945317",
    "_eventtype_color": "none",
    "_indextime": "1473355003",
    "_raw": "<Event xmlns='http://schemas.microsoft.com/win/2004/08/events/event'><System><Provider Name='Microsoft-Windows-Sysmon' Guid='{5770385F-C22A-43E0-BF4C-06F5698FFBD9}'/><EventID>3</EventID><Version>5</Version><Level>4</Level><Task>3</Task><Opcode>0</Opcode><Keywords>0x8000000000000000</Keywords><TimeCreated SystemTime='2016-08-28T23:56:56.032063300Z'/><EventRecordID>407260</EventRecordID><Correlation/><Execution ProcessID='1200' ThreadID='2560'/><Channel>Microsoft-Windows-Sysmon/Operational</Channel><Computer>we5769srv.waynecorpinc.local</Computer><Security UserID='S-1-5-18'/></System><EventData><Data Name='UtcTime'>2016-08-28 23:56:56.834</Data><Data Name='ProcessGuid'>{C1B8F7DD-B08A-57AA-0000-0010CAEB0000}</Data><Data Name='ProcessId'>952</Data><Data Name='Image'>C:\\Windows\\System32\\svchost.exe</Data><Data Name='User'>NT AUTHORITY\\SYSTEM</Data><Data Name='Protocol'>tcp</Data><Data Name='Initiated'>true</Data><Data Name='SourceIsIpv6'>false</Data><Data Name='SourceIp'>192.168.250.100</Data><Data Name='SourceHostname'>we5769srv.waynecorpinc.local</Data><Data Name='SourcePort'>52356</Data><Data Name='SourcePortName'></Data><Data Name='DestinationIsIpv6'>false</Data><Data Name='DestinationIp'>23.208.219.188</Data><Data Name='DestinationHostname'>a23-208-219-188.deploy.static.akamaitechnologies.com</Data><Data Name='DestinationPort'>443</Data><Data Name='DestinationPortName'>https</Data></EventData></Event>\n",
    "_serial": "34",
    "_si": [
      "kraken.local",
      "botsv1"
    ],
    "_sourcetype": "XmlWinEventLog:Microsoft-Windows-Sysmon/Operational",
    "_time": "2016-08-28 17:56:56.000 MDT"
  },
  {
    "Computer": "we2707srv.waynecorpinc.local",
    "DestinationHostname": "we2707srv",
    "DestinationIp": "192.168.250.20",
    "DestinationIsIpv6": "false",
    "DestinationPort": "445",
    "DestinationPortName": "microsoft-ds",
    "EventChannel": "Microsoft-Windows-Sysmon/Operational",
    "EventCode": "3",
    "EventDescription": "Network Connect",
    "Image": "System",
    "Initiated": "true",
    "Keywords": "0x8000000000000000",
    "Level": "4",
    "Opcode": "0",
    "ProcessGuid": "{C1B8F7DD-B086-57AA-0000-0010EB030000}",
    "ProcessId": "4",
    "Protocol": "tcp",
    "RecordID": "309783",
    "SecurityID": "S-1-5-18",
    "SourceHostname": "we2707srv.waynecorpinc.local",
    "SourceIp": "192.168.250.100",
    "SourceIsIpv6": "false",
    "SourcePort": "51157",
    "Task": "3",
    "TimeCreated": "2016-08-28T23:56:51.228785100Z",
    "User": "NT AUTHORITY\\SYSTEM",
    "UtcTime": "2016-08-28 23:56:51.157",
    "Version": "5",
    "action": "allowed",
    "app": "System",
    "dest": "we2707srv",
    "dest_host": "we2707srv",
    "dest_ip": "192.168.250.20",
    "dest_port": "445",
    "direction": "outbound",
    "dvc": "we2707srv.waynecorpinc.local",
    "dvc_nt_host": "we2707srv",
    "eventtype": [
      "ms-sysmon-network",
      "wineventlog_windows"
    ],
    "host": "we2707srv",
    "index": "botsv1",
    "linecount": "2",
    "process": "System",
    "process_id": "4",
    "protocol": "microsoft-ds",
    "punct": "<_='://../////'><><_='--'_='{----}'/><></><></><><",
    "session_id": "{C1B8F7DD-B086-57AA-0000-0010EB030000}",
    "signature": "Network Connect",
    "signature_id": "3",
    "source": "WinEventLog:Microsoft-Windows-Sysmon/Operational",
    "sourcetype": "XmlWinEventLog:Microsoft-Windows-Sysmon/Operational",
    "splunk_server": "kraken.local",
    "src": "we2707srv.waynecorpinc.local",
    "src_host": "we2707srv.waynecorpinc.local",
    "src_ip": "192.168.250.100",
    "src_port": "51157",
    "tag": [
      "communicate",
      "network",
      "os",
      "windows"
    ],
    "tag::eventtype": [
      "communicate",
      "network",
      "os",
      "windows"
    ],
    "timestamp": "none",
    "transport": "tcp",
    "user": "NT AUTHORITY\\SYSTEM",
    "vendor_product": "Microsoft Sysmon",
    "_bkt": "botsv1~59~25FE58F7-C438-478E-AC42-625F7A4D81D6",
    "_cd": "59:238949230",
    "_eventtype_color": "none",
    "_indextime": "1473355221",
    "_raw": "<Event xmlns='http://schemas.microsoft.com/win/2004/08/events/event'><System><Provider Name='Microsoft-Windows-Sysmon' Guid='{5770385F-C22A-43E0-BF4C-06F5698FFBD9}'/><EventID>3</EventID><Version>5</Version><Level>4</Level><Task>3</Task><Opcode>0</Opcode><Keywords>0x8000000000000000</Keywords><TimeCreated SystemTime='2016-08-28T23:56:51.228785100Z'/><EventRecordID>309783</EventRecordID><Correlation/><Execution ProcessID='1200' ThreadID='2560'/><Channel>Microsoft-Windows-Sysmon/Operational</Channel><Computer>we2707srv.waynecorpinc.local</Computer><Security UserID='S-1-5-18'/></System><EventData><Data Name='UtcTime'>2016-08-28 23:56:51.157</Data><Data Name='ProcessGuid'>{C1B8F7DD-B086-57AA-0000-0010EB030000}</Data><Data Name='ProcessId'>4</Data><Data Name='Image'>System</Data><Data Name='User'>NT AUTHORITY\\SYSTEM</Data><Data Name='Protocol'>tcp</Data><Data Name='Initiated'>true</Data><Data Name='SourceIsIpv6'>false</Data><Data Name='SourceIp'>192.168.250.100</Data><Data Name='SourceHostname'>we2707srv.waynecorpinc.local</Data><Data Name='SourcePort'>51157</Data><Data Name='SourcePortName'></Data><Data Name='DestinationIsIpv6'>false</Data><Data Name='DestinationIp'>192.168.250.20</Data><Data Name='DestinationHostname'>we2707srv</Data><Data Name='DestinationPort'>445</Data><Data Name='DestinationPortName'>microsoft-ds</Data></EventData></Event>\n",
    "_serial": "35",
    "_si": [
      "kraken.local",
      "botsv1"
    ],
    "_sourcetype": "XmlWinEventLog:Microsoft-Windows-Sysmon/Operational",
    "_time": "2016-08-28 17:56:51.000 MDT"
  },
  {
    "Computer": "we7004srv.waynecorpinc.local",
    "DestinationHostname": "we7004srv",
    "DestinationIp": "192.168.250.20",
    "DestinationIsIpv6": "false",
    "DestinationPort": "53",
    "DestinationPortName": "domain",
    "EventChannel": "Microsoft-Windows-Sysmon/Operational",
    "EventCode": "3",
    "EventDescription": "Network Connect",
    "Image": "C:\\Windows\\System32\\svchost.exe",
    "Initiated": "false",
    "Keywords": "0x8000000000000000",
    "Level": "4",
    "Opcode": "0",
    "ProcessGuid": "{C1B8F7DD-B08B-57AA-0000-00109C100100}",
    "ProcessId": "1036",
    "Protocol": "udp",
    "RecordID": "503338",
    "SecurityID": "S-1-5-18",
    "SourceHostname": "we7004srv.waynecorpinc.local",
    "SourceIp": "192.168.250.100",
    "SourceIsIpv6": "false",
    "SourcePort": "50135",
    "Task": "3",
    "TimeCreated": "2016-08-28T23:56:41.670758800Z",
    "User": "NT AUTHORITY\\NETWORK SERVICE",
    "UtcTime": "2016-08-28 23:56:41.948",
    "Version": "5",
    "action": "allowed",
    "app": "C:\\Windows\\System32\\svchost.exe",
    "dest": "we7004srv",
    "dest_host": "we7004srv",
    "dest_ip": "192.168.250.20",
    "dest_port": "53",
    "direction": "inbound",
    "dvc": "we7004srv.waynecorpinc.local",
    "dvc_nt_host": "we7004srv",
    "eventtype": [
      "ms-sysmon-network",
      "wineventlog_windows"
    ],
    "host": "we7004srv",
    "index": "botsv1",
    "linecount": "2",
    "process": "svchost.exe",
    "process_id": "1036",
    "punct": "<_='://../////'><><_='--'_='{----}'/><></><></><><",
    "session_id": "{C1B8F7DD-B08B-57AA-0000-00109C100100}",
    "signature": "Network Connect",
    "signature_id": "3",
    "source": "WinEventLog:Microsoft-Windows-Sysmon/Operational",
    "sourcetype": "XmlWinEventLog:Microsoft-Windows-Sysmon/Operational",
    "splunk_server": "kraken.local",
    "src": "we7004srv.waynecorpinc.local",
    "src_host": "we7004srv.waynecorpinc.local",
    "src_ip": "192.168.250.100",
    "src_port": "50135",
    "tag": [
      "communicate",
      "network",
      "os",
      "windows"
    ],
    "tag::eventtype": [
      "communicate",
      "network",
      "os",
      "windows"
    ],
    "timestamp": "none",
    "transport": "udp",
    "user": "NT AUTHORITY\\NETWORK SERVICE",
    "vendor_product": "Microsoft Sysmon",
    "_bkt": "botsv1~59~25FE58F7-C438-478E-AC42-625F7A4D81D6",
    "_cd": "59:252813336",
    "_eventtype_color": "none",
    "_indextime": "1473355442",
    "_raw": "<Event xmlns='http://schemas.microsoft.com/win/2004/08/events/event'><System><Provider Name='Microsoft-Windows-Sysmon' Guid='{5770385F-C22A-43E0-BF4C-06F5698FFBD9}'/><EventID>3</EventID><Version>5</Version><Level>4</Level><Task>3</Task><Opcode>0</Opcode><Keywords>0x8000000000000000</Keywords><TimeCreated SystemTime='2016-08-28T23:56:41.670758800Z'/><EventRecordID>503338</EventRecordID><Correlation/><Execution ProcessID='1200' ThreadID='2560'/><Channel>Microsoft-Windows-Sysmon/Operational</Channel><Computer>we7004srv.waynecorpinc.local</Computer><Security UserID='S-1-5-18'/></System><EventData><Data Name='UtcTime'>2016-08-28 23:56:41.948</Data><Data Name='ProcessGuid'>{C1B8F7DD-B08B-57AA-0000-00109C100100}</Data><Data Name='ProcessId'>1036</Data><Data Name='Image'>C:\\Windows\\System32\\svchost.exe</Data><Data Name='User'>NT AUTHORITY\\NETWORK SERVICE</Data><Data Name='Protocol'>udp</Data><Data Name='Initiated'>false</Data><Data Name='SourceIsIpv6'>false</Data><Data Name='SourceIp'>192.168.250.100</Data><Data Name='SourceHostname'>we7004srv.waynecorpinc.local</Data><Data Name='SourcePort'>50135</Data><Data Name='SourcePortName'></Data><Data Name='DestinationIsIpv6'>false</Data><Data Name='DestinationIp'>192.168.250.20</Data><Data Name='DestinationHostname'>we7004srv</Data><Data Name='DestinationPort'>53</Data><Data Name='DestinationPortName'>domain</Data></EventData></Event>\n",
    "_serial": "36",
    "_si": [
      "kraken.local",
      "botsv1"
    ],
    "_sourcetype": "XmlWinEventLog:Microsoft-Windows-Sysmon/Operational",
    "_time": "2016-08-28 17:56:41.000 MDT"
  },
  {
    "Computer": "we3375srv.waynecorpinc.local",
    "DestinationIp": "191.232.139.214",
    "DestinationIsIpv6": "false",
    "DestinationPort": "443",
    "DestinationPortName": "https",
    "EventChannel": "Microsoft-Windows-Sysmon/Operational",
    "EventCode": "3",
    "EventDescription": "Network Connect",
    "Image": "C:\\Windows\\System32\\svchost.exe",
    "Initiated": "true",
    "Keywords": "0x8000000000000000",
    "Level": "4",
    "Opcode": "0",
    "ProcessGuid": "{C1B8F7DD-B08A-57AA-0000-0010CAEB0000}",
    "ProcessId": "952",
    "Protocol": "tcp",
    "RecordID": "436261",
    "SecurityID": "S-1-5-18",
    "SourceHostname": "we3375srv.waynecorpinc.local",
    "SourceIp": "192.168.250.100",
    "SourceIsIpv6": "false",
    "SourcePort": "52716",
    "Task": "3",
    "TimeCreated": "2016-08-28T23:56:27.788459300Z",
    "User": "NT AUTHORITY\\SYSTEM",
    "UtcTime": "2016-08-28 23:56:27.948",
    "Version": "5",
    "action": "allowed",
    "app": "C:\\Windows\\System32\\svchost.exe",
    "dest": "191.232.139.214",
    "dest_ip": "191.232.139.214",
    "dest_port": "443",
    "direction": "outbound",
    "dvc": "we3375srv.waynecorpinc.local",
    "dvc_nt_host": "we3375srv",
    "eventtype": [
      "ms-sysmon-network",
      "wineventlog_windows"
    ],
    "host": "we3375srv",
    "index": "botsv1",
    "linecount": "2",
    "process": "svchost.exe",
    "process_id": "952",
    "protocol": "https",
    "punct": "<_='://../////'><><_='--'_='{----}'/><></><></><><",
    "session_id": "{C1B8F7DD-B08A-57AA-0000-0010CAEB0000}",
    "signature": "Network Connect",
    "signature_id": "3",
    "source": "WinEventLog:Microsoft-Windows-Sysmon/Operational",
    "sourcetype": "XmlWinEventLog:Microsoft-Windows-Sysmon/Operational",
    "splunk_server": "kraken.local",
    "src": "we3375srv.waynecorpinc.local",
    "src_host": "we3375srv.waynecorpinc.local",
    "src_ip": "192.168.250.100",
    "src_port": "52716",
    "tag": [
      "communicate",
      "network",
      "os",
      "windows"
    ],
    "tag::eventtype": [
      "communicate",
      "network",
      "os",
      "windows"
    ],
    "timestamp": "none",
    "transport": "tcp",
    "user": "NT AUTHORITY\\SYSTEM",
    "vendor_product": "Microsoft Sysmon",
    "_bkt": "botsv1~59~25FE58F7-C438-478E-AC42-625F7A4D81D6",
    "_cd": "59:500452977",
    "_eventtype_color": "none",
    "_indextime": "1473359324",
    "_raw": "<Event xmlns='http://schemas.microsoft.com/win/2004/08/events/event'><System><Provider Name='Microsoft-Windows-Sysmon' Guid='{5770385F-C22A-43E0-BF4C-06F5698FFBD9}'/><EventID>3</EventID><Version>5</Version><Level>4</Level><Task>3</Task><Opcode>0</Opcode><Keywords>0x8000000000000000</Keywords><TimeCreated SystemTime='2016-08-28T23:56:27.788459300Z'/><EventRecordID>436261</EventRecordID><Correlation/><Execution ProcessID='1200' ThreadID='2560'/><Channel>Microsoft-Windows-Sysmon/Operational</Channel><Computer>we3375srv.waynecorpinc.local</Computer><Security UserID='S-1-5-18'/></System><EventData><Data Name='UtcTime'>2016-08-28 23:56:27.948</Data><Data Name='ProcessGuid'>{C1B8F7DD-B08A-57AA-0000-0010CAEB0000}</Data><Data Name='ProcessId'>952</Data><Data Name='Image'>C:\\Windows\\System32\\svchost.exe</Data><Data Name='User'>NT AUTHORITY\\SYSTEM</Data><Data Name='Protocol'>tcp</Data><Data Name='Initiated'>true</Data><Data Name='SourceIsIpv6'>false</Data><Data Name='SourceIp'>192.168.250.100</Data><Data Name='SourceHostname'>we3375srv.waynecorpinc.local</Data><Data Name='SourcePort'>52716</Data><Data Name='SourcePortName'></Data><Data Name='DestinationIsIpv6'>false</Data><Data Name='DestinationIp'>191.232.139.214</Data><Data Name='DestinationHostname'></Data><Data Name='DestinationPort'>443</Data><Data Name='DestinationPortName'>https</Data></EventData></Event>\n",
    "_serial": "37",
    "_si": [
      "kraken.local",
      "botsv1"
    ],
    "_sourcetype": "XmlWinEventLog:Microsoft-Windows-Sysmon/Operational",
    "_time": "2016-08-28 17:56:27.000 MDT"
  },
  {
    "Computer": "we6741srv.waynecorpinc.local",
    "DestinationIp": "239.255.255.250",
    "DestinationIsIpv6": "false",
    "DestinationPort": "1900",
    "DestinationPortName": "ssdp",
    "EventChannel": "Microsoft-Windows-Sysmon/Operational",
    "EventCode": "3",
    "EventDescription": "Network Connect",
    "Image": "C:\\Program Files (x86)\\Common Files\\Acronis\\SyncAgent\\syncagentsrv.exe",
    "Initiated": "true",
    "Keywords": "0x8000000000000000",
    "Level": "4",
    "Opcode": "0",
    "ProcessGuid": "{C1B8F7DD-B109-57AA-0000-0010BE530C00}",
    "ProcessId": "5100",
    "Protocol": "udp",
    "RecordID": "369167",
    "SecurityID": "S-1-5-18",
    "SourceHostname": "we6741srv.waynecorpinc.local",
    "SourceIp": "192.168.250.100",
    "SourceIsIpv6": "false",
    "SourcePort": "52634",
    "Task": "3",
    "TimeCreated": "2016-08-28T23:56:21.136820700Z",
    "User": "NT AUTHORITY\\SYSTEM",
    "UtcTime": "2016-08-28 23:56:21.122",
    "Version": "5",
    "action": "allowed",
    "app": "C:\\Program Files (x86)\\Common Files\\Acronis\\SyncAgent\\syncagentsrv.exe",
    "dest": "239.255.255.250",
    "dest_ip": "239.255.255.250",
    "dest_port": "1900",
    "direction": "outbound",
    "dvc": "we6741srv.waynecorpinc.local",
    "dvc_nt_host": "we6741srv",
    "eventtype": [
      "ms-sysmon-network",
      "wineventlog_windows"
    ],
    "host": "we6741srv",
    "index": "botsv1",
    "linecount": "2",
    "process": "syncagentsrv.exe",
    "process_id": "5100",
    "protocol": "ssdp",
    "punct": "<_='://../////'><><_='--'_='{----}'/><></><></><><",
    "session_id": "{C1B8F7DD-B109-57AA-0000-0010BE530C00}",
    "signature": "Network Connect",
    "signature_id": "3",
    "source": "WinEventLog:Microsoft-Windows-Sysmon/Operational",
    "sourcetype": "XmlWinEventLog:Microsoft-Windows-Sysmon/Operational",
    "splunk_server": "kraken.local",
    "src": "we6741srv.waynecorpinc.local",
    "src_host": "we6741srv.waynecorpinc.local",
    "src_ip": "192.168.250.100",
    "src_port": "52634",
    "tag": [
      "communicate",
      "network",
      "os",
      "windows"
    ],
    "tag::eventtype": [
      "communicate",
      "network",
      "os",
      "windows"
    ],
    "timestamp": "none",
    "transport": "udp",
    "user": "NT AUTHORITY\\SYSTEM",
    "vendor_product": "Microsoft Sysmon",
    "_bkt": "botsv1~59~25FE58F7-C438-478E-AC42-625F7A4D81D6",
    "_cd": "59:333311485",
    "_eventtype_color": "none",
    "_indextime": "1473356704",
    "_raw": "<Event xmlns='http://schemas.microsoft.com/win/2004/08/events/event'><System><Provider Name='Microsoft-Windows-Sysmon' Guid='{5770385F-C22A-43E0-BF4C-06F5698FFBD9}'/><EventID>3</EventID><Version>5</Version><Level>4</Level><Task>3</Task><Opcode>0</Opcode><Keywords>0x8000000000000000</Keywords><TimeCreated SystemTime='2016-08-28T23:56:21.136820700Z'/><EventRecordID>369167</EventRecordID><Correlation/><Execution ProcessID='1200' ThreadID='2560'/><Channel>Microsoft-Windows-Sysmon/Operational</Channel><Computer>we6741srv.waynecorpinc.local</Computer><Security UserID='S-1-5-18'/></System><EventData><Data Name='UtcTime'>2016-08-28 23:56:21.122</Data><Data Name='ProcessGuid'>{C1B8F7DD-B109-57AA-0000-0010BE530C00}</Data><Data Name='ProcessId'>5100</Data><Data Name='Image'>C:\\Program Files (x86)\\Common Files\\Acronis\\SyncAgent\\syncagentsrv.exe</Data><Data Name='User'>NT AUTHORITY\\SYSTEM</Data><Data Name='Protocol'>udp</Data><Data Name='Initiated'>true</Data><Data Name='SourceIsIpv6'>false</Data><Data Name='SourceIp'>192.168.250.100</Data><Data Name='SourceHostname'>we6741srv.waynecorpinc.local</Data><Data Name='SourcePort'>52634</Data><Data Name='SourcePortName'></Data><Data Name='DestinationIsIpv6'>false</Data><Data Name='DestinationIp'>239.255.255.250</Data><Data Name='DestinationHostname'></Data><Data Name='DestinationPort'>1900</Data><Data Name='DestinationPortName'>ssdp</Data></EventData></Event>\n",
    "_serial": "38",
    "_si": [
      "kraken.local",
      "botsv1"
    ],
    "_sourcetype": "XmlWinEventLog:Microsoft-Windows-Sysmon/Operational",
    "_time": "2016-08-28 17:56:21.000 MDT"
  },
  {
    "Computer": "we7422srv.waynecorpinc.local",
    "DestinationIp": "192.168.250.100",
    "DestinationIsIpv6": "false",
    "DestinationPort": "51026",
    "EventChannel": "Microsoft-Windows-Sysmon/Operational",
    "EventCode": "3",
    "EventDescription": "Network Connect",
    "Image": "C:\\Windows\\System32\\dns.exe",
    "Initiated": "false",
    "Keywords": "0x8000000000000000",
    "Level": "4",
    "Opcode": "0",
    "ProcessGuid": "{46C72849-5AFF-57A9-0000-00100E7C0100}",
    "ProcessId": "1320",
    "Protocol": "udp",
    "RecordID": "203220",
    "SecurityID": "S-1-5-18",
    "SourceHostname": "we7422srv.waynecorpinc.local",
    "SourceIp": "192.168.250.20",
    "SourceIsIpv6": "false",
    "SourcePort": "53",
    "SourcePortName": "domain",
    "Task": "3",
    "TimeCreated": "2016-08-28T23:56:18.572983500Z",
    "User": "NT AUTHORITY\\SYSTEM",
    "UtcTime": "2016-08-28 23:56:18.251",
    "Version": "5",
    "action": "allowed",
    "app": "C:\\Windows\\System32\\dns.exe",
    "dest": "192.168.250.100",
    "dest_ip": "192.168.250.100",
    "dest_port": "51026",
    "direction": "inbound",
    "dvc": "we7422srv.waynecorpinc.local",
    "dvc_nt_host": "we7422srv",
    "eventtype": [
      "ms-sysmon-network",
      "wineventlog_windows"
    ],
    "host": "we7422srv",
    "index": "botsv1",
    "linecount": "2",
    "process": "dns.exe",
    "process_id": "1320",
    "protocol": "domain",
    "punct": "<_='://../////'><><_='--'_='{----}'/><></><></><><",
    "session_id": "{46C72849-5AFF-57A9-0000-00100E7C0100}",
    "signature": "Network Connect",
    "signature_id": "3",
    "source": "WinEventLog:Microsoft-Windows-Sysmon/Operational",
    "sourcetype": "XmlWinEventLog:Microsoft-Windows-Sysmon/Operational",
    "splunk_server": "kraken.local",
    "src": "we7422srv.waynecorpinc.local",
    "src_host": "we7422srv.waynecorpinc.local",
    "src_ip": "192.168.250.20",
    "src_port": "53",
    "tag": [
      "communicate",
      "network",
      "os",
      "windows"
    ],
    "tag::eventtype": [
      "communicate",
      "network",
      "os",
      "windows"
    ],
    "timestamp": "none",
    "transport": "udp",
    "user": "NT AUTHORITY\\SYSTEM",
    "vendor_product": "Microsoft Sysmon",
    "_bkt": "botsv1~59~25FE58F7-C438-478E-AC42-625F7A4D81D6",
    "_cd": "59:542138563",
    "_eventtype_color": "none",
    "_indextime": "1473359970",
    "_raw": "<Event xmlns='http://schemas.microsoft.com/win/2004/08/events/event'><System><Provider Name='Microsoft-Windows-Sysmon' Guid='{5770385F-C22A-43E0-BF4C-06F5698FFBD9}'/><EventID>3</EventID><Version>5</Version><Level>4</Level><Task>3</Task><Opcode>0</Opcode><Keywords>0x8000000000000000</Keywords><TimeCreated SystemTime='2016-08-28T23:56:18.572983500Z'/><EventRecordID>203220</EventRecordID><Correlation/><Execution ProcessID='2572' ThreadID='3796'/><Channel>Microsoft-Windows-Sysmon/Operational</Channel><Computer>we7422srv.waynecorpinc.local</Computer><Security UserID='S-1-5-18'/></System><EventData><Data Name='UtcTime'>2016-08-28 23:56:18.251</Data><Data Name='ProcessGuid'>{46C72849-5AFF-57A9-0000-00100E7C0100}</Data><Data Name='ProcessId'>1320</Data><Data Name='Image'>C:\\Windows\\System32\\dns.exe</Data><Data Name='User'>NT AUTHORITY\\SYSTEM</Data><Data Name='Protocol'>udp</Data><Data Name='Initiated'>false</Data><Data Name='SourceIsIpv6'>false</Data><Data Name='SourceIp'>192.168.250.20</Data><Data Name='SourceHostname'>we7422srv.waynecorpinc.local</Data><Data Name='SourcePort'>53</Data><Data Name='SourcePortName'>domain</Data><Data Name='DestinationIsIpv6'>false</Data><Data Name='DestinationIp'>192.168.250.100</Data><Data Name='DestinationHostname'></Data><Data Name='DestinationPort'>51026</Data><Data Name='DestinationPortName'></Data></EventData></Event>\n",
    "_serial": "39",
    "_si": [
      "kraken.local",
      "botsv1"
    ],
    "_sourcetype": "XmlWinEventLog:Microsoft-Windows-Sysmon/Operational",
    "_time": "2016-08-28 17:56:18.000 MDT"
  },
  {
    "Computer": "we5941srv.waynecorpinc.local",
    "DestinationIp": "192.168.250.100",
    "DestinationIsIpv6": "false",
    "DestinationPort": "55104",
    "EventChannel": "Microsoft-Windows-Sysmon/Operational",
    "EventCode": "3",
    "EventDescription": "Network Connect",
    "Image": "C:\\Windows\\System32\\dns.exe",
    "Initiated": "false",
    "Keywords": "0x8000000000000000",
    "Level": "4",
    "Opcode": "0",
    "ProcessGuid": "{46C72849-5AFF-57A9-0000-00100E7C0100}",
    "ProcessId": "1320",
    "Protocol": "udp",
    "RecordID": "220775",
    "SecurityID": "S-1-5-18",
    "SourceHostname": "we5941srv.waynecorpinc.local",
    "SourceIp": "192.168.250.20",
    "SourceIsIpv6": "false",
    "SourcePort": "53",
    "SourcePortName": "domain",
    "Task": "3",
    "TimeCreated": "2016-08-28T23:56:17.756995600Z",
    "User": "NT AUTHORITY\\SYSTEM",
    "UtcTime": "2016-08-28 23:56:17.355",
    "Version": "5",
    "action": "allowed",
    "app": "C:\\Windows\\System32\\dns.exe",
    "dest": "192.168.250.100",
    "dest_ip": "192.168.250.100",
    "dest_port": "55104",
    "direction": "inbound",
    "dvc": "we5941srv.waynecorpinc.local",
    "dvc_nt_host": "we5941srv",
    "eventtype": [
      "ms-sysmon-network",
      "wineventlog_windows"
    ],
    "host": "we5941srv",
    "index": "botsv1",
    "linecount": "2",
    "process": "dns.exe",
    "process_id": "1320",
    "protocol": "domain",
    "punct": "<_='://../////'><><_='--'_='{----}'/><></><></><><",
    "session_id": "{46C72849-5AFF-57A9-0000-00100E7C0100}",
    "signature": "Network Connect",
    "signature_id": "3",
    "source": "WinEventLog:Microsoft-Windows-Sysmon/Operational",
    "sourcetype": "XmlWinEventLog:Microsoft-Windows-Sysmon/Operational",
    "splunk_server": "kraken.local",
    "src": "we5941srv.waynecorpinc.local",
    "src_host": "we5941srv.waynecorpinc.local",
    "src_ip": "192.168.250.20",
    "src_port": "53",
    "tag": [
      "communicate",
      "network",
      "os",
      "windows"
    ],
    "tag::eventtype": [
      "communicate",
      "network",
      "os",
      "windows"
    ],
    "timestamp": "none",
    "transport": "udp",
    "user": "NT AUTHORITY\\SYSTEM",
    "vendor_product": "Microsoft Sysmon",
    "_bkt": "botsv1~59~25FE58F7-C438-478E-AC42-625F7A4D81D6",
    "_cd": "59:72770241",
    "_eventtype_color": "none",
    "_indextime": "1473352623",
    "_raw": "<Event xmlns='http://schemas.microsoft.com/win/2004/08/events/event'><System><Provider Name='Microsoft-Windows-Sysmon' Guid='{5770385F-C22A-43E0-BF4C-06F5698FFBD9}'/><EventID>3</EventID><Version>5</Version><Level>4</Level><Task>3</Task><Opcode>0</Opcode><Keywords>0x8000000000000000</Keywords><TimeCreated SystemTime='2016-08-28T23:56:17.756995600Z'/><EventRecordID>220775</EventRecordID><Correlation/><Execution ProcessID='2572' ThreadID='3796'/><Channel>Microsoft-Windows-Sysmon/Operational</Channel><Computer>we5941srv.waynecorpinc.local</Computer><Security UserID='S-1-5-18'/></System><EventData><Data Name='UtcTime'>2016-08-28 23:56:17.355</Data><Data Name='ProcessGuid'>{46C72849-5AFF-57A9-0000-00100E7C0100}</Data><Data Name='ProcessId'>1320</Data><Data Name='Image'>C:\\Windows\\System32\\dns.exe</Data><Data Name='User'>NT AUTHORITY\\SYSTEM</Data><Data Name='Protocol'>udp</Data><Data Name='Initiated'>false</Data><Data Name='SourceIsIpv6'>false</Data><Data Name='SourceIp'>192.168.250.20</Data><Data Name='SourceHostname'>we5941srv.waynecorpinc.local</Data><Data Name='SourcePort'>53</Data><Data Name='SourcePortName'>domain</Data><Data Name='DestinationIsIpv6'>false</Data><Data Name='DestinationIp'>192.168.250.100</Data><Data Name='DestinationHostname'></Data><Data Name='DestinationPort'>55104</Data><Data Name='DestinationPortName'></Data></EventData></Event>\n",
    "_serial": "40",
    "_si": [
      "kraken.local",
      "botsv1"
    ],
    "_sourcetype": "XmlWinEventLog:Microsoft-Windows-Sysmon/Operational",
    "_time": "2016-08-28 17:56:17.000 MDT"
  },
  {
    "Computer": "we3829srv.waynecorpinc.local",
    "DestinationIp": "192.168.250.100",
    "DestinationIsIpv6": "false",
    "DestinationPort": "58534",
    "EventChannel": "Microsoft-Windows-Sysmon/Operational",
    "EventCode": "3",
    "EventDescription": "Network Connect",
    "Image": "C:\\Windows\\System32\\dns.exe",
    "Initiated": "false",
    "Keywords": "0x8000000000000000",
    "Level": "4",
    "Opcode": "0",
    "ProcessGuid": "{46C72849-5AFF-57A9-0000-00100E7C0100}",
    "ProcessId": "1320",
    "Protocol": "udp",
    "RecordID": "258664",
    "SecurityID": "S-1-5-18",
    "SourceHostname": "we3829srv.waynecorpinc.local",
    "SourceIp": "192.168.250.20",
    "SourceIsIpv6": "false",
    "SourcePort": "53",
    "SourcePortName": "domain",
    "Task": "3",
    "TimeCreated": "2016-08-28T23:56:05.432400700Z",
    "User": "NT AUTHORITY\\SYSTEM",
    "UtcTime": "2016-08-28 23:56:05.499",
    "Version": "5",
    "action": "allowed",
    "app": "C:\\Windows\\System32\\dns.exe",
    "dest": "192.168.250.100",
    "dest_ip": "192.168.250.100",
    "dest_port": "58534",
    "direction": "inbound",
    "dvc": "we3829srv.waynecorpinc.local",
    "dvc_nt_host": "we3829srv",
    "eventtype": [
      "ms-sysmon-network",
      "wineventlog_windows"
    ],
    "host": "we3829srv",
    "index": "botsv1",
    "linecount": "2",
    "process": "dns.exe",
    "process_id": "1320",
    "protocol": "domain",
    "punct": "<_='://../////'><><_='--'_='{----}'/><></><></><><",
    "session_id": "{46C72849-5AFF-57A9-0000-00100E7C0100}",
    "signature": "Network Connect",
    "signature_id": "3",
    "source": "WinEventLog:Microsoft-Windows-Sysmon/Operational",
    "sourcetype": "XmlWinEventLog:Microsoft-Windows-Sysmon/Operational",
    "splunk_server": "kraken.local",
    "src": "we3829srv.waynecorpinc.local",
    "src_host": "we3829srv.waynecorpinc.local",
    "src_ip": "192.168.250.20",
    "src_port": "53",
    "tag": [
      "communicate",
      "network",
      "os",
      "windows"
    ],
    "tag::eventtype": [
      "communicate",
      "network",
      "os",
      "windows"
    ],
    "timestamp": "none",
    "transport": "udp",
    "user": "NT AUTHORITY\\SYSTEM",
    "vendor_product": "Microsoft Sysmon",
    "_bkt": "botsv1~59~25FE58F7-C438-478E-AC42-625F7A4D81D6",
    "_cd": "59:248168812",
    "_eventtype_color": "none",
    "_indextime": "1473355369",
    "_raw": "<Event xmlns='http://schemas.microsoft.com/win/2004/08/events/event'><System><Provider Name='Microsoft-Windows-Sysmon' Guid='{5770385F-C22A-43E0-BF4C-06F5698FFBD9}'/><EventID>3</EventID><Version>5</Version><Level>4</Level><Task>3</Task><Opcode>0</Opcode><Keywords>0x8000000000000000</Keywords><TimeCreated SystemTime='2016-08-28T23:56:05.432400700Z'/><EventRecordID>258664</EventRecordID><Correlation/><Execution ProcessID='2572' ThreadID='3796'/><Channel>Microsoft-Windows-Sysmon/Operational</Channel><Computer>we3829srv.waynecorpinc.local</Computer><Security UserID='S-1-5-18'/></System><EventData><Data Name='UtcTime'>2016-08-28 23:56:05.499</Data><Data Name='ProcessGuid'>{46C72849-5AFF-57A9-0000-00100E7C0100}</Data><Data Name='ProcessId'>1320</Data><Data Name='Image'>C:\\Windows\\System32\\dns.exe</Data><Data Name='User'>NT AUTHORITY\\SYSTEM</Data><Data Name='Protocol'>udp</Data><Data Name='Initiated'>false</Data><Data Name='SourceIsIpv6'>false</Data><Data Name='SourceIp'>192.168.250.20</Data><Data Name='SourceHostname'>we3829srv.waynecorpinc.local</Data><Data Name='SourcePort'>53</Data><Data Name='SourcePortName'>domain</Data><Data Name='DestinationIsIpv6'>false</Data><Data Name='DestinationIp'>192.168.250.100</Data><Data Name='DestinationHostname'></Data><Data Name='DestinationPort'>58534</Data><Data Name='DestinationPortName'></Data></EventData></Event>\n",
    "_serial": "41",
    "_si": [
      "kraken.local",
      "botsv1"
    ],
    "_sourcetype": "XmlWinEventLog:Microsoft-Windows-Sysmon/Operational",
    "_time": "2016-08-28 17:56:05.000 MDT"
  },
  {
    "Computer": "we6198srv.waynecorpinc.local",
    "DestinationIp": "192.168.250.100",
    "DestinationIsIpv6": "false",
    "DestinationPort": "54816",
    "EventChannel": "Microsoft-Windows-Sysmon/Operational",
    "EventCode": "3",
    "EventDescription": "Network Connect",
    "Image": "C:\\Windows\\System32\\lsass.exe",
    "Initiated": "false",
    "Keywords": "0x8000000000000000",
    "Level": "4",
    "Opcode": "0",
    "ProcessGuid": "{46C72849-5AE8-57A9-0000-0010947F0000}",
    "ProcessId": "452",
    "Protocol": "udp",
    "RecordID": "342817",
    "SecurityID": "S-1-5-18",
    "SourceHostname": "we6198srv.waynecorpinc.local",
    "SourceIp": "192.168.250.20",
    "SourceIsIpv6": "false",
    "SourcePort": "389",
    "Task": "3",
    "TimeCreated": "2016-08-28T23:56:01.733077100Z",
    "User": "NT AUTHORITY\\SYSTEM",
    "UtcTime": "2016-08-28 23:56:01.656",
    "Version": "5",
    "action": "allowed",
    "app": "C:\\Windows\\System32\\lsass.exe",
    "dest": "192.168.250.100",
    "dest_ip": "192.168.250.100",
    "dest_port": "54816",
    "direction": "inbound",
    "dvc": "we6198srv.waynecorpinc.local",
    "dvc_nt_host": "we6198srv",
    "eventtype": [
      "ms-sysmon-network",
      "wineventlog_windows"
    ],
    "host": "we6198srv",
    "index": "botsv1",
    "linecount": "2",
    "process": "lsass.exe",
    "process_id": "452",
    "punct": "<_='://../////'><><_='--'_='{----}'/><></><></><><",
    "session_id": "{46C72849-5AE8-57A9-0000-0010947F0000}",
    "signature": "Network Connect",
    "signature_id": "3",
    "source": "WinEventLog:Microsoft-Windows-Sysmon/Operational",
    "sourcetype": "XmlWinEventLog:Microsoft-Windows-Sysmon/Operational",
    "splunk_server": "kraken.local",
    "src": "we6198srv.waynecorpinc.local",
    "src_host": "we6198srv.waynecorpinc.local",
    "src_ip": "192.168.250.20",
    "src_port": "389",
    "tag": [
      "communicate",
      "network",
      "os",
      "windows"
    ],
    "tag::eventtype": [
      "communicate",
      "network",
      "os",
      "windows"
    ],
    "timestamp": "none",
    "transport": "udp",
    "user": "NT AUTHORITY\\SYSTEM",
    "vendor_product": "Microsoft Sysmon",
    "_bkt": "botsv1~59~25FE58F7-C438-478E-AC42-625F7A4D81D6",
    "_cd": "59:141553872",
    "_eventtype_color": "none",
    "_indextime": "1473353691",
    "_raw": "<Event xmlns='http://schemas.microsoft.com/win/2004/08/events/event'><System><Provider Name='Microsoft-Windows-Sysmon' Guid='{5770385F-C22A-43E0-BF4C-06F5698FFBD9}'/><EventID>3</EventID><Version>5</Version><Level>4</Level><Task>3</Task><Opcode>0</Opcode><Keywords>0x8000000000000000</Keywords><TimeCreated SystemTime='2016-08-28T23:56:01.733077100Z'/><EventRecordID>342817</EventRecordID><Correlation/><Execution ProcessID='2572' ThreadID='3796'/><Channel>Microsoft-Windows-Sysmon/Operational</Channel><Computer>we6198srv.waynecorpinc.local</Computer><Security UserID='S-1-5-18'/></System><EventData><Data Name='UtcTime'>2016-08-28 23:56:01.656</Data><Data Name='ProcessGuid'>{46C72849-5AE8-57A9-0000-0010947F0000}</Data><Data Name='ProcessId'>452</Data><Data Name='Image'>C:\\Windows\\System32\\lsass.exe</Data><Data Name='User'>NT AUTHORITY\\SYSTEM</Data><Data Name='Protocol'>udp</Data><Data Name='Initiated'>false</Data><Data Name='SourceIsIpv6'>false</Data><Data Name='SourceIp'>192.168.250.20</Data><Data Name='SourceHostname'>we6198srv.waynecorpinc.local</Data><Data Name='SourcePort'>389</Data><Data Name='SourcePortName'></Data><Data Name='DestinationIsIpv6'>false</Data><Data Name='DestinationIp'>192.168.250.100</Data><Data Name='DestinationHostname'></Data><Data Name='DestinationPort'>54816</Data><Data Name='DestinationPortName'></Data></EventData></Event>\n",
    "_serial": "42",
    "_si": [
      "kraken.local",
      "botsv1"
    ],
    "_sourcetype": "XmlWinEventLog:Microsoft-Windows-Sysmon/Operational",
    "_time": "2016-08-28 17:56:01.000 MDT"
  },
  {
    "Computer": "we1208srv.waynecorpinc.local",
    "DestinationIp": "191.232.139.214",
    "DestinationIsIpv6": "false",
    "DestinationPort": "443",
    "DestinationPortName": "https",
    "EventChannel": "Microsoft-Windows-Sysmon/Operational",
    "EventCode": "3",
    "EventDescription": "Network Connect",
    "Image": "C:\\Windows\\System32\\svchost.exe",
    "Initiated": "true",
    "Keywords": "0x8000000000000000",
    "Level": "4",
    "Opcode": "0",
    "ProcessGuid": "{C1B8F7DD-B08A-57AA-0000-0010CAEB0000}",
    "ProcessId": "952",
    "Protocol": "tcp",
    "RecordID": "536348",
    "SecurityID": "S-1-5-18",
    "SourceHostname": "we1208srv.waynecorpinc.local",
    "SourceIp": "192.168.250.100",
    "SourceIsIpv6": "false",
    "SourcePort": "53902",
    "Task": "3",
    "TimeCreated": "2016-08-28T23:55:50.996332500Z",
    "User": "NT AUTHORITY\\SYSTEM",
    "UtcTime": "2016-08-28 23:55:50.429",
    "Version": "5",
    "action": "allowed",
    "app": "C:\\Windows\\System32\\svchost.exe",
    "dest": "191.232.139.214",
    "dest_ip": "191.232.139.214",
    "dest_port": "443",
    "direction": "outbound",
    "dvc": "we1208srv.waynecorpinc.local",
    "dvc_nt_host": "we1208srv",
    "eventtype": [
      "ms-sysmon-network",
      "wineventlog_windows"
    ],
    "host": "we1208srv",
    "index": "botsv1",
    "linecount": "2",
    "process": "svchost.exe",
    "process_id": "952",
    "protocol": "https",
    "punct": "<_='://../////'><><_='--'_='{----}'/><></><></><><",
    "session_id": "{C1B8F7DD-B08A-57AA-0000-0010CAEB0000}",
    "signature": "Network Connect",
    "signature_id": "3",
    "source": "WinEventLog:Microsoft-Windows-Sysmon/Operational",
    "sourcetype": "XmlWinEventLog:Microsoft-Windows-Sysmon/Operational",
    "splunk_server": "kraken.local",
    "src": "we1208srv.waynecorpinc.local",
    "src_host": "we1208srv.waynecorpinc.local",
    "src_ip": "192.168.250.100",
    "src_port": "53902",
    "tag": [
      "communicate",
      "network",
      "os",
      "windows"
    ],
    "tag::eventtype": [
      "communicate",
      "network",
      "os",
      "windows"
    ],
    "timestamp": "none",
    "transport": "tcp",
    "user": "NT AUTHORITY\\SYSTEM",
    "vendor_product": "Microsoft Sysmon",
    "_bkt": "botsv1~59~25FE58F7-C438-478E-AC42-625F7A4D81D6",
    "_cd": "59:574419904",
    "_eventtype_color": "none",
    "_indextime": "1473360475",
    "_raw": "<Event xmlns='http://schemas.microsoft.com/win/2004/08/events/event'><System><Provider Name='Microsoft-Windows-Sysmon' Guid='{5770385F-C22A-43E0-BF4C-06F5698FFBD9}'/><EventID>3</EventID><Version>5</Version><Level>4</Level><Task>3</Task><Opcode>0</Opcode><Keywords>0x8000000000000000</Keywords><TimeCreated SystemTime='2016-08-28T23:55:50.996332500Z'/><EventRecordID>536348</EventRecordID><Correlation/><Execution ProcessID='1200' ThreadID='2560'/><Channel>Microsoft-Windows-Sysmon/Operational</Channel><Computer>we1208srv.waynecorpinc.local</Computer><Security UserID='S-1-5-18'/></System><EventData><Data Name='UtcTime'>2016-08-28 23:55:50.429</Data><Data Name='ProcessGuid'>{C1B8F7DD-B08A-57AA-0000-0010CAEB0000}</Data><Data Name='ProcessId'>952</Data><Data Name='Image'>C:\\Windows\\System32\\svchost.exe</Data><Data Name='User'>NT AUTHORITY\\SYSTEM</Data><Data Name='Protocol'>tcp</Data><Data Name='Initiated'>true</Data><Data Name='SourceIsIpv6'>false</Data><Data Name='SourceIp'>192.168.250.100</Data><Data Name='SourceHostname'>we1208srv.waynecorpinc.local</Data><Data Name='SourcePort'>53902</Data><Data Name='SourcePortName'></Data><Data Name='DestinationIsIpv6'>false</Data><Data Name='DestinationIp'>191.232.139.214</Data><Data Name='DestinationHostname'></Data><Data Name='DestinationPort'>443</Data><Data Name='DestinationPortName'>https</Data></EventData></Event>\n",
    "_serial": "43",
    "_si": [
      "kraken.local",
      "botsv1"
    ],
    "_sourcetype": "XmlWinEventLog:Microsoft-Windows-Sysmon/Operational",
    "_time": "2016-08-28 17:55:50.000 MDT"
  },
  {
    "Computer": "we6342srv.waynecorpinc.local",
    "DestinationHostname": "we6342srv",
    "DestinationIp": "192.168.250.20",
    "DestinationIsIpv6": "false",
    "DestinationPort": "135",
    "DestinationPortName": "epmap",
    "EventChannel": "Microsoft-Windows-Sysmon/Operational",
    "EventCode": "3",
    "EventDescription": "Network Connect",
    "Image": "C:\\Windows\\System32\\lsass.exe",
    "Initiated": "true",
    "Keywords": "0x8000000000000000",
    "Level": "4",
    "Opcode": "0",
    "ProcessGuid": "{C1B8F7DD-B089-57AA-0000-00105D6B0000}",
    "ProcessId": "592",
    "Protocol": "tcp",
    "RecordID": "324045",
    "SecurityID": "S-1-5-18",
    "SourceHostname": "we6342srv.waynecorpinc.local",
    "SourceIp": "192.168.250.100",
    "SourceIsIpv6": "false",
    "SourcePort": "51330",
    "Task": "3",
    "TimeCreated": "2016-08-28T23:55:48.571017400Z",
    "User": "NT AUTHORITY\\SYSTEM",
    "UtcTime": "2016-08-28 23:55:48.829",
    "Version": "5",
    "action": "allowed",
    "app": "C:\\Windows\\System32\\lsass.exe",
    "dest": "we6342srv",
    "dest_host": "we6342srv",
    "dest_ip": "192.168.250.20",
    "dest_port": "135",
    "direction": "outbound",
    "dvc": "we6342srv.waynecorpinc.local",
    "dvc_nt_host": "we6342srv",
    "eventtype": [
      "ms-sysmon-network",
      "wineventlog_windows"
    ],
    "host": "we6342srv",
    "index": "botsv1",
    "linecount": "2",
    "process": "lsass.exe",
    "process_id": "592",
    "protocol": "epmap",
    "punct": "<_='://../////'><><_='--'_='{----}'/><></><></><><",
    "session_id": "{C1B8F7DD-B089-57AA-0000-00105D6B0000}",
    "signature": "Network Connect",
    "signature_id": "3",
    "source": "WinEventLog:Microsoft-Windows-Sysmon/Operational",
    "sourcetype": "XmlWinEventLog:Microsoft-Windows-Sysmon/Operational",
    "splunk_server": "kraken.local",
    "src": "we6342srv.waynecorpinc.local",
    "src_host": "we6342srv.waynecorpinc.local",
    "src_ip": "192.168.250.100",
    "src_port": "51330",
    "tag": [
      "communicate",
      "network",
      "os",
      "windows"
    ],
    "tag::eventtype": [
      "communicate",
      "network",
      "os",
      "windows"
    ],
    "timestamp": "none",
    "transport": "tcp",
    "user": "NT AUTHORITY\\SYSTEM",
    "vendor_product": "Microsoft Sysmon",
    "_bkt": "botsv1~59~25FE58F7-C438-478E-AC42-625F7A4D81D6",
    "_cd": "59:908051151",
    "_eventtype_color": "none",
    "_indextime": "1473365777",
    "_raw": "<Event xmlns='http://schemas.microsoft.com/win/2004/08/events/event'><System><Provider Name='Microsoft-Windows-Sysmon' Guid='{5770385F-C22A-43E0-BF4C-06F5698FFBD9}'/><EventID>3</EventID><Version>5</Version><Level>4</Level><Task>3</Task><Opcode>0</Opcode><Keywords>0x8000000000000000</Keywords><TimeCreated SystemTime='2016-08-28T23:55:48.571017400Z'/><EventRecordID>324045</EventRecordID><Correlation/><Execution ProcessID='1200' ThreadID='2560'/><Channel>Microsoft-Windows-Sysmon/Operational</Channel><Computer>we6342srv.waynecorpinc.local</Computer><Security UserID='S-1-5-18'/></System><EventData><Data Name='UtcTime'>2016-08-28 23:55:48.829</Data><Data Name='ProcessGuid'>{C1B8F7DD-B089-57AA-0000-00105D6B0000}</Data><Data Name='ProcessId'>592</Data><Data Name='Image'>C:\\Windows\\System32\\lsass.exe</Data><Data Name='User'>NT AUTHORITY\\SYSTEM</Data><Data Name='Protocol'>tcp</Data><Data Name='Initiated'>true</Data><Data Name='SourceIsIpv6'>false</Data><Data Name='SourceIp'>192.168.250.100</Data><Data Name='SourceHostname'>we6342srv.waynecorpinc.local</Data><Data Name='SourcePort'>51330</Data><Data Name='SourcePortName'></Data><Data Name='DestinationIsIpv6'>false</Data><Data Name='DestinationIp'>192.168.250.20</Data><Data Name='DestinationHostname'>we6342srv</Data><Data Name='DestinationPort'>135</Data><Data Name='DestinationPortName'>epmap</Data></EventData></Event>\n",
    "_serial": "44",
    "_si": [
      "kraken.local",
      "botsv1"
    ],
    "_sourcetype": "XmlWinEventLog:Microsoft-Windows-Sysmon/Operational",
    "_time": "2016-08-28 17:55:48.000 MDT"
  },
  {
    "Computer": "we8080srv.waynecorpinc.local",
    "DestinationHostname": "WE9041SRV",
    "DestinationIp": "192.168.250.20",
    "DestinationIsIpv6": "false",
    "DestinationPort": "135",
    "DestinationPortName": "epmap",
    "EventChannel": "Microsoft-Windows-Sysmon/Operational",
    "EventCode": "3",
    "EventDescription": "Network Connect",
    "Image": "C:\\Windows\\System32\\lsass.exe",
    "Initiated": "true",
    "Keywords": "0x8000000000000000",
    "Level": "4",
    "Opcode": "0",
    "ProcessGuid": "{E500B0EA-219A-57AA-0000-0010E0840000}",
    "ProcessId": "456",
    "Protocol": "tcp",
    "RecordID": "343019",
    "SecurityID": "S-1-5-18",
    "SourceHostname": "we8080srv.waynecorpinc.local",
    "SourceIp": "192.168.250.70",
    "SourceIsIpv6": "false",
    "SourcePort": "63700",
    "Task": "3",
    "TimeCreated": "2016-08-28T23:55:39.821877500Z",
    "User": "NT AUTHORITY\\SYSTEM",
    "UtcTime": "2016-08-28 23:55:39.055",
    "Version": "5",
    "action": "allowed",
    "app": "C:\\Windows\\System32\\lsass.exe",
    "dest": "WE9041SRV",
    "dest_host": "WE9041SRV",
    "dest_ip": "192.168.250.20",
    "dest_port": "135",
    "direction": "outbound",
    "dvc": "we8080srv.waynecorpinc.local",
    "dvc_nt_host": "we8080srv",
    "eventtype": [
      "ms-sysmon-network",
      "wineventlog_windows"
    ],
    "host": "we8080srv",
    "index": "botsv1",
    "linecount": "2",
    "process": "lsass.exe",
    "process_id": "456",
    "protocol": "epmap",
    "punct": "<_='://../////'><><_='--'_='{----}'/><></><></><><",
    "session_id": "{E500B0EA-219A-57AA-0000-0010E0840000}",
    "signature": "Network Connect",
    "signature_id": "3",
    "source": "WinEventLog:Microsoft-Windows-Sysmon/Operational",
    "sourcetype": "XmlWinEventLog:Microsoft-Windows-Sysmon/Operational",
    "splunk_server": "kraken.local",
    "src": "we8080srv.waynecorpinc.local",
    "src_host": "we8080srv.waynecorpinc.local",
    "src_ip": "192.168.250.70",
    "src_port": "63700",
    "tag": [
      "communicate",
      "network",
      "os",
      "windows"
    ],
    "tag::eventtype": [
      "communicate",
      "network",
      "os",
      "windows"
    ],
    "timestamp": "none",
    "transport": "tcp",
    "user": "NT AUTHORITY\\SYSTEM",
    "vendor_product": "Microsoft Sysmon",
    "_bkt": "botsv1~59~25FE58F7-C438-478E-AC42-625F7A4D81D6",
    "_cd": "59:838607768",
    "_eventtype_color": "none",
    "_indextime": "1473364626",
    "_raw": "<Event xmlns='http://schemas.microsoft.com/win/2004/08/events/event'><System><Provider Name='Microsoft-Windows-Sysmon' Guid='{5770385F-C22A-43E0-BF4C-06F5698FFBD9}'/><EventID>3</EventID><Version>5</Version><Level>4</Level><Task>3</Task><Opcode>0</Opcode><Keywords>0x8000000000000000</Keywords><TimeCreated SystemTime='2016-08-28T23:55:39.821877500Z'/><EventRecordID>343019</EventRecordID><Correlation/><Execution ProcessID='1296' ThreadID='1384'/><Channel>Microsoft-Windows-Sysmon/Operational</Channel><Computer>we8080srv.waynecorpinc.local</Computer><Security UserID='S-1-5-18'/></System><EventData><Data Name='UtcTime'>2016-08-28 23:55:39.055</Data><Data Name='ProcessGuid'>{E500B0EA-219A-57AA-0000-0010E0840000}</Data><Data Name='ProcessId'>456</Data><Data Name='Image'>C:\\Windows\\System32\\lsass.exe</Data><Data Name='User'>NT AUTHORITY\\SYSTEM</Data><Data Name='Protocol'>tcp</Data><Data Name='Initiated'>true</Data><Data Name='SourceIsIpv6'>false</Data><Data Name='SourceIp'>192.168.250.70</Data><Data Name='SourceHostname'>we8080srv.waynecorpinc.local</Data><Data Name='SourcePort'>63700</Data><Data Name='SourcePortName'></Data><Data Name='DestinationIsIpv6'>false</Data><Data Name='DestinationIp'>192.168.250.20</Data><Data Name='DestinationHostname'>WE9041SRV</Data><Data Name='DestinationPort'>135</Data><Data Name='DestinationPortName'>epmap</Data></EventData></Event>\n",
    "_serial": "47",
    "_si": [
      "kraken.local",
      "botsv1"
    ],
    "_sourcetype": "XmlWinEventLog:Microsoft-Windows-Sysmon/Operational",
    "_time": "2016-08-28 17:55:39.000 MDT"
  },
