  {
    "Computer": "we7085srv.waynecorpinc.local",
    "DestinationIp": "192.168.250.100",
    "DestinationIsIpv6": "false",
    "DestinationPort": "63309",
    "EventChannel": "Microsoft-Windows-Sysmon/Operational",
    "EventCode": "3",
    "EventDescription": "Network Connect",
    "Image": "C:\\Windows\\System32\\dns.exe",
    "Initiated": "false",
    "Keywords": "0x8000000000000000",
    "Level": "4",
    "Opcode": "0",
    "ProcessGuid": "{46C72849-5AFF-57A9-0000-00100E7C0100}",
    "ProcessId": "1320",
    "Protocol": "udp",
    "RecordID": "398646",
    "SecurityID": "S-1-5-18",
    "SourceHostname": "we7085srv.waynecorpinc.local",
    "SourceIp": "192.168.250.20",
    "SourceIsIpv6": "false",
    "SourcePort": "53",
    "SourcePortName": "domain",
    "Task": "3",
    "TimeCreated": "2016-08-28T23:55:30.896631700Z",
    "User": "NT AUTHORITY\\SYSTEM",
    "UtcTime": "2016-08-28 23:55:30.183",
    "Version": "5",
    "action": "allowed",
    "app": "C:\\Windows\\System32\\dns.exe",
    "dest": "192.168.250.100",
    "dest_ip": "192.168.250.100",
    "dest_port": "63309",
    "direction": "inbound",
    "dvc": "we7085srv.waynecorpinc.local",
    "dvc_nt_host": "we7085srv",
    "eventtype": [
      "ms-sysmon-network",
      "wineventlog_windows"
    ],
    "host": "we7085srv",
    "index": "botsv1",
    "linecount": "2",
    "process": "dns.exe",
    "process_id": "1320",
    "protocol": "domain",
    "punct": "<_='://../////'><><_='--'_='{----}'/><></><></><><",
    "session_id": "{46C72849-5AFF-57A9-0000-00100E7C0100}",
    "signature": "Network Connect",
    "signature_id": "3",
    "source": "WinEventLog:Microsoft-Windows-Sysmon/Operational",
    "sourcetype": "XmlWinEventLog:Microsoft-Windows-Sysmon/Operational",
    "splunk_server": "kraken.local",
    "src": "we7085srv.waynecorpinc.local",
    "src_host": "we7085srv.waynecorpinc.local",
    "src_ip": "192.168.250.20",
    "src_port": "53",
    "tag": [
      "communicate",
      "network",
      "os",
      "windows"
    ],
    "tag::eventtype": [
      "communicate",
      "network",
      "os",
      "windows"
    ],
    "timestamp": "none",
    "transport": "udp",
    "user": "NT AUTHORITY\\SYSTEM",
    "vendor_product": "Microsoft Sysmon",
    "_bkt": "botsv1~59~25FE58F7-C438-478E-AC42-625F7A4D81D6",
    "_cd": "59:389240793",
    "_eventtype_color": "none",
    "_indextime": "1473357582",
    "_raw": "<Event xmlns='http://schemas.microsoft.com/win/2004/08/events/event'><System><Provider Name='Microsoft-Windows-Sysmon' Guid='{5770385F-C22A-43E0-BF4C-06F5698FFBD9}'/><EventID>3</EventID><Version>5</Version><Level>4</Level><Task>3</Task><Opcode>0</Opcode><Keywords>0x8000000000000000</Keywords><TimeCreated SystemTime='2016-08-28T23:55:30.896631700Z'/><EventRecordID>398646</EventRecordID><Correlation/><Execution ProcessID='2572' ThreadID='3796'/><Channel>Microsoft-Windows-Sysmon/Operational</Channel><Computer>we7085srv.waynecorpinc.local</Computer><Security UserID='S-1-5-18'/></System><EventData><Data Name='UtcTime'>2016-08-28 23:55:30.183</Data><Data Name='ProcessGuid'>{46C72849-5AFF-57A9-0000-00100E7C0100}</Data><Data Name='ProcessId'>1320</Data><Data Name='Image'>C:\\Windows\\System32\\dns.exe</Data><Data Name='User'>NT AUTHORITY\\SYSTEM</Data><Data Name='Protocol'>udp</Data><Data Name='Initiated'>false</Data><Data Name='SourceIsIpv6'>false</Data><Data Name='SourceIp'>192.168.250.20</Data><Data Name='SourceHostname'>we7085srv.waynecorpinc.local</Data><Data Name='SourcePort'>53</Data><Data Name='SourcePortName'>domain</Data><Data Name='DestinationIsIpv6'>false</Data><Data Name='DestinationIp'>192.168.250.100</Data><Data Name='DestinationHostname'></Data><Data Name='DestinationPort'>63309</Data><Data Name='DestinationPortName'></Data></EventData></Event>\n",
    "_serial": "50",
    "_si": [
      "kraken.local",
      "botsv1"
    ],
    "_sourcetype": "XmlWinEventLog:Microsoft-Windows-Sysmon/Operational",
    "_time": "2016-08-28 17:55:30.000 MDT"
  },
  {
    "Computer": "we1662srv.waynecorpinc.local",
    "DestinationIp": "192.168.250.100",
    "DestinationIsIpv6": "false",
    "DestinationPort": "61195",
    "EventChannel": "Microsoft-Windows-Sysmon/Operational",
    "EventCode": "3",
    "EventDescription": "Network Connect",
    "Image": "C:\\Windows\\System32\\dns.exe",
    "Initiated": "false",
    "Keywords": "0x8000000000000000",
    "Level": "4",
    "Opcode": "0",
    "ProcessGuid": "{46C72849-5AFF-57A9-0000-00100E7C0100}",
    "ProcessId": "1320",
    "Protocol": "udp",
    "RecordID": "296253",
    "SecurityID": "S-1-5-18",
    "SourceHostname": "we1662srv.waynecorpinc.local",
    "SourceIp": "192.168.250.20",
    "SourceIsIpv6": "false",
    "SourcePort": "53",
    "SourcePortName": "domain",
    "Task": "3",
    "TimeCreated": "2016-08-28T23:55:24.881735700Z",
    "User": "NT AUTHORITY\\SYSTEM",
    "UtcTime": "2016-08-28 23:55:24.146",
    "Version": "5",
    "action": "allowed",
    "app": "C:\\Windows\\System32\\dns.exe",
    "dest": "192.168.250.100",
    "dest_ip": "192.168.250.100",
    "dest_port": "61195",
    "direction": "inbound",
    "dvc": "we1662srv.waynecorpinc.local",
    "dvc_nt_host": "we1662srv",
    "eventtype": [
      "ms-sysmon-network",
      "wineventlog_windows"
    ],
    "host": "we1662srv",
    "index": "botsv1",
    "linecount": "2",
    "process": "dns.exe",
    "process_id": "1320",
    "protocol": "domain",
    "punct": "<_='://../////'><><_='--'_='{----}'/><></><></><><",
    "session_id": "{46C72849-5AFF-57A9-0000-00100E7C0100}",
    "signature": "Network Connect",
    "signature_id": "3",
    "source": "WinEventLog:Microsoft-Windows-Sysmon/Operational",
    "sourcetype": "XmlWinEventLog:Microsoft-Windows-Sysmon/Operational",
    "splunk_server": "kraken.local",
    "src": "we1662srv.waynecorpinc.local",
    "src_host": "we1662srv.waynecorpinc.local",
    "src_ip": "192.168.250.20",
    "src_port": "53",
    "tag": [
      "communicate",
      "network",
      "os",
      "windows"
    ],
    "tag::eventtype": [
      "communicate",
      "network",
      "os",
      "windows"
    ],
    "timestamp": "none",
    "transport": "udp",
    "user": "NT AUTHORITY\\SYSTEM",
    "vendor_product": "Microsoft Sysmon",
    "_bkt": "botsv1~59~25FE58F7-C438-478E-AC42-625F7A4D81D6",
    "_cd": "59:31898012",
    "_eventtype_color": "none",
    "_indextime": "1473351985",
    "_raw": "<Event xmlns='http://schemas.microsoft.com/win/2004/08/events/event'><System><Provider Name='Microsoft-Windows-Sysmon' Guid='{5770385F-C22A-43E0-BF4C-06F5698FFBD9}'/><EventID>3</EventID><Version>5</Version><Level>4</Level><Task>3</Task><Opcode>0</Opcode><Keywords>0x8000000000000000</Keywords><TimeCreated SystemTime='2016-08-28T23:55:24.881735700Z'/><EventRecordID>296253</EventRecordID><Correlation/><Execution ProcessID='2572' ThreadID='3796'/><Channel>Microsoft-Windows-Sysmon/Operational</Channel><Computer>we1662srv.waynecorpinc.local</Computer><Security UserID='S-1-5-18'/></System><EventData><Data Name='UtcTime'>2016-08-28 23:55:24.146</Data><Data Name='ProcessGuid'>{46C72849-5AFF-57A9-0000-00100E7C0100}</Data><Data Name='ProcessId'>1320</Data><Data Name='Image'>C:\\Windows\\System32\\dns.exe</Data><Data Name='User'>NT AUTHORITY\\SYSTEM</Data><Data Name='Protocol'>udp</Data><Data Name='Initiated'>false</Data><Data Name='SourceIsIpv6'>false</Data><Data Name='SourceIp'>192.168.250.20</Data><Data Name='SourceHostname'>we1662srv.waynecorpinc.local</Data><Data Name='SourcePort'>53</Data><Data Name='SourcePortName'>domain</Data><Data Name='DestinationIsIpv6'>false</Data><Data Name='DestinationIp'>192.168.250.100</Data><Data Name='DestinationHostname'></Data><Data Name='DestinationPort'>61195</Data><Data Name='DestinationPortName'></Data></EventData></Event>\n",
    "_serial": "51",
    "_si": [
      "kraken.local",
      "botsv1"
    ],
    "_sourcetype": "XmlWinEventLog:Microsoft-Windows-Sysmon/Operational",
    "_time": "2016-08-28 17:55:24.000 MDT"
  },
  {
    "Computer": "we2150srv.waynecorpinc.local",
    "DestinationHostname": "we2150srv",
    "DestinationIp": "192.168.250.20",
    "DestinationIsIpv6": "false",
    "DestinationPort": "445",
    "DestinationPortName": "microsoft-ds",
    "EventChannel": "Microsoft-Windows-Sysmon/Operational",
    "EventCode": "3",
    "EventDescription": "Network Connect",
    "Image": "System",
    "Initiated": "true",
    "Keywords": "0x8000000000000000",
    "Level": "4",
    "Opcode": "0",
    "ProcessGuid": "{C1B8F7DD-B086-57AA-0000-0010EB030000}",
    "ProcessId": "4",
    "Protocol": "tcp",
    "RecordID": "328320",
    "SecurityID": "S-1-5-18",
    "SourceHostname": "we2150srv.waynecorpinc.local",
    "SourceIp": "192.168.250.100",
    "SourceIsIpv6": "false",
    "SourcePort": "51387",
    "Task": "3",
    "TimeCreated": "2016-08-28T23:55:19.742890500Z",
    "User": "NT AUTHORITY\\SYSTEM",
    "UtcTime": "2016-08-28 23:55:19.196",
    "Version": "5",
    "action": "allowed",
    "app": "System",
    "dest": "we2150srv",
    "dest_host": "we2150srv",
    "dest_ip": "192.168.250.20",
    "dest_port": "445",
    "direction": "outbound",
    "dvc": "we2150srv.waynecorpinc.local",
    "dvc_nt_host": "we2150srv",
    "eventtype": [
      "ms-sysmon-network",
      "wineventlog_windows"
    ],
    "host": "we2150srv",
    "index": "botsv1",
    "linecount": "2",
    "process": "System",
    "process_id": "4",
    "protocol": "microsoft-ds",
    "punct": "<_='://../////'><><_='--'_='{----}'/><></><></><><",
    "session_id": "{C1B8F7DD-B086-57AA-0000-0010EB030000}",
    "signature": "Network Connect",
    "signature_id": "3",
    "source": "WinEventLog:Microsoft-Windows-Sysmon/Operational",
    "sourcetype": "XmlWinEventLog:Microsoft-Windows-Sysmon/Operational",
    "splunk_server": "kraken.local",
    "src": "we2150srv.waynecorpinc.local",
    "src_host": "we2150srv.waynecorpinc.local",
    "src_ip": "192.168.250.100",
    "src_port": "51387",
    "tag": [
      "communicate",
      "network",
      "os",
      "windows"
    ],
    "tag::eventtype": [
      "communicate",
      "network",
      "os",
      "windows"
    ],
    "timestamp": "none",
    "transport": "tcp",
    "user": "NT AUTHORITY\\SYSTEM",
    "vendor_product": "Microsoft Sysmon",
    "_bkt": "botsv1~59~25FE58F7-C438-478E-AC42-625F7A4D81D6",
    "_cd": "59:291558453",
    "_eventtype_color": "none",
    "_indextime": "1473356048",
    "_raw": "<Event xmlns='http://schemas.microsoft.com/win/2004/08/events/event'><System><Provider Name='Microsoft-Windows-Sysmon' Guid='{5770385F-C22A-43E0-BF4C-06F5698FFBD9}'/><EventID>3</EventID><Version>5</Version><Level>4</Level><Task>3</Task><Opcode>0</Opcode><Keywords>0x8000000000000000</Keywords><TimeCreated SystemTime='2016-08-28T23:55:19.742890500Z'/><EventRecordID>328320</EventRecordID><Correlation/><Execution ProcessID='1200' ThreadID='2560'/><Channel>Microsoft-Windows-Sysmon/Operational</Channel><Computer>we2150srv.waynecorpinc.local</Computer><Security UserID='S-1-5-18'/></System><EventData><Data Name='UtcTime'>2016-08-28 23:55:19.196</Data><Data Name='ProcessGuid'>{C1B8F7DD-B086-57AA-0000-0010EB030000}</Data><Data Name='ProcessId'>4</Data><Data Name='Image'>System</Data><Data Name='User'>NT AUTHORITY\\SYSTEM</Data><Data Name='Protocol'>tcp</Data><Data Name='Initiated'>true</Data><Data Name='SourceIsIpv6'>false</Data><Data Name='SourceIp'>192.168.250.100</Data><Data Name='SourceHostname'>we2150srv.waynecorpinc.local</Data><Data Name='SourcePort'>51387</Data><Data Name='SourcePortName'></Data><Data Name='DestinationIsIpv6'>false</Data><Data Name='DestinationIp'>192.168.250.20</Data><Data Name='DestinationHostname'>we2150srv</Data><Data Name='DestinationPort'>445</Data><Data Name='DestinationPortName'>microsoft-ds</Data></EventData></Event>\n",
    "_serial": "53",
    "_si": [
      "kraken.local",
      "botsv1"
    ],
    "_sourcetype": "XmlWinEventLog:Microsoft-Windows-Sysmon/Operational",
    "_time": "2016-08-28 17:55:19.000 MDT"
  },
  {
    "Computer": "we6997srv.waynecorpinc.local",
    "DestinationHostname": "we6997srv",
    "DestinationIp": "192.168.250.20",
    "DestinationIsIpv6": "false",
    "DestinationPort": "389",
    "EventChannel": "Microsoft-Windows-Sysmon/Operational",
    "EventCode": "3",
    "EventDescription": "Network Connect",
    "Image": "C:\\Windows\\System32\\lsass.exe",
    "Initiated": "true",
    "Keywords": "0x8000000000000000",
    "Level": "4",
    "Opcode": "0",
    "ProcessGuid": "{C1B8F7DD-B089-57AA-0000-00105D6B0000}",
    "ProcessId": "592",
    "Protocol": "udp",
    "RecordID": "372018",
    "SecurityID": "S-1-5-18",
    "SourceHostname": "we6997srv.waynecorpinc.local",
    "SourceIp": "192.168.250.100",
    "SourceIsIpv6": "false",
    "SourcePort": "62454",
    "Task": "3",
    "TimeCreated": "2016-08-28T23:55:06.269484100Z",
    "User": "NT AUTHORITY\\SYSTEM",
    "UtcTime": "2016-08-28 23:55:06.815",
    "Version": "5",
    "action": "allowed",
    "app": "C:\\Windows\\System32\\lsass.exe",
    "dest": "we6997srv",
    "dest_host": "we6997srv",
    "dest_ip": "192.168.250.20",
    "dest_port": "389",
    "direction": "outbound",
    "dvc": "we6997srv.waynecorpinc.local",
    "dvc_nt_host": "we6997srv",
    "eventtype": [
      "ms-sysmon-network",
      "wineventlog_windows"
    ],
    "host": "we6997srv",
    "index": "botsv1",
    "linecount": "2",
    "process": "lsass.exe",
    "process_id": "592",
    "punct": "<_='://../////'><><_='--'_='{----}'/><></><></><><",
    "session_id": "{C1B8F7DD-B089-57AA-0000-00105D6B0000}",
    "signature": "Network Connect",
    "signature_id": "3",
    "source": "WinEventLog:Microsoft-Windows-Sysmon/Operational",
    "sourcetype": "XmlWinEventLog:Microsoft-Windows-Sysmon/Operational",
    "splunk_server": "kraken.local",
    "src": "we6997srv.waynecorpinc.local",
    "src_host": "we6997srv.waynecorpinc.local",
    "src_ip": "192.168.250.100",
    "src_port": "62454",
    "tag": [
      "communicate",
      "network",
      "os",
      "windows"
    ],
    "tag::eventtype": [
      "communicate",
      "network",
      "os",
      "windows"
    ],
    "timestamp": "none",
    "transport": "udp",
    "user": "NT AUTHORITY\\SYSTEM",
    "vendor_product": "Microsoft Sysmon",
    "_bkt": "botsv1~59~25FE58F7-C438-478E-AC42-625F7A4D81D6",
    "_cd": "59:141560193",
    "_eventtype_color": "none",
    "_indextime": "1473353691",
    "_raw": "<Event xmlns='http://schemas.microsoft.com/win/2004/08/events/event'><System><Provider Name='Microsoft-Windows-Sysmon' Guid='{5770385F-C22A-43E0-BF4C-06F5698FFBD9}'/><EventID>3</EventID><Version>5</Version><Level>4</Level><Task>3</Task><Opcode>0</Opcode><Keywords>0x8000000000000000</Keywords><TimeCreated SystemTime='2016-08-28T23:55:06.269484100Z'/><EventRecordID>372018</EventRecordID><Correlation/><Execution ProcessID='1200' ThreadID='2560'/><Channel>Microsoft-Windows-Sysmon/Operational</Channel><Computer>we6997srv.waynecorpinc.local</Computer><Security UserID='S-1-5-18'/></System><EventData><Data Name='UtcTime'>2016-08-28 23:55:06.815</Data><Data Name='ProcessGuid'>{C1B8F7DD-B089-57AA-0000-00105D6B0000}</Data><Data Name='ProcessId'>592</Data><Data Name='Image'>C:\\Windows\\System32\\lsass.exe</Data><Data Name='User'>NT AUTHORITY\\SYSTEM</Data><Data Name='Protocol'>udp</Data><Data Name='Initiated'>true</Data><Data Name='SourceIsIpv6'>false</Data><Data Name='SourceIp'>192.168.250.100</Data><Data Name='SourceHostname'>we6997srv.waynecorpinc.local</Data><Data Name='SourcePort'>62454</Data><Data Name='SourcePortName'></Data><Data Name='DestinationIsIpv6'>false</Data><Data Name='DestinationIp'>192.168.250.20</Data><Data Name='DestinationHostname'>we6997srv</Data><Data Name='DestinationPort'>389</Data><Data Name='DestinationPortName'></Data></EventData></Event>\n",
    "_serial": "54",
    "_si": [
      "kraken.local",
      "botsv1"
    ],
    "_sourcetype": "XmlWinEventLog:Microsoft-Windows-Sysmon/Operational",
    "_time": "2016-08-28 17:55:06.000 MDT"
  },
  {
    "Computer": "we5500srv.waynecorpinc.local",
    "DestinationIp": "192.168.250.70",
    "DestinationIsIpv6": "false",
    "DestinationPort": "63707",
    "EventChannel": "Microsoft-Windows-Sysmon/Operational",
    "EventCode": "3",
    "EventDescription": "Network Connect",
    "Image": "System",
    "Initiated": "false",
    "Keywords": "0x8000000000000000",
    "Level": "4",
    "Opcode": "0",
    "ProcessGuid": "{46C72849-5ADF-57A9-0000-0010EB030000}",
    "ProcessId": "4",
    "Protocol": "tcp",
    "RecordID": "382731",
    "SecurityID": "S-1-5-18",
    "SourceHostname": "we5500srv.waynecorpinc.local",
    "SourceIp": "192.168.250.20",
    "SourceIsIpv6": "false",
    "SourcePort": "445",
    "SourcePortName": "microsoft-ds",
    "Task": "3",
    "TimeCreated": "2016-08-28T23:55:00.792814100Z",
    "User": "NT AUTHORITY\\SYSTEM",
    "UtcTime": "2016-08-28 23:55:00.817",
    "Version": "5",
    "action": "allowed",
    "app": "System",
    "dest": "192.168.250.70",
    "dest_ip": "192.168.250.70",
    "dest_port": "63707",
    "direction": "inbound",
    "dvc": "we5500srv.waynecorpinc.local",
    "dvc_nt_host": "we5500srv",
    "eventtype": [
      "ms-sysmon-network",
      "wineventlog_windows"
    ],
    "host": "we5500srv",
    "index": "botsv1",
    "linecount": "2",
    "process": "System",
    "process_id": "4",
    "protocol": "microsoft-ds",
    "punct": "<_='://../////'><><_='--'_='{----}'/><></><></><><",
    "session_id": "{46C72849-5ADF-57A9-0000-0010EB030000}",
    "signature": "Network Connect",
    "signature_id": "3",
    "source": "WinEventLog:Microsoft-Windows-Sysmon/Operational",
    "sourcetype": "XmlWinEventLog:Microsoft-Windows-Sysmon/Operational",
    "splunk_server": "kraken.local",
    "src": "we5500srv.waynecorpinc.local",
    "src_host": "we5500srv.waynecorpinc.local",
    "src_ip": "192.168.250.20",
    "src_port": "445",
    "tag": [
      "communicate",
      "network",
      "os",
      "windows"
    ],
    "tag::eventtype": [
      "communicate",
      "network",
      "os",
      "windows"
    ],
    "timestamp": "none",
    "transport": "tcp",
    "user": "NT AUTHORITY\\SYSTEM",
    "vendor_product": "Microsoft Sysmon",
    "_bkt": "botsv1~59~25FE58F7-C438-478E-AC42-625F7A4D81D6",
    "_cd": "59:215777223",
    "_eventtype_color": "none",
    "_indextime": "1473354852",
    "_raw": "<Event xmlns='http://schemas.microsoft.com/win/2004/08/events/event'><System><Provider Name='Microsoft-Windows-Sysmon' Guid='{5770385F-C22A-43E0-BF4C-06F5698FFBD9}'/><EventID>3</EventID><Version>5</Version><Level>4</Level><Task>3</Task><Opcode>0</Opcode><Keywords>0x8000000000000000</Keywords><TimeCreated SystemTime='2016-08-28T23:55:00.792814100Z'/><EventRecordID>382731</EventRecordID><Correlation/><Execution ProcessID='2572' ThreadID='3796'/><Channel>Microsoft-Windows-Sysmon/Operational</Channel><Computer>we5500srv.waynecorpinc.local</Computer><Security UserID='S-1-5-18'/></System><EventData><Data Name='UtcTime'>2016-08-28 23:55:00.817</Data><Data Name='ProcessGuid'>{46C72849-5ADF-57A9-0000-0010EB030000}</Data><Data Name='ProcessId'>4</Data><Data Name='Image'>System</Data><Data Name='User'>NT AUTHORITY\\SYSTEM</Data><Data Name='Protocol'>tcp</Data><Data Name='Initiated'>false</Data><Data Name='SourceIsIpv6'>false</Data><Data Name='SourceIp'>192.168.250.20</Data><Data Name='SourceHostname'>we5500srv.waynecorpinc.local</Data><Data Name='SourcePort'>445</Data><Data Name='SourcePortName'>microsoft-ds</Data><Data Name='DestinationIsIpv6'>false</Data><Data Name='DestinationIp'>192.168.250.70</Data><Data Name='DestinationHostname'></Data><Data Name='DestinationPort'>63707</Data><Data Name='DestinationPortName'></Data></EventData></Event>\n",
    "_serial": "55",
    "_si": [
      "kraken.local",
      "botsv1"
    ],
    "_sourcetype": "XmlWinEventLog:Microsoft-Windows-Sysmon/Operational",
    "_time": "2016-08-28 17:55:00.000 MDT"
  },
  {
    "Computer": "we8903srv.waynecorpinc.local",
    "DestinationIp": "192.168.250.100",
    "DestinationIsIpv6": "false",
    "DestinationPort": "51486",
    "EventChannel": "Microsoft-Windows-Sysmon/Operational",
    "EventCode": "3",
    "EventDescription": "Network Connect",
    "Image": "C:\\Windows\\System32\\lsass.exe",
    "Initiated": "false",
    "Keywords": "0x8000000000000000",
    "Level": "4",
    "Opcode": "0",
    "ProcessGuid": "{46C72849-5AE8-57A9-0000-0010947F0000}",
    "ProcessId": "452",
    "Protocol": "tcp",
    "RecordID": "248101",
    "SecurityID": "S-1-5-18",
    "SourceHostname": "we8903srv.waynecorpinc.local",
    "SourceIp": "192.168.250.20",
    "SourceIsIpv6": "false",
    "SourcePort": "389",
    "SourcePortName": "ldap",
    "Task": "3",
    "TimeCreated": "2016-08-28T23:54:50.946263800Z",
    "User": "NT AUTHORITY\\SYSTEM",
    "UtcTime": "2016-08-28 23:54:50.825",
    "Version": "5",
    "action": "allowed",
    "app": "C:\\Windows\\System32\\lsass.exe",
    "dest": "192.168.250.100",
    "dest_ip": "192.168.250.100",
    "dest_port": "51486",
    "direction": "inbound",
    "dvc": "we8903srv.waynecorpinc.local",
    "dvc_nt_host": "we8903srv",
    "eventtype": [
      "ms-sysmon-network",
      "wineventlog_windows"
    ],
    "host": "we8903srv",
    "index": "botsv1",
    "linecount": "2",
    "process": "lsass.exe",
    "process_id": "452",
    "protocol": "ldap",
    "punct": "<_='://../////'><><_='--'_='{----}'/><></><></><><",
    "session_id": "{46C72849-5AE8-57A9-0000-0010947F0000}",
    "signature": "Network Connect",
    "signature_id": "3",
    "source": "WinEventLog:Microsoft-Windows-Sysmon/Operational",
    "sourcetype": "XmlWinEventLog:Microsoft-Windows-Sysmon/Operational",
    "splunk_server": "kraken.local",
    "src": "we8903srv.waynecorpinc.local",
    "src_host": "we8903srv.waynecorpinc.local",
    "src_ip": "192.168.250.20",
    "src_port": "389",
    "tag": [
      "communicate",
      "network",
      "os",
      "windows"
    ],
    "tag::eventtype": [
      "communicate",
      "network",
      "os",
      "windows"
    ],
    "timestamp": "none",
    "transport": "tcp",
    "user": "NT AUTHORITY\\SYSTEM",
    "vendor_product": "Microsoft Sysmon",
    "_bkt": "botsv1~59~25FE58F7-C438-478E-AC42-625F7A4D81D6",
    "_cd": "59:578276039",
    "_eventtype_color": "none",
    "_indextime": "1473360538",
    "_raw": "<Event xmlns='http://schemas.microsoft.com/win/2004/08/events/event'><System><Provider Name='Microsoft-Windows-Sysmon' Guid='{5770385F-C22A-43E0-BF4C-06F5698FFBD9}'/><EventID>3</EventID><Version>5</Version><Level>4</Level><Task>3</Task><Opcode>0</Opcode><Keywords>0x8000000000000000</Keywords><TimeCreated SystemTime='2016-08-28T23:54:50.946263800Z'/><EventRecordID>248101</EventRecordID><Correlation/><Execution ProcessID='2572' ThreadID='3796'/><Channel>Microsoft-Windows-Sysmon/Operational</Channel><Computer>we8903srv.waynecorpinc.local</Computer><Security UserID='S-1-5-18'/></System><EventData><Data Name='UtcTime'>2016-08-28 23:54:50.825</Data><Data Name='ProcessGuid'>{46C72849-5AE8-57A9-0000-0010947F0000}</Data><Data Name='ProcessId'>452</Data><Data Name='Image'>C:\\Windows\\System32\\lsass.exe</Data><Data Name='User'>NT AUTHORITY\\SYSTEM</Data><Data Name='Protocol'>tcp</Data><Data Name='Initiated'>false</Data><Data Name='SourceIsIpv6'>false</Data><Data Name='SourceIp'>192.168.250.20</Data><Data Name='SourceHostname'>we8903srv.waynecorpinc.local</Data><Data Name='SourcePort'>389</Data><Data Name='SourcePortName'>ldap</Data><Data Name='DestinationIsIpv6'>false</Data><Data Name='DestinationIp'>192.168.250.100</Data><Data Name='DestinationHostname'></Data><Data Name='DestinationPort'>51486</Data><Data Name='DestinationPortName'></Data></EventData></Event>\n",
    "_serial": "56",
    "_si": [
      "kraken.local",
      "botsv1"
    ],
    "_sourcetype": "XmlWinEventLog:Microsoft-Windows-Sysmon/Operational",
    "_time": "2016-08-28 17:54:50.000 MDT"
  },
  {
    "Computer": "we6045srv.waynecorpinc.local",
    "DestinationIp": "191.232.139.214",
    "DestinationIsIpv6": "false",
    "DestinationPort": "443",
    "DestinationPortName": "https",
    "EventChannel": "Microsoft-Windows-Sysmon/Operational",
    "EventCode": "3",
    "EventDescription": "Network Connect",
    "Image": "C:\\Windows\\System32\\svchost.exe",
    "Initiated": "true",
    "Keywords": "0x8000000000000000",
    "Level": "4",
    "Opcode": "0",
    "ProcessGuid": "{C1B8F7DD-B08A-57AA-0000-0010CAEB0000}",
    "ProcessId": "952",
    "Protocol": "tcp",
    "RecordID": "337449",
    "SecurityID": "S-1-5-18",
    "SourceHostname": "we6045srv.waynecorpinc.local",
    "SourceIp": "192.168.250.100",
    "SourceIsIpv6": "false",
    "SourcePort": "51507",
    "Task": "3",
    "TimeCreated": "2016-08-28T23:54:42.393554800Z",
    "User": "NT AUTHORITY\\SYSTEM",
    "UtcTime": "2016-08-28 23:54:42.054",
    "Version": "5",
    "action": "allowed",
    "app": "C:\\Windows\\System32\\svchost.exe",
    "dest": "191.232.139.214",
    "dest_ip": "191.232.139.214",
    "dest_port": "443",
    "direction": "outbound",
    "dvc": "we6045srv.waynecorpinc.local",
    "dvc_nt_host": "we6045srv",
    "eventtype": [
      "ms-sysmon-network",
      "wineventlog_windows"
    ],
    "host": "we6045srv",
    "index": "botsv1",
    "linecount": "2",
    "process": "svchost.exe",
    "process_id": "952",
    "protocol": "https",
    "punct": "<_='://../////'><><_='--'_='{----}'/><></><></><><",
    "session_id": "{C1B8F7DD-B08A-57AA-0000-0010CAEB0000}",
    "signature": "Network Connect",
    "signature_id": "3",
    "source": "WinEventLog:Microsoft-Windows-Sysmon/Operational",
    "sourcetype": "XmlWinEventLog:Microsoft-Windows-Sysmon/Operational",
    "splunk_server": "kraken.local",
    "src": "we6045srv.waynecorpinc.local",
    "src_host": "we6045srv.waynecorpinc.local",
    "src_ip": "192.168.250.100",
    "src_port": "51507",
    "tag": [
      "communicate",
      "network",
      "os",
      "windows"
    ],
    "tag::eventtype": [
      "communicate",
      "network",
      "os",
      "windows"
    ],
    "timestamp": "none",
    "transport": "tcp",
    "user": "NT AUTHORITY\\SYSTEM",
    "vendor_product": "Microsoft Sysmon",
    "_bkt": "botsv1~59~25FE58F7-C438-478E-AC42-625F7A4D81D6",
    "_cd": "59:648654438",
    "_eventtype_color": "none",
    "_indextime": "1473361635",
    "_raw": "<Event xmlns='http://schemas.microsoft.com/win/2004/08/events/event'><System><Provider Name='Microsoft-Windows-Sysmon' Guid='{5770385F-C22A-43E0-BF4C-06F5698FFBD9}'/><EventID>3</EventID><Version>5</Version><Level>4</Level><Task>3</Task><Opcode>0</Opcode><Keywords>0x8000000000000000</Keywords><TimeCreated SystemTime='2016-08-28T23:54:42.393554800Z'/><EventRecordID>337449</EventRecordID><Correlation/><Execution ProcessID='1200' ThreadID='2560'/><Channel>Microsoft-Windows-Sysmon/Operational</Channel><Computer>we6045srv.waynecorpinc.local</Computer><Security UserID='S-1-5-18'/></System><EventData><Data Name='UtcTime'>2016-08-28 23:54:42.054</Data><Data Name='ProcessGuid'>{C1B8F7DD-B08A-57AA-0000-0010CAEB0000}</Data><Data Name='ProcessId'>952</Data><Data Name='Image'>C:\\Windows\\System32\\svchost.exe</Data><Data Name='User'>NT AUTHORITY\\SYSTEM</Data><Data Name='Protocol'>tcp</Data><Data Name='Initiated'>true</Data><Data Name='SourceIsIpv6'>false</Data><Data Name='SourceIp'>192.168.250.100</Data><Data Name='SourceHostname'>we6045srv.waynecorpinc.local</Data><Data Name='SourcePort'>51507</Data><Data Name='SourcePortName'></Data><Data Name='DestinationIsIpv6'>false</Data><Data Name='DestinationIp'>191.232.139.214</Data><Data Name='DestinationHostname'></Data><Data Name='DestinationPort'>443</Data><Data Name='DestinationPortName'>https</Data></EventData></Event>\n",
    "_serial": "57",
    "_si": [
      "kraken.local",
      "botsv1"
    ],
    "_sourcetype": "XmlWinEventLog:Microsoft-Windows-Sysmon/Operational",
    "_time": "2016-08-28 17:54:42.000 MDT"
  },
  {
    "Computer": "we4719srv.waynecorpinc.local",
    "DestinationHostname": "we4719srv",
    "DestinationIp": "192.168.250.20",
    "DestinationIsIpv6": "false",
    "DestinationPort": "445",
    "DestinationPortName": "microsoft-ds",
    "EventChannel": "Microsoft-Windows-Sysmon/Operational",
    "EventCode": "3",
    "EventDescription": "Network Connect",
    "Image": "System",
    "Initiated": "true",
    "Keywords": "0x8000000000000000",
    "Level": "4",
    "Opcode": "0",
    "ProcessGuid": "{C1B8F7DD-B086-57AA-0000-0010EB030000}",
    "ProcessId": "4",
    "Protocol": "tcp",
    "RecordID": "468700",
    "SecurityID": "S-1-5-18",
    "SourceHostname": "we4719srv.waynecorpinc.local",
    "SourceIp": "192.168.250.100",
    "SourceIsIpv6": "false",
    "SourcePort": "53115",
    "Task": "3",
    "TimeCreated": "2016-08-28T23:54:40.790464200Z",
    "User": "NT AUTHORITY\\SYSTEM",
    "UtcTime": "2016-08-28 23:54:40.585",
    "Version": "5",
    "action": "allowed",
    "app": "System",
    "dest": "we4719srv",
    "dest_host": "we4719srv",
    "dest_ip": "192.168.250.20",
    "dest_port": "445",
    "direction": "outbound",
    "dvc": "we4719srv.waynecorpinc.local",
    "dvc_nt_host": "we4719srv",
    "eventtype": [
      "ms-sysmon-network",
      "wineventlog_windows"
    ],
    "host": "we4719srv",
    "index": "botsv1",
    "linecount": "2",
    "process": "System",
    "process_id": "4",
    "protocol": "microsoft-ds",
    "punct": "<_='://../////'><><_='--'_='{----}'/><></><></><><",
    "session_id": "{C1B8F7DD-B086-57AA-0000-0010EB030000}",
    "signature": "Network Connect",
    "signature_id": "3",
    "source": "WinEventLog:Microsoft-Windows-Sysmon/Operational",
    "sourcetype": "XmlWinEventLog:Microsoft-Windows-Sysmon/Operational",
    "splunk_server": "kraken.local",
    "src": "we4719srv.waynecorpinc.local",
    "src_host": "we4719srv.waynecorpinc.local",
    "src_ip": "192.168.250.100",
    "src_port": "53115",
    "tag": [
      "communicate",
      "network",
      "os",
      "windows"
    ],
    "tag::eventtype": [
      "communicate",
      "network",
      "os",
      "windows"
    ],
    "timestamp": "none",
    "transport": "tcp",
    "user": "NT AUTHORITY\\SYSTEM",
    "vendor_product": "Microsoft Sysmon",
    "_bkt": "botsv1~59~25FE58F7-C438-478E-AC42-625F7A4D81D6",
    "_cd": "59:741353922",
    "_eventtype_color": "none",
    "_indextime": "1473363085",
    "_raw": "<Event xmlns='http://schemas.microsoft.com/win/2004/08/events/event'><System><Provider Name='Microsoft-Windows-Sysmon' Guid='{5770385F-C22A-43E0-BF4C-06F5698FFBD9}'/><EventID>3</EventID><Version>5</Version><Level>4</Level><Task>3</Task><Opcode>0</Opcode><Keywords>0x8000000000000000</Keywords><TimeCreated SystemTime='2016-08-28T23:54:40.790464200Z'/><EventRecordID>468700</EventRecordID><Correlation/><Execution ProcessID='1200' ThreadID='2560'/><Channel>Microsoft-Windows-Sysmon/Operational</Channel><Computer>we4719srv.waynecorpinc.local</Computer><Security UserID='S-1-5-18'/></System><EventData><Data Name='UtcTime'>2016-08-28 23:54:40.585</Data><Data Name='ProcessGuid'>{C1B8F7DD-B086-57AA-0000-0010EB030000}</Data><Data Name='ProcessId'>4</Data><Data Name='Image'>System</Data><Data Name='User'>NT AUTHORITY\\SYSTEM</Data><Data Name='Protocol'>tcp</Data><Data Name='Initiated'>true</Data><Data Name='SourceIsIpv6'>false</Data><Data Name='SourceIp'>192.168.250.100</Data><Data Name='SourceHostname'>we4719srv.waynecorpinc.local</Data><Data Name='SourcePort'>53115</Data><Data Name='SourcePortName'></Data><Data Name='DestinationIsIpv6'>false</Data><Data Name='DestinationIp'>192.168.250.20</Data><Data Name='DestinationHostname'>we4719srv</Data><Data Name='DestinationPort'>445</Data><Data Name='DestinationPortName'>microsoft-ds</Data></EventData></Event>\n",
    "_serial": "58",
    "_si": [
      "kraken.local",
      "botsv1"
    ],
    "_sourcetype": "XmlWinEventLog:Microsoft-Windows-Sysmon/Operational",
    "_time": "2016-08-28 17:54:40.000 MDT"
  },
  {
    "Computer": "we2679srv.waynecorpinc.local",
    "DestinationHostname": "a23-45-87-196.deploy.static.akamaitechnologies.com",
    "DestinationIp": "23.45.87.196",
    "DestinationIsIpv6": "false",
    "DestinationPort": "443",
    "DestinationPortName": "https",
    "EventChannel": "Microsoft-Windows-Sysmon/Operational",
    "EventCode": "3",
    "EventDescription": "Network Connect",
    "Image": "C:\\Windows\\System32\\svchost.exe",
    "Initiated": "true",
    "Keywords": "0x8000000000000000",
    "Level": "4",
    "Opcode": "0",
    "ProcessGuid": "{C1B8F7DD-B08A-57AA-0000-0010CAEB0000}",
    "ProcessId": "952",
    "Protocol": "tcp",
    "RecordID": "288435",
    "SecurityID": "S-1-5-18",
    "SourceHostname": "we2679srv.waynecorpinc.local",
    "SourceIp": "192.168.250.100",
    "SourceIsIpv6": "false",
    "SourcePort": "50907",
    "Task": "3",
    "TimeCreated": "2016-08-28T23:54:26.483215200Z",
    "User": "NT AUTHORITY\\SYSTEM",
    "UtcTime": "2016-08-28 23:54:26.236",
    "Version": "5",
    "action": "allowed",
    "app": "C:\\Windows\\System32\\svchost.exe",
    "dest": "a23-45-87-196.deploy.static.akamaitechnologies.com",
    "dest_host": "a23-45-87-196.deploy.static.akamaitechnologies.com",
    "dest_ip": "23.45.87.196",
    "dest_port": "443",
    "direction": "outbound",
    "dvc": "we2679srv.waynecorpinc.local",
    "dvc_nt_host": "we2679srv",
    "eventtype": [
      "ms-sysmon-network",
      "wineventlog_windows"
    ],
    "host": "we2679srv",
    "index": "botsv1",
    "linecount": "2",
    "process": "svchost.exe",
    "process_id": "952",
    "protocol": "https",
    "punct": "<_='://../////'><><_='--'_='{----}'/><></><></><><",
    "session_id": "{C1B8F7DD-B08A-57AA-0000-0010CAEB0000}",
    "signature": "Network Connect",
    "signature_id": "3",
    "source": "WinEventLog:Microsoft-Windows-Sysmon/Operational",
    "sourcetype": "XmlWinEventLog:Microsoft-Windows-Sysmon/Operational",
    "splunk_server": "kraken.local",
    "src": "we2679srv.waynecorpinc.local",
    "src_host": "we2679srv.waynecorpinc.local",
    "src_ip": "192.168.250.100",
    "src_port": "50907",
    "tag": [
      "communicate",
      "network",
      "os",
      "windows"
    ],
    "tag::eventtype": [
      "communicate",
      "network",
      "os",
      "windows"
    ],
    "timestamp": "none",
    "transport": "tcp",
    "user": "NT AUTHORITY\\SYSTEM",
    "vendor_product": "Microsoft Sysmon",
    "_bkt": "botsv1~59~25FE58F7-C438-478E-AC42-625F7A4D81D6",
    "_cd": "59:486533050",
    "_eventtype_color": "none",
    "_indextime": "1473359099",
    "_raw": "<Event xmlns='http://schemas.microsoft.com/win/2004/08/events/event'><System><Provider Name='Microsoft-Windows-Sysmon' Guid='{5770385F-C22A-43E0-BF4C-06F5698FFBD9}'/><EventID>3</EventID><Version>5</Version><Level>4</Level><Task>3</Task><Opcode>0</Opcode><Keywords>0x8000000000000000</Keywords><TimeCreated SystemTime='2016-08-28T23:54:26.483215200Z'/><EventRecordID>288435</EventRecordID><Correlation/><Execution ProcessID='1200' ThreadID='2560'/><Channel>Microsoft-Windows-Sysmon/Operational</Channel><Computer>we2679srv.waynecorpinc.local</Computer><Security UserID='S-1-5-18'/></System><EventData><Data Name='UtcTime'>2016-08-28 23:54:26.236</Data><Data Name='ProcessGuid'>{C1B8F7DD-B08A-57AA-0000-0010CAEB0000}</Data><Data Name='ProcessId'>952</Data><Data Name='Image'>C:\\Windows\\System32\\svchost.exe</Data><Data Name='User'>NT AUTHORITY\\SYSTEM</Data><Data Name='Protocol'>tcp</Data><Data Name='Initiated'>true</Data><Data Name='SourceIsIpv6'>false</Data><Data Name='SourceIp'>192.168.250.100</Data><Data Name='SourceHostname'>we2679srv.waynecorpinc.local</Data><Data Name='SourcePort'>50907</Data><Data Name='SourcePortName'></Data><Data Name='DestinationIsIpv6'>false</Data><Data Name='DestinationIp'>23.45.87.196</Data><Data Name='DestinationHostname'>a23-45-87-196.deploy.static.akamaitechnologies.com</Data><Data Name='DestinationPort'>443</Data><Data Name='DestinationPortName'>https</Data></EventData></Event>\n",
    "_serial": "60",
    "_si": [
      "kraken.local",
      "botsv1"
    ],
    "_sourcetype": "XmlWinEventLog:Microsoft-Windows-Sysmon/Operational",
    "_time": "2016-08-28 17:54:26.000 MDT"
  },
  {
    "Computer": "we1972srv.waynecorpinc.local",
    "DestinationIp": "192.168.250.100",
    "DestinationIsIpv6": "false",
    "DestinationPort": "62959",
    "EventChannel": "Microsoft-Windows-Sysmon/Operational",
    "EventCode": "3",
    "EventDescription": "Network Connect",
    "Image": "C:\\Windows\\System32\\dns.exe",
    "Initiated": "false",
    "Keywords": "0x8000000000000000",
    "Level": "4",
    "Opcode": "0",
    "ProcessGuid": "{46C72849-5AFF-57A9-0000-00100E7C0100}",
    "ProcessId": "1320",
    "Protocol": "udp",
    "RecordID": "362119",
    "SecurityID": "S-1-5-18",
    "SourceHostname": "we1972srv.waynecorpinc.local",
    "SourceIp": "192.168.250.20",
    "SourceIsIpv6": "false",
    "SourcePort": "53",
    "SourcePortName": "domain",
    "Task": "3",
    "TimeCreated": "2016-08-28T23:54:19.244704100Z",
    "User": "NT AUTHORITY\\SYSTEM",
    "UtcTime": "2016-08-28 23:54:19.115",
    "Version": "5",
    "action": "allowed",
    "app": "C:\\Windows\\System32\\dns.exe",
    "dest": "192.168.250.100",
    "dest_ip": "192.168.250.100",
    "dest_port": "62959",
    "direction": "inbound",
    "dvc": "we1972srv.waynecorpinc.local",
    "dvc_nt_host": "we1972srv",
    "eventtype": [
      "ms-sysmon-network",
      "wineventlog_windows"
    ],
    "host": "we1972srv",
    "index": "botsv1",
    "linecount": "2",
    "process": "dns.exe",
    "process_id": "1320",
    "protocol": "domain",
    "punct": "<_='://../////'><><_='--'_='{----}'/><></><></><><",
    "session_id": "{46C72849-5AFF-57A9-0000-00100E7C0100}",
    "signature": "Network Connect",
    "signature_id": "3",
    "source": "WinEventLog:Microsoft-Windows-Sysmon/Operational",
    "sourcetype": "XmlWinEventLog:Microsoft-Windows-Sysmon/Operational",
    "splunk_server": "kraken.local",
    "src": "we1972srv.waynecorpinc.local",
    "src_host": "we1972srv.waynecorpinc.local",
    "src_ip": "192.168.250.20",
    "src_port": "53",
    "tag": [
      "communicate",
      "network",
      "os",
      "windows"
    ],
    "tag::eventtype": [
      "communicate",
      "network",
      "os",
      "windows"
    ],
    "timestamp": "none",
    "transport": "udp",
    "user": "NT AUTHORITY\\SYSTEM",
    "vendor_product": "Microsoft Sysmon",
    "_bkt": "botsv1~59~25FE58F7-C438-478E-AC42-625F7A4D81D6",
    "_cd": "59:690307291",
    "_eventtype_color": "none",
    "_indextime": "1473362287",
    "_raw": "<Event xmlns='http://schemas.microsoft.com/win/2004/08/events/event'><System><Provider Name='Microsoft-Windows-Sysmon' Guid='{5770385F-C22A-43E0-BF4C-06F5698FFBD9}'/><EventID>3</EventID><Version>5</Version><Level>4</Level><Task>3</Task><Opcode>0</Opcode><Keywords>0x8000000000000000</Keywords><TimeCreated SystemTime='2016-08-28T23:54:19.244704100Z'/><EventRecordID>362119</EventRecordID><Correlation/><Execution ProcessID='2572' ThreadID='3796'/><Channel>Microsoft-Windows-Sysmon/Operational</Channel><Computer>we1972srv.waynecorpinc.local</Computer><Security UserID='S-1-5-18'/></System><EventData><Data Name='UtcTime'>2016-08-28 23:54:19.115</Data><Data Name='ProcessGuid'>{46C72849-5AFF-57A9-0000-00100E7C0100}</Data><Data Name='ProcessId'>1320</Data><Data Name='Image'>C:\\Windows\\System32\\dns.exe</Data><Data Name='User'>NT AUTHORITY\\SYSTEM</Data><Data Name='Protocol'>udp</Data><Data Name='Initiated'>false</Data><Data Name='SourceIsIpv6'>false</Data><Data Name='SourceIp'>192.168.250.20</Data><Data Name='SourceHostname'>we1972srv.waynecorpinc.local</Data><Data Name='SourcePort'>53</Data><Data Name='SourcePortName'>domain</Data><Data Name='DestinationIsIpv6'>false</Data><Data Name='DestinationIp'>192.168.250.100</Data><Data Name='DestinationHostname'></Data><Data Name='DestinationPort'>62959</Data><Data Name='DestinationPortName'></Data></EventData></Event>\n",
    "_serial": "61",
    "_si": [
      "kraken.local",
      "botsv1"
    ],
    "_sourcetype": "XmlWinEventLog:Microsoft-Windows-Sysmon/Operational",
    "_time": "2016-08-28 17:54:19.000 MDT"
  },
  {
    "Computer": "we8540srv.waynecorpinc.local",
    "DestinationHostname": "we8540srv.waynecorpinc.local",
    "DestinationIp": "192.168.250.70",
    "DestinationIsIpv6": "false",
    "DestinationPort": "137",
    "DestinationPortName": "netbios-ns",
    "EventChannel": "Microsoft-Windows-Sysmon/Operational",
    "EventCode": "3",
    "EventDescription": "Network Connect",
    "Image": "System",
    "Initiated": "false",
    "Keywords": "0x8000000000000000",
    "Level": "4",
    "Opcode": "0",
    "ProcessGuid": "{E500B0EA-2199-57AA-0000-0010EB030000}",
    "ProcessId": "4",
    "Protocol": "udp",
    "RecordID": "221169",
    "SecurityID": "S-1-5-18",
    "SourceIp": "192.168.250.255",
    "SourceIsIpv6": "false",
    "SourcePort": "137",
    "SourcePortName": "netbios-ns",
    "Task": "3",
    "TimeCreated": "2016-08-28T23:54:16.207215000Z",
    "User": "NT AUTHORITY\\SYSTEM",
    "UtcTime": "2016-08-28 23:54:16.192",
    "Version": "5",
    "action": "allowed",
    "app": "System",
    "dest": "we8540srv.waynecorpinc.local",
    "dest_host": "we8540srv.waynecorpinc.local",
    "dest_ip": "192.168.250.70",
    "dest_port": "137",
    "direction": "inbound",
    "dvc": "we8540srv.waynecorpinc.local",
    "dvc_nt_host": "we8540srv",
    "eventtype": [
      "ms-sysmon-network",
      "wineventlog_windows"
    ],
    "host": "we8540srv",
    "index": "botsv1",
    "linecount": "2",
    "process": "System",
    "process_id": "4",
    "protocol": "netbios-ns",
    "punct": "<_='://../////'><><_='--'_='{----}'/><></><></><><",
    "session_id": "{E500B0EA-2199-57AA-0000-0010EB030000}",
    "signature": "Network Connect",
    "signature_id": "3",
    "source": "WinEventLog:Microsoft-Windows-Sysmon/Operational",
    "sourcetype": "XmlWinEventLog:Microsoft-Windows-Sysmon/Operational",
    "splunk_server": "kraken.local",
    "src": "192.168.250.255",
    "src_ip": "192.168.250.255",
    "src_port": "137",
    "tag": [
      "communicate",
      "network",
      "os",
      "windows"
    ],
    "tag::eventtype": [
      "communicate",
      "network",
      "os",
      "windows"
    ],
    "timestamp": "none",
    "transport": "udp",
    "user": "NT AUTHORITY\\SYSTEM",
    "vendor_product": "Microsoft Sysmon",
    "_bkt": "botsv1~59~25FE58F7-C438-478E-AC42-625F7A4D81D6",
    "_cd": "59:305459893",
    "_eventtype_color": "none",
    "_indextime": "1473356269",
    "_raw": "<Event xmlns='http://schemas.microsoft.com/win/2004/08/events/event'><System><Provider Name='Microsoft-Windows-Sysmon' Guid='{5770385F-C22A-43E0-BF4C-06F5698FFBD9}'/><EventID>3</EventID><Version>5</Version><Level>4</Level><Task>3</Task><Opcode>0</Opcode><Keywords>0x8000000000000000</Keywords><TimeCreated SystemTime='2016-08-28T23:54:16.207215000Z'/><EventRecordID>221169</EventRecordID><Correlation/><Execution ProcessID='1296' ThreadID='1384'/><Channel>Microsoft-Windows-Sysmon/Operational</Channel><Computer>we8540srv.waynecorpinc.local</Computer><Security UserID='S-1-5-18'/></System><EventData><Data Name='UtcTime'>2016-08-28 23:54:16.192</Data><Data Name='ProcessGuid'>{E500B0EA-2199-57AA-0000-0010EB030000}</Data><Data Name='ProcessId'>4</Data><Data Name='Image'>System</Data><Data Name='User'>NT AUTHORITY\\SYSTEM</Data><Data Name='Protocol'>udp</Data><Data Name='Initiated'>false</Data><Data Name='SourceIsIpv6'>false</Data><Data Name='SourceIp'>192.168.250.255</Data><Data Name='SourceHostname'></Data><Data Name='SourcePort'>137</Data><Data Name='SourcePortName'>netbios-ns</Data><Data Name='DestinationIsIpv6'>false</Data><Data Name='DestinationIp'>192.168.250.70</Data><Data Name='DestinationHostname'>we8540srv.waynecorpinc.local</Data><Data Name='DestinationPort'>137</Data><Data Name='DestinationPortName'>netbios-ns</Data></EventData></Event>\n",
    "_serial": "62",
    "_si": [
      "kraken.local",
      "botsv1"
    ],
    "_sourcetype": "XmlWinEventLog:Microsoft-Windows-Sysmon/Operational",
    "_time": "2016-08-28 17:54:16.000 MDT"
  },
  {
    "Computer": "we1102srv.waynecorpinc.local",
    "DestinationHostname": "a23-8-49-30.deploy.static.akamaitechnologies.com",
    "DestinationIp": "23.8.49.30",
    "DestinationIsIpv6": "false",
    "DestinationPort": "443",
    "DestinationPortName": "https",
    "EventChannel": "Microsoft-Windows-Sysmon/Operational",
    "EventCode": "3",
    "EventDescription": "Network Connect",
    "Image": "C:\\Windows\\System32\\svchost.exe",
    "Initiated": "true",
    "Keywords": "0x8000000000000000",
    "Level": "4",
    "Opcode": "0",
    "ProcessGuid": "{C1B8F7DD-B08A-57AA-0000-0010CAEB0000}",
    "ProcessId": "952",
    "Protocol": "tcp",
    "RecordID": "467794",
    "SecurityID": "S-1-5-18",
    "SourceHostname": "we1102srv.waynecorpinc.local",
    "SourceIp": "192.168.250.100",
    "SourceIsIpv6": "false",
    "SourcePort": "53105",
    "Task": "3",
    "TimeCreated": "2016-08-28T23:54:09.188331100Z",
    "User": "NT AUTHORITY\\SYSTEM",
    "UtcTime": "2016-08-28 23:54:09.627",
    "Version": "5",
    "action": "allowed",
    "app": "C:\\Windows\\System32\\svchost.exe",
    "dest": "a23-8-49-30.deploy.static.akamaitechnologies.com",
    "dest_host": "a23-8-49-30.deploy.static.akamaitechnologies.com",
    "dest_ip": "23.8.49.30",
    "dest_port": "443",
    "direction": "outbound",
    "dvc": "we1102srv.waynecorpinc.local",
    "dvc_nt_host": "we1102srv",
    "eventtype": [
      "ms-sysmon-network",
      "wineventlog_windows"
    ],
    "host": "we1102srv",
    "index": "botsv1",
    "linecount": "2",
    "process": "svchost.exe",
    "process_id": "952",
    "protocol": "https",
    "punct": "<_='://../////'><><_='--'_='{----}'/><></><></><><",
    "session_id": "{C1B8F7DD-B08A-57AA-0000-0010CAEB0000}",
    "signature": "Network Connect",
    "signature_id": "3",
    "source": "WinEventLog:Microsoft-Windows-Sysmon/Operational",
    "sourcetype": "XmlWinEventLog:Microsoft-Windows-Sysmon/Operational",
    "splunk_server": "kraken.local",
    "src": "we1102srv.waynecorpinc.local",
    "src_host": "we1102srv.waynecorpinc.local",
    "src_ip": "192.168.250.100",
    "src_port": "53105",
    "tag": [
      "communicate",
      "network",
      "os",
      "windows"
    ],
    "tag::eventtype": [
      "communicate",
      "network",
      "os",
      "windows"
    ],
    "timestamp": "none",
    "transport": "tcp",
    "user": "NT AUTHORITY\\SYSTEM",
    "vendor_product": "Microsoft Sysmon",
    "_bkt": "botsv1~59~25FE58F7-C438-478E-AC42-625F7A4D81D6",
    "_cd": "59:560616020",
    "_eventtype_color": "none",
    "_indextime": "1473360261",
    "_raw": "<Event xmlns='http://schemas.microsoft.com/win/2004/08/events/event'><System><Provider Name='Microsoft-Windows-Sysmon' Guid='{5770385F-C22A-43E0-BF4C-06F5698FFBD9}'/><EventID>3</EventID><Version>5</Version><Level>4</Level><Task>3</Task><Opcode>0</Opcode><Keywords>0x8000000000000000</Keywords><TimeCreated SystemTime='2016-08-28T23:54:09.188331100Z'/><EventRecordID>467794</EventRecordID><Correlation/><Execution ProcessID='1200' ThreadID='2560'/><Channel>Microsoft-Windows-Sysmon/Operational</Channel><Computer>we1102srv.waynecorpinc.local</Computer><Security UserID='S-1-5-18'/></System><EventData><Data Name='UtcTime'>2016-08-28 23:54:09.627</Data><Data Name='ProcessGuid'>{C1B8F7DD-B08A-57AA-0000-0010CAEB0000}</Data><Data Name='ProcessId'>952</Data><Data Name='Image'>C:\\Windows\\System32\\svchost.exe</Data><Data Name='User'>NT AUTHORITY\\SYSTEM</Data><Data Name='Protocol'>tcp</Data><Data Name='Initiated'>true</Data><Data Name='SourceIsIpv6'>false</Data><Data Name='SourceIp'>192.168.250.100</Data><Data Name='SourceHostname'>we1102srv.waynecorpinc.local</Data><Data Name='SourcePort'>53105</Data><Data Name='SourcePortName'></Data><Data Name='DestinationIsIpv6'>false</Data><Data Name='DestinationIp'>23.8.49.30</Data><Data Name='DestinationHostname'>a23-8-49-30.deploy.static.akamaitechnologies.com</Data><Data Name='DestinationPort'>443</Data><Data Name='DestinationPortName'>https</Data></EventData></Event>\n",
    "_serial": "63",
    "_si": [
      "kraken.local",
      "botsv1"
    ],
    "_sourcetype": "XmlWinEventLog:Microsoft-Windows-Sysmon/Operational",
    "_time": "2016-08-28 17:54:09.000 MDT"
  },
