[
  {
    "Computer": "we5201srv.waynecorpinc.local",
    "DestinationHostname": "we5201srv.waynecorpinc.local",
    "DestinationIp": "192.168.250.70",
    "DestinationIsIpv6": "false",
    "DestinationPort": "137",
    "DestinationPortName": "netbios-ns",
    "EventChannel": "Microsoft-Windows-Sysmon/Operational",
    "EventCode": "3",
    "EventDescription": "Network Connect",
    "Image": "System",
    "Initiated": "false",
    "Keywords": "0x8000000000000000",
    "Level": "4",
    "Opcode": "0",
    "ProcessGuid": "{E500B0EA-2199-57AA-0000-0010EB030000}",
    "ProcessId": "4",
    "Protocol": "udp",
    "RecordID": "297715",
    "SecurityID": "S-1-5-18",
    "SourceIp": "192.168.250.255",
    "SourceIsIpv6": "false",
    "SourcePort": "137",
    "SourcePortName": "netbios-ns",
    "Task": "3",
    "TimeCreated": "2016-08-28T23:58:59.342236600Z",
    "User": "NT AUTHORITY\\SYSTEM",
    "UtcTime": "2016-08-28 23:58:59.145",
    "Version": "5",
    "action": "allowed",
    "app": "System",
    "dest": "we5201srv.waynecorpinc.local",
    "dest_host": "we5201srv.waynecorpinc.local",
    "dest_ip": "192.168.250.70",
    "dest_port": "137",
    "direction": "inbound",
    "dvc": "we5201srv.waynecorpinc.local",
    "dvc_nt_host": "we5201srv",
    "eventtype": [
      "ms-sysmon-network",
      "wineventlog_windows"
    ],
    "host": "we5201srv",
    "index": "botsv1",
    "linecount": "2",
    "process": "System",
    "process_id": "4",
    "protocol": "netbios-ns",
    "punct": "<_='://../////'><><_='--'_='{----}'/><></><></><><",
    "session_id": "{E500B0EA-2199-57AA-0000-0010EB030000}",
    "signature": "Network Connect",
    "signature_id": "3",
    "source": "WinEventLog:Microsoft-Windows-Sysmon/Operational",
    "sourcetype": "XmlWinEventLog:Microsoft-Windows-Sysmon/Operational",
    "splunk_server": "kraken.local",
    "src": "192.168.250.255",
    "src_ip": "192.168.250.255",
    "src_port": "137",
    "tag": [
      "communicate",
      "network",
      "os",
      "windows"
    ],
    "tag::eventtype": [
      "communicate",
      "network",
      "os",
      "windows"
    ],
    "timestamp": "none",
    "transport": "udp",
    "user": "NT AUTHORITY\\SYSTEM",
    "vendor_product": "Microsoft Sysmon",
    "_bkt": "botsv1~59~25FE58F7-C438-478E-AC42-625F7A4D81D6",
    "_cd": "59:537448351",
    "_eventtype_color": "none",
    "_indextime": "1473359898",
    "_raw": "<Event xmlns='http://schemas.microsoft.com/win/2004/08/events/event'><System><Provider Name='Microsoft-Windows-Sysmon' Guid='{5770385F-C22A-43E0-BF4C-06F5698FFBD9}'/><EventID>3</EventID><Version>5</Version><Level>4</Level><Task>3</Task><Opcode>0</Opcode><Keywords>0x8000000000000000</Keywords><TimeCreated SystemTime='2016-08-28T23:58:59.342236600Z'/><EventRecordID>297715</EventRecordID><Correlation/><Execution ProcessID='1296' ThreadID='1384'/><Channel>Microsoft-Windows-Sysmon/Operational</Channel><Computer>we5201srv.waynecorpinc.local</Computer><Security UserID='S-1-5-18'/></System><EventData><Data Name='UtcTime'>2016-08-28 23:58:59.145</Data><Data Name='ProcessGuid'>{E500B0EA-2199-57AA-0000-0010EB030000}</Data><Data Name='ProcessId'>4</Data><Data Name='Image'>System</Data><Data Name='User'>NT AUTHORITY\\SYSTEM</Data><Data Name='Protocol'>udp</Data><Data Name='Initiated'>false</Data><Data Name='SourceIsIpv6'>false</Data><Data Name='SourceIp'>192.168.250.255</Data><Data Name='SourceHostname'></Data><Data Name='SourcePort'>137</Data><Data Name='SourcePortName'>netbios-ns</Data><Data Name='DestinationIsIpv6'>false</Data><Data Name='DestinationIp'>192.168.250.70</Data><Data Name='DestinationHostname'>we5201srv.waynecorpinc.local</Data><Data Name='DestinationPort'>137</Data><Data Name='DestinationPortName'>netbios-ns</Data></EventData></Event>\n",
    "_serial": "0",
    "_si": [
      "kraken.local",
      "botsv1"
    ],
    "_sourcetype": "XmlWinEventLog:Microsoft-Windows-Sysmon/Operational",
    "_time": "2016-08-28 17:58:59.000 MDT"
  },
  {
    "Computer": "we6038srv.waynecorpinc.local",
    "DestinationHostname": "we6038srv.waynecorpinc.local",
    "DestinationIp": "192.168.250.20",
    "DestinationIsIpv6": "false",
    "DestinationPort": "57913",
    "EventChannel": "Microsoft-Windows-Sysmon/Operational",
    "EventCode": "3",
    "EventDescription": "Network Connect",
    "Image": "C:\\Windows\\System32\\dns.exe",
    "Initiated": "false",
    "Keywords": "0x8000000000000000",
    "Level": "4",
    "Opcode": "0",
    "ProcessGuid": "{46C72849-5AFF-57A9-0000-00100E7C0100}",
    "ProcessId": "1320",
    "Protocol": "udp",
    "RecordID": "323625",
    "SecurityID": "S-1-5-18",
    "SourceHostname": "we6038srv.waynecorpinc.local",
    "SourceIp": "192.168.250.20",
    "SourceIsIpv6": "false",
    "SourcePort": "53",
    "SourcePortName": "domain",
    "Task": "3",
    "TimeCreated": "2016-08-28T23:58:54.220420200Z",
    "User": "NT AUTHORITY\\SYSTEM",
    "UtcTime": "2016-08-28 23:58:54.938",
    "Version": "5",
    "action": "allowed",
    "app": "C:\\Windows\\System32\\dns.exe",
    "dest": "we6038srv.waynecorpinc.local",
    "dest_host": "we6038srv.waynecorpinc.local",
    "dest_ip": "192.168.250.20",
    "dest_port": "57913",
    "direction": "inbound",
    "dvc": "we6038srv.waynecorpinc.local",
    "dvc_nt_host": "we6038srv",
    "eventtype": [
      "ms-sysmon-network",
      "wineventlog_windows"
    ],
    "host": "we6038srv",
    "index": "botsv1",
    "linecount": "2",
    "process": "dns.exe",
    "process_id": "1320",
    "protocol": "domain",
    "punct": "<_='://../////'><><_='--'_='{----}'/><></><></><><",
    "session_id": "{46C72849-5AFF-57A9-0000-00100E7C0100}",
    "signature": "Network Connect",
    "signature_id": "3",
    "source": "WinEventLog:Microsoft-Windows-Sysmon/Operational",
    "sourcetype": "XmlWinEventLog:Microsoft-Windows-Sysmon/Operational",
    "splunk_server": "kraken.local",
    "src": "we6038srv.waynecorpinc.local",
    "src_host": "we6038srv.waynecorpinc.local",
    "src_ip": "192.168.250.20",
    "src_port": "53",
    "tag": [
      "communicate",
      "network",
      "os",
      "windows"
    ],
    "tag::eventtype": [
      "communicate",
      "network",
      "os",
      "windows"
    ],
    "timestamp": "none",
    "transport": "udp",
    "user": "NT AUTHORITY\\SYSTEM",
    "vendor_product": "Microsoft Sysmon",
    "_bkt": "botsv1~59~25FE58F7-C438-478E-AC42-625F7A4D81D6",
    "_cd": "59:282212742",
    "_eventtype_color": "none",
    "_indextime": "1473355905",
    "_raw": "<Event xmlns='http://schemas.microsoft.com/win/2004/08/events/event'><System><Provider Name='Microsoft-Windows-Sysmon' Guid='{5770385F-C22A-43E0-BF4C-06F5698FFBD9}'/><EventID>3</EventID><Version>5</Version><Level>4</Level><Task>3</Task><Opcode>0</Opcode><Keywords>0x8000000000000000</Keywords><TimeCreated SystemTime='2016-08-28T23:58:54.220420200Z'/><EventRecordID>323625</EventRecordID><Correlation/><Execution ProcessID='2572' ThreadID='3796'/><Channel>Microsoft-Windows-Sysmon/Operational</Channel><Computer>we6038srv.waynecorpinc.local</Computer><Security UserID='S-1-5-18'/></System><EventData><Data Name='UtcTime'>2016-08-28 23:58:54.938</Data><Data Name='ProcessGuid'>{46C72849-5AFF-57A9-0000-00100E7C0100}</Data><Data Name='ProcessId'>1320</Data><Data Name='Image'>C:\\Windows\\System32\\dns.exe</Data><Data Name='User'>NT AUTHORITY\\SYSTEM</Data><Data Name='Protocol'>udp</Data><Data Name='Initiated'>false</Data><Data Name='SourceIsIpv6'>false</Data><Data Name='SourceIp'>192.168.250.20</Data><Data Name='SourceHostname'>we6038srv.waynecorpinc.local</Data><Data Name='SourcePort'>53</Data><Data Name='SourcePortName'>domain</Data><Data Name='DestinationIsIpv6'>false</Data><Data Name='DestinationIp'>192.168.250.20</Data><Data Name='DestinationHostname'>we6038srv.waynecorpinc.local</Data><Data Name='DestinationPort'>57913</Data><Data Name='DestinationPortName'></Data></EventData></Event>\n",
    "_serial": "1",
    "_si": [
      "kraken.local",
      "botsv1"
    ],
    "_sourcetype": "XmlWinEventLog:Microsoft-Windows-Sysmon/Operational",
    "_time": "2016-08-28 17:58:54.000 MDT"
  },
  {
    "Computer": "we2080srv.waynecorpinc.local",
    "DestinationHostname": "we2080srv",
    "DestinationIp": "192.168.250.20",
    "DestinationIsIpv6": "false",
    "DestinationPort": "445",
    "DestinationPortName": "microsoft-ds",
    "EventChannel": "Microsoft-Windows-Sysmon/Operational",
    "EventCode": "3",
    "EventDescription": "Network Connect",
    "Image": "System",
    "Initiated": "true",
    "Keywords": "0x8000000000000000",
    "Level": "4",
    "Opcode": "0",
    "ProcessGuid": "{C1B8F7DD-B086-57AA-0000-0010EB030000}",
    "ProcessId": "4",
    "Protocol": "tcp",
    "RecordID": "323650",
    "SecurityID": "S-1-5-18",
    "SourceHostname": "we2080srv.waynecorpinc.local",
    "SourceIp": "192.168.250.100",
    "SourceIsIpv6": "false",
    "SourcePort": "51325",
    "Task": "3",
    "TimeCreated": "2016-08-28T23:58:51.609633600Z",
    "User": "NT AUTHORITY\\SYSTEM",
    "UtcTime": "2016-08-28 23:58:51.192",
    "Version": "5",
    "action": "allowed",
    "app": "System",
    "dest": "we2080srv",
    "dest_host": "we2080srv",
    "dest_ip": "192.168.250.20",
    "dest_port": "445",
    "direction": "outbound",
    "dvc": "we2080srv.waynecorpinc.local",
    "dvc_nt_host": "we2080srv",
    "eventtype": [
      "ms-sysmon-network",
      "wineventlog_windows"
    ],
    "host": "we2080srv",
    "index": "botsv1",
    "linecount": "2",
    "process": "System",
    "process_id": "4",
    "protocol": "microsoft-ds",
    "punct": "<_='://../////'><><_='--'_='{----}'/><></><></><><",
    "session_id": "{C1B8F7DD-B086-57AA-0000-0010EB030000}",
    "signature": "Network Connect",
    "signature_id": "3",
    "source": "WinEventLog:Microsoft-Windows-Sysmon/Operational",
    "sourcetype": "XmlWinEventLog:Microsoft-Windows-Sysmon/Operational",
    "splunk_server": "kraken.local",
    "src": "we2080srv.waynecorpinc.local",
    "src_host": "we2080srv.waynecorpinc.local",
    "src_ip": "192.168.250.100",
    "src_port": "51325",
    "tag": [
      "communicate",
      "network",
      "os",
      "windows"
    ],
    "tag::eventtype": [
      "communicate",
      "network",
      "os",
      "windows"
    ],
    "timestamp": "none",
    "transport": "tcp",
    "user": "NT AUTHORITY\\SYSTEM",
    "vendor_product": "Microsoft Sysmon",
    "_bkt": "botsv1~59~25FE58F7-C438-478E-AC42-625F7A4D81D6",
    "_cd": "59:53436319",
    "_eventtype_color": "none",
    "_indextime": "1473352318",
    "_raw": "<Event xmlns='http://schemas.microsoft.com/win/2004/08/events/event'><System><Provider Name='Microsoft-Windows-Sysmon' Guid='{5770385F-C22A-43E0-BF4C-06F5698FFBD9}'/><EventID>3</EventID><Version>5</Version><Level>4</Level><Task>3</Task><Opcode>0</Opcode><Keywords>0x8000000000000000</Keywords><TimeCreated SystemTime='2016-08-28T23:58:51.609633600Z'/><EventRecordID>323650</EventRecordID><Correlation/><Execution ProcessID='1200' ThreadID='2560'/><Channel>Microsoft-Windows-Sysmon/Operational</Channel><Computer>we2080srv.waynecorpinc.local</Computer><Security UserID='S-1-5-18'/></System><EventData><Data Name='UtcTime'>2016-08-28 23:58:51.192</Data><Data Name='ProcessGuid'>{C1B8F7DD-B086-57AA-0000-0010EB030000}</Data><Data Name='ProcessId'>4</Data><Data Name='Image'>System</Data><Data Name='User'>NT AUTHORITY\\SYSTEM</Data><Data Name='Protocol'>tcp</Data><Data Name='Initiated'>true</Data><Data Name='SourceIsIpv6'>false</Data><Data Name='SourceIp'>192.168.250.100</Data><Data Name='SourceHostname'>we2080srv.waynecorpinc.local</Data><Data Name='SourcePort'>51325</Data><Data Name='SourcePortName'></Data><Data Name='DestinationIsIpv6'>false</Data><Data Name='DestinationIp'>192.168.250.20</Data><Data Name='DestinationHostname'>we2080srv</Data><Data Name='DestinationPort'>445</Data><Data Name='DestinationPortName'>microsoft-ds</Data></EventData></Event>\n",
    "_serial": "2",
    "_si": [
      "kraken.local",
      "botsv1"
    ],
    "_sourcetype": "XmlWinEventLog:Microsoft-Windows-Sysmon/Operational",
    "_time": "2016-08-28 17:58:51.000 MDT"
  },
  {
    "Computer": "we5777srv.waynecorpinc.local",
    "DestinationIp": "192.168.250.100",
    "DestinationIsIpv6": "false",
    "DestinationPort": "52251",
    "EventChannel": "Microsoft-Windows-Sysmon/Operational",
    "EventCode": "3",
    "EventDescription": "Network Connect",
    "Image": "System",
    "Initiated": "false",
    "Keywords": "0x8000000000000000",
    "Level": "4",
    "Opcode": "0",
    "ProcessGuid": "{46C72849-5ADF-57A9-0000-0010EB030000}",
    "ProcessId": "4",
    "Protocol": "tcp",
    "RecordID": "303344",
    "SecurityID": "S-1-5-18",
    "SourceHostname": "we5777srv.waynecorpinc.local",
    "SourceIp": "192.168.250.20",
    "SourceIsIpv6": "false",
    "SourcePort": "445",
    "SourcePortName": "microsoft-ds",
    "Task": "3",
    "TimeCreated": "2016-08-28T23:58:45.792650000Z",
    "User": "NT AUTHORITY\\SYSTEM",
    "UtcTime": "2016-08-28 23:58:45.123",
    "Version": "5",
    "action": "allowed",
    "app": "System",
    "dest": "192.168.250.100",
    "dest_ip": "192.168.250.100",
    "dest_port": "52251",
    "direction": "inbound",
    "dvc": "we5777srv.waynecorpinc.local",
    "dvc_nt_host": "we5777srv",
    "eventtype": [
      "ms-sysmon-network",
      "wineventlog_windows"
    ],
    "host": "we5777srv",
    "index": "botsv1",
    "linecount": "2",
    "process": "System",
    "process_id": "4",
    "protocol": "microsoft-ds",
    "punct": "<_='://../////'><><_='--'_='{----}'/><></><></><><",
    "session_id": "{46C72849-5ADF-57A9-0000-0010EB030000}",
    "signature": "Network Connect",
    "signature_id": "3",
    "source": "WinEventLog:Microsoft-Windows-Sysmon/Operational",
    "sourcetype": "XmlWinEventLog:Microsoft-Windows-Sysmon/Operational",
    "splunk_server": "kraken.local",
    "src": "we5777srv.waynecorpinc.local",
    "src_host": "we5777srv.waynecorpinc.local",
    "src_ip": "192.168.250.20",
    "src_port": "445",
    "tag": [
      "communicate",
      "network",
      "os",
      "windows"
    ],
    "tag::eventtype": [
      "communicate",
      "network",
      "os",
      "windows"
    ],
    "timestamp": "none",
    "transport": "tcp",
    "user": "NT AUTHORITY\\SYSTEM",
    "vendor_product": "Microsoft Sysmon",
    "_bkt": "botsv1~59~25FE58F7-C438-478E-AC42-625F7A4D81D6",
    "_cd": "59:838631334",
    "_eventtype_color": "none",
    "_indextime": "1473364626",
    "_raw": "<Event xmlns='http://schemas.microsoft.com/win/2004/08/events/event'><System><Provider Name='Microsoft-Windows-Sysmon' Guid='{5770385F-C22A-43E0-BF4C-06F5698FFBD9}'/><EventID>3</EventID><Version>5</Version><Level>4</Level><Task>3</Task><Opcode>0</Opcode><Keywords>0x8000000000000000</Keywords><TimeCreated SystemTime='2016-08-28T23:58:45.792650000Z'/><EventRecordID>303344</EventRecordID><Correlation/><Execution ProcessID='2572' ThreadID='3796'/><Channel>Microsoft-Windows-Sysmon/Operational</Channel><Computer>we5777srv.waynecorpinc.local</Computer><Security UserID='S-1-5-18'/></System><EventData><Data Name='UtcTime'>2016-08-28 23:58:45.123</Data><Data Name='ProcessGuid'>{46C72849-5ADF-57A9-0000-0010EB030000}</Data><Data Name='ProcessId'>4</Data><Data Name='Image'>System</Data><Data Name='User'>NT AUTHORITY\\SYSTEM</Data><Data Name='Protocol'>tcp</Data><Data Name='Initiated'>false</Data><Data Name='SourceIsIpv6'>false</Data><Data Name='SourceIp'>192.168.250.20</Data><Data Name='SourceHostname'>we5777srv.waynecorpinc.local</Data><Data Name='SourcePort'>445</Data><Data Name='SourcePortName'>microsoft-ds</Data><Data Name='DestinationIsIpv6'>false</Data><Data Name='DestinationIp'>192.168.250.100</Data><Data Name='DestinationHostname'></Data><Data Name='DestinationPort'>52251</Data><Data Name='DestinationPortName'></Data></EventData></Event>\n",
    "_serial": "3",
    "_si": [
      "kraken.local",
      "botsv1"
    ],
    "_sourcetype": "XmlWinEventLog:Microsoft-Windows-Sysmon/Operational",
    "_time": "2016-08-28 17:58:45.000 MDT"
  },
  {
    "Computer": "we5207srv.waynecorpinc.local",
    "DestinationIp": "192.168.250.100",
    "DestinationIsIpv6": "false",
    "DestinationPort": "59567",
    "EventChannel": "Microsoft-Windows-Sysmon/Operational",
    "EventCode": "3",
    "EventDescription": "Network Connect",
    "Image": "C:\\Windows\\System32\\dns.exe",
    "Initiated": "false",
    "Keywords": "0x8000000000000000",
    "Level": "4",
    "Opcode": "0",
    "ProcessGuid": "{46C72849-5AFF-57A9-0000-00100E7C0100}",
    "ProcessId": "1320",
    "Protocol": "udp",
    "RecordID": "214593",
    "SecurityID": "S-1-5-18",
    "SourceHostname": "we5207srv.waynecorpinc.local",
    "SourceIp": "192.168.250.20",
    "SourceIsIpv6": "false",
    "SourcePort": "53",
    "SourcePortName": "domain",
    "Task": "3",
    "TimeCreated": "2016-08-28T23:58:45.894178400Z",
    "User": "NT AUTHORITY\\SYSTEM",
    "UtcTime": "2016-08-28 23:58:45.440",
    "Version": "5",
    "action": "allowed",
    "app": "C:\\Windows\\System32\\dns.exe",
    "dest": "192.168.250.100",
    "dest_ip": "192.168.250.100",
    "dest_port": "59567",
    "direction": "inbound",
    "dvc": "we5207srv.waynecorpinc.local",
    "dvc_nt_host": "we5207srv",
    "eventtype": [
      "ms-sysmon-network",
      "wineventlog_windows"
    ],
    "host": "we5207srv",
    "index": "botsv1",
    "linecount": "2",
    "process": "dns.exe",
    "process_id": "1320",
    "protocol": "domain",
    "punct": "<_='://../////'><><_='--'_='{----}'/><></><></><><",
    "session_id": "{46C72849-5AFF-57A9-0000-00100E7C0100}",
    "signature": "Network Connect",
    "signature_id": "3",
    "source": "WinEventLog:Microsoft-Windows-Sysmon/Operational",
    "sourcetype": "XmlWinEventLog:Microsoft-Windows-Sysmon/Operational",
    "splunk_server": "kraken.local",
    "src": "we5207srv.waynecorpinc.local",
    "src_host": "we5207srv.waynecorpinc.local",
    "src_ip": "192.168.250.20",
    "src_port": "53",
    "tag": [
      "communicate",
      "network",
      "os",
      "windows"
    ],
    "tag::eventtype": [
      "communicate",
      "network",
      "os",
      "windows"
    ],
    "timestamp": "none",
    "transport": "udp",
    "user": "NT AUTHORITY\\SYSTEM",
    "vendor_product": "Microsoft Sysmon",
    "_bkt": "botsv1~59~25FE58F7-C438-478E-AC42-625F7A4D81D6",
    "_cd": "59:671842811",
    "_eventtype_color": "none",
    "_indextime": "1473361995",
    "_raw": "<Event xmlns='http://schemas.microsoft.com/win/2004/08/events/event'><System><Provider Name='Microsoft-Windows-Sysmon' Guid='{5770385F-C22A-43E0-BF4C-06F5698FFBD9}'/><EventID>3</EventID><Version>5</Version><Level>4</Level><Task>3</Task><Opcode>0</Opcode><Keywords>0x8000000000000000</Keywords><TimeCreated SystemTime='2016-08-28T23:58:45.894178400Z'/><EventRecordID>214593</EventRecordID><Correlation/><Execution ProcessID='2572' ThreadID='3796'/><Channel>Microsoft-Windows-Sysmon/Operational</Channel><Computer>we5207srv.waynecorpinc.local</Computer><Security UserID='S-1-5-18'/></System><EventData><Data Name='UtcTime'>2016-08-28 23:58:45.440</Data><Data Name='ProcessGuid'>{46C72849-5AFF-57A9-0000-00100E7C0100}</Data><Data Name='ProcessId'>1320</Data><Data Name='Image'>C:\\Windows\\System32\\dns.exe</Data><Data Name='User'>NT AUTHORITY\\SYSTEM</Data><Data Name='Protocol'>udp</Data><Data Name='Initiated'>false</Data><Data Name='SourceIsIpv6'>false</Data><Data Name='SourceIp'>192.168.250.20</Data><Data Name='SourceHostname'>we5207srv.waynecorpinc.local</Data><Data Name='SourcePort'>53</Data><Data Name='SourcePortName'>domain</Data><Data Name='DestinationIsIpv6'>false</Data><Data Name='DestinationIp'>192.168.250.100</Data><Data Name='DestinationHostname'></Data><Data Name='DestinationPort'>59567</Data><Data Name='DestinationPortName'></Data></EventData></Event>\n",
    "_serial": "4",
    "_si": [
      "kraken.local",
      "botsv1"
    ],
    "_sourcetype": "XmlWinEventLog:Microsoft-Windows-Sysmon/Operational",
    "_time": "2016-08-28 17:58:45.000 MDT"
  },
  {
    "Computer": "we4911srv.waynecorpinc.local",
    "DestinationIp": "192.168.250.70",
    "DestinationIsIpv6": "false",
    "DestinationPort": "62906",
    "EventChannel": "Microsoft-Windows-Sysmon/Operational",
    "EventCode": "3",
    "EventDescription": "Network Connect",
    "Image": "System",
    "Initiated": "false",
    "Keywords": "0x8000000000000000",
    "Level": "4",
    "Opcode": "0",
    "ProcessGuid": "{46C72849-5ADF-57A9-0000-0010EB030000}",
    "ProcessId": "4",
    "Protocol": "tcp",
    "RecordID": "313651",
    "SecurityID": "S-1-5-18",
    "SourceHostname": "we4911srv.waynecorpinc.local",
    "SourceIp": "192.168.250.20",
    "SourceIsIpv6": "false",
    "SourcePort": "445",
    "SourcePortName": "microsoft-ds",
    "Task": "3",
    "TimeCreated": "2016-08-28T23:58:45.086600500Z",
    "User": "NT AUTHORITY\\SYSTEM",
    "UtcTime": "2016-08-28 23:58:45.709",
    "Version": "5",
    "action": "allowed",
    "app": "System",
    "dest": "192.168.250.70",
    "dest_ip": "192.168.250.70",
    "dest_port": "62906",
    "direction": "inbound",
    "dvc": "we4911srv.waynecorpinc.local",
    "dvc_nt_host": "we4911srv",
    "eventtype": [
      "ms-sysmon-network",
      "wineventlog_windows"
    ],
    "host": "we4911srv",
    "index": "botsv1",
    "linecount": "2",
    "process": "System",
    "process_id": "4",
    "protocol": "microsoft-ds",
    "punct": "<_='://../////'><><_='--'_='{----}'/><></><></><><",
    "session_id": "{46C72849-5ADF-57A9-0000-0010EB030000}",
    "signature": "Network Connect",
    "signature_id": "3",
    "source": "WinEventLog:Microsoft-Windows-Sysmon/Operational",
    "sourcetype": "XmlWinEventLog:Microsoft-Windows-Sysmon/Operational",
    "splunk_server": "kraken.local",
    "src": "we4911srv.waynecorpinc.local",
    "src_host": "we4911srv.waynecorpinc.local",
    "src_ip": "192.168.250.20",
    "src_port": "445",
    "tag": [
      "communicate",
      "network",
      "os",
      "windows"
    ],
    "tag::eventtype": [
      "communicate",
      "network",
      "os",
      "windows"
    ],
    "timestamp": "none",
    "transport": "tcp",
    "user": "NT AUTHORITY\\SYSTEM",
    "vendor_product": "Microsoft Sysmon",
    "_bkt": "botsv1~59~25FE58F7-C438-478E-AC42-625F7A4D81D6",
    "_cd": "59:630081462",
    "_eventtype_color": "none",
    "_indextime": "1473361347",
    "_raw": "<Event xmlns='http://schemas.microsoft.com/win/2004/08/events/event'><System><Provider Name='Microsoft-Windows-Sysmon' Guid='{5770385F-C22A-43E0-BF4C-06F5698FFBD9}'/><EventID>3</EventID><Version>5</Version><Level>4</Level><Task>3</Task><Opcode>0</Opcode><Keywords>0x8000000000000000</Keywords><TimeCreated SystemTime='2016-08-28T23:58:45.086600500Z'/><EventRecordID>313651</EventRecordID><Correlation/><Execution ProcessID='2572' ThreadID='3796'/><Channel>Microsoft-Windows-Sysmon/Operational</Channel><Computer>we4911srv.waynecorpinc.local</Computer><Security UserID='S-1-5-18'/></System><EventData><Data Name='UtcTime'>2016-08-28 23:58:45.709</Data><Data Name='ProcessGuid'>{46C72849-5ADF-57A9-0000-0010EB030000}</Data><Data Name='ProcessId'>4</Data><Data Name='Image'>System</Data><Data Name='User'>NT AUTHORITY\\SYSTEM</Data><Data Name='Protocol'>tcp</Data><Data Name='Initiated'>false</Data><Data Name='SourceIsIpv6'>false</Data><Data Name='SourceIp'>192.168.250.20</Data><Data Name='SourceHostname'>we4911srv.waynecorpinc.local</Data><Data Name='SourcePort'>445</Data><Data Name='SourcePortName'>microsoft-ds</Data><Data Name='DestinationIsIpv6'>false</Data><Data Name='DestinationIp'>192.168.250.70</Data><Data Name='DestinationHostname'></Data><Data Name='DestinationPort'>62906</Data><Data Name='DestinationPortName'></Data></EventData></Event>\n",
    "_serial": "5",
    "_si": [
      "kraken.local",
      "botsv1"
    ],
    "_sourcetype": "XmlWinEventLog:Microsoft-Windows-Sysmon/Operational",
    "_time": "2016-08-28 17:58:45.000 MDT"
  },
  {
    "Computer": "we1662srv.waynecorpinc.local",
    "DestinationHostname": "a23-212-26-146.deploy.static.akamaitechnologies.com",
    "DestinationIp": "23.212.26.146",
    "DestinationIsIpv6": "false",
    "DestinationPort": "443",
    "DestinationPortName": "https",
    "EventChannel": "Microsoft-Windows-Sysmon/Operational",
    "EventCode": "3",
    "EventDescription": "Network Connect",
    "Image": "C:\\Windows\\System32\\svchost.exe",
    "Initiated": "true",
    "Keywords": "0x8000000000000000",
    "Level": "4",
    "Opcode": "0",
    "ProcessGuid": "{C1B8F7DD-B08A-57AA-0000-0010CAEB0000}",
    "ProcessId": "952",
    "Protocol": "tcp",
    "RecordID": "371368",
    "SecurityID": "S-1-5-18",
    "SourceHostname": "we1662srv.waynecorpinc.local",
    "SourceIp": "192.168.250.100",
    "SourceIsIpv6": "false",
    "SourcePort": "51918",
    "Task": "3",
    "TimeCreated": "2016-08-28T23:58:40.285798900Z",
    "User": "NT AUTHORITY\\SYSTEM",
    "UtcTime": "2016-08-28 23:58:40.560",
    "Version": "5",
    "action": "allowed",
    "app": "C:\\Windows\\System32\\svchost.exe",
    "dest": "a23-212-26-146.deploy.static.akamaitechnologies.com",
    "dest_host": "a23-212-26-146.deploy.static.akamaitechnologies.com",
    "dest_ip": "23.212.26.146",
    "dest_port": "443",
    "direction": "outbound",
    "dvc": "we1662srv.waynecorpinc.local",
    "dvc_nt_host": "we1662srv",
    "eventtype": [
      "ms-sysmon-network",
      "wineventlog_windows"
    ],
    "host": "we1662srv",
    "index": "botsv1",
    "linecount": "2",
    "process": "svchost.exe",
    "process_id": "952",
    "protocol": "https",
    "punct": "<_='://../////'><><_='--'_='{----}'/><></><></><><",
    "session_id": "{C1B8F7DD-B08A-57AA-0000-0010CAEB0000}",
    "signature": "Network Connect",
    "signature_id": "3",
    "source": "WinEventLog:Microsoft-Windows-Sysmon/Operational",
    "sourcetype": "XmlWinEventLog:Microsoft-Windows-Sysmon/Operational",
    "splunk_server": "kraken.local",
    "src": "we1662srv.waynecorpinc.local",
    "src_host": "we1662srv.waynecorpinc.local",
    "src_ip": "192.168.250.100",
    "src_port": "51918",
    "tag": [
      "communicate",
      "network",
      "os",
      "windows"
    ],
    "tag::eventtype": [
      "communicate",
      "network",
      "os",
      "windows"
    ],
    "timestamp": "none",
    "transport": "tcp",
    "user": "NT AUTHORITY\\SYSTEM",
    "vendor_product": "Microsoft Sysmon",
    "_bkt": "botsv1~59~25FE58F7-C438-478E-AC42-625F7A4D81D6",
    "_cd": "59:486542655",
    "_eventtype_color": "none",
    "_indextime": "1473359099",
    "_raw": "<Event xmlns='http://schemas.microsoft.com/win/2004/08/events/event'><System><Provider Name='Microsoft-Windows-Sysmon' Guid='{5770385F-C22A-43E0-BF4C-06F5698FFBD9}'/><EventID>3</EventID><Version>5</Version><Level>4</Level><Task>3</Task><Opcode>0</Opcode><Keywords>0x8000000000000000</Keywords><TimeCreated SystemTime='2016-08-28T23:58:40.285798900Z'/><EventRecordID>371368</EventRecordID><Correlation/><Execution ProcessID='1200' ThreadID='2560'/><Channel>Microsoft-Windows-Sysmon/Operational</Channel><Computer>we1662srv.waynecorpinc.local</Computer><Security UserID='S-1-5-18'/></System><EventData><Data Name='UtcTime'>2016-08-28 23:58:40.560</Data><Data Name='ProcessGuid'>{C1B8F7DD-B08A-57AA-0000-0010CAEB0000}</Data><Data Name='ProcessId'>952</Data><Data Name='Image'>C:\\Windows\\System32\\svchost.exe</Data><Data Name='User'>NT AUTHORITY\\SYSTEM</Data><Data Name='Protocol'>tcp</Data><Data Name='Initiated'>true</Data><Data Name='SourceIsIpv6'>false</Data><Data Name='SourceIp'>192.168.250.100</Data><Data Name='SourceHostname'>we1662srv.waynecorpinc.local</Data><Data Name='SourcePort'>51918</Data><Data Name='SourcePortName'></Data><Data Name='DestinationIsIpv6'>false</Data><Data Name='DestinationIp'>23.212.26.146</Data><Data Name='DestinationHostname'>a23-212-26-146.deploy.static.akamaitechnologies.com</Data><Data Name='DestinationPort'>443</Data><Data Name='DestinationPortName'>https</Data></EventData></Event>\n",
    "_serial": "6",
    "_si": [
      "kraken.local",
      "botsv1"
    ],
    "_sourcetype": "XmlWinEventLog:Microsoft-Windows-Sysmon/Operational",
    "_time": "2016-08-28 17:58:40.000 MDT"
  },
  {
    "Computer": "we1494srv.waynecorpinc.local",
    "DestinationHostname": "we1494srv.waynecorpinc.local",
    "DestinationIp": "127.0.0.1",
    "DestinationIsIpv6": "false",
    "DestinationPort": "53967",
    "EventChannel": "Microsoft-Windows-Sysmon/Operational",
    "EventCode": "3",
    "EventDescription": "Network Connect",
    "Image": "C:\\Program Files (x86)\\Common Files\\Acronis\\Infrastructure\\mms_mini.exe",
    "Initiated": "false",
    "Keywords": "0x8000000000000000",
    "Level": "4",
    "Opcode": "0",
    "ProcessGuid": "{C1B8F7DD-B08D-57AA-0000-0010F6CB0100}",
    "ProcessId": "1992",
    "Protocol": "tcp",
    "RecordID": "540436",
    "SecurityID": "S-1-5-18",
    "SourceHostname": "we1494srv.waynecorpinc.local",
    "SourceIp": "127.0.0.1",
    "SourceIsIpv6": "false",
    "SourcePort": "5905",
    "Task": "3",
    "TimeCreated": "2016-08-28T23:58:39.897807800Z",
    "User": "NT AUTHORITY\\SYSTEM",
    "UtcTime": "2016-08-28 23:58:39.335",
    "Version": "5",
    "action": "allowed",
    "app": "C:\\Program Files (x86)\\Common Files\\Acronis\\Infrastructure\\mms_mini.exe",
    "dest": "we1494srv.waynecorpinc.local",
    "dest_host": "we1494srv.waynecorpinc.local",
    "dest_ip": "127.0.0.1",
    "dest_port": "53967",
    "direction": "inbound",
    "dvc": "we1494srv.waynecorpinc.local",
    "dvc_nt_host": "we1494srv",
    "eventtype": [
      "ms-sysmon-network",
      "wineventlog_windows"
    ],
    "host": "we1494srv",
    "index": "botsv1",
    "linecount": "2",
    "process": "mms_mini.exe",
    "process_id": "1992",
    "punct": "<_='://../////'><><_='--'_='{----}'/><></><></><><",
    "session_id": "{C1B8F7DD-B08D-57AA-0000-0010F6CB0100}",
    "signature": "Network Connect",
    "signature_id": "3",
    "source": "WinEventLog:Microsoft-Windows-Sysmon/Operational",
    "sourcetype": "XmlWinEventLog:Microsoft-Windows-Sysmon/Operational",
    "splunk_server": "kraken.local",
    "src": "we1494srv.waynecorpinc.local",
    "src_host": "we1494srv.waynecorpinc.local",
    "src_ip": "127.0.0.1",
    "src_port": "5905",
    "tag": [
      "communicate",
      "network",
      "os",
      "windows"
    ],
    "tag::eventtype": [
      "communicate",
      "network",
      "os",
      "windows"
    ],
    "timestamp": "none",
    "transport": "tcp",
    "user": "NT AUTHORITY\\SYSTEM",
    "vendor_product": "Microsoft Sysmon",
    "_bkt": "botsv1~59~25FE58F7-C438-478E-AC42-625F7A4D81D6",
    "_cd": "59:257425426",
    "_eventtype_color": "none",
    "_indextime": "1473355513",
    "_raw": "<Event xmlns='http://schemas.microsoft.com/win/2004/08/events/event'><System><Provider Name='Microsoft-Windows-Sysmon' Guid='{5770385F-C22A-43E0-BF4C-06F5698FFBD9}'/><EventID>3</EventID><Version>5</Version><Level>4</Level><Task>3</Task><Opcode>0</Opcode><Keywords>0x8000000000000000</Keywords><TimeCreated SystemTime='2016-08-28T23:58:39.897807800Z'/><EventRecordID>540436</EventRecordID><Correlation/><Execution ProcessID='1200' ThreadID='2560'/><Channel>Microsoft-Windows-Sysmon/Operational</Channel><Computer>we1494srv.waynecorpinc.local</Computer><Security UserID='S-1-5-18'/></System><EventData><Data Name='UtcTime'>2016-08-28 23:58:39.335</Data><Data Name='ProcessGuid'>{C1B8F7DD-B08D-57AA-0000-0010F6CB0100}</Data><Data Name='ProcessId'>1992</Data><Data Name='Image'>C:\\Program Files (x86)\\Common Files\\Acronis\\Infrastructure\\mms_mini.exe</Data><Data Name='User'>NT AUTHORITY\\SYSTEM</Data><Data Name='Protocol'>tcp</Data><Data Name='Initiated'>false</Data><Data Name='SourceIsIpv6'>false</Data><Data Name='SourceIp'>127.0.0.1</Data><Data Name='SourceHostname'>we1494srv.waynecorpinc.local</Data><Data Name='SourcePort'>5905</Data><Data Name='SourcePortName'></Data><Data Name='DestinationIsIpv6'>false</Data><Data Name='DestinationIp'>127.0.0.1</Data><Data Name='DestinationHostname'>we1494srv.waynecorpinc.local</Data><Data Name='DestinationPort'>53967</Data><Data Name='DestinationPortName'></Data></EventData></Event>\n",
    "_serial": "7",
    "_si": [
      "kraken.local",
      "botsv1"
    ],
    "_sourcetype": "XmlWinEventLog:Microsoft-Windows-Sysmon/Operational",
    "_time": "2016-08-28 17:58:39.000 MDT"
  },
  {
    "Computer": "we9825srv.waynecorpinc.local",
    "DestinationHostname": "we9825srv.waynecorpinc.local",
    "DestinationIp": "192.168.250.20",
    "DestinationIsIpv6": "false",
    "DestinationPort": "49280",
    "EventChannel": "Microsoft-Windows-Sysmon/Operational",
    "EventCode": "3",
    "EventDescription": "Network Connect",
    "Image": "C:\\Windows\\System32\\dns.exe",
    "Initiated": "false",
    "Keywords": "0x8000000000000000",
    "Level": "4",
    "Opcode": "0",
    "ProcessGuid": "{46C72849-5AFF-57A9-0000-00100E7C0100}",
    "ProcessId": "1320",
    "Protocol": "udp",
    "RecordID": "373027",
    "SecurityID": "S-1-5-18",
    "SourceHostname": "we9825srv.waynecorpinc.local",
    "SourceIp": "192.168.250.20",
    "SourceIsIpv6": "false",
    "SourcePort": "53",
    "SourcePortName": "domain",
    "Task": "3",
    "TimeCreated": "2016-08-28T23:58:36.400768700Z",
    "User": "NT AUTHORITY\\SYSTEM",
    "UtcTime": "2016-08-28 23:58:36.506",
    "Version": "5",
    "action": "allowed",
    "app": "C:\\Windows\\System32\\dns.exe",
    "dest": "we9825srv.waynecorpinc.local",
    "dest_host": "we9825srv.waynecorpinc.local",
    "dest_ip": "192.168.250.20",
    "dest_port": "49280",
    "direction": "inbound",
    "dvc": "we9825srv.waynecorpinc.local",
    "dvc_nt_host": "we9825srv",
    "eventtype": [
      "ms-sysmon-network",
      "wineventlog_windows"
    ],
    "host": "we9825srv",
    "index": "botsv1",
    "linecount": "2",
    "process": "dns.exe",
    "process_id": "1320",
    "protocol": "domain",
    "punct": "<_='://../////'><><_='--'_='{----}'/><></><></><><",
    "session_id": "{46C72849-5AFF-57A9-0000-00100E7C0100}",
    "signature": "Network Connect",
    "signature_id": "3",
    "source": "WinEventLog:Microsoft-Windows-Sysmon/Operational",
    "sourcetype": "XmlWinEventLog:Microsoft-Windows-Sysmon/Operational",
    "splunk_server": "kraken.local",
    "src": "we9825srv.waynecorpinc.local",
    "src_host": "we9825srv.waynecorpinc.local",
    "src_ip": "192.168.250.20",
    "src_port": "53",
    "tag": [
      "communicate",
      "network",
      "os",
      "windows"
    ],
    "tag::eventtype": [
      "communicate",
      "network",
      "os",
      "windows"
    ],
    "timestamp": "none",
    "transport": "udp",
    "user": "NT AUTHORITY\\SYSTEM",
    "vendor_product": "Microsoft Sysmon",
    "_bkt": "botsv1~59~25FE58F7-C438-478E-AC42-625F7A4D81D6",
    "_cd": "59:361028110",
    "_eventtype_color": "none",
    "_indextime": "1473357132",
    "_raw": "<Event xmlns='http://schemas.microsoft.com/win/2004/08/events/event'><System><Provider Name='Microsoft-Windows-Sysmon' Guid='{5770385F-C22A-43E0-BF4C-06F5698FFBD9}'/><EventID>3</EventID><Version>5</Version><Level>4</Level><Task>3</Task><Opcode>0</Opcode><Keywords>0x8000000000000000</Keywords><TimeCreated SystemTime='2016-08-28T23:58:36.400768700Z'/><EventRecordID>373027</EventRecordID><Correlation/><Execution ProcessID='2572' ThreadID='3796'/><Channel>Microsoft-Windows-Sysmon/Operational</Channel><Computer>we9825srv.waynecorpinc.local</Computer><Security UserID='S-1-5-18'/></System><EventData><Data Name='UtcTime'>2016-08-28 23:58:36.506</Data><Data Name='ProcessGuid'>{46C72849-5AFF-57A9-0000-00100E7C0100}</Data><Data Name='ProcessId'>1320</Data><Data Name='Image'>C:\\Windows\\System32\\dns.exe</Data><Data Name='User'>NT AUTHORITY\\SYSTEM</Data><Data Name='Protocol'>udp</Data><Data Name='Initiated'>false</Data><Data Name='SourceIsIpv6'>false</Data><Data Name='SourceIp'>192.168.250.20</Data><Data Name='SourceHostname'>we9825srv.waynecorpinc.local</Data><Data Name='SourcePort'>53</Data><Data Name='SourcePortName'>domain</Data><Data Name='DestinationIsIpv6'>false</Data><Data Name='DestinationIp'>192.168.250.20</Data><Data Name='DestinationHostname'>we9825srv.waynecorpinc.local</Data><Data Name='DestinationPort'>49280</Data><Data Name='DestinationPortName'></Data></EventData></Event>\n",
    "_serial": "8",
    "_si": [
      "kraken.local",
      "botsv1"
    ],
    "_sourcetype": "XmlWinEventLog:Microsoft-Windows-Sysmon/Operational",
    "_time": "2016-08-28 17:58:36.000 MDT"
  },
  {
    "Computer": "we4494srv.waynecorpinc.local",
    "DestinationIp": "192.168.250.70",
    "DestinationIsIpv6": "false",
    "DestinationPort": "55187",
    "EventChannel": "Microsoft-Windows-Sysmon/Operational",
    "EventCode": "3",
    "EventDescription": "Network Connect",
    "Image": "C:\\Windows\\System32\\dns.exe",
    "Initiated": "false",
    "Keywords": "0x8000000000000000",
    "Level": "4",
    "Opcode": "0",
    "ProcessGuid": "{46C72849-5AFF-57A9-0000-00100E7C0100}",
    "ProcessId": "1320",
    "Protocol": "udp",
    "RecordID": "288607",
    "SecurityID": "S-1-5-18",
    "SourceHostname": "we4494srv.waynecorpinc.local",
    "SourceIp": "192.168.250.20",
    "SourceIsIpv6": "false",
    "SourcePort": "53",
    "SourcePortName": "domain",
    "Task": "3",
    "TimeCreated": "2016-08-28T23:58:35.412204700Z",
    "User": "NT AUTHORITY\\SYSTEM",
    "UtcTime": "2016-08-28 23:58:35.698",
    "Version": "5",
    "action": "allowed",
    "app": "C:\\Windows\\System32\\dns.exe",
    "dest": "192.168.250.70",
    "dest_ip": "192.168.250.70",
    "dest_port": "55187",
    "direction": "inbound",
    "dvc": "we4494srv.waynecorpinc.local",
    "dvc_nt_host": "we4494srv",
    "eventtype": [
      "ms-sysmon-network",
      "wineventlog_windows"
    ],
    "host": "we4494srv",
    "index": "botsv1",
    "linecount": "2",
    "process": "dns.exe",
    "process_id": "1320",
    "protocol": "domain",
    "punct": "<_='://../////'><><_='--'_='{----}'/><></><></><><",
    "session_id": "{46C72849-5AFF-57A9-0000-00100E7C0100}",
    "signature": "Network Connect",
    "signature_id": "3",
    "source": "WinEventLog:Microsoft-Windows-Sysmon/Operational",
    "sourcetype": "XmlWinEventLog:Microsoft-Windows-Sysmon/Operational",
    "splunk_server": "kraken.local",
    "src": "we4494srv.waynecorpinc.local",
    "src_host": "we4494srv.waynecorpinc.local",
    "src_ip": "192.168.250.20",
    "src_port": "53",
    "tag": [
      "communicate",
      "network",
      "os",
      "windows"
    ],
    "tag::eventtype": [
      "communicate",
      "network",
      "os",
      "windows"
    ],
    "timestamp": "none",
    "transport": "udp",
    "user": "NT AUTHORITY\\SYSTEM",
    "vendor_product": "Microsoft Sysmon",
    "_bkt": "botsv1~59~25FE58F7-C438-478E-AC42-625F7A4D81D6",
    "_cd": "59:597688684",
    "_eventtype_color": "none",
    "_indextime": "1473360838",
    "_raw": "<Event xmlns='http://schemas.microsoft.com/win/2004/08/events/event'><System><Provider Name='Microsoft-Windows-Sysmon' Guid='{5770385F-C22A-43E0-BF4C-06F5698FFBD9}'/><EventID>3</EventID><Version>5</Version><Level>4</Level><Task>3</Task><Opcode>0</Opcode><Keywords>0x8000000000000000</Keywords><TimeCreated SystemTime='2016-08-28T23:58:35.412204700Z'/><EventRecordID>288607</EventRecordID><Correlation/><Execution ProcessID='2572' ThreadID='3796'/><Channel>Microsoft-Windows-Sysmon/Operational</Channel><Computer>we4494srv.waynecorpinc.local</Computer><Security UserID='S-1-5-18'/></System><EventData><Data Name='UtcTime'>2016-08-28 23:58:35.698</Data><Data Name='ProcessGuid'>{46C72849-5AFF-57A9-0000-00100E7C0100}</Data><Data Name='ProcessId'>1320</Data><Data Name='Image'>C:\\Windows\\System32\\dns.exe</Data><Data Name='User'>NT AUTHORITY\\SYSTEM</Data><Data Name='Protocol'>udp</Data><Data Name='Initiated'>false</Data><Data Name='SourceIsIpv6'>false</Data><Data Name='SourceIp'>192.168.250.20</Data><Data Name='SourceHostname'>we4494srv.waynecorpinc.local</Data><Data Name='SourcePort'>53</Data><Data Name='SourcePortName'>domain</Data><Data Name='DestinationIsIpv6'>false</Data><Data Name='DestinationIp'>192.168.250.70</Data><Data Name='DestinationHostname'></Data><Data Name='DestinationPort'>55187</Data><Data Name='DestinationPortName'></Data></EventData></Event>\n",
    "_serial": "9",
    "_si": [
      "kraken.local",
      "botsv1"
    ],
    "_sourcetype": "XmlWinEventLog:Microsoft-Windows-Sysmon/Operational",
    "_time": "2016-08-28 17:58:35.000 MDT"
  },
  {
    "Computer": "we4189srv.waynecorpinc.local",
    "DestinationIp": "192.168.250.1",
    "DestinationIsIpv6": "false",
    "DestinationPort": "123",
    "DestinationPortName": "ntp",
    "EventChannel": "Microsoft-Windows-Sysmon/Operational",
    "EventCode": "3",
    "EventDescription": "Network Connect",
    "Image": "C:\\Windows\\System32\\svchost.exe",
    "Initiated": "true",
    "Keywords": "0x8000000000000000",
    "Level": "4",
    "Opcode": "0",
    "ProcessGuid": "{46C72849-5AEE-57A9-0000-0010F7E70000}",
    "ProcessId": "848",
    "Protocol": "udp",
    "RecordID": "207269",
    "SecurityID": "S-1-5-18",
    "SourceHostname": "we4189srv.waynecorpinc.local",
    "SourceIp": "192.168.250.20",
    "SourceIsIpv6": "false",
    "SourcePort": "123",
    "SourcePortName": "ntp",
    "Task": "3",
    "TimeCreated": "2016-08-28T23:58:31.398434200Z",
    "User": "NT AUTHORITY\\LOCAL SERVICE",
    "UtcTime": "2016-08-28 23:58:31.926",
    "Version": "5",
    "action": "allowed",
    "app": "C:\\Windows\\System32\\svchost.exe",
    "dest": "192.168.250.1",
    "dest_ip": "192.168.250.1",
    "dest_port": "123",
    "direction": "outbound",
    "dvc": "we4189srv.waynecorpinc.local",
    "dvc_nt_host": "we4189srv",
    "eventtype": [
      "ms-sysmon-network",
      "wineventlog_windows"
    ],
    "host": "we4189srv",
    "index": "botsv1",
    "linecount": "2",
    "process": "svchost.exe",
    "process_id": "848",
    "protocol": "ntp",
    "punct": "<_='://../////'><><_='--'_='{----}'/><></><></><><",
    "session_id": "{46C72849-5AEE-57A9-0000-0010F7E70000}",
    "signature": "Network Connect",
    "signature_id": "3",
    "source": "WinEventLog:Microsoft-Windows-Sysmon/Operational",
    "sourcetype": "XmlWinEventLog:Microsoft-Windows-Sysmon/Operational",
    "splunk_server": "kraken.local",
    "src": "we4189srv.waynecorpinc.local",
    "src_host": "we4189srv.waynecorpinc.local",
    "src_ip": "192.168.250.20",
    "src_port": "123",
    "tag": [
      "communicate",
      "network",
      "os",
      "windows"
    ],
    "tag::eventtype": [
      "communicate",
      "network",
      "os",
      "windows"
    ],
    "timestamp": "none",
    "transport": "udp",
    "user": "NT AUTHORITY\\LOCAL SERVICE",
    "vendor_product": "Microsoft Sysmon",
    "_bkt": "botsv1~59~25FE58F7-C438-478E-AC42-625F7A4D81D6",
    "_cd": "59:759793269",
    "_eventtype_color": "none",
    "_indextime": "1473363368",
    "_raw": "<Event xmlns='http://schemas.microsoft.com/win/2004/08/events/event'><System><Provider Name='Microsoft-Windows-Sysmon' Guid='{5770385F-C22A-43E0-BF4C-06F5698FFBD9}'/><EventID>3</EventID><Version>5</Version><Level>4</Level><Task>3</Task><Opcode>0</Opcode><Keywords>0x8000000000000000</Keywords><TimeCreated SystemTime='2016-08-28T23:58:31.398434200Z'/><EventRecordID>207269</EventRecordID><Correlation/><Execution ProcessID='2572' ThreadID='3796'/><Channel>Microsoft-Windows-Sysmon/Operational</Channel><Computer>we4189srv.waynecorpinc.local</Computer><Security UserID='S-1-5-18'/></System><EventData><Data Name='UtcTime'>2016-08-28 23:58:31.926</Data><Data Name='ProcessGuid'>{46C72849-5AEE-57A9-0000-0010F7E70000}</Data><Data Name='ProcessId'>848</Data><Data Name='Image'>C:\\Windows\\System32\\svchost.exe</Data><Data Name='User'>NT AUTHORITY\\LOCAL SERVICE</Data><Data Name='Protocol'>udp</Data><Data Name='Initiated'>true</Data><Data Name='SourceIsIpv6'>false</Data><Data Name='SourceIp'>192.168.250.20</Data><Data Name='SourceHostname'>we4189srv.waynecorpinc.local</Data><Data Name='SourcePort'>123</Data><Data Name='SourcePortName'>ntp</Data><Data Name='DestinationIsIpv6'>false</Data><Data Name='DestinationIp'>192.168.250.1</Data><Data Name='DestinationHostname'></Data><Data Name='DestinationPort'>123</Data><Data Name='DestinationPortName'>ntp</Data></EventData></Event>\n",
    "_serial": "10",
    "_si": [
      "kraken.local",
      "botsv1"
    ],
    "_sourcetype": "XmlWinEventLog:Microsoft-Windows-Sysmon/Operational",
    "_time": "2016-08-28 17:58:31.000 MDT"
  },
  {
    "Computer": "we4716srv.waynecorpinc.local",
    "DestinationIp": "192.168.250.100",
    "DestinationIsIpv6": "false",
    "DestinationPort": "51369",
    "EventChannel": "Microsoft-Windows-Sysmon/Operational",
    "EventCode": "3",
    "EventDescription": "Network Connect",
    "Image": "C:\\Windows\\System32\\svchost.exe",
    "Initiated": "false",
    "Keywords": "0x8000000000000000",
    "Level": "4",
    "Opcode": "0",
    "ProcessGuid": "{46C72849-5AEF-57A9-0000-001003F90000}",
    "ProcessId": "944",
    "Protocol": "udp",
    "RecordID": "209470",
    "SecurityID": "S-1-5-18",
    "SourceIp": "224.0.0.252",
    "SourceIsIpv6": "false",
    "SourcePort": "5355",
    "SourcePortName": "llmnr",
    "Task": "3",
    "TimeCreated": "2016-08-28T23:58:23.870356500Z",
    "User": "NT AUTHORITY\\NETWORK SERVICE",
    "UtcTime": "2016-08-28 23:58:23.625",
    "Version": "5",
    "action": "allowed",
    "app": "C:\\Windows\\System32\\svchost.exe",
    "dest": "192.168.250.100",
    "dest_ip": "192.168.250.100",
    "dest_port": "51369",
    "direction": "inbound",
    "dvc": "we4716srv.waynecorpinc.local",
    "dvc_nt_host": "we4716srv",
    "eventtype": [
      "ms-sysmon-network",
      "wineventlog_windows"
    ],
    "host": "we4716srv",
    "index": "botsv1",
    "linecount": "2",
    "process": "svchost.exe",
    "process_id": "944",
    "protocol": "llmnr",
    "punct": "<_='://../////'><><_='--'_='{----}'/><></><></><><",
    "session_id": "{46C72849-5AEF-57A9-0000-001003F90000}",
    "signature": "Network Connect",
    "signature_id": "3",
    "source": "WinEventLog:Microsoft-Windows-Sysmon/Operational",
    "sourcetype": "XmlWinEventLog:Microsoft-Windows-Sysmon/Operational",
    "splunk_server": "kraken.local",
    "src": "224.0.0.252",
    "src_ip": "224.0.0.252",
    "src_port": "5355",
    "tag": [
      "communicate",
      "network",
      "os",
      "windows"
    ],
    "tag::eventtype": [
      "communicate",
      "network",
      "os",
      "windows"
    ],
    "timestamp": "none",
    "transport": "udp",
    "user": "NT AUTHORITY\\NETWORK SERVICE",
    "vendor_product": "Microsoft Sysmon",
    "_bkt": "botsv1~59~25FE58F7-C438-478E-AC42-625F7A4D81D6",
    "_cd": "59:792290915",
    "_eventtype_color": "none",
    "_indextime": "1473363894",
    "_raw": "<Event xmlns='http://schemas.microsoft.com/win/2004/08/events/event'><System><Provider Name='Microsoft-Windows-Sysmon' Guid='{5770385F-C22A-43E0-BF4C-06F5698FFBD9}'/><EventID>3</EventID><Version>5</Version><Level>4</Level><Task>3</Task><Opcode>0</Opcode><Keywords>0x8000000000000000</Keywords><TimeCreated SystemTime='2016-08-28T23:58:23.870356500Z'/><EventRecordID>209470</EventRecordID><Correlation/><Execution ProcessID='2572' ThreadID='3796'/><Channel>Microsoft-Windows-Sysmon/Operational</Channel><Computer>we4716srv.waynecorpinc.local</Computer><Security UserID='S-1-5-18'/></System><EventData><Data Name='UtcTime'>2016-08-28 23:58:23.625</Data><Data Name='ProcessGuid'>{46C72849-5AEF-57A9-0000-001003F90000}</Data><Data Name='ProcessId'>944</Data><Data Name='Image'>C:\\Windows\\System32\\svchost.exe</Data><Data Name='User'>NT AUTHORITY\\NETWORK SERVICE</Data><Data Name='Protocol'>udp</Data><Data Name='Initiated'>false</Data><Data Name='SourceIsIpv6'>false</Data><Data Name='SourceIp'>224.0.0.252</Data><Data Name='SourceHostname'></Data><Data Name='SourcePort'>5355</Data><Data Name='SourcePortName'>llmnr</Data><Data Name='DestinationIsIpv6'>false</Data><Data Name='DestinationIp'>192.168.250.100</Data><Data Name='DestinationHostname'></Data><Data Name='DestinationPort'>51369</Data><Data Name='DestinationPortName'></Data></EventData></Event>\n",
    "_serial": "11",
    "_si": [
      "kraken.local",
      "botsv1"
    ],
    "_sourcetype": "XmlWinEventLog:Microsoft-Windows-Sysmon/Operational",
    "_time": "2016-08-28 17:58:23.000 MDT"
  },
