    "_raw": "08/28/2016 23:59:00 PM\nLogName=Security\nSourceName=Microsoft Windows security auditing.\nEventCode=4689\nEventType=0\nType=Information\nComputerName=we5214srv.waynecorpinc.local\nTaskCategory=Process Termination\nOpCode=Info\nRecordNumber=514820\nKeywords=Audit Success\nMessage=A process has exited.\n\nSubject:\n\tSecurity ID:\t\tNT AUTHORITY\\SYSTEM\n\tAccount Name:\t\twe5214srv$\n\tAccount Domain:\t\tWAYNECORPINC\n\tLogon ID:\t\t0x3E7\n\nProcess Information:\n\tProcess ID:\t0x101c\n\tProcess Name:\tC:\\Program Files\\SplunkUniversalForwarder\\bin\\splunk-admon.exe\n\tExit Status:\t0x1\n",
    "_serial": "9",
    "_si": [
      "kraken.local",
      "botsv1"
    ],
    "_sourcetype": "WinEventLog:Security",
    "_time": "2016-08-28 17:59:00.000 MDT"
  },
  {
    "Account_Domain": "WAYNECORPINC",
    "Account_Name": "we8181srv$",
    "ComputerName": "we8181srv.waynecorpinc.local",
    "Creator_Process_ID": "0xddc",
    "EventCode": "4688",
    "EventType": "0",
    "Keywords": "Audit Success",
    "LogName": "Security",
    "Logon_ID": "0x3E7",
    "Message": "A new process has been created.\n\nSubject:\n\tSecurity ID:\t\tNT AUTHORITY\\SYSTEM\n\tAccount Name:\t\twe8181srv$\n\tAccount Domain:\t\tWAYNECORPINC\n\tLogon ID:\t\t0x3E7\n\nProcess Information:\n\tNew Process ID:\t\t0x45c\n\tNew Process Name:\tC:\\Program Files\\SplunkUniversalForwarder\\bin\\splunk-powershell.exe\n\tToken Elevation Type:\tTokenElevationTypeDefault (1)\n\tCreator Process ID:\t0xddc\n\tProcess Command Line:\t\"C:\\Program Files\\SplunkUniversalForwarder\\bin\\splunk-powershell.exe\"\n\nToken Elevation Type indicates the type of token that was assigned to the new process in accordance with User Account Control policy.\n\nType 1 is a full token with no privileges removed or groups disabled.  A full token is only used if User Account Control is disabled or if the user is the built-in Administrator account or a service account.\n\nType 2 is an elevated token with no privileges removed or groups disabled.  An elevated token is used when User Account Control is enabled and the user chooses to start the program using Run as administrator.  An elevated token is also used when an application is configured to always require administrative privilege or to always require maximum privilege, and the user is a member of the Administrators group.\n\nType 3 is a limited token with administrative privileges removed and administrative groups disabled.  The limited token is used when User Account Control is enabled, the application does not require administrative privilege, and the user does not choose to start the program using Run as administrator.",
    "New_Process_ID": "0x45c",
    "New_Process_Name": "C:\\Program Files\\SplunkUniversalForwarder\\bin\\splunk-powershell.exe",
    "OpCode": "Info",
    "Process_Command_Line": "\"C:\\Program Files\\SplunkUniversalForwarder\\bin\\splunk-powershell.exe\"",
    "RecordNumber": "18492",
    "Security_ID": "NT AUTHORITY\\SYSTEM",
    "SourceName": "Microsoft Windows security auditing.",
    "TaskCategory": "Process Creation",
    "Token_Elevation_Type": "TokenElevationTypeDefault (1)",
    "Token_Elevation_Type_id": "1",
    "Type": "Information",
    "action": "success",
    "app": "win:unknown",
    "body": "A new process has been created.\n\nSubject:\n\tSecurity ID:\t\tNT AUTHORITY\\SYSTEM\n\tAccount Name:\t\twe8181srv$\n\tAccount Domain:\t\tWAYNECORPINC\n\tLogon ID:\t\t0x3E7\n\nProcess Information:\n\tNew Process ID:\t\t0x45c\n\tNew Process Name:\tC:\\Program Files\\SplunkUniversalForwarder\\bin\\splunk-powershell.exe\n\tToken Elevation Type:\tTokenElevationTypeDefault (1)\n\tCreator Process ID:\t0xddc\n\tProcess Command Line:\t\"C:\\Program Files\\SplunkUniversalForwarder\\bin\\splunk-powershell.exe\"\n\nToken Elevation Type indicates the type of token that was assigned to the new process in accordance with User Account Control policy.\n\nType 1 is a full token with no privileges removed or groups disabled.  A full token is only used if User Account Control is disabled or if the user is the built-in Administrator account or a service account.\n\nType 2 is an elevated token with no privileges removed or groups disabled.  An elevated token is used when User Account Control is enabled and the user chooses to start the program using Run as administrator.  An elevated token is also used when an application is configured to always require administrative privilege or to always require maximum privilege, and the user is a member of the Administrators group.\n\nType 3 is a limited token with administrative privileges removed and administrative groups disabled.  The limited token is used when User Account Control is enabled, the application does not require administrative privilege, and the user does not choose to start the program using Run as administrator.",
    "date_hour": "23",
    "date_mday": "28",
    "date_minute": "59",
    "date_month": "august",
    "date_second": "0",
    "date_wday": "sunday",
    "date_year": "2016",
    "date_zone": "local",
    "dest": "we8181srv.waynecorpinc.local",
    "dest_nt_domain": "WAYNECORPINC",
    "dest_nt_host": "we8181srv.waynecorpinc.local",
    "dvc": "we8181srv",
    "dvc_nt_host": "we8181srv",
    "event_id": "18492",
    "eventtype": [
      "windows_process_new",
      "wineventlog_security",
      "wineventlog_windows",
      "winsec"
    ],
    "host": "we8181srv",
    "id": "18492",
    "index": "botsv1",
    "linecount": "34",
    "member_dn": "we8181srv$",
    "member_id": "NT AUTHORITY\\SYSTEM",
    "member_nt_domain": "NT AUTHORITY\\",
    "name": "A new process has been created",
    "object": "WinEventLog:Security",
    "product": "Windows",
    "punct": "//_::_==___.====..=_===_=_____.:t_:tt_\\t_:tt$t_:tt",
    "session_id": "0x3E7",
    "severity": "Information",
    "severity_id": "0",
    "signature": "A new process has been created",
    "signature_id": "4688",
    "source": "WinEventLog:Security",
    "sourcetype": "WinEventLog:Security",
    "splunk_server": "kraken.local",
    "src": "we8181srv.waynecorpinc.local",
    "src_nt_domain": "NT AUTHORITY",
    "status": "success",
    "subject": "A new process has been created",
    "tag": [
      "execute",
      "os",
      "process",
      "security",
      "start",
      "windows"
    ],
    "tag::eventtype": [
      "execute",
      "os",
      "process",
      "security",
      "start",
      "windows"
    ],
    "timeendpos": "23",
    "timestartpos": "0",
    "user": "we8181srv$",
    "vendor": "Microsoft",
    "_bkt": "botsv1~59~25FE58F7-C438-478E-AC42-625F7A4D81D6",
    "_cd": "59:227538057",
    "_eventtype_color": "none",
    "_indextime": "1473355035",
    "_pre_msg": "08/28/2016 23:59:00 PM\nLogName=Security\nSourceName=Microsoft Windows security auditing.\nEventCode=4688\nEventType=0\nType=Information\nComputerName=we8181srv.waynecorpinc.local\nTaskCategory=Process Creation\nOpCode=Info\nRecordNumber=18492\nKeywords=Audit Success",
    "_raw": "08/28/2016 23:59:00 PM\nLogName=Security\nSourceName=Microsoft Windows security auditing.\nEventCode=4688\nEventType=0\nType=Information\nComputerName=we8181srv.waynecorpinc.local\nTaskCategory=Process Creation\nOpCode=Info\nRecordNumber=18492\nKeywords=Audit Success\nMessage=A new process has been created.\n\nSubject:\n\tSecurity ID:\t\tNT AUTHORITY\\SYSTEM\n\tAccount Name:\t\twe8181srv$\n\tAccount Domain:\t\tWAYNECORPINC\n\tLogon ID:\t\t0x3E7\n\nProcess Information:\n\tNew Process ID:\t\t0x45c\n\tNew Process Name:\tC:\\Program Files\\SplunkUniversalForwarder\\bin\\splunk-powershell.exe\n\tToken Elevation Type:\tTokenElevationTypeDefault (1)\n\tCreator Process ID:\t0xddc\n\tProcess Command Line:\t\"C:\\Program Files\\SplunkUniversalForwarder\\bin\\splunk-powershell.exe\"\n\nToken Elevation Type indicates the type of token that was assigned to the new process in accordance with User Account Control policy.\n\nType 1 is a full token with no privileges removed or groups disabled.  A full token is only used if User Account Control is disabled or if the user is the built-in Administrator account or a service account.\n\nType 2 is an elevated token with no privileges removed or groups disabled.  An elevated token is used when User Account Control is enabled and the user chooses to start the program using Run as administrator.  An elevated token is also used when an application is configured to always require administrative privilege or to always require maximum privilege, and the user is a member of the Administrators group.\n\nType 3 is a limited token with administrative privileges removed and administrative groups disabled.  The limited token is used when User Account Control is enabled, the application does not require administrative privilege, and the user does not choose to start the program using Run as administrator.\n",
    "_serial": "10",
    "_si": [
      "kraken.local",
      "botsv1"
    ],
    "_sourcetype": "WinEventLog:Security",
    "_time": "2016-08-28 17:59:00.000 MDT"
  },
  {
    "Account_Domain": "we7854srv",
    "Account_Name": "Administrator",
    "ComputerName": "we7854srv.waynecorpinc.local",
    "Desired_Access": "DELETE",
    "EventCode": "4674",
    "EventType": "0",
    "Keywords": "Audit Success",
    "LogName": "Security",
    "Logon_ID": "0x50749",
    "Message": "An operation was attempted on a privileged object.\n\nSubject:\n\tSecurity ID:\t\twe7854srv\\Administrator\n\tAccount Name:\t\tAdministrator\n\tAccount Domain:\t\twe7854srv\n\tLogon ID:\t\t0x50749\n\nObject:\n\tObject Server:\tSecurity\n\tObject Type:\tKey\n\tObject Name:\t\\REGISTRY\\MACHINE\\SOFTWARE\\Microsoft\\Windows NT\\CurrentVersion\\PERFLIB\n\tObject Handle:\t0x38c\n\nProcess Information:\n\tProcess ID:\t0xfc8\n\tProcess Name:\tC:\\Windows\\System32\\wbem\\WmiPrvSE.exe\n\nRequested Operation:\n\tDesired Access:\tDELETE\n\t\t\t\tREAD_CONTROL\n\t\t\t\tWRITE_DAC\n\t\t\t\tWRITE_OWNER\n\t\t\t\tACCESS_SYS_SEC\n\t\t\t\tQuery key value\n\t\t\t\tSet key value\n\t\t\t\tCreate sub-key\n\t\t\t\tEnumerate sub-keys\n\t\t\t\tNotify about changes to keys\n\t\t\t\tCreate Link\n\t\t\t\t\n\tPrivileges:\t\tSeSecurityPrivilege",
    "Object_Handle": "0x38c",
    "Object_Name": "\\REGISTRY\\MACHINE\\SOFTWARE\\Microsoft\\Windows NT\\CurrentVersion\\PERFLIB",
    "Object_Server": "Security",
    "Object_Type": "Key",
    "OpCode": "Info",
    "Privileges": "SeSecurityPrivilege",
    "Process_ID": "0xfc8",
    "Process_Name": "C:\\Windows\\System32\\wbem\\WmiPrvSE.exe",
    "RecordNumber": "12556",
    "Security_ID": "we7854srv\\Administrator",
    "SourceName": "Microsoft Windows security auditing.",
    "TaskCategory": "Sensitive Privilege Use",
    "Type": "Information",
    "action": "success",
    "app": "win:unknown",
    "body": "An operation was attempted on a privileged object.\n\nSubject:\n\tSecurity ID:\t\twe7854srv\\Administrator\n\tAccount Name:\t\tAdministrator\n\tAccount Domain:\t\twe7854srv\n\tLogon ID:\t\t0x50749\n\nObject:\n\tObject Server:\tSecurity\n\tObject Type:\tKey\n\tObject Name:\t\\REGISTRY\\MACHINE\\SOFTWARE\\Microsoft\\Windows NT\\CurrentVersion\\PERFLIB\n\tObject Handle:\t0x38c\n\nProcess Information:\n\tProcess ID:\t0xfc8\n\tProcess Name:\tC:\\Windows\\System32\\wbem\\WmiPrvSE.exe\n\nRequested Operation:\n\tDesired Access:\tDELETE\n\t\t\t\tREAD_CONTROL\n\t\t\t\tWRITE_DAC\n\t\t\t\tWRITE_OWNER\n\t\t\t\tACCESS_SYS_SEC\n\t\t\t\tQuery key value\n\t\t\t\tSet key value\n\t\t\t\tCreate sub-key\n\t\t\t\tEnumerate sub-keys\n\t\t\t\tNotify about changes to keys\n\t\t\t\tCreate Link\n\t\t\t\t\n\tPrivileges:\t\tSeSecurityPrivilege",
    "date_hour": "23",
    "date_mday": "28",
    "date_minute": "59",
    "date_month": "august",
    "date_second": "0",
    "date_wday": "sunday",
    "date_year": "2016",
    "date_zone": "local",
    "dest": "we7854srv.waynecorpinc.local",
    "dest_nt_domain": "we7854srv",
    "dest_nt_host": "we7854srv.waynecorpinc.local",
    "dvc": "we7854srv",
    "dvc_nt_host": "we7854srv",
    "event_id": "12556",
    "eventtype": [
      "windows_privileged_object_operation",
      "wineventlog_security",
      "wineventlog_windows",
      "winsec"
    ],
    "host": "we7854srv",
    "id": "12556",
    "index": "botsv1",
    "linecount": "44",
    "member_dn": "Administrator",
    "member_id": "we7854srv\\Administrator",
    "member_nt_domain": "we7854srv\\",
    "name": "An operation was attempted on a privileged object",
    "object": "WinEventLog:Security",
    "privilege": "Manage auditing and security log",
    "privilege_id": "SeSecurityPrivilege",
    "product": "Windows",
    "punct": "//_::_==___.====..=__===_=_______.:t_:tt\\t_:ttt_:t",
    "session_id": "0x50749",
    "severity": "Information",
    "severity_id": "0",
    "signature": "An operation was attempted on a privileged object",
    "signature_id": "4674",
    "source": "WinEventLog:Security",
    "sourcetype": "WinEventLog:Security",
    "splunk_server": "kraken.local",
    "src": "we7854srv.waynecorpinc.local",
    "src_nt_domain": "we7854srv",
    "status": "success",
    "subject": "An operation was attempted on a privileged object",
    "tag": [
      "audit",
      "execute",
      "os",
      "privileged",
      "resource",
      "security",
      "start",
      "windows"
    ],
    "tag::eventtype": [
      "execute",
      "os",
      "privileged",
      "resource",
      "security",
      "start",
      "windows"
    ],
    "tag::privilege_id": "audit",
    "timeendpos": "23",
    "timestartpos": "0",
    "user": "Administrator",
    "vendor": "Microsoft",
    "vendor_privilege": "SeSecurityPrivilege",
    "_bkt": "botsv1~59~25FE58F7-C438-478E-AC42-625F7A4D81D6",
    "_cd": "59:150206682",
    "_eventtype_color": "none",
    "_indextime": "1473353822",
    "_pre_msg": "08/28/2016 23:59:00 PM\nLogName=Security\nSourceName=Microsoft Windows security auditing.\nEventCode=4674\nEventType=0\nType=Information\nComputerName=we7854srv.waynecorpinc.local\nTaskCategory=Sensitive Privilege Use\nOpCode=Info\nRecordNumber=12556\nKeywords=Audit Success",
    "_raw": "08/28/2016 23:59:00 PM\nLogName=Security\nSourceName=Microsoft Windows security auditing.\nEventCode=4674\nEventType=0\nType=Information\nComputerName=we7854srv.waynecorpinc.local\nTaskCategory=Sensitive Privilege Use\nOpCode=Info\nRecordNumber=12556\nKeywords=Audit Success\nMessage=An operation was attempted on a privileged object.\n\nSubject:\n\tSecurity ID:\t\twe7854srv\\Administrator\n\tAccount Name:\t\tAdministrator\n\tAccount Domain:\t\twe7854srv\n\tLogon ID:\t\t0x50749\n\nObject:\n\tObject Server:\tSecurity\n\tObject Type:\tKey\n\tObject Name:\t\\REGISTRY\\MACHINE\\SOFTWARE\\Microsoft\\Windows NT\\CurrentVersion\\PERFLIB\n\tObject Handle:\t0x38c\n\nProcess Information:\n\tProcess ID:\t0xfc8\n\tProcess Name:\tC:\\Windows\\System32\\wbem\\WmiPrvSE.exe\n\nRequested Operation:\n\tDesired Access:\tDELETE\n\t\t\t\tREAD_CONTROL\n\t\t\t\tWRITE_DAC\n\t\t\t\tWRITE_OWNER\n\t\t\t\tACCESS_SYS_SEC\n\t\t\t\tQuery key value\n\t\t\t\tSet key value\n\t\t\t\tCreate sub-key\n\t\t\t\tEnumerate sub-keys\n\t\t\t\tNotify about changes to keys\n\t\t\t\tCreate Link\n\t\t\t\t\n\tPrivileges:\t\tSeSecurityPrivilege\n",
    "_serial": "11",
    "_si": [
      "kraken.local",
      "botsv1"
    ],
    "_sourcetype": "WinEventLog:Security",
    "_time": "2016-08-28 17:59:00.000 MDT"
  },
  {
    "Account_Domain": [
      "WAYNECORPINC",
      "WAYNECORPINC"
    ],
    "Account_Name": [
      "we1287srv$",
      "we1287srv$"
    ],
    "ComputerName": "we1287srv.waynecorpinc.local",
    "EventCode": "4703",
    "EventType": "0",
    "Keywords": "Audit Success",
    "LogName": "Security",
    "Logon_ID": [
      "0x3E7",
      "0x3E7"
    ],
    "Message": "A user right was adjusted.\n\nSubject:\n\tSecurity ID:\t\tNT AUTHORITY\\SYSTEM\n\tAccount Name:\t\twe1287srv$\n\tAccount Domain:\t\tWAYNECORPINC\n\tLogon ID:\t\t0x3E7\n\nTarget Account:\n\tSecurity ID:\t\tNT AUTHORITY\\SYSTEM\n\tAccount Name:\t\twe1287srv$\n\tAccount Domain:\t\tWAYNECORPINC\n\tLogon ID:\t\t0x3E7\n\nProcess Information:\n\tProcess ID:\t\t0x15c4\n\tProcess Name:\t\tC:\\Windows\\WinSxS\\amd64_microsoft-windows-servicingstack_31bf3856ad364e35_10.0.10586.486_none_7640e086266ea227\\TiWorker.exe\n\nEnabled Privileges:\n\t\t\tSeSecurityPrivilege\n\nDisabled Privileges:\n\t\t\t-",
    "OpCode": "Info",
    "Process_ID": "0x15c4",
    "Process_Name": "C:\\Windows\\WinSxS\\amd64_microsoft-windows-servicingstack_31bf3856ad364e35_10.0.10586.486_none_7640e086266ea227\\TiWorker.exe",
    "RecordNumber": "526751",
    "Security_ID": [
      "NT AUTHORITY\\SYSTEM",
      "NT AUTHORITY\\SYSTEM"
    ],
    "SourceName": "Microsoft Windows security auditing.",
    "TaskCategory": "Authorization Policy Change",
    "Type": "Information",
    "action": "success",
    "app": "win:unknown",
    "body": "A user right was adjusted.\n\nSubject:\n\tSecurity ID:\t\tNT AUTHORITY\\SYSTEM\n\tAccount Name:\t\twe1287srv$\n\tAccount Domain:\t\tWAYNECORPINC\n\tLogon ID:\t\t0x3E7\n\nTarget Account:\n\tSecurity ID:\t\tNT AUTHORITY\\SYSTEM\n\tAccount Name:\t\twe1287srv$\n\tAccount Domain:\t\tWAYNECORPINC\n\tLogon ID:\t\t0x3E7\n\nProcess Information:\n\tProcess ID:\t\t0x15c4\n\tProcess Name:\t\tC:\\Windows\\WinSxS\\amd64_microsoft-windows-servicingstack_31bf3856ad364e35_10.0.10586.486_none_7640e086266ea227\\TiWorker.exe\n\nEnabled Privileges:\n\t\t\tSeSecurityPrivilege\n\nDisabled Privileges:\n\t\t\t-",
    "date_hour": "23",
    "date_mday": "28",
    "date_minute": "58",
    "date_month": "august",
    "date_second": "59",
    "date_wday": "sunday",
    "date_year": "2016",
    "date_zone": "local",
    "dest": "we1287srv.waynecorpinc.local",
    "dest_nt_domain": "WAYNECORPINC",
    "dest_nt_host": "we1287srv.waynecorpinc.local",
    "dvc": "we1287srv",
    "dvc_nt_host": "we1287srv",
    "event_id": "526751",
    "eventtype": [
      "wineventlog_security",
      "wineventlog_windows",
      "winsec"
    ],
    "host": "we1287srv",
    "id": "526751",
    "index": "botsv1",
    "linecount": "35",
    "member_dn": "we1287srv$\nwe1287srv$",
    "member_id": "NT AUTHORITY\\SYSTEM\nNT AUTHORITY\\SYSTEM",
    "member_nt_domain": "NT AUTHORITY\\",
    "object": "WinEventLog:Security",
    "product": "Windows",
    "punct": "//_::_==___.====..=__===_=____.:t_:tt_\\t_:tt$t_:tt",
    "session_id": "0x3E7",
    "severity": "Information",
    "severity_id": "0",
    "signature_id": "4703",
    "source": "WinEventLog:Security",
    "sourcetype": "WinEventLog:Security",
    "splunk_server": "kraken.local",
    "src": "we1287srv.waynecorpinc.local",
    "src_nt_domain": "WAYNECORPINC",
    "src_user": "we1287srv$",
    "status": "success",
    "tag": [
      "os",
      "security",
      "windows"
    ],
    "tag::eventtype": [
      "os",
      "security",
      "windows"
    ],
    "timeendpos": "23",
    "timestartpos": "0",
    "user": "we1287srv$",
    "vendor": "Microsoft",
    "_bkt": "botsv1~59~25FE58F7-C438-478E-AC42-625F7A4D81D6",
    "_cd": "59:876681051",
    "_eventtype_color": "none",
    "_indextime": "1473365222",
    "_pre_msg": "08/28/2016 23:58:59 PM\nLogName=Security\nSourceName=Microsoft Windows security auditing.\nEventCode=4703\nEventType=0\nType=Information\nComputerName=we1287srv.waynecorpinc.local\nTaskCategory=Authorization Policy Change\nOpCode=Info\nRecordNumber=526751\nKeywords=Audit Success",
    "_raw": "08/28/2016 23:58:59 PM\nLogName=Security\nSourceName=Microsoft Windows security auditing.\nEventCode=4703\nEventType=0\nType=Information\nComputerName=we1287srv.waynecorpinc.local\nTaskCategory=Authorization Policy Change\nOpCode=Info\nRecordNumber=526751\nKeywords=Audit Success\nMessage=A user right was adjusted.\n\nSubject:\n\tSecurity ID:\t\tNT AUTHORITY\\SYSTEM\n\tAccount Name:\t\twe1287srv$\n\tAccount Domain:\t\tWAYNECORPINC\n\tLogon ID:\t\t0x3E7\n\nTarget Account:\n\tSecurity ID:\t\tNT AUTHORITY\\SYSTEM\n\tAccount Name:\t\twe1287srv$\n\tAccount Domain:\t\tWAYNECORPINC\n\tLogon ID:\t\t0x3E7\n\nProcess Information:\n\tProcess ID:\t\t0x15c4\n\tProcess Name:\t\tC:\\Windows\\WinSxS\\amd64_microsoft-windows-servicingstack_31bf3856ad364e35_10.0.10586.486_none_7640e086266ea227\\TiWorker.exe\n\nEnabled Privileges:\n\t\t\tSeSecurityPrivilege\n\nDisabled Privileges:\n\t\t\t-\n",
    "_serial": "12",
    "_si": [
      "kraken.local",
      "botsv1"
    ],
    "_sourcetype": "WinEventLog:Security",
    "_time": "2016-08-28 17:58:59.000 MDT"
  },
  {
    "Account_Domain": [
      "WAYNECORPINC",
      "WAYNECORPINC"
    ],
    "Account_Name": [
      "we4176srv$",
      "we4176srv$"
    ],
    "ComputerName": "we4176srv.waynecorpinc.local",
    "EventCode": "4703",
    "EventType": "0",
    "Keywords": "Audit Success",
    "LogName": "Security",
    "Logon_ID": [
      "0x3E7",
      "0x3E7"
    ],
    "Message": "A user right was adjusted.\n\nSubject:\n\tSecurity ID:\t\tNT AUTHORITY\\SYSTEM\n\tAccount Name:\t\twe4176srv$\n\tAccount Domain:\t\tWAYNECORPINC\n\tLogon ID:\t\t0x3E7\n\nTarget Account:\n\tSecurity ID:\t\tNT AUTHORITY\\SYSTEM\n\tAccount Name:\t\twe4176srv$\n\tAccount Domain:\t\tWAYNECORPINC\n\tLogon ID:\t\t0x3E7\n\nProcess Information:\n\tProcess ID:\t\t0x15c4\n\tProcess Name:\t\tC:\\Windows\\WinSxS\\amd64_microsoft-windows-servicingstack_31bf3856ad364e35_10.0.10586.486_none_7640e086266ea227\\TiWorker.exe\n\nEnabled Privileges:\n\t\t\tSeSecurityPrivilege\n\nDisabled Privileges:\n\t\t\t-",
    "OpCode": "Info",
    "Process_ID": "0x15c4",
    "Process_Name": "C:\\Windows\\WinSxS\\amd64_microsoft-windows-servicingstack_31bf3856ad364e35_10.0.10586.486_none_7640e086266ea227\\TiWorker.exe",
    "RecordNumber": "534684",
    "Security_ID": [
      "NT AUTHORITY\\SYSTEM",
      "NT AUTHORITY\\SYSTEM"
    ],
    "SourceName": "Microsoft Windows security auditing.",
    "TaskCategory": "Authorization Policy Change",
    "Type": "Information",
    "action": "success",
    "app": "win:unknown",
    "body": "A user right was adjusted.\n\nSubject:\n\tSecurity ID:\t\tNT AUTHORITY\\SYSTEM\n\tAccount Name:\t\twe4176srv$\n\tAccount Domain:\t\tWAYNECORPINC\n\tLogon ID:\t\t0x3E7\n\nTarget Account:\n\tSecurity ID:\t\tNT AUTHORITY\\SYSTEM\n\tAccount Name:\t\twe4176srv$\n\tAccount Domain:\t\tWAYNECORPINC\n\tLogon ID:\t\t0x3E7\n\nProcess Information:\n\tProcess ID:\t\t0x15c4\n\tProcess Name:\t\tC:\\Windows\\WinSxS\\amd64_microsoft-windows-servicingstack_31bf3856ad364e35_10.0.10586.486_none_7640e086266ea227\\TiWorker.exe\n\nEnabled Privileges:\n\t\t\tSeSecurityPrivilege\n\nDisabled Privileges:\n\t\t\t-",
    "date_hour": "23",
    "date_mday": "28",
    "date_minute": "58",
    "date_month": "august",
    "date_second": "59",
    "date_wday": "sunday",
    "date_year": "2016",
    "date_zone": "local",
    "dest": "we4176srv.waynecorpinc.local",
    "dest_nt_domain": "WAYNECORPINC",
    "dest_nt_host": "we4176srv.waynecorpinc.local",
    "dvc": "we4176srv",
    "dvc_nt_host": "we4176srv",
    "event_id": "534684",
    "eventtype": [
      "wineventlog_security",
      "wineventlog_windows",
      "winsec"
    ],
    "host": "we4176srv",
    "id": "534684",
    "index": "botsv1",
    "linecount": "35",
    "member_dn": "we4176srv$\nwe4176srv$",
    "member_id": "NT AUTHORITY\\SYSTEM\nNT AUTHORITY\\SYSTEM",
    "member_nt_domain": "NT AUTHORITY\\",
    "object": "WinEventLog:Security",
    "product": "Windows",
    "punct": "//_::_==___.====..=__===_=____.:t_:tt_\\t_:tt$t_:tt",
    "session_id": "0x3E7",
    "severity": "Information",
    "severity_id": "0",
    "signature_id": "4703",
    "source": "WinEventLog:Security",
    "sourcetype": "WinEventLog:Security",
    "splunk_server": "kraken.local",
    "src": "we4176srv.waynecorpinc.local",
    "src_nt_domain": "WAYNECORPINC",
    "src_user": "we4176srv$",
    "status": "success",
    "tag": [
      "os",
      "security",
      "windows"
    ],
    "tag::eventtype": [
      "os",
      "security",
      "windows"
    ],
    "timeendpos": "23",
    "timestartpos": "0",
    "user": "we4176srv$",
    "vendor": "Microsoft",
    "_bkt": "botsv1~59~25FE58F7-C438-478E-AC42-625F7A4D81D6",
    "_cd": "59:873303658",
    "_eventtype_color": "none",
    "_indextime": "1473365167",
    "_pre_msg": "08/28/2016 23:58:59 PM\nLogName=Security\nSourceName=Microsoft Windows security auditing.\nEventCode=4703\nEventType=0\nType=Information\nComputerName=we4176srv.waynecorpinc.local\nTaskCategory=Authorization Policy Change\nOpCode=Info\nRecordNumber=534684\nKeywords=Audit Success",
    "_raw": "08/28/2016 23:58:59 PM\nLogName=Security\nSourceName=Microsoft Windows security auditing.\nEventCode=4703\nEventType=0\nType=Information\nComputerName=we4176srv.waynecorpinc.local\nTaskCategory=Authorization Policy Change\nOpCode=Info\nRecordNumber=534684\nKeywords=Audit Success\nMessage=A user right was adjusted.\n\nSubject:\n\tSecurity ID:\t\tNT AUTHORITY\\SYSTEM\n\tAccount Name:\t\twe4176srv$\n\tAccount Domain:\t\tWAYNECORPINC\n\tLogon ID:\t\t0x3E7\n\nTarget Account:\n\tSecurity ID:\t\tNT AUTHORITY\\SYSTEM\n\tAccount Name:\t\twe4176srv$\n\tAccount Domain:\t\tWAYNECORPINC\n\tLogon ID:\t\t0x3E7\n\nProcess Information:\n\tProcess ID:\t\t0x15c4\n\tProcess Name:\t\tC:\\Windows\\WinSxS\\amd64_microsoft-windows-servicingstack_31bf3856ad364e35_10.0.10586.486_none_7640e086266ea227\\TiWorker.exe\n\nEnabled Privileges:\n\t\t\tSeSecurityPrivilege\n\nDisabled Privileges:\n\t\t\t-\n",
    "_serial": "13",
    "_si": [
      "kraken.local",
      "botsv1"
    ],
    "_sourcetype": "WinEventLog:Security",
    "_time": "2016-08-28 17:58:59.000 MDT"
  },
  {
    "Account_Domain": [
      "WAYNECORPINC",
      "-"
    ],
    "Account_Name": [
      "we4494srv$",
      "-"
    ],
    "ComputerName": "we4494srv.waynecorpinc.local",
    "Creator_Process_ID": "0x1b0",
    "Creator_Process_Name": "C:\\Program Files\\SplunkUniversalForwarder\\bin\\splunkd.exe",
    "EventCode": "4688",
    "EventType": "0",
    "Keywords": "Audit Success",
    "LogName": "Security",
    "Logon_ID": [
      "0x3E7",
      "0x0"
    ],
    "Mandatory_Label": "Mandatory Label\\System Mandatory Level",
    "Message": "A new process has been created.\n\nCreator Subject:\n\tSecurity ID:\t\tNT AUTHORITY\\SYSTEM\n\tAccount Name:\t\twe4494srv$\n\tAccount Domain:\t\tWAYNECORPINC\n\tLogon ID:\t\t0x3E7\n\nTarget Subject:\n\tSecurity ID:\t\tNULL SID\n\tAccount Name:\t\t-\n\tAccount Domain:\t\t-\n\tLogon ID:\t\t0x0\n\nProcess Information:\n\tNew Process ID:\t\t0xf18\n\tNew Process Name:\tC:\\Program Files\\SplunkUniversalForwarder\\bin\\splunk-powershell.exe\n\tToken Elevation Type:\t%%1936\n\tMandatory Label:\t\tMandatory Label\\System Mandatory Level\n\tCreator Process ID:\t0x1b0\n\tCreator Process Name:\tC:\\Program Files\\SplunkUniversalForwarder\\bin\\splunkd.exe\n\tProcess Command Line:\t\"C:\\Program Files\\SplunkUniversalForwarder\\bin\\splunk-powershell.exe\"\n\nToken Elevation Type indicates the type of token that was assigned to the new process in accordance with User Account Control policy.\n\nType 1 is a full token with no privileges removed or groups disabled.  A full token is only used if User Account Control is disabled or if the user is the built-in Administrator account or a service account.\n\nType 2 is an elevated token with no privileges removed or groups disabled.  An elevated token is used when User Account Control is enabled and the user chooses to start the program using Run as administrator.  An elevated token is also used when an application is configured to always require administrative privilege or to always require maximum privilege, and the user is a member of the Administrators group.\n\nType 3 is a limited token with administrative privileges removed and administrative groups disabled.  The limited token is used when User Account Control is enabled, the application does not require administrative privilege, and the user does not choose to start the program using Run as administrator.",
    "New_Process_ID": "0xf18",
    "New_Process_Name": "C:\\Program Files\\SplunkUniversalForwarder\\bin\\splunk-powershell.exe",
    "OpCode": "Info",
    "Process_Command_Line": "\"C:\\Program Files\\SplunkUniversalForwarder\\bin\\splunk-powershell.exe\"",
    "RecordNumber": "517579",
    "Security_ID": [
      "NT AUTHORITY\\SYSTEM",
      "NULL SID"
    ],
    "SourceName": "Microsoft Windows security auditing.",
    "TaskCategory": "Process Creation",
    "Token_Elevation_Type": "%%1936",
    "Type": "Information",
    "action": "success",
    "app": "win:unknown",
    "body": "A new process has been created.\n\nCreator Subject:\n\tSecurity ID:\t\tNT AUTHORITY\\SYSTEM\n\tAccount Name:\t\twe4494srv$\n\tAccount Domain:\t\tWAYNECORPINC\n\tLogon ID:\t\t0x3E7\n\nTarget Subject:\n\tSecurity ID:\t\tNULL SID\n\tAccount Name:\t\t-\n\tAccount Domain:\t\t-\n\tLogon ID:\t\t0x0\n\nProcess Information:\n\tNew Process ID:\t\t0xf18\n\tNew Process Name:\tC:\\Program Files\\SplunkUniversalForwarder\\bin\\splunk-powershell.exe\n\tToken Elevation Type:\t%%1936\n\tMandatory Label:\t\tMandatory Label\\System Mandatory Level\n\tCreator Process ID:\t0x1b0\n\tCreator Process Name:\tC:\\Program Files\\SplunkUniversalForwarder\\bin\\splunkd.exe\n\tProcess Command Line:\t\"C:\\Program Files\\SplunkUniversalForwarder\\bin\\splunk-powershell.exe\"\n\nToken Elevation Type indicates the type of token that was assigned to the new process in accordance with User Account Control policy.\n\nType 1 is a full token with no privileges removed or groups disabled.  A full token is only used if User Account Control is disabled or if the user is the built-in Administrator account or a service account.\n\nType 2 is an elevated token with no privileges removed or groups disabled.  An elevated token is used when User Account Control is enabled and the user chooses to start the program using Run as administrator.  An elevated token is also used when an application is configured to always require administrative privilege or to always require maximum privilege, and the user is a member of the Administrators group.\n\nType 3 is a limited token with administrative privileges removed and administrative groups disabled.  The limited token is used when User Account Control is enabled, the application does not require administrative privilege, and the user does not choose to start the program using Run as administrator.",
    "date_hour": "23",
    "date_mday": "28",
    "date_minute": "58",
    "date_month": "august",
    "date_second": "59",
    "date_wday": "sunday",
    "date_year": "2016",
    "date_zone": "local",
    "dest": "we4494srv.waynecorpinc.local",
    "dest_nt_domain": "-",
    "dest_nt_host": "we4494srv.waynecorpinc.local",
    "dvc": "we4494srv",
    "dvc_nt_host": "we4494srv",
    "event_id": "517579",
    "eventtype": [
      "windows_process_new",
      "wineventlog_security",
      "wineventlog_windows",
      "winsec"
    ],
    "host": "we4494srv",
    "id": "517579",
    "index": "botsv1",
    "linecount": "42",
    "member_dn": "we4494srv$\n-",
    "member_id": "NT AUTHORITY\\SYSTEM\nNULL SID",
    "member_nt_domain": "NT AUTHORITY\\",
    "name": "A new process has been created",
    "object": "WinEventLog:Security",
    "product": "Windows",
    "punct": "//_::_==___.====..=_===_=_____._:t_:tt_\\t_:tt$t_:t",
    "session_id": "0x0",
    "severity": "Information",
    "severity_id": "0",
    "signature": "A new process has been created",
    "signature_id": "4688",
    "source": "WinEventLog:Security",
    "sourcetype": "WinEventLog:Security",
    "splunk_server": "kraken.local",
    "src": "we4494srv.waynecorpinc.local",
    "src_nt_domain": "WAYNECORPINC",
    "src_user": "we4494srv$",
    "status": "success",
    "subject": "A new process has been created",
    "tag": [
      "execute",
      "os",
      "process",
      "security",
      "start",
      "windows"
    ],
    "tag::eventtype": [
      "execute",
      "os",
      "process",
      "security",
      "start",
      "windows"
    ],
    "timeendpos": "23",
    "timestartpos": "0",
    "user": "-",
    "vendor": "Microsoft",
    "_bkt": "botsv1~59~25FE58F7-C438-478E-AC42-625F7A4D81D6",
    "_cd": "59:729303122",
    "_eventtype_color": "none",
    "_indextime": "1473362891",
    "_pre_msg": "08/28/2016 23:58:59 PM\nLogName=Security\nSourceName=Microsoft Windows security auditing.\nEventCode=4688\nEventType=0\nType=Information\nComputerName=we4494srv.waynecorpinc.local\nTaskCategory=Process Creation\nOpCode=Info\nRecordNumber=517579\nKeywords=Audit Success",
    "_raw": "08/28/2016 23:58:59 PM\nLogName=Security\nSourceName=Microsoft Windows security auditing.\nEventCode=4688\nEventType=0\nType=Information\nComputerName=we4494srv.waynecorpinc.local\nTaskCategory=Process Creation\nOpCode=Info\nRecordNumber=517579\nKeywords=Audit Success\nMessage=A new process has been created.\n\nCreator Subject:\n\tSecurity ID:\t\tNT AUTHORITY\\SYSTEM\n\tAccount Name:\t\twe4494srv$\n\tAccount Domain:\t\tWAYNECORPINC\n\tLogon ID:\t\t0x3E7\n\nTarget Subject:\n\tSecurity ID:\t\tNULL SID\n\tAccount Name:\t\t-\n\tAccount Domain:\t\t-\n\tLogon ID:\t\t0x0\n\nProcess Information:\n\tNew Process ID:\t\t0xf18\n\tNew Process Name:\tC:\\Program Files\\SplunkUniversalForwarder\\bin\\splunk-powershell.exe\n\tToken Elevation Type:\t%%1936\n\tMandatory Label:\t\tMandatory Label\\System Mandatory Level\n\tCreator Process ID:\t0x1b0\n\tCreator Process Name:\tC:\\Program Files\\SplunkUniversalForwarder\\bin\\splunkd.exe\n\tProcess Command Line:\t\"C:\\Program Files\\SplunkUniversalForwarder\\bin\\splunk-powershell.exe\"\n\nToken Elevation Type indicates the type of token that was assigned to the new process in accordance with User Account Control policy.\n\nType 1 is a full token with no privileges removed or groups disabled.  A full token is only used if User Account Control is disabled or if the user is the built-in Administrator account or a service account.\n\nType 2 is an elevated token with no privileges removed or groups disabled.  An elevated token is used when User Account Control is enabled and the user chooses to start the program using Run as administrator.  An elevated token is also used when an application is configured to always require administrative privilege or to always require maximum privilege, and the user is a member of the Administrators group.\n\nType 3 is a limited token with administrative privileges removed and administrative groups disabled.  The limited token is used when User Account Control is enabled, the application does not require administrative privilege, and the user does not choose to start the program using Run as administrator.\n",
    "_serial": "14",
    "_si": [
      "kraken.local",
      "botsv1"
    ],
    "_sourcetype": "WinEventLog:Security",
    "_time": "2016-08-28 17:58:59.000 MDT"
  },
  {
    "Account_Domain": [
      "WAYNECORPINC",
      "-"
    ],
    "Account_Name": [
      "we1215srv$",
      "-"
    ],
    "ComputerName": "we1215srv.waynecorpinc.local",
    "Creator_Process_ID": "0x1b0",
    "Creator_Process_Name": "C:\\Program Files\\SplunkUniversalForwarder\\bin\\splunkd.exe",
    "EventCode": "4688",
    "EventType": "0",
    "Keywords": "Audit Success",
    "LogName": "Security",
    "Logon_ID": [
      "0x3E7",
      "0x0"
    ],
    "Mandatory_Label": "Mandatory Label\\System Mandatory Level",
    "Message": "A new process has been created.\n\nCreator Subject:\n\tSecurity ID:\t\tNT AUTHORITY\\SYSTEM\n\tAccount Name:\t\twe1215srv$\n\tAccount Domain:\t\tWAYNECORPINC\n\tLogon ID:\t\t0x3E7\n\nTarget Subject:\n\tSecurity ID:\t\tNULL SID\n\tAccount Name:\t\t-\n\tAccount Domain:\t\t-\n\tLogon ID:\t\t0x0\n\nProcess Information:\n\tNew Process ID:\t\t0x368\n\tNew Process Name:\tC:\\Program Files\\SplunkUniversalForwarder\\bin\\splunk-MonitorNoHandle.exe\n\tToken Elevation Type:\t%%1936\n\tMandatory Label:\t\tMandatory Label\\System Mandatory Level\n\tCreator Process ID:\t0x1b0\n\tCreator Process Name:\tC:\\Program Files\\SplunkUniversalForwarder\\bin\\splunkd.exe\n\tProcess Command Line:\t\"C:\\Program Files\\SplunkUniversalForwarder\\bin\\splunk-MonitorNoHandle.exe\"\n\nToken Elevation Type indicates the type of token that was assigned to the new process in accordance with User Account Control policy.\n\nType 1 is a full token with no privileges removed or groups disabled.  A full token is only used if User Account Control is disabled or if the user is the built-in Administrator account or a service account.\n\nType 2 is an elevated token with no privileges removed or groups disabled.  An elevated token is used when User Account Control is enabled and the user chooses to start the program using Run as administrator.  An elevated token is also used when an application is configured to always require administrative privilege or to always require maximum privilege, and the user is a member of the Administrators group.\n\nType 3 is a limited token with administrative privileges removed and administrative groups disabled.  The limited token is used when User Account Control is enabled, the application does not require administrative privilege, and the user does not choose to start the program using Run as administrator.",
    "New_Process_ID": "0x368",
    "New_Process_Name": "C:\\Program Files\\SplunkUniversalForwarder\\bin\\splunk-MonitorNoHandle.exe",
    "OpCode": "Info",
    "Process_Command_Line": "\"C:\\Program Files\\SplunkUniversalForwarder\\bin\\splunk-MonitorNoHandle.exe\"",
    "RecordNumber": "512801",
    "Security_ID": [
      "NT AUTHORITY\\SYSTEM",
      "NULL SID"
    ],
    "SourceName": "Microsoft Windows security auditing.",
    "TaskCategory": "Process Creation",
    "Token_Elevation_Type": "%%1936",
    "Type": "Information",
    "action": "success",
    "app": "win:unknown",
    "body": "A new process has been created.\n\nCreator Subject:\n\tSecurity ID:\t\tNT AUTHORITY\\SYSTEM\n\tAccount Name:\t\twe1215srv$\n\tAccount Domain:\t\tWAYNECORPINC\n\tLogon ID:\t\t0x3E7\n\nTarget Subject:\n\tSecurity ID:\t\tNULL SID\n\tAccount Name:\t\t-\n\tAccount Domain:\t\t-\n\tLogon ID:\t\t0x0\n\nProcess Information:\n\tNew Process ID:\t\t0x368\n\tNew Process Name:\tC:\\Program Files\\SplunkUniversalForwarder\\bin\\splunk-MonitorNoHandle.exe\n\tToken Elevation Type:\t%%1936\n\tMandatory Label:\t\tMandatory Label\\System Mandatory Level\n\tCreator Process ID:\t0x1b0\n\tCreator Process Name:\tC:\\Program Files\\SplunkUniversalForwarder\\bin\\splunkd.exe\n\tProcess Command Line:\t\"C:\\Program Files\\SplunkUniversalForwarder\\bin\\splunk-MonitorNoHandle.exe\"\n\nToken Elevation Type indicates the type of token that was assigned to the new process in accordance with User Account Control policy.\n\nType 1 is a full token with no privileges removed or groups disabled.  A full token is only used if User Account Control is disabled or if the user is the built-in Administrator account or a service account.\n\nType 2 is an elevated token with no privileges removed or groups disabled.  An elevated token is used when User Account Control is enabled and the user chooses to start the program using Run as administrator.  An elevated token is also used when an application is configured to always require administrative privilege or to always require maximum privilege, and the user is a member of the Administrators group.\n\nType 3 is a limited token with administrative privileges removed and administrative groups disabled.  The limited token is used when User Account Control is enabled, the application does not require administrative privilege, and the user does not choose to start the program using Run as administrator.",
    "date_hour": "23",
    "date_mday": "28",
    "date_minute": "58",
    "date_month": "august",
    "date_second": "59",
    "date_wday": "sunday",
    "date_year": "2016",
    "date_zone": "local",
    "dest": "we1215srv.waynecorpinc.local",
    "dest_nt_domain": "-",
    "dest_nt_host": "we1215srv.waynecorpinc.local",
    "dvc": "we1215srv",
    "dvc_nt_host": "we1215srv",
    "event_id": "512801",
    "eventtype": [
      "windows_process_new",
      "wineventlog_security",
      "wineventlog_windows",
      "winsec"
    ],
    "host": "we1215srv",
    "id": "512801",
    "index": "botsv1",
    "linecount": "42",
    "member_dn": "we1215srv$\n-",
    "member_id": "NT AUTHORITY\\SYSTEM\nNULL SID",
    "member_nt_domain": "NT AUTHORITY\\",
    "name": "A new process has been created",
    "object": "WinEventLog:Security",
    "product": "Windows",
    "punct": "//_::_==___.====..=_===_=_____._:t_:tt_\\t_:tt$t_:t",
    "session_id": "0x0",
    "severity": "Information",
    "severity_id": "0",
    "signature": "A new process has been created",
    "signature_id": "4688",
    "source": "WinEventLog:Security",
    "sourcetype": "WinEventLog:Security",
    "splunk_server": "kraken.local",
    "src": "we1215srv.waynecorpinc.local",
    "src_nt_domain": "WAYNECORPINC",
    "src_user": "we1215srv$",
    "status": "success",
    "subject": "A new process has been created",
    "tag": [
      "execute",
      "os",
      "process",
      "security",
      "start",
      "windows"
    ],
    "tag::eventtype": [
      "execute",
      "os",
      "process",
      "security",
      "start",
      "windows"
    ],
    "timeendpos": "23",
    "timestartpos": "0",
    "user": "-",
    "vendor": "Microsoft",
    "_bkt": "botsv1~59~25FE58F7-C438-478E-AC42-625F7A4D81D6",
    "_cd": "59:593721890",
    "_eventtype_color": "none",
    "_indextime": "1473360774",
    "_pre_msg": "08/28/2016 23:58:59 PM\nLogName=Security\nSourceName=Microsoft Windows security auditing.\nEventCode=4688\nEventType=0\nType=Information\nComputerName=we1215srv.waynecorpinc.local\nTaskCategory=Process Creation\nOpCode=Info\nRecordNumber=512801\nKeywords=Audit Success",
    "_raw": "08/28/2016 23:58:59 PM\nLogName=Security\nSourceName=Microsoft Windows security auditing.\nEventCode=4688\nEventType=0\nType=Information\nComputerName=we1215srv.waynecorpinc.local\nTaskCategory=Process Creation\nOpCode=Info\nRecordNumber=512801\nKeywords=Audit Success\nMessage=A new process has been created.\n\nCreator Subject:\n\tSecurity ID:\t\tNT AUTHORITY\\SYSTEM\n\tAccount Name:\t\twe1215srv$\n\tAccount Domain:\t\tWAYNECORPINC\n\tLogon ID:\t\t0x3E7\n\nTarget Subject:\n\tSecurity ID:\t\tNULL SID\n\tAccount Name:\t\t-\n\tAccount Domain:\t\t-\n\tLogon ID:\t\t0x0\n\nProcess Information:\n\tNew Process ID:\t\t0x368\n\tNew Process Name:\tC:\\Program Files\\SplunkUniversalForwarder\\bin\\splunk-MonitorNoHandle.exe\n\tToken Elevation Type:\t%%1936\n\tMandatory Label:\t\tMandatory Label\\System Mandatory Level\n\tCreator Process ID:\t0x1b0\n\tCreator Process Name:\tC:\\Program Files\\SplunkUniversalForwarder\\bin\\splunkd.exe\n\tProcess Command Line:\t\"C:\\Program Files\\SplunkUniversalForwarder\\bin\\splunk-MonitorNoHandle.exe\"\n\nToken Elevation Type indicates the type of token that was assigned to the new process in accordance with User Account Control policy.\n\nType 1 is a full token with no privileges removed or groups disabled.  A full token is only used if User Account Control is disabled or if the user is the built-in Administrator account or a service account.\n\nType 2 is an elevated token with no privileges removed or groups disabled.  An elevated token is used when User Account Control is enabled and the user chooses to start the program using Run as administrator.  An elevated token is also used when an application is configured to always require administrative privilege or to always require maximum privilege, and the user is a member of the Administrators group.\n\nType 3 is a limited token with administrative privileges removed and administrative groups disabled.  The limited token is used when User Account Control is enabled, the application does not require administrative privilege, and the user does not choose to start the program using Run as administrator.\n",
    "_serial": "15",
    "_si": [
      "kraken.local",
      "botsv1"
    ],
    "_sourcetype": "WinEventLog:Security",
    "_time": "2016-08-28 17:58:59.000 MDT"
  },
  {
    "Account_Domain": [
      "WAYNECORPINC",
      "WAYNECORPINC"
    ],
    "Account_Name": [
      "we2884srv$",
      "we2884srv$"
    ],
    "ComputerName": "we2884srv.waynecorpinc.local",
    "EventCode": "4703",
    "EventType": "0",
    "Keywords": "Audit Success",
    "LogName": "Security",
    "Logon_ID": [
      "0x3E7",
      "0x3E7"
    ],
    "Message": "A user right was adjusted.\n\nSubject:\n\tSecurity ID:\t\tNT AUTHORITY\\SYSTEM\n\tAccount Name:\t\twe2884srv$\n\tAccount Domain:\t\tWAYNECORPINC\n\tLogon ID:\t\t0x3E7\n\nTarget Account:\n\tSecurity ID:\t\tNT AUTHORITY\\SYSTEM\n\tAccount Name:\t\twe2884srv$\n\tAccount Domain:\t\tWAYNECORPINC\n\tLogon ID:\t\t0x3E7\n\nProcess Information:\n\tProcess ID:\t\t0x3b8\n\tProcess Name:\t\tC:\\Windows\\System32\\svchost.exe\n\nEnabled Privileges:\n\t\t\tSeAssignPrimaryTokenPrivilege\n\t\t\tSeIncreaseQuotaPrivilege\n\t\t\tSeSecurityPrivilege\n\t\t\tSeTakeOwnershipPrivilege\n\t\t\tSeLoadDriverPrivilege\n\t\t\tSeSystemtimePrivilege\n\t\t\tSeBackupPrivilege\n\t\t\tSeRestorePrivilege\n\t\t\tSeShutdownPrivilege\n\t\t\tSeSystemEnvironmentPrivilege\n\t\t\tSeUndockPrivilege\n\t\t\tSeManageVolumePrivilege\n\nDisabled Privileges:\n\t\t\t-",
    "OpCode": "Info",
    "Process_ID": "0x3b8",
    "Process_Name": "C:\\Windows\\System32\\svchost.exe",
    "RecordNumber": "544054",
    "Security_ID": [
      "NT AUTHORITY\\SYSTEM",
      "NT AUTHORITY\\SYSTEM"
    ],
    "SourceName": "Microsoft Windows security auditing.",
    "TaskCategory": "Authorization Policy Change",
    "Type": "Information",
    "action": "success",
    "app": "win:unknown",
    "body": "A user right was adjusted.\n\nSubject:\n\tSecurity ID:\t\tNT AUTHORITY\\SYSTEM\n\tAccount Name:\t\twe2884srv$\n\tAccount Domain:\t\tWAYNECORPINC\n\tLogon ID:\t\t0x3E7\n\nTarget Account:\n\tSecurity ID:\t\tNT AUTHORITY\\SYSTEM\n\tAccount Name:\t\twe2884srv$\n\tAccount Domain:\t\tWAYNECORPINC\n\tLogon ID:\t\t0x3E7\n\nProcess Information:\n\tProcess ID:\t\t0x3b8\n\tProcess Name:\t\tC:\\Windows\\System32\\svchost.exe\n\nEnabled Privileges:\n\t\t\tSeAssignPrimaryTokenPrivilege\n\t\t\tSeIncreaseQuotaPrivilege\n\t\t\tSeSecurityPrivilege\n\t\t\tSeTakeOwnershipPrivilege\n\t\t\tSeLoadDriverPrivilege\n\t\t\tSeSystemtimePrivilege\n\t\t\tSeBackupPrivilege\n\t\t\tSeRestorePrivilege\n\t\t\tSeShutdownPrivilege\n\t\t\tSeSystemEnvironmentPrivilege\n\t\t\tSeUndockPrivilege\n\t\t\tSeManageVolumePrivilege\n\nDisabled Privileges:\n\t\t\t-",
    "date_hour": "23",
    "date_mday": "28",
    "date_minute": "58",
    "date_month": "august",
    "date_second": "59",
    "date_wday": "sunday",
    "date_year": "2016",
    "date_zone": "local",
    "dest": "we2884srv.waynecorpinc.local",
    "dest_nt_domain": "WAYNECORPINC",
    "dest_nt_host": "we2884srv.waynecorpinc.local",
    "dvc": "we2884srv",
    "dvc_nt_host": "we2884srv",
    "event_id": "544054",
    "eventtype": [
      "wineventlog_security",
      "wineventlog_windows",
      "winsec"
    ],
    "host": "we2884srv",
    "id": "544054",
    "index": "botsv1",
    "linecount": "46",
    "member_dn": "we2884srv$\nwe2884srv$",
    "member_id": "NT AUTHORITY\\SYSTEM\nNT AUTHORITY\\SYSTEM",
    "member_nt_domain": "NT AUTHORITY\\",
    "object": "WinEventLog:Security",
    "product": "Windows",
    "punct": "//_::_==___.====..=__===_=____.:t_:tt_\\t_:tt$t_:tt",
    "session_id": "0x3E7",
    "severity": "Information",
    "severity_id": "0",
    "signature_id": "4703",
    "source": "WinEventLog:Security",
    "sourcetype": "WinEventLog:Security",
    "splunk_server": "kraken.local",
    "src": "we2884srv.waynecorpinc.local",
    "src_nt_domain": "WAYNECORPINC",
    "src_user": "we2884srv$",
    "status": "success",
    "tag": [
      "os",
      "security",
      "windows"
    ],
    "tag::eventtype": [
      "os",
      "security",
      "windows"
    ],
    "timeendpos": "23",
    "timestartpos": "0",
    "user": "we2884srv$",
    "vendor": "Microsoft",
    "_bkt": "botsv1~59~25FE58F7-C438-478E-AC42-625F7A4D81D6",
    "_cd": "59:385982319",
    "_eventtype_color": "none",
    "_indextime": "1473357525",
    "_pre_msg": "08/28/2016 23:58:59 PM\nLogName=Security\nSourceName=Microsoft Windows security auditing.\nEventCode=4703\nEventType=0\nType=Information\nComputerName=we2884srv.waynecorpinc.local\nTaskCategory=Authorization Policy Change\nOpCode=Info\nRecordNumber=544054\nKeywords=Audit Success",
