    "_raw": "08/28/2016 23:58:57 PM\nLogName=Security\nSourceName=Microsoft Windows security auditing.\nEventCode=4689\nEventType=0\nType=Information\nComputerName=we9364srv.waynecorpinc.local\nTaskCategory=Process Termination\nOpCode=Info\nRecordNumber=523157\nKeywords=Audit Success\nMessage=A process has exited.\n\nSubject:\n\tSecurity ID:\t\tNT AUTHORITY\\SYSTEM\n\tAccount Name:\t\twe9364srv$\n\tAccount Domain:\t\tWAYNECORPINC\n\tLogon ID:\t\t0x3E7\n\nProcess Information:\n\tProcess ID:\t0xe08\n\tProcess Name:\tC:\\Program Files\\SplunkUniversalForwarder\\bin\\splunk-admon.exe\n\tExit Status:\t0x1\n",
    "_serial": "24",
    "_si": [
      "kraken.local",
      "botsv1"
    ],
    "_sourcetype": "WinEventLog:Security",
    "_time": "2016-08-28 17:58:57.000 MDT"
  },
  {
    "Account_Domain": [
      "WAYNECORPINC",
      "-"
    ],
    "Account_Name": [
      "we8875srv$",
      "-"
    ],
    "ComputerName": "we8875srv.waynecorpinc.local",
    "Creator_Process_ID": "0x1b0",
    "Creator_Process_Name": "C:\\Program Files\\SplunkUniversalForwarder\\bin\\splunkd.exe",
    "EventCode": "4688",
    "EventType": "0",
    "Keywords": "Audit Success",
    "LogName": "Security",
    "Logon_ID": [
      "0x3E7",
      "0x0"
    ],
    "Mandatory_Label": "Mandatory Label\\System Mandatory Level",
    "Message": "A new process has been created.\n\nCreator Subject:\n\tSecurity ID:\t\tNT AUTHORITY\\SYSTEM\n\tAccount Name:\t\twe8875srv$\n\tAccount Domain:\t\tWAYNECORPINC\n\tLogon ID:\t\t0x3E7\n\nTarget Subject:\n\tSecurity ID:\t\tNULL SID\n\tAccount Name:\t\t-\n\tAccount Domain:\t\t-\n\tLogon ID:\t\t0x0\n\nProcess Information:\n\tNew Process ID:\t\t0xad0\n\tNew Process Name:\tC:\\Program Files\\SplunkUniversalForwarder\\bin\\splunk-powershell.exe\n\tToken Elevation Type:\t%%1936\n\tMandatory Label:\t\tMandatory Label\\System Mandatory Level\n\tCreator Process ID:\t0x1b0\n\tCreator Process Name:\tC:\\Program Files\\SplunkUniversalForwarder\\bin\\splunkd.exe\n\tProcess Command Line:\t\"C:\\Program Files\\SplunkUniversalForwarder\\bin\\splunk-powershell.exe\" --ps2\n\nToken Elevation Type indicates the type of token that was assigned to the new process in accordance with User Account Control policy.\n\nType 1 is a full token with no privileges removed or groups disabled.  A full token is only used if User Account Control is disabled or if the user is the built-in Administrator account or a service account.\n\nType 2 is an elevated token with no privileges removed or groups disabled.  An elevated token is used when User Account Control is enabled and the user chooses to start the program using Run as administrator.  An elevated token is also used when an application is configured to always require administrative privilege or to always require maximum privilege, and the user is a member of the Administrators group.\n\nType 3 is a limited token with administrative privileges removed and administrative groups disabled.  The limited token is used when User Account Control is enabled, the application does not require administrative privilege, and the user does not choose to start the program using Run as administrator.",
    "New_Process_ID": "0xad0",
    "New_Process_Name": "C:\\Program Files\\SplunkUniversalForwarder\\bin\\splunk-powershell.exe",
    "OpCode": "Info",
    "Process_Command_Line": "\"C:\\Program Files\\SplunkUniversalForwarder\\bin\\splunk-powershell.exe\" --ps2",
    "RecordNumber": "523450",
    "Security_ID": [
      "NT AUTHORITY\\SYSTEM",
      "NULL SID"
    ],
    "SourceName": "Microsoft Windows security auditing.",
    "TaskCategory": "Process Creation",
    "Token_Elevation_Type": "%%1936",
    "Type": "Information",
    "action": "success",
    "app": "win:unknown",
    "body": "A new process has been created.\n\nCreator Subject:\n\tSecurity ID:\t\tNT AUTHORITY\\SYSTEM\n\tAccount Name:\t\twe8875srv$\n\tAccount Domain:\t\tWAYNECORPINC\n\tLogon ID:\t\t0x3E7\n\nTarget Subject:\n\tSecurity ID:\t\tNULL SID\n\tAccount Name:\t\t-\n\tAccount Domain:\t\t-\n\tLogon ID:\t\t0x0\n\nProcess Information:\n\tNew Process ID:\t\t0xad0\n\tNew Process Name:\tC:\\Program Files\\SplunkUniversalForwarder\\bin\\splunk-powershell.exe\n\tToken Elevation Type:\t%%1936\n\tMandatory Label:\t\tMandatory Label\\System Mandatory Level\n\tCreator Process ID:\t0x1b0\n\tCreator Process Name:\tC:\\Program Files\\SplunkUniversalForwarder\\bin\\splunkd.exe\n\tProcess Command Line:\t\"C:\\Program Files\\SplunkUniversalForwarder\\bin\\splunk-powershell.exe\" --ps2\n\nToken Elevation Type indicates the type of token that was assigned to the new process in accordance with User Account Control policy.\n\nType 1 is a full token with no privileges removed or groups disabled.  A full token is only used if User Account Control is disabled or if the user is the built-in Administrator account or a service account.\n\nType 2 is an elevated token with no privileges removed or groups disabled.  An elevated token is used when User Account Control is enabled and the user chooses to start the program using Run as administrator.  An elevated token is also used when an application is configured to always require administrative privilege or to always require maximum privilege, and the user is a member of the Administrators group.\n\nType 3 is a limited token with administrative privileges removed and administrative groups disabled.  The limited token is used when User Account Control is enabled, the application does not require administrative privilege, and the user does not choose to start the program using Run as administrator.",
    "date_hour": "23",
    "date_mday": "28",
    "date_minute": "58",
    "date_month": "august",
    "date_second": "57",
    "date_wday": "sunday",
    "date_year": "2016",
    "date_zone": "local",
    "dest": "we8875srv.waynecorpinc.local",
    "dest_nt_domain": "-",
    "dest_nt_host": "we8875srv.waynecorpinc.local",
    "dvc": "we8875srv",
    "dvc_nt_host": "we8875srv",
    "event_id": "523450",
    "eventtype": [
      "windows_process_new",
      "wineventlog_security",
      "wineventlog_windows",
      "winsec"
    ],
    "host": "we8875srv",
    "id": "523450",
    "index": "botsv1",
    "linecount": "42",
    "member_dn": "we8875srv$\n-",
    "member_id": "NT AUTHORITY\\SYSTEM\nNULL SID",
    "member_nt_domain": "NT AUTHORITY\\",
    "name": "A new process has been created",
    "object": "WinEventLog:Security",
    "product": "Windows",
    "punct": "//_::_==___.====..=_===_=_____._:t_:tt_\\t_:tt$t_:t",
    "session_id": "0x0",
    "severity": "Information",
    "severity_id": "0",
    "signature": "A new process has been created",
    "signature_id": "4688",
    "source": "WinEventLog:Security",
    "sourcetype": "WinEventLog:Security",
    "splunk_server": "kraken.local",
    "src": "we8875srv.waynecorpinc.local",
    "src_nt_domain": "WAYNECORPINC",
    "src_user": "we8875srv$",
    "status": "success",
    "subject": "A new process has been created",
    "tag": [
      "execute",
      "os",
      "process",
      "security",
      "start",
      "windows"
    ],
    "tag::eventtype": [
      "execute",
      "os",
      "process",
      "security",
      "start",
      "windows"
    ],
    "timeendpos": "23",
    "timestartpos": "0",
    "user": "-",
    "vendor": "Microsoft",
    "_bkt": "botsv1~59~25FE58F7-C438-478E-AC42-625F7A4D81D6",
    "_cd": "59:169188839",
    "_eventtype_color": "none",
    "_indextime": "1473354120",
    "_pre_msg": "08/28/2016 23:58:57 PM\nLogName=Security\nSourceName=Microsoft Windows security auditing.\nEventCode=4688\nEventType=0\nType=Information\nComputerName=we8875srv.waynecorpinc.local\nTaskCategory=Process Creation\nOpCode=Info\nRecordNumber=523450\nKeywords=Audit Success",
    "_raw": "08/28/2016 23:58:57 PM\nLogName=Security\nSourceName=Microsoft Windows security auditing.\nEventCode=4688\nEventType=0\nType=Information\nComputerName=we8875srv.waynecorpinc.local\nTaskCategory=Process Creation\nOpCode=Info\nRecordNumber=523450\nKeywords=Audit Success\nMessage=A new process has been created.\n\nCreator Subject:\n\tSecurity ID:\t\tNT AUTHORITY\\SYSTEM\n\tAccount Name:\t\twe8875srv$\n\tAccount Domain:\t\tWAYNECORPINC\n\tLogon ID:\t\t0x3E7\n\nTarget Subject:\n\tSecurity ID:\t\tNULL SID\n\tAccount Name:\t\t-\n\tAccount Domain:\t\t-\n\tLogon ID:\t\t0x0\n\nProcess Information:\n\tNew Process ID:\t\t0xad0\n\tNew Process Name:\tC:\\Program Files\\SplunkUniversalForwarder\\bin\\splunk-powershell.exe\n\tToken Elevation Type:\t%%1936\n\tMandatory Label:\t\tMandatory Label\\System Mandatory Level\n\tCreator Process ID:\t0x1b0\n\tCreator Process Name:\tC:\\Program Files\\SplunkUniversalForwarder\\bin\\splunkd.exe\n\tProcess Command Line:\t\"C:\\Program Files\\SplunkUniversalForwarder\\bin\\splunk-powershell.exe\" --ps2\n\nToken Elevation Type indicates the type of token that was assigned to the new process in accordance with User Account Control policy.\n\nType 1 is a full token with no privileges removed or groups disabled.  A full token is only used if User Account Control is disabled or if the user is the built-in Administrator account or a service account.\n\nType 2 is an elevated token with no privileges removed or groups disabled.  An elevated token is used when User Account Control is enabled and the user chooses to start the program using Run as administrator.  An elevated token is also used when an application is configured to always require administrative privilege or to always require maximum privilege, and the user is a member of the Administrators group.\n\nType 3 is a limited token with administrative privileges removed and administrative groups disabled.  The limited token is used when User Account Control is enabled, the application does not require administrative privilege, and the user does not choose to start the program using Run as administrator.\n",
    "_serial": "25",
    "_si": [
      "kraken.local",
      "botsv1"
    ],
    "_sourcetype": "WinEventLog:Security",
    "_time": "2016-08-28 17:58:57.000 MDT"
  },
  {
    "Account_Domain": [
      "WAYNECORPINC",
      "WAYNECORPINC"
    ],
    "Account_Name": [
      "we7727srv$",
      "we7727srv$"
    ],
    "ComputerName": "we7727srv.waynecorpinc.local",
    "EventCode": "4703",
    "EventType": "0",
    "Keywords": "Audit Success",
    "LogName": "Security",
    "Logon_ID": [
      "0x3E7",
      "0x3E7"
    ],
    "Message": "A user right was adjusted.\n\nSubject:\n\tSecurity ID:\t\tNT AUTHORITY\\SYSTEM\n\tAccount Name:\t\twe7727srv$\n\tAccount Domain:\t\tWAYNECORPINC\n\tLogon ID:\t\t0x3E7\n\nTarget Account:\n\tSecurity ID:\t\tNT AUTHORITY\\SYSTEM\n\tAccount Name:\t\twe7727srv$\n\tAccount Domain:\t\tWAYNECORPINC\n\tLogon ID:\t\t0x3E7\n\nProcess Information:\n\tProcess ID:\t\t0x15c4\n\tProcess Name:\t\tC:\\Windows\\WinSxS\\amd64_microsoft-windows-servicingstack_31bf3856ad364e35_10.0.10586.486_none_7640e086266ea227\\TiWorker.exe\n\nEnabled Privileges:\n\t\t\tSeSecurityPrivilege\n\nDisabled Privileges:\n\t\t\t-",
    "OpCode": "Info",
    "Process_ID": "0x15c4",
    "Process_Name": "C:\\Windows\\WinSxS\\amd64_microsoft-windows-servicingstack_31bf3856ad364e35_10.0.10586.486_none_7640e086266ea227\\TiWorker.exe",
    "RecordNumber": "537110",
    "Security_ID": [
      "NT AUTHORITY\\SYSTEM",
      "NT AUTHORITY\\SYSTEM"
    ],
    "SourceName": "Microsoft Windows security auditing.",
    "TaskCategory": "Authorization Policy Change",
    "Type": "Information",
    "action": "success",
    "app": "win:unknown",
    "body": "A user right was adjusted.\n\nSubject:\n\tSecurity ID:\t\tNT AUTHORITY\\SYSTEM\n\tAccount Name:\t\twe7727srv$\n\tAccount Domain:\t\tWAYNECORPINC\n\tLogon ID:\t\t0x3E7\n\nTarget Account:\n\tSecurity ID:\t\tNT AUTHORITY\\SYSTEM\n\tAccount Name:\t\twe7727srv$\n\tAccount Domain:\t\tWAYNECORPINC\n\tLogon ID:\t\t0x3E7\n\nProcess Information:\n\tProcess ID:\t\t0x15c4\n\tProcess Name:\t\tC:\\Windows\\WinSxS\\amd64_microsoft-windows-servicingstack_31bf3856ad364e35_10.0.10586.486_none_7640e086266ea227\\TiWorker.exe\n\nEnabled Privileges:\n\t\t\tSeSecurityPrivilege\n\nDisabled Privileges:\n\t\t\t-",
    "date_hour": "23",
    "date_mday": "28",
    "date_minute": "58",
    "date_month": "august",
    "date_second": "56",
    "date_wday": "sunday",
    "date_year": "2016",
    "date_zone": "local",
    "dest": "we7727srv.waynecorpinc.local",
    "dest_nt_domain": "WAYNECORPINC",
    "dest_nt_host": "we7727srv.waynecorpinc.local",
    "dvc": "we7727srv",
    "dvc_nt_host": "we7727srv",
    "event_id": "537110",
    "eventtype": [
      "wineventlog_security",
      "wineventlog_windows",
      "winsec"
    ],
    "host": "we7727srv",
    "id": "537110",
    "index": "botsv1",
    "linecount": "35",
    "member_dn": "we7727srv$\nwe7727srv$",
    "member_id": "NT AUTHORITY\\SYSTEM\nNT AUTHORITY\\SYSTEM",
    "member_nt_domain": "NT AUTHORITY\\",
    "object": "WinEventLog:Security",
    "product": "Windows",
    "punct": "//_::_==___.====..=__===_=____.:t_:tt_\\t_:tt$t_:tt",
    "session_id": "0x3E7",
    "severity": "Information",
    "severity_id": "0",
    "signature_id": "4703",
    "source": "WinEventLog:Security",
    "sourcetype": "WinEventLog:Security",
    "splunk_server": "kraken.local",
    "src": "we7727srv.waynecorpinc.local",
    "src_nt_domain": "WAYNECORPINC",
    "src_user": "we7727srv$",
    "status": "success",
    "tag": [
      "os",
      "security",
      "windows"
    ],
    "tag::eventtype": [
      "os",
      "security",
      "windows"
    ],
    "timeendpos": "23",
    "timestartpos": "0",
    "user": "we7727srv$",
    "vendor": "Microsoft",
    "_bkt": "botsv1~59~25FE58F7-C438-478E-AC42-625F7A4D81D6",
    "_cd": "59:826903693",
    "_eventtype_color": "none",
    "_indextime": "1473364433",
    "_pre_msg": "08/28/2016 23:58:56 PM\nLogName=Security\nSourceName=Microsoft Windows security auditing.\nEventCode=4703\nEventType=0\nType=Information\nComputerName=we7727srv.waynecorpinc.local\nTaskCategory=Authorization Policy Change\nOpCode=Info\nRecordNumber=537110\nKeywords=Audit Success",
    "_raw": "08/28/2016 23:58:56 PM\nLogName=Security\nSourceName=Microsoft Windows security auditing.\nEventCode=4703\nEventType=0\nType=Information\nComputerName=we7727srv.waynecorpinc.local\nTaskCategory=Authorization Policy Change\nOpCode=Info\nRecordNumber=537110\nKeywords=Audit Success\nMessage=A user right was adjusted.\n\nSubject:\n\tSecurity ID:\t\tNT AUTHORITY\\SYSTEM\n\tAccount Name:\t\twe7727srv$\n\tAccount Domain:\t\tWAYNECORPINC\n\tLogon ID:\t\t0x3E7\n\nTarget Account:\n\tSecurity ID:\t\tNT AUTHORITY\\SYSTEM\n\tAccount Name:\t\twe7727srv$\n\tAccount Domain:\t\tWAYNECORPINC\n\tLogon ID:\t\t0x3E7\n\nProcess Information:\n\tProcess ID:\t\t0x15c4\n\tProcess Name:\t\tC:\\Windows\\WinSxS\\amd64_microsoft-windows-servicingstack_31bf3856ad364e35_10.0.10586.486_none_7640e086266ea227\\TiWorker.exe\n\nEnabled Privileges:\n\t\t\tSeSecurityPrivilege\n\nDisabled Privileges:\n\t\t\t-\n",
    "_serial": "26",
    "_si": [
      "kraken.local",
      "botsv1"
    ],
    "_sourcetype": "WinEventLog:Security",
    "_time": "2016-08-28 17:58:56.000 MDT"
  },
  {
    "Account_Domain": "WAYNECORPINC",
    "Account_Name": "we1713srv$",
    "ComputerName": "we1713srv.waynecorpinc.local",
    "EventCode": "4634",
    "EventType": "0",
    "Keywords": "Audit Success",
    "LogName": "Security",
    "Logon_ID": "0x12FE798",
    "Logon_Type": "3",
    "Message": "An account was logged off.\n\nSubject:\n\tSecurity ID:\t\tNT AUTHORITY\\SYSTEM\n\tAccount Name:\t\twe1713srv$\n\tAccount Domain:\t\tWAYNECORPINC\n\tLogon ID:\t\t0x12FE798\n\nLogon Type:\t\t\t3\n\nThis event is generated when a logon session is destroyed. It may be positively correlated with a logon event using the Logon ID value. Logon IDs are only unique between reboots on the same computer.",
    "OpCode": "Info",
    "RecordNumber": "30035",
    "Security_ID": "NT AUTHORITY\\SYSTEM",
    "SourceName": "Microsoft Windows security auditing.",
    "TaskCategory": "Logoff",
    "Type": "Information",
    "action": "success",
    "app": "win:remote",
    "body": "An account was logged off.\n\nSubject:\n\tSecurity ID:\t\tNT AUTHORITY\\SYSTEM\n\tAccount Name:\t\twe1713srv$\n\tAccount Domain:\t\tWAYNECORPINC\n\tLogon ID:\t\t0x12FE798\n\nLogon Type:\t\t\t3\n\nThis event is generated when a logon session is destroyed. It may be positively correlated with a logon event using the Logon ID value. Logon IDs are only unique between reboots on the same computer.",
    "date_hour": "23",
    "date_mday": "28",
    "date_minute": "58",
    "date_month": "august",
    "date_second": "56",
    "date_wday": "sunday",
    "date_year": "2016",
    "date_zone": "local",
    "dest": "we1713srv.waynecorpinc.local",
    "dest_nt_domain": "WAYNECORPINC",
    "dest_nt_host": "we1713srv.waynecorpinc.local",
    "dvc": "we1713srv",
    "dvc_nt_host": "we1713srv",
    "event_id": "30035",
    "eventtype": [
      "windows_logoff",
      "wineventlog_security",
      "wineventlog_windows",
      "winsec"
    ],
    "host": "we1713srv",
    "id": "30035",
    "index": "botsv1",
    "linecount": "23",
    "member_dn": "we1713srv$",
    "member_id": "NT AUTHORITY\\SYSTEM",
    "member_nt_domain": "NT AUTHORITY\\",
    "name": "An account was logged off",
    "object": "WinEventLog:Security",
    "product": "Windows",
    "punct": "//_::_==___.====..====_=____.:t_:tt_\\t_:tt$t_:ttt_",
    "session_id": "0x12FE798",
    "severity": "Information",
    "severity_id": "0",
    "signature": "An account was logged off",
    "signature_id": "4634",
    "source": "WinEventLog:Security",
    "sourcetype": "WinEventLog:Security",
    "splunk_server": "kraken.local",
    "src": "we1713srv.waynecorpinc.local",
    "src_nt_domain": "NT AUTHORITY",
    "status": "success",
    "subject": "An account was logged off",
    "tag": [
      "access",
      "logoff",
      "os",
      "remote",
      "security",
      "stop",
      "windows"
    ],
    "tag::app": "remote",
    "tag::eventtype": [
      "access",
      "logoff",
      "os",
      "security",
      "stop",
      "windows"
    ],
    "timeendpos": "23",
    "timestartpos": "0",
    "user": "we1713srv$",
    "vendor": "Microsoft",
    "_bkt": "botsv1~59~25FE58F7-C438-478E-AC42-625F7A4D81D6",
    "_cd": "59:558180950",
    "_eventtype_color": "none",
    "_indextime": "1473360215",
    "_pre_msg": "08/28/2016 23:58:56 PM\nLogName=Security\nSourceName=Microsoft Windows security auditing.\nEventCode=4634\nEventType=0\nType=Information\nComputerName=we1713srv.waynecorpinc.local\nTaskCategory=Logoff\nOpCode=Info\nRecordNumber=30035\nKeywords=Audit Success",
    "_raw": "08/28/2016 23:58:56 PM\nLogName=Security\nSourceName=Microsoft Windows security auditing.\nEventCode=4634\nEventType=0\nType=Information\nComputerName=we1713srv.waynecorpinc.local\nTaskCategory=Logoff\nOpCode=Info\nRecordNumber=30035\nKeywords=Audit Success\nMessage=An account was logged off.\n\nSubject:\n\tSecurity ID:\t\tNT AUTHORITY\\SYSTEM\n\tAccount Name:\t\twe1713srv$\n\tAccount Domain:\t\tWAYNECORPINC\n\tLogon ID:\t\t0x12FE798\n\nLogon Type:\t\t\t3\n\nThis event is generated when a logon session is destroyed. It may be positively correlated with a logon event using the Logon ID value. Logon IDs are only unique between reboots on the same computer.\n",
    "_serial": "27",
    "_si": [
      "kraken.local",
      "botsv1"
    ],
    "_sourcetype": "WinEventLog:Security",
    "_time": "2016-08-28 17:58:56.000 MDT"
  },
  {
    "Account_Domain": [
      "WAYNECORPINC",
      "WAYNECORPINC"
    ],
    "Account_Name": [
      "we4401srv$",
      "we4401srv$"
    ],
    "ComputerName": "we4401srv.waynecorpinc.local",
    "EventCode": "4703",
    "EventType": "0",
    "Keywords": "Audit Success",
    "LogName": "Security",
    "Logon_ID": [
      "0x3E7",
      "0x3E7"
    ],
    "Message": "A user right was adjusted.\n\nSubject:\n\tSecurity ID:\t\tNT AUTHORITY\\SYSTEM\n\tAccount Name:\t\twe4401srv$\n\tAccount Domain:\t\tWAYNECORPINC\n\tLogon ID:\t\t0x3E7\n\nTarget Account:\n\tSecurity ID:\t\tNT AUTHORITY\\SYSTEM\n\tAccount Name:\t\twe4401srv$\n\tAccount Domain:\t\tWAYNECORPINC\n\tLogon ID:\t\t0x3E7\n\nProcess Information:\n\tProcess ID:\t\t0x15c4\n\tProcess Name:\t\tC:\\Windows\\WinSxS\\amd64_microsoft-windows-servicingstack_31bf3856ad364e35_10.0.10586.486_none_7640e086266ea227\\TiWorker.exe\n\nEnabled Privileges:\n\t\t\tSeSecurityPrivilege\n\nDisabled Privileges:\n\t\t\t-",
    "OpCode": "Info",
    "Process_ID": "0x15c4",
    "Process_Name": "C:\\Windows\\WinSxS\\amd64_microsoft-windows-servicingstack_31bf3856ad364e35_10.0.10586.486_none_7640e086266ea227\\TiWorker.exe",
    "RecordNumber": "533774",
    "Security_ID": [
      "NT AUTHORITY\\SYSTEM",
      "NT AUTHORITY\\SYSTEM"
    ],
    "SourceName": "Microsoft Windows security auditing.",
    "TaskCategory": "Authorization Policy Change",
    "Type": "Information",
    "action": "success",
    "app": "win:unknown",
    "body": "A user right was adjusted.\n\nSubject:\n\tSecurity ID:\t\tNT AUTHORITY\\SYSTEM\n\tAccount Name:\t\twe4401srv$\n\tAccount Domain:\t\tWAYNECORPINC\n\tLogon ID:\t\t0x3E7\n\nTarget Account:\n\tSecurity ID:\t\tNT AUTHORITY\\SYSTEM\n\tAccount Name:\t\twe4401srv$\n\tAccount Domain:\t\tWAYNECORPINC\n\tLogon ID:\t\t0x3E7\n\nProcess Information:\n\tProcess ID:\t\t0x15c4\n\tProcess Name:\t\tC:\\Windows\\WinSxS\\amd64_microsoft-windows-servicingstack_31bf3856ad364e35_10.0.10586.486_none_7640e086266ea227\\TiWorker.exe\n\nEnabled Privileges:\n\t\t\tSeSecurityPrivilege\n\nDisabled Privileges:\n\t\t\t-",
    "date_hour": "23",
    "date_mday": "28",
    "date_minute": "58",
    "date_month": "august",
    "date_second": "56",
    "date_wday": "sunday",
    "date_year": "2016",
    "date_zone": "local",
    "dest": "we4401srv.waynecorpinc.local",
    "dest_nt_domain": "WAYNECORPINC",
    "dest_nt_host": "we4401srv.waynecorpinc.local",
    "dvc": "we4401srv",
    "dvc_nt_host": "we4401srv",
    "event_id": "533774",
    "eventtype": [
      "wineventlog_security",
      "wineventlog_windows",
      "winsec"
    ],
    "host": "we4401srv",
    "id": "533774",
    "index": "botsv1",
    "linecount": "35",
    "member_dn": "we4401srv$\nwe4401srv$",
    "member_id": "NT AUTHORITY\\SYSTEM\nNT AUTHORITY\\SYSTEM",
    "member_nt_domain": "NT AUTHORITY\\",
    "object": "WinEventLog:Security",
    "product": "Windows",
    "punct": "//_::_==___.====..=__===_=____.:t_:tt_\\t_:tt$t_:tt",
    "session_id": "0x3E7",
    "severity": "Information",
    "severity_id": "0",
    "signature_id": "4703",
    "source": "WinEventLog:Security",
    "sourcetype": "WinEventLog:Security",
    "splunk_server": "kraken.local",
    "src": "we4401srv.waynecorpinc.local",
    "src_nt_domain": "WAYNECORPINC",
    "src_user": "we4401srv$",
    "status": "success",
    "tag": [
      "os",
      "security",
      "windows"
    ],
    "tag::eventtype": [
      "os",
      "security",
      "windows"
    ],
    "timeendpos": "23",
    "timestartpos": "0",
    "user": "we4401srv$",
    "vendor": "Microsoft",
    "_bkt": "botsv1~59~25FE58F7-C438-478E-AC42-625F7A4D81D6",
    "_cd": "59:404202415",
    "_eventtype_color": "none",
    "_indextime": "1473357813",
    "_pre_msg": "08/28/2016 23:58:56 PM\nLogName=Security\nSourceName=Microsoft Windows security auditing.\nEventCode=4703\nEventType=0\nType=Information\nComputerName=we4401srv.waynecorpinc.local\nTaskCategory=Authorization Policy Change\nOpCode=Info\nRecordNumber=533774\nKeywords=Audit Success",
    "_raw": "08/28/2016 23:58:56 PM\nLogName=Security\nSourceName=Microsoft Windows security auditing.\nEventCode=4703\nEventType=0\nType=Information\nComputerName=we4401srv.waynecorpinc.local\nTaskCategory=Authorization Policy Change\nOpCode=Info\nRecordNumber=533774\nKeywords=Audit Success\nMessage=A user right was adjusted.\n\nSubject:\n\tSecurity ID:\t\tNT AUTHORITY\\SYSTEM\n\tAccount Name:\t\twe4401srv$\n\tAccount Domain:\t\tWAYNECORPINC\n\tLogon ID:\t\t0x3E7\n\nTarget Account:\n\tSecurity ID:\t\tNT AUTHORITY\\SYSTEM\n\tAccount Name:\t\twe4401srv$\n\tAccount Domain:\t\tWAYNECORPINC\n\tLogon ID:\t\t0x3E7\n\nProcess Information:\n\tProcess ID:\t\t0x15c4\n\tProcess Name:\t\tC:\\Windows\\WinSxS\\amd64_microsoft-windows-servicingstack_31bf3856ad364e35_10.0.10586.486_none_7640e086266ea227\\TiWorker.exe\n\nEnabled Privileges:\n\t\t\tSeSecurityPrivilege\n\nDisabled Privileges:\n\t\t\t-\n",
    "_serial": "28",
    "_si": [
      "kraken.local",
      "botsv1"
    ],
    "_sourcetype": "WinEventLog:Security",
    "_time": "2016-08-28 17:58:56.000 MDT"
  },
  {
    "Account_Domain": "WAYNECORPINC",
    "Account_Name": "we4629srv$",
    "ComputerName": "we4629srv.waynecorpinc.local",
    "EventCode": "4689",
    "EventType": "0",
    "Exit_Status": "0x1",
    "Keywords": "Audit Success",
    "LogName": "Security",
    "Logon_ID": "0x3E7",
    "Message": "A process has exited.\n\nSubject:\n\tSecurity ID:\t\tNT AUTHORITY\\SYSTEM\n\tAccount Name:\t\twe4629srv$\n\tAccount Domain:\t\tWAYNECORPINC\n\tLogon ID:\t\t0x3E7\n\nProcess Information:\n\tProcess ID:\t0x380\n\tProcess Name:\tC:\\Program Files\\SplunkUniversalForwarder\\bin\\splunk-winprintmon.exe\n\tExit Status:\t0x1",
    "OpCode": "Info",
    "Process_ID": "0x380",
    "Process_Name": "C:\\Program Files\\SplunkUniversalForwarder\\bin\\splunk-winprintmon.exe",
    "RecordNumber": "42297",
    "Security_ID": "NT AUTHORITY\\SYSTEM",
    "SourceName": "Microsoft Windows security auditing.",
    "TaskCategory": "Process Termination",
    "Type": "Information",
    "action": "success",
    "app": "win:unknown",
    "body": "A process has exited.\n\nSubject:\n\tSecurity ID:\t\tNT AUTHORITY\\SYSTEM\n\tAccount Name:\t\twe4629srv$\n\tAccount Domain:\t\tWAYNECORPINC\n\tLogon ID:\t\t0x3E7\n\nProcess Information:\n\tProcess ID:\t0x380\n\tProcess Name:\tC:\\Program Files\\SplunkUniversalForwarder\\bin\\splunk-winprintmon.exe\n\tExit Status:\t0x1",
    "date_hour": "23",
    "date_mday": "28",
    "date_minute": "58",
    "date_month": "august",
    "date_second": "56",
    "date_wday": "sunday",
    "date_year": "2016",
    "date_zone": "local",
    "dest": "we4629srv.waynecorpinc.local",
    "dest_nt_domain": "WAYNECORPINC",
    "dest_nt_host": "we4629srv.waynecorpinc.local",
    "dvc": "we4629srv",
    "dvc_nt_host": "we4629srv",
    "event_id": "42297",
    "eventtype": [
      "windows_process_exit",
      "wineventlog_security",
      "wineventlog_windows",
      "winsec"
    ],
    "host": "we4629srv",
    "id": "42297",
    "index": "botsv1",
    "linecount": "24",
    "member_dn": "we4629srv$",
    "member_id": "NT AUTHORITY\\SYSTEM",
    "member_nt_domain": "NT AUTHORITY\\",
    "name": "A process has exited",
    "object": "WinEventLog:Security",
    "product": "Windows",
    "punct": "//_::_==___.====..=_===_=___.:t_:tt_\\t_:tt$t_:ttt_",
    "session_id": "0x3E7",
    "severity": "Information",
    "severity_id": "0",
    "signature": "A process has exited",
    "signature_id": "4689",
    "source": "WinEventLog:Security",
    "sourcetype": "WinEventLog:Security",
    "splunk_server": "kraken.local",
    "src": "we4629srv.waynecorpinc.local",
    "src_nt_domain": "NT AUTHORITY",
    "status": "success",
    "subject": "A process has exited",
    "tag": [
      "execute",
      "os",
      "process",
      "security",
      "stop",
      "windows"
    ],
    "tag::eventtype": [
      "execute",
      "os",
      "process",
      "security",
      "stop",
      "windows"
    ],
    "timeendpos": "23",
    "timestartpos": "0",
    "user": "we4629srv$",
    "vendor": "Microsoft",
    "_bkt": "botsv1~59~25FE58F7-C438-478E-AC42-625F7A4D81D6",
    "_cd": "59:345040391",
    "_eventtype_color": "none",
    "_indextime": "1473356881",
    "_pre_msg": "08/28/2016 23:58:56 PM\nLogName=Security\nSourceName=Microsoft Windows security auditing.\nEventCode=4689\nEventType=0\nType=Information\nComputerName=we4629srv.waynecorpinc.local\nTaskCategory=Process Termination\nOpCode=Info\nRecordNumber=42297\nKeywords=Audit Success",
