  {
    "Computer": "we6264srv.waynecorpinc.local",
    "DestinationIp": "192.168.250.100",
    "DestinationIsIpv6": "false",
    "DestinationPort": "59969",
    "EventChannel": "Microsoft-Windows-Sysmon/Operational",
    "EventCode": "3",
    "EventDescription": "Network Connect",
    "Image": "C:\\Windows\\System32\\dns.exe",
    "Initiated": "false",
    "Keywords": "0x8000000000000000",
    "Level": "4",
    "Opcode": "0",
    "ProcessGuid": "{46C72849-5AFF-57A9-0000-00100E7C0100}",
    "ProcessId": "1320",
    "Protocol": "udp",
    "RecordID": "264047",
    "SecurityID": "S-1-5-18",
    "SourceHostname": "we6264srv.waynecorpinc.local",
    "SourceIp": "192.168.250.20",
    "SourceIsIpv6": "false",
    "SourcePort": "53",
    "SourcePortName": "domain",
    "Task": "3",
    "TimeCreated": "2016-08-28T23:57:20.056567300Z",
    "User": "NT AUTHORITY\\SYSTEM",
    "UtcTime": "2016-08-28 23:57:20.034",
    "Version": "5",
    "action": "allowed",
    "app": "C:\\Windows\\System32\\dns.exe",
    "dest": "192.168.250.100",
    "dest_ip": "192.168.250.100",
    "dest_port": "59969",
    "direction": "inbound",
    "dvc": "we6264srv.waynecorpinc.local",
    "dvc_nt_host": "we6264srv",
    "eventtype": [
      "ms-sysmon-network",
      "wineventlog_windows"
    ],
    "host": "we6264srv",
    "index": "botsv1",
    "linecount": "2",
    "process": "dns.exe",
    "process_id": "1320",
    "protocol": "domain",
    "punct": "<_='://../////'><><_='--'_='{----}'/><></><></><><",
    "session_id": "{46C72849-5AFF-57A9-0000-00100E7C0100}",
    "signature": "Network Connect",
    "signature_id": "3",
    "source": "WinEventLog:Microsoft-Windows-Sysmon/Operational",
    "sourcetype": "XmlWinEventLog:Microsoft-Windows-Sysmon/Operational",
    "splunk_server": "kraken.local",
    "src": "we6264srv.waynecorpinc.local",
    "src_host": "we6264srv.waynecorpinc.local",
    "src_ip": "192.168.250.20",
    "src_port": "53",
    "tag": [
      "communicate",
      "network",
      "os",
      "windows"
    ],
    "tag::eventtype": [
      "communicate",
      "network",
      "os",
      "windows"
    ],
    "timestamp": "none",
    "transport": "udp",
    "user": "NT AUTHORITY\\SYSTEM",
    "vendor_product": "Microsoft Sysmon",
    "_bkt": "botsv1~59~25FE58F7-C438-478E-AC42-625F7A4D81D6",
    "_cd": "59:467633268",
    "_eventtype_color": "none",
    "_indextime": "1473358801",
    "_raw": "<Event xmlns='http://schemas.microsoft.com/win/2004/08/events/event'><System><Provider Name='Microsoft-Windows-Sysmon' Guid='{5770385F-C22A-43E0-BF4C-06F5698FFBD9}'/><EventID>3</EventID><Version>5</Version><Level>4</Level><Task>3</Task><Opcode>0</Opcode><Keywords>0x8000000000000000</Keywords><TimeCreated SystemTime='2016-08-28T23:57:20.056567300Z'/><EventRecordID>264047</EventRecordID><Correlation/><Execution ProcessID='2572' ThreadID='3796'/><Channel>Microsoft-Windows-Sysmon/Operational</Channel><Computer>we6264srv.waynecorpinc.local</Computer><Security UserID='S-1-5-18'/></System><EventData><Data Name='UtcTime'>2016-08-28 23:57:20.034</Data><Data Name='ProcessGuid'>{46C72849-5AFF-57A9-0000-00100E7C0100}</Data><Data Name='ProcessId'>1320</Data><Data Name='Image'>C:\\Windows\\System32\\dns.exe</Data><Data Name='User'>NT AUTHORITY\\SYSTEM</Data><Data Name='Protocol'>udp</Data><Data Name='Initiated'>false</Data><Data Name='SourceIsIpv6'>false</Data><Data Name='SourceIp'>192.168.250.20</Data><Data Name='SourceHostname'>we6264srv.waynecorpinc.local</Data><Data Name='SourcePort'>53</Data><Data Name='SourcePortName'>domain</Data><Data Name='DestinationIsIpv6'>false</Data><Data Name='DestinationIp'>192.168.250.100</Data><Data Name='DestinationHostname'></Data><Data Name='DestinationPort'>59969</Data><Data Name='DestinationPortName'></Data></EventData></Event>\n",
    "_serial": "24",
    "_si": [
      "kraken.local",
      "botsv1"
    ],
    "_sourcetype": "XmlWinEventLog:Microsoft-Windows-Sysmon/Operational",
    "_time": "2016-08-28 17:57:20.000 MDT"
  },
  {
    "Computer": "we7446srv.waynecorpinc.local",
    "DestinationIp": "192.168.250.70",
    "DestinationIsIpv6": "false",
    "DestinationPort": "62010",
    "EventChannel": "Microsoft-Windows-Sysmon/Operational",
    "EventCode": "3",
    "EventDescription": "Network Connect",
    "Image": "C:\\Windows\\System32\\svchost.exe",
    "Initiated": "false",
    "Keywords": "0x8000000000000000",
    "Level": "4",
    "Opcode": "0",
    "ProcessGuid": "{46C72849-5AEF-57A9-0000-001003F90000}",
    "ProcessId": "944",
    "Protocol": "udp",
    "RecordID": "344913",
    "SecurityID": "S-1-5-18",
    "SourceIp": "224.0.0.252",
    "SourceIsIpv6": "false",
    "SourcePort": "5355",
    "SourcePortName": "llmnr",
    "Task": "3",
    "TimeCreated": "2016-08-28T23:57:13.685949500Z",
    "User": "NT AUTHORITY\\NETWORK SERVICE",
    "UtcTime": "2016-08-28 23:57:13.622",
    "Version": "5",
    "action": "allowed",
    "app": "C:\\Windows\\System32\\svchost.exe",
    "dest": "192.168.250.70",
    "dest_ip": "192.168.250.70",
    "dest_port": "62010",
    "direction": "inbound",
    "dvc": "we7446srv.waynecorpinc.local",
    "dvc_nt_host": "we7446srv",
    "eventtype": [
      "ms-sysmon-network",
      "wineventlog_windows"
    ],
    "host": "we7446srv",
    "index": "botsv1",
    "linecount": "2",
    "process": "svchost.exe",
    "process_id": "944",
    "protocol": "llmnr",
    "punct": "<_='://../////'><><_='--'_='{----}'/><></><></><><",
    "session_id": "{46C72849-5AEF-57A9-0000-001003F90000}",
    "signature": "Network Connect",
    "signature_id": "3",
    "source": "WinEventLog:Microsoft-Windows-Sysmon/Operational",
    "sourcetype": "XmlWinEventLog:Microsoft-Windows-Sysmon/Operational",
    "splunk_server": "kraken.local",
    "src": "224.0.0.252",
    "src_ip": "224.0.0.252",
    "src_port": "5355",
    "tag": [
      "communicate",
      "network",
      "os",
      "windows"
    ],
    "tag::eventtype": [
      "communicate",
      "network",
      "os",
      "windows"
    ],
    "timestamp": "none",
    "transport": "udp",
    "user": "NT AUTHORITY\\NETWORK SERVICE",
    "vendor_product": "Microsoft Sysmon",
    "_bkt": "botsv1~59~25FE58F7-C438-478E-AC42-625F7A4D81D6",
    "_cd": "59:95237281",
    "_eventtype_color": "none",
    "_indextime": "1473352968",
    "_raw": "<Event xmlns='http://schemas.microsoft.com/win/2004/08/events/event'><System><Provider Name='Microsoft-Windows-Sysmon' Guid='{5770385F-C22A-43E0-BF4C-06F5698FFBD9}'/><EventID>3</EventID><Version>5</Version><Level>4</Level><Task>3</Task><Opcode>0</Opcode><Keywords>0x8000000000000000</Keywords><TimeCreated SystemTime='2016-08-28T23:57:13.685949500Z'/><EventRecordID>344913</EventRecordID><Correlation/><Execution ProcessID='2572' ThreadID='3796'/><Channel>Microsoft-Windows-Sysmon/Operational</Channel><Computer>we7446srv.waynecorpinc.local</Computer><Security UserID='S-1-5-18'/></System><EventData><Data Name='UtcTime'>2016-08-28 23:57:13.622</Data><Data Name='ProcessGuid'>{46C72849-5AEF-57A9-0000-001003F90000}</Data><Data Name='ProcessId'>944</Data><Data Name='Image'>C:\\Windows\\System32\\svchost.exe</Data><Data Name='User'>NT AUTHORITY\\NETWORK SERVICE</Data><Data Name='Protocol'>udp</Data><Data Name='Initiated'>false</Data><Data Name='SourceIsIpv6'>false</Data><Data Name='SourceIp'>224.0.0.252</Data><Data Name='SourceHostname'></Data><Data Name='SourcePort'>5355</Data><Data Name='SourcePortName'>llmnr</Data><Data Name='DestinationIsIpv6'>false</Data><Data Name='DestinationIp'>192.168.250.70</Data><Data Name='DestinationHostname'></Data><Data Name='DestinationPort'>62010</Data><Data Name='DestinationPortName'></Data></EventData></Event>\n",
    "_serial": "25",
    "_si": [
      "kraken.local",
      "botsv1"
    ],
    "_sourcetype": "XmlWinEventLog:Microsoft-Windows-Sysmon/Operational",
    "_time": "2016-08-28 17:57:13.000 MDT"
  },
  {
    "Computer": "we8383srv.waynecorpinc.local",
    "DestinationIp": "192.168.250.70",
    "DestinationIsIpv6": "false",
    "DestinationPort": "61639",
    "EventChannel": "Microsoft-Windows-Sysmon/Operational",
    "EventCode": "3",
    "EventDescription": "Network Connect",
    "Image": "System",
    "Initiated": "false",
    "Keywords": "0x8000000000000000",
    "Level": "4",
    "Opcode": "0",
    "ProcessGuid": "{46C72849-5ADF-57A9-0000-0010EB030000}",
    "ProcessId": "4",
    "Protocol": "tcp",
    "RecordID": "203495",
    "SecurityID": "S-1-5-18",
    "SourceHostname": "we8383srv.waynecorpinc.local",
    "SourceIp": "192.168.250.20",
    "SourceIsIpv6": "false",
    "SourcePort": "445",
    "SourcePortName": "microsoft-ds",
    "Task": "3",
    "TimeCreated": "2016-08-28T23:57:07.006379700Z",
    "User": "NT AUTHORITY\\SYSTEM",
    "UtcTime": "2016-08-28 23:57:07.661",
    "Version": "5",
    "action": "allowed",
    "app": "System",
    "dest": "192.168.250.70",
    "dest_ip": "192.168.250.70",
    "dest_port": "61639",
    "direction": "inbound",
    "dvc": "we8383srv.waynecorpinc.local",
    "dvc_nt_host": "we8383srv",
    "eventtype": [
      "ms-sysmon-network",
      "wineventlog_windows"
    ],
    "host": "we8383srv",
    "index": "botsv1",
    "linecount": "2",
    "process": "System",
    "process_id": "4",
    "protocol": "microsoft-ds",
    "punct": "<_='://../////'><><_='--'_='{----}'/><></><></><><",
    "session_id": "{46C72849-5ADF-57A9-0000-0010EB030000}",
    "signature": "Network Connect",
    "signature_id": "3",
    "source": "WinEventLog:Microsoft-Windows-Sysmon/Operational",
    "sourcetype": "XmlWinEventLog:Microsoft-Windows-Sysmon/Operational",
    "splunk_server": "kraken.local",
    "src": "we8383srv.waynecorpinc.local",
    "src_host": "we8383srv.waynecorpinc.local",
    "src_ip": "192.168.250.20",
    "src_port": "445",
    "tag": [
      "communicate",
      "network",
      "os",
      "windows"
    ],
    "tag::eventtype": [
      "communicate",
      "network",
      "os",
      "windows"
    ],
    "timestamp": "none",
    "transport": "tcp",
    "user": "NT AUTHORITY\\SYSTEM",
    "vendor_product": "Microsoft Sysmon",
    "_bkt": "botsv1~59~25FE58F7-C438-478E-AC42-625F7A4D81D6",
    "_cd": "59:727340921",
    "_eventtype_color": "none",
    "_indextime": "1473362866",
    "_raw": "<Event xmlns='http://schemas.microsoft.com/win/2004/08/events/event'><System><Provider Name='Microsoft-Windows-Sysmon' Guid='{5770385F-C22A-43E0-BF4C-06F5698FFBD9}'/><EventID>3</EventID><Version>5</Version><Level>4</Level><Task>3</Task><Opcode>0</Opcode><Keywords>0x8000000000000000</Keywords><TimeCreated SystemTime='2016-08-28T23:57:07.006379700Z'/><EventRecordID>203495</EventRecordID><Correlation/><Execution ProcessID='2572' ThreadID='3796'/><Channel>Microsoft-Windows-Sysmon/Operational</Channel><Computer>we8383srv.waynecorpinc.local</Computer><Security UserID='S-1-5-18'/></System><EventData><Data Name='UtcTime'>2016-08-28 23:57:07.661</Data><Data Name='ProcessGuid'>{46C72849-5ADF-57A9-0000-0010EB030000}</Data><Data Name='ProcessId'>4</Data><Data Name='Image'>System</Data><Data Name='User'>NT AUTHORITY\\SYSTEM</Data><Data Name='Protocol'>tcp</Data><Data Name='Initiated'>false</Data><Data Name='SourceIsIpv6'>false</Data><Data Name='SourceIp'>192.168.250.20</Data><Data Name='SourceHostname'>we8383srv.waynecorpinc.local</Data><Data Name='SourcePort'>445</Data><Data Name='SourcePortName'>microsoft-ds</Data><Data Name='DestinationIsIpv6'>false</Data><Data Name='DestinationIp'>192.168.250.70</Data><Data Name='DestinationHostname'></Data><Data Name='DestinationPort'>61639</Data><Data Name='DestinationPortName'></Data></EventData></Event>\n",
    "_serial": "26",
    "_si": [
      "kraken.local",
      "botsv1"
    ],
    "_sourcetype": "XmlWinEventLog:Microsoft-Windows-Sysmon/Operational",
    "_time": "2016-08-28 17:57:07.000 MDT"
  },
  {
    "Computer": "we6007srv.waynecorpinc.local",
    "DestinationIp": "157.56.144.215",
    "DestinationIsIpv6": "false",
    "DestinationPort": "3544",
    "DestinationPortName": "teredo",
    "EventChannel": "Microsoft-Windows-Sysmon/Operational",
    "EventCode": "3",
    "EventDescription": "Network Connect",
    "Image": "C:\\Windows\\System32\\svchost.exe",
    "Initiated": "true",
    "Keywords": "0x8000000000000000",
    "Level": "4",
    "Opcode": "0",
    "ProcessGuid": "{46C72849-5AEE-57A9-0000-001057E50000}",
    "ProcessId": "824",
    "Protocol": "udp",
    "RecordID": "273481",
    "SecurityID": "S-1-5-18",
    "SourceHostname": "we6007srv.waynecorpinc.local",
    "SourceIp": "192.168.250.20",
    "SourceIsIpv6": "false",
    "SourcePort": "52093",
    "Task": "3",
    "TimeCreated": "2016-08-28T23:57:06.067412200Z",
    "User": "NT AUTHORITY\\SYSTEM",
    "UtcTime": "2016-08-28 23:57:06.220",
    "Version": "5",
    "action": "allowed",
    "app": "C:\\Windows\\System32\\svchost.exe",
    "dest": "157.56.144.215",
    "dest_ip": "157.56.144.215",
    "dest_port": "3544",
    "direction": "outbound",
    "dvc": "we6007srv.waynecorpinc.local",
    "dvc_nt_host": "we6007srv",
    "eventtype": [
      "ms-sysmon-network",
      "wineventlog_windows"
    ],
    "host": "we6007srv",
    "index": "botsv1",
    "linecount": "2",
    "process": "svchost.exe",
    "process_id": "824",
    "protocol": "teredo",
    "punct": "<_='://../////'><><_='--'_='{----}'/><></><></><><",
    "session_id": "{46C72849-5AEE-57A9-0000-001057E50000}",
    "signature": "Network Connect",
    "signature_id": "3",
    "source": "WinEventLog:Microsoft-Windows-Sysmon/Operational",
    "sourcetype": "XmlWinEventLog:Microsoft-Windows-Sysmon/Operational",
    "splunk_server": "kraken.local",
    "src": "we6007srv.waynecorpinc.local",
    "src_host": "we6007srv.waynecorpinc.local",
    "src_ip": "192.168.250.20",
    "src_port": "52093",
    "tag": [
      "communicate",
      "network",
      "os",
      "windows"
    ],
    "tag::eventtype": [
      "communicate",
      "network",
      "os",
      "windows"
    ],
    "timestamp": "none",
    "transport": "udp",
    "user": "NT AUTHORITY\\SYSTEM",
    "vendor_product": "Microsoft Sysmon",
    "_bkt": "botsv1~59~25FE58F7-C438-478E-AC42-625F7A4D81D6",
    "_cd": "59:16401652",
    "_eventtype_color": "none",
    "_indextime": "1473351737",
    "_raw": "<Event xmlns='http://schemas.microsoft.com/win/2004/08/events/event'><System><Provider Name='Microsoft-Windows-Sysmon' Guid='{5770385F-C22A-43E0-BF4C-06F5698FFBD9}'/><EventID>3</EventID><Version>5</Version><Level>4</Level><Task>3</Task><Opcode>0</Opcode><Keywords>0x8000000000000000</Keywords><TimeCreated SystemTime='2016-08-28T23:57:06.067412200Z'/><EventRecordID>273481</EventRecordID><Correlation/><Execution ProcessID='2572' ThreadID='3796'/><Channel>Microsoft-Windows-Sysmon/Operational</Channel><Computer>we6007srv.waynecorpinc.local</Computer><Security UserID='S-1-5-18'/></System><EventData><Data Name='UtcTime'>2016-08-28 23:57:06.220</Data><Data Name='ProcessGuid'>{46C72849-5AEE-57A9-0000-001057E50000}</Data><Data Name='ProcessId'>824</Data><Data Name='Image'>C:\\Windows\\System32\\svchost.exe</Data><Data Name='User'>NT AUTHORITY\\SYSTEM</Data><Data Name='Protocol'>udp</Data><Data Name='Initiated'>true</Data><Data Name='SourceIsIpv6'>false</Data><Data Name='SourceIp'>192.168.250.20</Data><Data Name='SourceHostname'>we6007srv.waynecorpinc.local</Data><Data Name='SourcePort'>52093</Data><Data Name='SourcePortName'></Data><Data Name='DestinationIsIpv6'>false</Data><Data Name='DestinationIp'>157.56.144.215</Data><Data Name='DestinationHostname'></Data><Data Name='DestinationPort'>3544</Data><Data Name='DestinationPortName'>teredo</Data></EventData></Event>\n",
    "_serial": "27",
    "_si": [
      "kraken.local",
      "botsv1"
    ],
    "_sourcetype": "XmlWinEventLog:Microsoft-Windows-Sysmon/Operational",
    "_time": "2016-08-28 17:57:06.000 MDT"
  },
  {
    "Computer": "we8070srv.waynecorpinc.local",
    "DestinationIp": "192.168.250.255",
    "DestinationIsIpv6": "false",
    "DestinationPort": "138",
    "DestinationPortName": "netbios-dgm",
    "EventChannel": "Microsoft-Windows-Sysmon/Operational",
    "EventCode": "3",
    "EventDescription": "Network Connect",
    "Image": "System",
    "Initiated": "true",
    "Keywords": "0x8000000000000000",
    "Level": "4",
    "Opcode": "0",
    "ProcessGuid": "{46C72849-5ADF-57A9-0000-0010EB030000}",
    "ProcessId": "4",
    "Protocol": "udp",
    "RecordID": "392199",
    "SecurityID": "S-1-5-18",
    "SourceHostname": "we8070srv.waynecorpinc.local",
    "SourceIp": "192.168.250.20",
    "SourceIsIpv6": "false",
    "SourcePort": "138",
    "SourcePortName": "netbios-dgm",
    "Task": "3",
    "TimeCreated": "2016-08-28T23:57:03.961555000Z",
    "User": "NT AUTHORITY\\SYSTEM",
    "UtcTime": "2016-08-28 23:57:03.164",
    "Version": "5",
    "action": "allowed",
    "app": "System",
    "dest": "192.168.250.255",
    "dest_ip": "192.168.250.255",
    "dest_port": "138",
    "direction": "outbound",
    "dvc": "we8070srv.waynecorpinc.local",
    "dvc_nt_host": "we8070srv",
    "eventtype": [
      "ms-sysmon-network",
      "wineventlog_windows"
    ],
    "host": "we8070srv",
    "index": "botsv1",
    "linecount": "2",
    "process": "System",
    "process_id": "4",
    "protocol": "netbios-dgm",
    "punct": "<_='://../////'><><_='--'_='{----}'/><></><></><><",
    "session_id": "{46C72849-5ADF-57A9-0000-0010EB030000}",
    "signature": "Network Connect",
    "signature_id": "3",
    "source": "WinEventLog:Microsoft-Windows-Sysmon/Operational",
    "sourcetype": "XmlWinEventLog:Microsoft-Windows-Sysmon/Operational",
    "splunk_server": "kraken.local",
    "src": "we8070srv.waynecorpinc.local",
    "src_host": "we8070srv.waynecorpinc.local",
    "src_ip": "192.168.250.20",
    "src_port": "138",
    "tag": [
      "communicate",
      "network",
      "os",
      "windows"
    ],
    "tag::eventtype": [
      "communicate",
      "network",
      "os",
      "windows"
    ],
    "timestamp": "none",
    "transport": "udp",
    "user": "NT AUTHORITY\\SYSTEM",
    "vendor_product": "Microsoft Sysmon",
    "_bkt": "botsv1~59~25FE58F7-C438-478E-AC42-625F7A4D81D6",
    "_cd": "59:625506008",
    "_eventtype_color": "none",
    "_indextime": "1473361273",
    "_raw": "<Event xmlns='http://schemas.microsoft.com/win/2004/08/events/event'><System><Provider Name='Microsoft-Windows-Sysmon' Guid='{5770385F-C22A-43E0-BF4C-06F5698FFBD9}'/><EventID>3</EventID><Version>5</Version><Level>4</Level><Task>3</Task><Opcode>0</Opcode><Keywords>0x8000000000000000</Keywords><TimeCreated SystemTime='2016-08-28T23:57:03.961555000Z'/><EventRecordID>392199</EventRecordID><Correlation/><Execution ProcessID='2572' ThreadID='3796'/><Channel>Microsoft-Windows-Sysmon/Operational</Channel><Computer>we8070srv.waynecorpinc.local</Computer><Security UserID='S-1-5-18'/></System><EventData><Data Name='UtcTime'>2016-08-28 23:57:03.164</Data><Data Name='ProcessGuid'>{46C72849-5ADF-57A9-0000-0010EB030000}</Data><Data Name='ProcessId'>4</Data><Data Name='Image'>System</Data><Data Name='User'>NT AUTHORITY\\SYSTEM</Data><Data Name='Protocol'>udp</Data><Data Name='Initiated'>true</Data><Data Name='SourceIsIpv6'>false</Data><Data Name='SourceIp'>192.168.250.20</Data><Data Name='SourceHostname'>we8070srv.waynecorpinc.local</Data><Data Name='SourcePort'>138</Data><Data Name='SourcePortName'>netbios-dgm</Data><Data Name='DestinationIsIpv6'>false</Data><Data Name='DestinationIp'>192.168.250.255</Data><Data Name='DestinationHostname'></Data><Data Name='DestinationPort'>138</Data><Data Name='DestinationPortName'>netbios-dgm</Data></EventData></Event>\n",
    "_serial": "28",
    "_si": [
      "kraken.local",
      "botsv1"
    ],
    "_sourcetype": "XmlWinEventLog:Microsoft-Windows-Sysmon/Operational",
    "_time": "2016-08-28 17:57:03.000 MDT"
  },
  {
    "Computer": "we3633srv.waynecorpinc.local",
    "DestinationHostname": "a23-43-105-82.deploy.static.akamaitechnologies.com",
    "DestinationIp": "23.43.105.82",
    "DestinationIsIpv6": "false",
    "DestinationPort": "443",
    "DestinationPortName": "https",
    "EventChannel": "Microsoft-Windows-Sysmon/Operational",
    "EventCode": "3",
    "EventDescription": "Network Connect",
    "Image": "C:\\Windows\\System32\\svchost.exe",
    "Initiated": "true",
    "Keywords": "0x8000000000000000",
    "Level": "4",
    "Opcode": "0",
    "ProcessGuid": "{C1B8F7DD-B08A-57AA-0000-0010CAEB0000}",
    "ProcessId": "952",
    "Protocol": "tcp",
    "RecordID": "484633",
    "SecurityID": "S-1-5-18",
    "SourceHostname": "we3633srv.waynecorpinc.local",
    "SourceIp": "192.168.250.100",
    "SourceIsIpv6": "false",
    "SourcePort": "53315",
    "Task": "3",
    "TimeCreated": "2016-08-28T23:57:01.206347200Z",
    "User": "NT AUTHORITY\\SYSTEM",
    "UtcTime": "2016-08-28 23:57:01.057",
    "Version": "5",
    "action": "allowed",
    "app": "C:\\Windows\\System32\\svchost.exe",
    "dest": "a23-43-105-82.deploy.static.akamaitechnologies.com",
    "dest_host": "a23-43-105-82.deploy.static.akamaitechnologies.com",
    "dest_ip": "23.43.105.82",
    "dest_port": "443",
    "direction": "outbound",
    "dvc": "we3633srv.waynecorpinc.local",
    "dvc_nt_host": "we3633srv",
    "eventtype": [
      "ms-sysmon-network",
      "wineventlog_windows"
    ],
    "host": "we3633srv",
    "index": "botsv1",
    "linecount": "2",
    "process": "svchost.exe",
    "process_id": "952",
    "protocol": "https",
    "punct": "<_='://../////'><><_='--'_='{----}'/><></><></><><",
    "session_id": "{C1B8F7DD-B08A-57AA-0000-0010CAEB0000}",
    "signature": "Network Connect",
    "signature_id": "3",
    "source": "WinEventLog:Microsoft-Windows-Sysmon/Operational",
    "sourcetype": "XmlWinEventLog:Microsoft-Windows-Sysmon/Operational",
    "splunk_server": "kraken.local",
    "src": "we3633srv.waynecorpinc.local",
    "src_host": "we3633srv.waynecorpinc.local",
    "src_ip": "192.168.250.100",
    "src_port": "53315",
    "tag": [
      "communicate",
      "network",
      "os",
      "windows"
    ],
    "tag::eventtype": [
      "communicate",
      "network",
      "os",
      "windows"
    ],
    "timestamp": "none",
    "transport": "tcp",
    "user": "NT AUTHORITY\\SYSTEM",
    "vendor_product": "Microsoft Sysmon",
    "_bkt": "botsv1~59~25FE58F7-C438-478E-AC42-625F7A4D81D6",
    "_cd": "59:630047468",
    "_eventtype_color": "none",
    "_indextime": "1473361347",
    "_raw": "<Event xmlns='http://schemas.microsoft.com/win/2004/08/events/event'><System><Provider Name='Microsoft-Windows-Sysmon' Guid='{5770385F-C22A-43E0-BF4C-06F5698FFBD9}'/><EventID>3</EventID><Version>5</Version><Level>4</Level><Task>3</Task><Opcode>0</Opcode><Keywords>0x8000000000000000</Keywords><TimeCreated SystemTime='2016-08-28T23:57:01.206347200Z'/><EventRecordID>484633</EventRecordID><Correlation/><Execution ProcessID='1200' ThreadID='2560'/><Channel>Microsoft-Windows-Sysmon/Operational</Channel><Computer>we3633srv.waynecorpinc.local</Computer><Security UserID='S-1-5-18'/></System><EventData><Data Name='UtcTime'>2016-08-28 23:57:01.057</Data><Data Name='ProcessGuid'>{C1B8F7DD-B08A-57AA-0000-0010CAEB0000}</Data><Data Name='ProcessId'>952</Data><Data Name='Image'>C:\\Windows\\System32\\svchost.exe</Data><Data Name='User'>NT AUTHORITY\\SYSTEM</Data><Data Name='Protocol'>tcp</Data><Data Name='Initiated'>true</Data><Data Name='SourceIsIpv6'>false</Data><Data Name='SourceIp'>192.168.250.100</Data><Data Name='SourceHostname'>we3633srv.waynecorpinc.local</Data><Data Name='SourcePort'>53315</Data><Data Name='SourcePortName'></Data><Data Name='DestinationIsIpv6'>false</Data><Data Name='DestinationIp'>23.43.105.82</Data><Data Name='DestinationHostname'>a23-43-105-82.deploy.static.akamaitechnologies.com</Data><Data Name='DestinationPort'>443</Data><Data Name='DestinationPortName'>https</Data></EventData></Event>\n",
    "_serial": "29",
    "_si": [
      "kraken.local",
      "botsv1"
    ],
    "_sourcetype": "XmlWinEventLog:Microsoft-Windows-Sysmon/Operational",
    "_time": "2016-08-28 17:57:01.000 MDT"
  },
  {
    "Account_Domain": [
      "WAYNECORPINC",
      "WAYNECORPINC"
    ],
    "Account_Name": [
      "we1775srv$",
      "we1775srv$"
    ],
    "ComputerName": "we1775srv.waynecorpinc.local",
    "EventCode": "4703",
    "EventType": "0",
    "Keywords": "Audit Success",
    "LogName": "Security",
    "Logon_ID": [
      "0x3E7",
      "0x3E7"
    ],
    "Message": "A user right was adjusted.\n\nSubject:\n\tSecurity ID:\t\tNT AUTHORITY\\SYSTEM\n\tAccount Name:\t\twe1775srv$\n\tAccount Domain:\t\tWAYNECORPINC\n\tLogon ID:\t\t0x3E7\n\nTarget Account:\n\tSecurity ID:\t\tNT AUTHORITY\\SYSTEM\n\tAccount Name:\t\twe1775srv$\n\tAccount Domain:\t\tWAYNECORPINC\n\tLogon ID:\t\t0x3E7\n\nProcess Information:\n\tProcess ID:\t\t0x3b8\n\tProcess Name:\t\tC:\\Windows\\System32\\svchost.exe\n\nEnabled Privileges:\n\t\t\tSeAssignPrimaryTokenPrivilege\n\t\t\tSeIncreaseQuotaPrivilege\n\t\t\tSeSecurityPrivilege\n\t\t\tSeTakeOwnershipPrivilege\n\t\t\tSeLoadDriverPrivilege\n\t\t\tSeSystemtimePrivilege\n\t\t\tSeBackupPrivilege\n\t\t\tSeRestorePrivilege\n\t\t\tSeShutdownPrivilege\n\t\t\tSeSystemEnvironmentPrivilege\n\t\t\tSeUndockPrivilege\n\t\t\tSeManageVolumePrivilege\n\nDisabled Privileges:\n\t\t\t-",
    "OpCode": "Info",
    "Process_ID": "0x3b8",
    "Process_Name": "C:\\Windows\\System32\\svchost.exe",
    "RecordNumber": "516329",
    "Security_ID": [
      "NT AUTHORITY\\SYSTEM",
      "NT AUTHORITY\\SYSTEM"
    ],
    "SourceName": "Microsoft Windows security auditing.",
    "TaskCategory": "Authorization Policy Change",
    "Type": "Information",
    "action": "success",
    "app": "win:unknown",
    "body": "A user right was adjusted.\n\nSubject:\n\tSecurity ID:\t\tNT AUTHORITY\\SYSTEM\n\tAccount Name:\t\twe1775srv$\n\tAccount Domain:\t\tWAYNECORPINC\n\tLogon ID:\t\t0x3E7\n\nTarget Account:\n\tSecurity ID:\t\tNT AUTHORITY\\SYSTEM\n\tAccount Name:\t\twe1775srv$\n\tAccount Domain:\t\tWAYNECORPINC\n\tLogon ID:\t\t0x3E7\n\nProcess Information:\n\tProcess ID:\t\t0x3b8\n\tProcess Name:\t\tC:\\Windows\\System32\\svchost.exe\n\nEnabled Privileges:\n\t\t\tSeAssignPrimaryTokenPrivilege\n\t\t\tSeIncreaseQuotaPrivilege\n\t\t\tSeSecurityPrivilege\n\t\t\tSeTakeOwnershipPrivilege\n\t\t\tSeLoadDriverPrivilege\n\t\t\tSeSystemtimePrivilege\n\t\t\tSeBackupPrivilege\n\t\t\tSeRestorePrivilege\n\t\t\tSeShutdownPrivilege\n\t\t\tSeSystemEnvironmentPrivilege\n\t\t\tSeUndockPrivilege\n\t\t\tSeManageVolumePrivilege\n\nDisabled Privileges:\n\t\t\t-",
    "date_hour": "23",
    "date_mday": "28",
    "date_minute": "59",
    "date_month": "august",
    "date_second": "0",
    "date_wday": "sunday",
    "date_year": "2016",
    "date_zone": "local",
    "dest": "we1775srv.waynecorpinc.local",
    "dest_nt_domain": "WAYNECORPINC",
    "dest_nt_host": "we1775srv.waynecorpinc.local",
    "dvc": "we1775srv",
    "dvc_nt_host": "we1775srv",
    "event_id": "516329",
    "eventtype": [
      "wineventlog_security",
      "wineventlog_windows",
      "winsec"
    ],
    "host": "we1775srv",
    "id": "516329",
    "index": "botsv1",
    "linecount": "46",
    "member_dn": "we1775srv$\nwe1775srv$",
    "member_id": "NT AUTHORITY\\SYSTEM\nNT AUTHORITY\\SYSTEM",
    "member_nt_domain": "NT AUTHORITY\\",
    "object": "WinEventLog:Security",
    "product": "Windows",
    "punct": "//_::_==___.====..=__===_=____.:t_:tt_\\t_:tt$t_:tt",
    "session_id": "0x3E7",
    "severity": "Information",
    "severity_id": "0",
    "signature_id": "4703",
    "source": "WinEventLog:Security",
    "sourcetype": "WinEventLog:Security",
    "splunk_server": "kraken.local",
    "src": "we1775srv.waynecorpinc.local",
    "src_nt_domain": "WAYNECORPINC",
    "src_user": "we1775srv$",
    "status": "success",
    "tag": [
      "os",
      "security",
      "windows"
    ],
    "tag::eventtype": [
      "os",
      "security",
      "windows"
    ],
    "timeendpos": "23",
    "timestartpos": "0",
    "user": "we1775srv$",
    "vendor": "Microsoft",
    "_bkt": "botsv1~59~25FE58F7-C438-478E-AC42-625F7A4D81D6",
    "_cd": "59:894756562",
    "_eventtype_color": "none",
    "_indextime": "1473365532",
    "_pre_msg": "08/28/2016 23:59:00 PM\nLogName=Security\nSourceName=Microsoft Windows security auditing.\nEventCode=4703\nEventType=0\nType=Information\nComputerName=we1775srv.waynecorpinc.local\nTaskCategory=Authorization Policy Change\nOpCode=Info\nRecordNumber=516329\nKeywords=Audit Success",
    "_raw": "08/28/2016 23:59:00 PM\nLogName=Security\nSourceName=Microsoft Windows security auditing.\nEventCode=4703\nEventType=0\nType=Information\nComputerName=we1775srv.waynecorpinc.local\nTaskCategory=Authorization Policy Change\nOpCode=Info\nRecordNumber=516329\nKeywords=Audit Success\nMessage=A user right was adjusted.\n\nSubject:\n\tSecurity ID:\t\tNT AUTHORITY\\SYSTEM\n\tAccount Name:\t\twe1775srv$\n\tAccount Domain:\t\tWAYNECORPINC\n\tLogon ID:\t\t0x3E7\n\nTarget Account:\n\tSecurity ID:\t\tNT AUTHORITY\\SYSTEM\n\tAccount Name:\t\twe1775srv$\n\tAccount Domain:\t\tWAYNECORPINC\n\tLogon ID:\t\t0x3E7\n\nProcess Information:\n\tProcess ID:\t\t0x3b8\n\tProcess Name:\t\tC:\\Windows\\System32\\svchost.exe\n\nEnabled Privileges:\n\t\t\tSeAssignPrimaryTokenPrivilege\n\t\t\tSeIncreaseQuotaPrivilege\n\t\t\tSeSecurityPrivilege\n\t\t\tSeTakeOwnershipPrivilege\n\t\t\tSeLoadDriverPrivilege\n\t\t\tSeSystemtimePrivilege\n\t\t\tSeBackupPrivilege\n\t\t\tSeRestorePrivilege\n\t\t\tSeShutdownPrivilege\n\t\t\tSeSystemEnvironmentPrivilege\n\t\t\tSeUndockPrivilege\n\t\t\tSeManageVolumePrivilege\n\nDisabled Privileges:\n\t\t\t-\n",
    "_serial": "0",
    "_si": [
      "kraken.local",
      "botsv1"
    ],
    "_sourcetype": "WinEventLog:Security",
    "_time": "2016-08-28 17:59:00.000 MDT"
  },
  {
    "Account_Domain": "WAYNECORPINC",
    "Account_Name": "we6439srv$",
    "ComputerName": "we6439srv.waynecorpinc.local",
    "Creator_Process_ID": "0xddc",
    "EventCode": "4688",
    "EventType": "0",
    "Keywords": "Audit Success",
    "LogName": "Security",
    "Logon_ID": "0x3E7",
    "Message": "A new process has been created.\n\nSubject:\n\tSecurity ID:\t\tNT AUTHORITY\\SYSTEM\n\tAccount Name:\t\twe6439srv$\n\tAccount Domain:\t\tWAYNECORPINC\n\tLogon ID:\t\t0x3E7\n\nProcess Information:\n\tNew Process ID:\t\t0x740\n\tNew Process Name:\tC:\\Program Files\\SplunkUniversalForwarder\\bin\\splunk-netmon.exe\n\tToken Elevation Type:\tTokenElevationTypeDefault (1)\n\tCreator Process ID:\t0xddc\n\tProcess Command Line:\t\"C:\\Program Files\\SplunkUniversalForwarder\\bin\\splunk-netmon.exe\"\n\nToken Elevation Type indicates the type of token that was assigned to the new process in accordance with User Account Control policy.\n\nType 1 is a full token with no privileges removed or groups disabled.  A full token is only used if User Account Control is disabled or if the user is the built-in Administrator account or a service account.\n\nType 2 is an elevated token with no privileges removed or groups disabled.  An elevated token is used when User Account Control is enabled and the user chooses to start the program using Run as administrator.  An elevated token is also used when an application is configured to always require administrative privilege or to always require maximum privilege, and the user is a member of the Administrators group.\n\nType 3 is a limited token with administrative privileges removed and administrative groups disabled.  The limited token is used when User Account Control is enabled, the application does not require administrative privilege, and the user does not choose to start the program using Run as administrator.",
    "New_Process_ID": "0x740",
    "New_Process_Name": "C:\\Program Files\\SplunkUniversalForwarder\\bin\\splunk-netmon.exe",
    "OpCode": "Info",
    "Process_Command_Line": "\"C:\\Program Files\\SplunkUniversalForwarder\\bin\\splunk-netmon.exe\"",
    "RecordNumber": "16128",
    "Security_ID": "NT AUTHORITY\\SYSTEM",
    "SourceName": "Microsoft Windows security auditing.",
    "TaskCategory": "Process Creation",
    "Token_Elevation_Type": "TokenElevationTypeDefault (1)",
    "Token_Elevation_Type_id": "1",
    "Type": "Information",
    "action": "success",
    "app": "win:unknown",
    "body": "A new process has been created.\n\nSubject:\n\tSecurity ID:\t\tNT AUTHORITY\\SYSTEM\n\tAccount Name:\t\twe6439srv$\n\tAccount Domain:\t\tWAYNECORPINC\n\tLogon ID:\t\t0x3E7\n\nProcess Information:\n\tNew Process ID:\t\t0x740\n\tNew Process Name:\tC:\\Program Files\\SplunkUniversalForwarder\\bin\\splunk-netmon.exe\n\tToken Elevation Type:\tTokenElevationTypeDefault (1)\n\tCreator Process ID:\t0xddc\n\tProcess Command Line:\t\"C:\\Program Files\\SplunkUniversalForwarder\\bin\\splunk-netmon.exe\"\n\nToken Elevation Type indicates the type of token that was assigned to the new process in accordance with User Account Control policy.\n\nType 1 is a full token with no privileges removed or groups disabled.  A full token is only used if User Account Control is disabled or if the user is the built-in Administrator account or a service account.\n\nType 2 is an elevated token with no privileges removed or groups disabled.  An elevated token is used when User Account Control is enabled and the user chooses to start the program using Run as administrator.  An elevated token is also used when an application is configured to always require administrative privilege or to always require maximum privilege, and the user is a member of the Administrators group.\n\nType 3 is a limited token with administrative privileges removed and administrative groups disabled.  The limited token is used when User Account Control is enabled, the application does not require administrative privilege, and the user does not choose to start the program using Run as administrator.",
    "date_hour": "23",
    "date_mday": "28",
    "date_minute": "59",
    "date_month": "august",
    "date_second": "0",
    "date_wday": "sunday",
    "date_year": "2016",
    "date_zone": "local",
    "dest": "we6439srv.waynecorpinc.local",
    "dest_nt_domain": "WAYNECORPINC",
    "dest_nt_host": "we6439srv.waynecorpinc.local",
    "dvc": "we6439srv",
    "dvc_nt_host": "we6439srv",
    "event_id": "16128",
    "eventtype": [
      "windows_process_new",
      "wineventlog_security",
      "wineventlog_windows",
      "winsec"
    ],
    "host": "we6439srv",
    "id": "16128",
    "index": "botsv1",
    "linecount": "34",
    "member_dn": "we6439srv$",
    "member_id": "NT AUTHORITY\\SYSTEM",
    "member_nt_domain": "NT AUTHORITY\\",
    "name": "A new process has been created",
    "object": "WinEventLog:Security",
    "product": "Windows",
    "punct": "//_::_==___.====..=_===_=_____.:t_:tt_\\t_:tt$t_:tt",
    "session_id": "0x3E7",
    "severity": "Information",
    "severity_id": "0",
    "signature": "A new process has been created",
    "signature_id": "4688",
    "source": "WinEventLog:Security",
    "sourcetype": "WinEventLog:Security",
    "splunk_server": "kraken.local",
    "src": "we6439srv.waynecorpinc.local",
    "src_nt_domain": "NT AUTHORITY",
    "status": "success",
    "subject": "A new process has been created",
    "tag": [
      "execute",
      "os",
      "process",
      "security",
      "start",
      "windows"
    ],
    "tag::eventtype": [
      "execute",
      "os",
      "process",
      "security",
      "start",
      "windows"
    ],
    "timeendpos": "23",
    "timestartpos": "0",
    "user": "we6439srv$",
    "vendor": "Microsoft",
    "_bkt": "botsv1~59~25FE58F7-C438-478E-AC42-625F7A4D81D6",
    "_cd": "59:872600133",
    "_eventtype_color": "none",
    "_indextime": "1473365156",
    "_pre_msg": "08/28/2016 23:59:00 PM\nLogName=Security\nSourceName=Microsoft Windows security auditing.\nEventCode=4688\nEventType=0\nType=Information\nComputerName=we6439srv.waynecorpinc.local\nTaskCategory=Process Creation\nOpCode=Info\nRecordNumber=16128\nKeywords=Audit Success",
    "_raw": "08/28/2016 23:59:00 PM\nLogName=Security\nSourceName=Microsoft Windows security auditing.\nEventCode=4688\nEventType=0\nType=Information\nComputerName=we6439srv.waynecorpinc.local\nTaskCategory=Process Creation\nOpCode=Info\nRecordNumber=16128\nKeywords=Audit Success\nMessage=A new process has been created.\n\nSubject:\n\tSecurity ID:\t\tNT AUTHORITY\\SYSTEM\n\tAccount Name:\t\twe6439srv$\n\tAccount Domain:\t\tWAYNECORPINC\n\tLogon ID:\t\t0x3E7\n\nProcess Information:\n\tNew Process ID:\t\t0x740\n\tNew Process Name:\tC:\\Program Files\\SplunkUniversalForwarder\\bin\\splunk-netmon.exe\n\tToken Elevation Type:\tTokenElevationTypeDefault (1)\n\tCreator Process ID:\t0xddc\n\tProcess Command Line:\t\"C:\\Program Files\\SplunkUniversalForwarder\\bin\\splunk-netmon.exe\"\n\nToken Elevation Type indicates the type of token that was assigned to the new process in accordance with User Account Control policy.\n\nType 1 is a full token with no privileges removed or groups disabled.  A full token is only used if User Account Control is disabled or if the user is the built-in Administrator account or a service account.\n\nType 2 is an elevated token with no privileges removed or groups disabled.  An elevated token is used when User Account Control is enabled and the user chooses to start the program using Run as administrator.  An elevated token is also used when an application is configured to always require administrative privilege or to always require maximum privilege, and the user is a member of the Administrators group.\n\nType 3 is a limited token with administrative privileges removed and administrative groups disabled.  The limited token is used when User Account Control is enabled, the application does not require administrative privilege, and the user does not choose to start the program using Run as administrator.\n",
    "_serial": "1",
    "_si": [
      "kraken.local",
      "botsv1"
    ],
    "_sourcetype": "WinEventLog:Security",
    "_time": "2016-08-28 17:59:00.000 MDT"
  },
  {
    "Account_Domain": [
      "WAYNECORPINC",
      "WAYNECORPINC"
    ],
    "Account_Name": [
      "we8882srv$",
      "we8882srv$"
    ],
    "ComputerName": "we8882srv.waynecorpinc.local",
    "EventCode": "4703",
    "EventType": "0",
    "Keywords": "Audit Success",
    "LogName": "Security",
    "Logon_ID": [
      "0x3E7",
      "0x3E7"
    ],
    "Message": "A user right was adjusted.\n\nSubject:\n\tSecurity ID:\t\tNT AUTHORITY\\SYSTEM\n\tAccount Name:\t\twe8882srv$\n\tAccount Domain:\t\tWAYNECORPINC\n\tLogon ID:\t\t0x3E7\n\nTarget Account:\n\tSecurity ID:\t\tNT AUTHORITY\\SYSTEM\n\tAccount Name:\t\twe8882srv$\n\tAccount Domain:\t\tWAYNECORPINC\n\tLogon ID:\t\t0x3E7\n\nProcess Information:\n\tProcess ID:\t\t0x15c4\n\tProcess Name:\t\tC:\\Windows\\WinSxS\\amd64_microsoft-windows-servicingstack_31bf3856ad364e35_10.0.10586.486_none_7640e086266ea227\\TiWorker.exe\n\nEnabled Privileges:\n\t\t\tSeSecurityPrivilege\n\nDisabled Privileges:\n\t\t\t-",
    "OpCode": "Info",
    "Process_ID": "0x15c4",
    "Process_Name": "C:\\Windows\\WinSxS\\amd64_microsoft-windows-servicingstack_31bf3856ad364e35_10.0.10586.486_none_7640e086266ea227\\TiWorker.exe",
    "RecordNumber": "527591",
    "Security_ID": [
      "NT AUTHORITY\\SYSTEM",
      "NT AUTHORITY\\SYSTEM"
    ],
    "SourceName": "Microsoft Windows security auditing.",
    "TaskCategory": "Authorization Policy Change",
    "Type": "Information",
    "action": "success",
    "app": "win:unknown",
    "body": "A user right was adjusted.\n\nSubject:\n\tSecurity ID:\t\tNT AUTHORITY\\SYSTEM\n\tAccount Name:\t\twe8882srv$\n\tAccount Domain:\t\tWAYNECORPINC\n\tLogon ID:\t\t0x3E7\n\nTarget Account:\n\tSecurity ID:\t\tNT AUTHORITY\\SYSTEM\n\tAccount Name:\t\twe8882srv$\n\tAccount Domain:\t\tWAYNECORPINC\n\tLogon ID:\t\t0x3E7\n\nProcess Information:\n\tProcess ID:\t\t0x15c4\n\tProcess Name:\t\tC:\\Windows\\WinSxS\\amd64_microsoft-windows-servicingstack_31bf3856ad364e35_10.0.10586.486_none_7640e086266ea227\\TiWorker.exe\n\nEnabled Privileges:\n\t\t\tSeSecurityPrivilege\n\nDisabled Privileges:\n\t\t\t-",
    "date_hour": "23",
    "date_mday": "28",
    "date_minute": "59",
    "date_month": "august",
    "date_second": "0",
    "date_wday": "sunday",
    "date_year": "2016",
    "date_zone": "local",
    "dest": "we8882srv.waynecorpinc.local",
    "dest_nt_domain": "WAYNECORPINC",
    "dest_nt_host": "we8882srv.waynecorpinc.local",
    "dvc": "we8882srv",
    "dvc_nt_host": "we8882srv",
    "event_id": "527591",
    "eventtype": [
      "wineventlog_security",
      "wineventlog_windows",
      "winsec"
    ],
    "host": "we8882srv",
    "id": "527591",
    "index": "botsv1",
    "linecount": "35",
    "member_dn": "we8882srv$\nwe8882srv$",
    "member_id": "NT AUTHORITY\\SYSTEM\nNT AUTHORITY\\SYSTEM",
    "member_nt_domain": "NT AUTHORITY\\",
    "object": "WinEventLog:Security",
    "product": "Windows",
    "punct": "//_::_==___.====..=__===_=____.:t_:tt_\\t_:tt$t_:tt",
    "session_id": "0x3E7",
    "severity": "Information",
    "severity_id": "0",
    "signature_id": "4703",
    "source": "WinEventLog:Security",
    "sourcetype": "WinEventLog:Security",
    "splunk_server": "kraken.local",
    "src": "we8882srv.waynecorpinc.local",
    "src_nt_domain": "WAYNECORPINC",
    "src_user": "we8882srv$",
    "status": "success",
    "tag": [
      "os",
      "security",
      "windows"
    ],
    "tag::eventtype": [
      "os",
      "security",
      "windows"
    ],
    "timeendpos": "23",
    "timestartpos": "0",
    "user": "we8882srv$",
    "vendor": "Microsoft",
    "_bkt": "botsv1~59~25FE58F7-C438-478E-AC42-625F7A4D81D6",
    "_cd": "59:822505149",
    "_eventtype_color": "none",
    "_indextime": "1473364363",
    "_pre_msg": "08/28/2016 23:59:00 PM\nLogName=Security\nSourceName=Microsoft Windows security auditing.\nEventCode=4703\nEventType=0\nType=Information\nComputerName=we8882srv.waynecorpinc.local\nTaskCategory=Authorization Policy Change\nOpCode=Info\nRecordNumber=527591\nKeywords=Audit Success",
    "_raw": "08/28/2016 23:59:00 PM\nLogName=Security\nSourceName=Microsoft Windows security auditing.\nEventCode=4703\nEventType=0\nType=Information\nComputerName=we8882srv.waynecorpinc.local\nTaskCategory=Authorization Policy Change\nOpCode=Info\nRecordNumber=527591\nKeywords=Audit Success\nMessage=A user right was adjusted.\n\nSubject:\n\tSecurity ID:\t\tNT AUTHORITY\\SYSTEM\n\tAccount Name:\t\twe8882srv$\n\tAccount Domain:\t\tWAYNECORPINC\n\tLogon ID:\t\t0x3E7\n\nTarget Account:\n\tSecurity ID:\t\tNT AUTHORITY\\SYSTEM\n\tAccount Name:\t\twe8882srv$\n\tAccount Domain:\t\tWAYNECORPINC\n\tLogon ID:\t\t0x3E7\n\nProcess Information:\n\tProcess ID:\t\t0x15c4\n\tProcess Name:\t\tC:\\Windows\\WinSxS\\amd64_microsoft-windows-servicingstack_31bf3856ad364e35_10.0.10586.486_none_7640e086266ea227\\TiWorker.exe\n\nEnabled Privileges:\n\t\t\tSeSecurityPrivilege\n\nDisabled Privileges:\n\t\t\t-\n",
    "_serial": "2",
    "_si": [
      "kraken.local",
      "botsv1"
    ],
    "_sourcetype": "WinEventLog:Security",
    "_time": "2016-08-28 17:59:00.000 MDT"
  },
