  {
    "Computer": "we6902srv.waynecorpinc.local",
    "DestinationIp": "157.56.144.215",
    "DestinationIsIpv6": "false",
    "DestinationPort": "3544",
    "DestinationPortName": "teredo",
    "EventChannel": "Microsoft-Windows-Sysmon/Operational",
    "EventCode": "3",
    "EventDescription": "Network Connect",
    "Image": "C:\\Windows\\System32\\svchost.exe",
    "Initiated": "true",
    "Keywords": "0x8000000000000000",
    "Level": "4",
    "Opcode": "0",
    "ProcessGuid": "{46C72849-5AEE-57A9-0000-001057E50000}",
    "ProcessId": "824",
    "Protocol": "udp",
    "RecordID": "327971",
    "SecurityID": "S-1-5-18",
    "SourceHostname": "we6902srv.waynecorpinc.local",
    "SourceIp": "192.168.250.20",
    "SourceIsIpv6": "false",
    "SourcePort": "52093",
    "Task": "3",
    "TimeCreated": "2016-08-28T23:58:23.622216900Z",
    "User": "NT AUTHORITY\\SYSTEM",
    "UtcTime": "2016-08-28 23:58:23.228",
    "Version": "5",
    "action": "allowed",
    "app": "C:\\Windows\\System32\\svchost.exe",
    "dest": "157.56.144.215",
    "dest_ip": "157.56.144.215",
    "dest_port": "3544",
    "direction": "outbound",
    "dvc": "we6902srv.waynecorpinc.local",
    "dvc_nt_host": "we6902srv",
    "eventtype": [
      "ms-sysmon-network",
      "wineventlog_windows"
    ],
    "host": "we6902srv",
    "index": "botsv1",
    "linecount": "2",
    "process": "svchost.exe",
    "process_id": "824",
    "protocol": "teredo",
    "punct": "<_='://../////'><><_='--'_='{----}'/><></><></><><",
    "session_id": "{46C72849-5AEE-57A9-0000-001057E50000}",
    "signature": "Network Connect",
    "signature_id": "3",
    "source": "WinEventLog:Microsoft-Windows-Sysmon/Operational",
    "sourcetype": "XmlWinEventLog:Microsoft-Windows-Sysmon/Operational",
    "splunk_server": "kraken.local",
    "src": "we6902srv.waynecorpinc.local",
    "src_host": "we6902srv.waynecorpinc.local",
    "src_ip": "192.168.250.20",
    "src_port": "52093",
    "tag": [
      "communicate",
      "network",
      "os",
      "windows"
    ],
    "tag::eventtype": [
      "communicate",
      "network",
      "os",
      "windows"
    ],
    "timestamp": "none",
    "transport": "udp",
    "user": "NT AUTHORITY\\SYSTEM",
    "vendor_product": "Microsoft Sysmon",
    "_bkt": "botsv1~59~25FE58F7-C438-478E-AC42-625F7A4D81D6",
    "_cd": "59:648586535",
    "_eventtype_color": "none",
    "_indextime": "1473361634",
    "_raw": "<Event xmlns='http://schemas.microsoft.com/win/2004/08/events/event'><System><Provider Name='Microsoft-Windows-Sysmon' Guid='{5770385F-C22A-43E0-BF4C-06F5698FFBD9}'/><EventID>3</EventID><Version>5</Version><Level>4</Level><Task>3</Task><Opcode>0</Opcode><Keywords>0x8000000000000000</Keywords><TimeCreated SystemTime='2016-08-28T23:58:23.622216900Z'/><EventRecordID>327971</EventRecordID><Correlation/><Execution ProcessID='2572' ThreadID='3796'/><Channel>Microsoft-Windows-Sysmon/Operational</Channel><Computer>we6902srv.waynecorpinc.local</Computer><Security UserID='S-1-5-18'/></System><EventData><Data Name='UtcTime'>2016-08-28 23:58:23.228</Data><Data Name='ProcessGuid'>{46C72849-5AEE-57A9-0000-001057E50000}</Data><Data Name='ProcessId'>824</Data><Data Name='Image'>C:\\Windows\\System32\\svchost.exe</Data><Data Name='User'>NT AUTHORITY\\SYSTEM</Data><Data Name='Protocol'>udp</Data><Data Name='Initiated'>true</Data><Data Name='SourceIsIpv6'>false</Data><Data Name='SourceIp'>192.168.250.20</Data><Data Name='SourceHostname'>we6902srv.waynecorpinc.local</Data><Data Name='SourcePort'>52093</Data><Data Name='SourcePortName'></Data><Data Name='DestinationIsIpv6'>false</Data><Data Name='DestinationIp'>157.56.144.215</Data><Data Name='DestinationHostname'></Data><Data Name='DestinationPort'>3544</Data><Data Name='DestinationPortName'>teredo</Data></EventData></Event>\n",
    "_serial": "12",
    "_si": [
      "kraken.local",
      "botsv1"
    ],
    "_sourcetype": "XmlWinEventLog:Microsoft-Windows-Sysmon/Operational",
    "_time": "2016-08-28 17:58:23.000 MDT"
  },
  {
    "Computer": "we7404srv.waynecorpinc.local",
    "DestinationHostname": "we7404srv.waynecorpinc.local",
    "DestinationIp": "192.168.250.20",
    "DestinationIsIpv6": "false",
    "DestinationPort": "53",
    "DestinationPortName": "domain",
    "EventChannel": "Microsoft-Windows-Sysmon/Operational",
    "EventCode": "3",
    "EventDescription": "Network Connect",
    "Image": "C:\\Windows\\System32\\lsass.exe",
    "Initiated": "true",
    "Keywords": "0x8000000000000000",
    "Level": "4",
    "Opcode": "0",
    "ProcessGuid": "{46C72849-5AE8-57A9-0000-0010947F0000}",
    "ProcessId": "452",
    "Protocol": "udp",
    "RecordID": "372442",
    "SecurityID": "S-1-5-18",
    "SourceHostname": "we7404srv.waynecorpinc.local",
    "SourceIp": "192.168.250.20",
    "SourceIsIpv6": "false",
    "SourcePort": "57913",
    "Task": "3",
    "TimeCreated": "2016-08-28T23:58:17.577049900Z",
    "User": "NT AUTHORITY\\SYSTEM",
    "UtcTime": "2016-08-28 23:58:17.597",
    "Version": "5",
    "action": "allowed",
    "app": "C:\\Windows\\System32\\lsass.exe",
    "dest": "we7404srv.waynecorpinc.local",
    "dest_host": "we7404srv.waynecorpinc.local",
    "dest_ip": "192.168.250.20",
    "dest_port": "53",
    "direction": "outbound",
    "dvc": "we7404srv.waynecorpinc.local",
    "dvc_nt_host": "we7404srv",
    "eventtype": [
      "ms-sysmon-network",
      "wineventlog_windows"
    ],
    "host": "we7404srv",
    "index": "botsv1",
    "linecount": "2",
    "process": "lsass.exe",
    "process_id": "452",
    "protocol": "domain",
    "punct": "<_='://../////'><><_='--'_='{----}'/><></><></><><",
    "session_id": "{46C72849-5AE8-57A9-0000-0010947F0000}",
    "signature": "Network Connect",
    "signature_id": "3",
    "source": "WinEventLog:Microsoft-Windows-Sysmon/Operational",
    "sourcetype": "XmlWinEventLog:Microsoft-Windows-Sysmon/Operational",
    "splunk_server": "kraken.local",
    "src": "we7404srv.waynecorpinc.local",
    "src_host": "we7404srv.waynecorpinc.local",
    "src_ip": "192.168.250.20",
    "src_port": "57913",
    "tag": [
      "communicate",
      "network",
      "os",
      "windows"
    ],
    "tag::eventtype": [
      "communicate",
      "network",
      "os",
      "windows"
    ],
    "timestamp": "none",
    "transport": "udp",
    "user": "NT AUTHORITY\\SYSTEM",
    "vendor_product": "Microsoft Sysmon",
    "_bkt": "botsv1~59~25FE58F7-C438-478E-AC42-625F7A4D81D6",
    "_cd": "59:796882447",
    "_eventtype_color": "none",
    "_indextime": "1473363963",
    "_raw": "<Event xmlns='http://schemas.microsoft.com/win/2004/08/events/event'><System><Provider Name='Microsoft-Windows-Sysmon' Guid='{5770385F-C22A-43E0-BF4C-06F5698FFBD9}'/><EventID>3</EventID><Version>5</Version><Level>4</Level><Task>3</Task><Opcode>0</Opcode><Keywords>0x8000000000000000</Keywords><TimeCreated SystemTime='2016-08-28T23:58:17.577049900Z'/><EventRecordID>372442</EventRecordID><Correlation/><Execution ProcessID='2572' ThreadID='3796'/><Channel>Microsoft-Windows-Sysmon/Operational</Channel><Computer>we7404srv.waynecorpinc.local</Computer><Security UserID='S-1-5-18'/></System><EventData><Data Name='UtcTime'>2016-08-28 23:58:17.597</Data><Data Name='ProcessGuid'>{46C72849-5AE8-57A9-0000-0010947F0000}</Data><Data Name='ProcessId'>452</Data><Data Name='Image'>C:\\Windows\\System32\\lsass.exe</Data><Data Name='User'>NT AUTHORITY\\SYSTEM</Data><Data Name='Protocol'>udp</Data><Data Name='Initiated'>true</Data><Data Name='SourceIsIpv6'>false</Data><Data Name='SourceIp'>192.168.250.20</Data><Data Name='SourceHostname'>we7404srv.waynecorpinc.local</Data><Data Name='SourcePort'>57913</Data><Data Name='SourcePortName'></Data><Data Name='DestinationIsIpv6'>false</Data><Data Name='DestinationIp'>192.168.250.20</Data><Data Name='DestinationHostname'>we7404srv.waynecorpinc.local</Data><Data Name='DestinationPort'>53</Data><Data Name='DestinationPortName'>domain</Data></EventData></Event>\n",
    "_serial": "13",
    "_si": [
      "kraken.local",
      "botsv1"
    ],
    "_sourcetype": "XmlWinEventLog:Microsoft-Windows-Sysmon/Operational",
    "_time": "2016-08-28 17:58:17.000 MDT"
  },
  {
    "Computer": "we6462srv.waynecorpinc.local",
    "DestinationHostname": "a23-218-156-64.deploy.static.akamaitechnologies.com",
    "DestinationIp": "23.218.156.64",
    "DestinationIsIpv6": "false",
    "DestinationPort": "80",
    "DestinationPortName": "http",
    "EventChannel": "Microsoft-Windows-Sysmon/Operational",
    "EventCode": "3",
    "EventDescription": "Network Connect",
    "Image": "C:\\Windows\\System32\\svchost.exe",
    "Initiated": "true",
    "Keywords": "0x8000000000000000",
    "Level": "4",
    "Opcode": "0",
    "ProcessGuid": "{E500B0EA-219B-57AA-0000-0010E60B0100}",
    "ProcessId": "872",
    "Protocol": "tcp",
    "RecordID": "215306",
    "SecurityID": "S-1-5-18",
    "SourceHostname": "we6462srv.waynecorpinc.local",
    "SourceIp": "192.168.250.70",
    "SourceIsIpv6": "false",
    "SourcePort": "62248",
    "Task": "3",
    "TimeCreated": "2016-08-28T23:58:10.916361700Z",
    "User": "NT AUTHORITY\\NETWORK SERVICE",
    "UtcTime": "2016-08-28 23:58:10.111",
    "Version": "5",
    "action": "allowed",
    "app": "C:\\Windows\\System32\\svchost.exe",
    "dest": "a23-218-156-64.deploy.static.akamaitechnologies.com",
    "dest_host": "a23-218-156-64.deploy.static.akamaitechnologies.com",
    "dest_ip": "23.218.156.64",
    "dest_port": "80",
    "direction": "outbound",
    "dvc": "we6462srv.waynecorpinc.local",
    "dvc_nt_host": "we6462srv",
    "eventtype": [
      "ms-sysmon-network",
      "wineventlog_windows"
    ],
    "host": "we6462srv",
    "index": "botsv1",
    "linecount": "2",
    "process": "svchost.exe",
    "process_id": "872",
    "protocol": "http",
    "punct": "<_='://../////'><><_='--'_='{----}'/><></><></><><",
    "session_id": "{E500B0EA-219B-57AA-0000-0010E60B0100}",
    "signature": "Network Connect",
    "signature_id": "3",
    "source": "WinEventLog:Microsoft-Windows-Sysmon/Operational",
    "sourcetype": "XmlWinEventLog:Microsoft-Windows-Sysmon/Operational",
    "splunk_server": "kraken.local",
    "src": "we6462srv.waynecorpinc.local",
    "src_host": "we6462srv.waynecorpinc.local",
    "src_ip": "192.168.250.70",
    "src_port": "62248",
    "tag": [
      "communicate",
      "network",
      "os",
      "windows"
    ],
    "tag::eventtype": [
      "communicate",
      "network",
      "os",
      "windows"
    ],
    "timestamp": "none",
    "transport": "tcp",
    "user": "NT AUTHORITY\\NETWORK SERVICE",
    "vendor_product": "Microsoft Sysmon",
    "_bkt": "botsv1~59~25FE58F7-C438-478E-AC42-625F7A4D81D6",
    "_cd": "59:611576183",
    "_eventtype_color": "none",
    "_indextime": "1473361056",
    "_raw": "<Event xmlns='http://schemas.microsoft.com/win/2004/08/events/event'><System><Provider Name='Microsoft-Windows-Sysmon' Guid='{5770385F-C22A-43E0-BF4C-06F5698FFBD9}'/><EventID>3</EventID><Version>5</Version><Level>4</Level><Task>3</Task><Opcode>0</Opcode><Keywords>0x8000000000000000</Keywords><TimeCreated SystemTime='2016-08-28T23:58:10.916361700Z'/><EventRecordID>215306</EventRecordID><Correlation/><Execution ProcessID='1296' ThreadID='1384'/><Channel>Microsoft-Windows-Sysmon/Operational</Channel><Computer>we6462srv.waynecorpinc.local</Computer><Security UserID='S-1-5-18'/></System><EventData><Data Name='UtcTime'>2016-08-28 23:58:10.111</Data><Data Name='ProcessGuid'>{E500B0EA-219B-57AA-0000-0010E60B0100}</Data><Data Name='ProcessId'>872</Data><Data Name='Image'>C:\\Windows\\System32\\svchost.exe</Data><Data Name='User'>NT AUTHORITY\\NETWORK SERVICE</Data><Data Name='Protocol'>tcp</Data><Data Name='Initiated'>true</Data><Data Name='SourceIsIpv6'>false</Data><Data Name='SourceIp'>192.168.250.70</Data><Data Name='SourceHostname'>we6462srv.waynecorpinc.local</Data><Data Name='SourcePort'>62248</Data><Data Name='SourcePortName'></Data><Data Name='DestinationIsIpv6'>false</Data><Data Name='DestinationIp'>23.218.156.64</Data><Data Name='DestinationHostname'>a23-218-156-64.deploy.static.akamaitechnologies.com</Data><Data Name='DestinationPort'>80</Data><Data Name='DestinationPortName'>http</Data></EventData></Event>\n",
    "_serial": "14",
    "_si": [
      "kraken.local",
      "botsv1"
    ],
    "_sourcetype": "XmlWinEventLog:Microsoft-Windows-Sysmon/Operational",
    "_time": "2016-08-28 17:58:10.000 MDT"
  },
  {
    "Computer": "we7183srv.waynecorpinc.local",
    "DestinationHostname": "a23-203-184-161.deploy.static.akamaitechnologies.com",
    "DestinationIp": "23.203.184.161",
    "DestinationIsIpv6": "false",
    "DestinationPort": "443",
    "DestinationPortName": "https",
    "EventChannel": "Microsoft-Windows-Sysmon/Operational",
    "EventCode": "3",
    "EventDescription": "Network Connect",
    "Image": "C:\\Windows\\System32\\svchost.exe",
    "Initiated": "true",
    "Keywords": "0x8000000000000000",
    "Level": "4",
    "Opcode": "0",
    "ProcessGuid": "{C1B8F7DD-B08A-57AA-0000-0010CAEB0000}",
    "ProcessId": "952",
    "Protocol": "tcp",
    "RecordID": "396400",
    "SecurityID": "S-1-5-18",
    "SourceHostname": "we7183srv.waynecorpinc.local",
    "SourceIp": "192.168.250.100",
    "SourceIsIpv6": "false",
    "SourcePort": "52222",
    "Task": "3",
    "TimeCreated": "2016-08-28T23:58:08.284323500Z",
    "User": "NT AUTHORITY\\SYSTEM",
    "UtcTime": "2016-08-28 23:58:08.622",
    "Version": "5",
    "action": "allowed",
    "app": "C:\\Windows\\System32\\svchost.exe",
    "dest": "a23-203-184-161.deploy.static.akamaitechnologies.com",
    "dest_host": "a23-203-184-161.deploy.static.akamaitechnologies.com",
    "dest_ip": "23.203.184.161",
    "dest_port": "443",
    "direction": "outbound",
    "dvc": "we7183srv.waynecorpinc.local",
    "dvc_nt_host": "we7183srv",
    "eventtype": [
      "ms-sysmon-network",
      "wineventlog_windows"
    ],
    "host": "we7183srv",
    "index": "botsv1",
    "linecount": "2",
    "process": "svchost.exe",
    "process_id": "952",
    "protocol": "https",
    "punct": "<_='://../////'><><_='--'_='{----}'/><></><></><><",
    "session_id": "{C1B8F7DD-B08A-57AA-0000-0010CAEB0000}",
    "signature": "Network Connect",
    "signature_id": "3",
    "source": "WinEventLog:Microsoft-Windows-Sysmon/Operational",
    "sourcetype": "XmlWinEventLog:Microsoft-Windows-Sysmon/Operational",
    "splunk_server": "kraken.local",
    "src": "we7183srv.waynecorpinc.local",
    "src_host": "we7183srv.waynecorpinc.local",
    "src_ip": "192.168.250.100",
    "src_port": "52222",
    "tag": [
      "communicate",
      "network",
      "os",
      "windows"
    ],
    "tag::eventtype": [
      "communicate",
      "network",
      "os",
      "windows"
    ],
    "timestamp": "none",
    "transport": "tcp",
    "user": "NT AUTHORITY\\SYSTEM",
    "vendor_product": "Microsoft Sysmon",
    "_bkt": "botsv1~59~25FE58F7-C438-478E-AC42-625F7A4D81D6",
    "_cd": "59:206497593",
    "_eventtype_color": "none",
    "_indextime": "1473354704",
    "_raw": "<Event xmlns='http://schemas.microsoft.com/win/2004/08/events/event'><System><Provider Name='Microsoft-Windows-Sysmon' Guid='{5770385F-C22A-43E0-BF4C-06F5698FFBD9}'/><EventID>3</EventID><Version>5</Version><Level>4</Level><Task>3</Task><Opcode>0</Opcode><Keywords>0x8000000000000000</Keywords><TimeCreated SystemTime='2016-08-28T23:58:08.284323500Z'/><EventRecordID>396400</EventRecordID><Correlation/><Execution ProcessID='1200' ThreadID='2560'/><Channel>Microsoft-Windows-Sysmon/Operational</Channel><Computer>we7183srv.waynecorpinc.local</Computer><Security UserID='S-1-5-18'/></System><EventData><Data Name='UtcTime'>2016-08-28 23:58:08.622</Data><Data Name='ProcessGuid'>{C1B8F7DD-B08A-57AA-0000-0010CAEB0000}</Data><Data Name='ProcessId'>952</Data><Data Name='Image'>C:\\Windows\\System32\\svchost.exe</Data><Data Name='User'>NT AUTHORITY\\SYSTEM</Data><Data Name='Protocol'>tcp</Data><Data Name='Initiated'>true</Data><Data Name='SourceIsIpv6'>false</Data><Data Name='SourceIp'>192.168.250.100</Data><Data Name='SourceHostname'>we7183srv.waynecorpinc.local</Data><Data Name='SourcePort'>52222</Data><Data Name='SourcePortName'></Data><Data Name='DestinationIsIpv6'>false</Data><Data Name='DestinationIp'>23.203.184.161</Data><Data Name='DestinationHostname'>a23-203-184-161.deploy.static.akamaitechnologies.com</Data><Data Name='DestinationPort'>443</Data><Data Name='DestinationPortName'>https</Data></EventData></Event>\n",
    "_serial": "15",
    "_si": [
      "kraken.local",
      "botsv1"
    ],
    "_sourcetype": "XmlWinEventLog:Microsoft-Windows-Sysmon/Operational",
    "_time": "2016-08-28 17:58:08.000 MDT"
  },
  {
    "Computer": "we5020srv.waynecorpinc.local",
    "DestinationHostname": "we5020srv",
    "DestinationIp": "192.168.250.20",
    "DestinationIsIpv6": "false",
    "DestinationPort": "53",
    "DestinationPortName": "domain",
    "EventChannel": "Microsoft-Windows-Sysmon/Operational",
    "EventCode": "3",
    "EventDescription": "Network Connect",
    "Image": "C:\\Windows\\System32\\svchost.exe",
    "Initiated": "false",
    "Keywords": "0x8000000000000000",
    "Level": "4",
    "Opcode": "0",
    "ProcessGuid": "{C1B8F7DD-B08B-57AA-0000-00109C100100}",
    "ProcessId": "1036",
    "Protocol": "udp",
    "RecordID": "358280",
    "SecurityID": "S-1-5-18",
    "SourceHostname": "we5020srv.waynecorpinc.local",
    "SourceIp": "192.168.250.100",
    "SourceIsIpv6": "false",
    "SourcePort": "57069",
    "Task": "3",
    "TimeCreated": "2016-08-28T23:58:01.251497000Z",
    "User": "NT AUTHORITY\\NETWORK SERVICE",
    "UtcTime": "2016-08-28 23:58:01.829",
    "Version": "5",
    "action": "allowed",
    "app": "C:\\Windows\\System32\\svchost.exe",
    "dest": "we5020srv",
    "dest_host": "we5020srv",
    "dest_ip": "192.168.250.20",
    "dest_port": "53",
    "direction": "inbound",
    "dvc": "we5020srv.waynecorpinc.local",
    "dvc_nt_host": "we5020srv",
    "eventtype": [
      "ms-sysmon-network",
      "wineventlog_windows"
    ],
    "host": "we5020srv",
    "index": "botsv1",
    "linecount": "2",
    "process": "svchost.exe",
    "process_id": "1036",
    "punct": "<_='://../////'><><_='--'_='{----}'/><></><></><><",
    "session_id": "{C1B8F7DD-B08B-57AA-0000-00109C100100}",
    "signature": "Network Connect",
    "signature_id": "3",
    "source": "WinEventLog:Microsoft-Windows-Sysmon/Operational",
    "sourcetype": "XmlWinEventLog:Microsoft-Windows-Sysmon/Operational",
    "splunk_server": "kraken.local",
    "src": "we5020srv.waynecorpinc.local",
    "src_host": "we5020srv.waynecorpinc.local",
    "src_ip": "192.168.250.100",
    "src_port": "57069",
    "tag": [
      "communicate",
      "network",
      "os",
      "windows"
    ],
    "tag::eventtype": [
      "communicate",
      "network",
      "os",
      "windows"
    ],
    "timestamp": "none",
    "transport": "udp",
    "user": "NT AUTHORITY\\NETWORK SERVICE",
    "vendor_product": "Microsoft Sysmon",
    "_bkt": "botsv1~59~25FE58F7-C438-478E-AC42-625F7A4D81D6",
    "_cd": "59:578253147",
    "_eventtype_color": "none",
    "_indextime": "1473360538",
    "_raw": "<Event xmlns='http://schemas.microsoft.com/win/2004/08/events/event'><System><Provider Name='Microsoft-Windows-Sysmon' Guid='{5770385F-C22A-43E0-BF4C-06F5698FFBD9}'/><EventID>3</EventID><Version>5</Version><Level>4</Level><Task>3</Task><Opcode>0</Opcode><Keywords>0x8000000000000000</Keywords><TimeCreated SystemTime='2016-08-28T23:58:01.251497000Z'/><EventRecordID>358280</EventRecordID><Correlation/><Execution ProcessID='1200' ThreadID='2560'/><Channel>Microsoft-Windows-Sysmon/Operational</Channel><Computer>we5020srv.waynecorpinc.local</Computer><Security UserID='S-1-5-18'/></System><EventData><Data Name='UtcTime'>2016-08-28 23:58:01.829</Data><Data Name='ProcessGuid'>{C1B8F7DD-B08B-57AA-0000-00109C100100}</Data><Data Name='ProcessId'>1036</Data><Data Name='Image'>C:\\Windows\\System32\\svchost.exe</Data><Data Name='User'>NT AUTHORITY\\NETWORK SERVICE</Data><Data Name='Protocol'>udp</Data><Data Name='Initiated'>false</Data><Data Name='SourceIsIpv6'>false</Data><Data Name='SourceIp'>192.168.250.100</Data><Data Name='SourceHostname'>we5020srv.waynecorpinc.local</Data><Data Name='SourcePort'>57069</Data><Data Name='SourcePortName'></Data><Data Name='DestinationIsIpv6'>false</Data><Data Name='DestinationIp'>192.168.250.20</Data><Data Name='DestinationHostname'>we5020srv</Data><Data Name='DestinationPort'>53</Data><Data Name='DestinationPortName'>domain</Data></EventData></Event>\n",
    "_serial": "16",
    "_si": [
      "kraken.local",
      "botsv1"
    ],
    "_sourcetype": "XmlWinEventLog:Microsoft-Windows-Sysmon/Operational",
    "_time": "2016-08-28 17:58:01.000 MDT"
  },
  {
    "Computer": "we8325srv.waynecorpinc.local",
    "DestinationHostname": "a23-46-228-104.deploy.static.akamaitechnologies.com",
    "DestinationIp": "23.46.228.104",
    "DestinationIsIpv6": "false",
    "DestinationPort": "443",
    "DestinationPortName": "https",
    "EventChannel": "Microsoft-Windows-Sysmon/Operational",
    "EventCode": "3",
    "EventDescription": "Network Connect",
    "Image": "C:\\Windows\\System32\\svchost.exe",
    "Initiated": "true",
    "Keywords": "0x8000000000000000",
    "Level": "4",
    "Opcode": "0",
    "ProcessGuid": "{C1B8F7DD-B08A-57AA-0000-0010CAEB0000}",
    "ProcessId": "952",
    "Protocol": "tcp",
    "RecordID": "398621",
    "SecurityID": "S-1-5-18",
    "SourceHostname": "we8325srv.waynecorpinc.local",
    "SourceIp": "192.168.250.100",
    "SourceIsIpv6": "false",
    "SourcePort": "52254",
    "Task": "3",
    "TimeCreated": "2016-08-28T23:57:59.680708600Z",
    "User": "NT AUTHORITY\\SYSTEM",
    "UtcTime": "2016-08-28 23:57:59.912",
    "Version": "5",
    "action": "allowed",
    "app": "C:\\Windows\\System32\\svchost.exe",
    "dest": "a23-46-228-104.deploy.static.akamaitechnologies.com",
    "dest_host": "a23-46-228-104.deploy.static.akamaitechnologies.com",
    "dest_ip": "23.46.228.104",
    "dest_port": "443",
    "direction": "outbound",
    "dvc": "we8325srv.waynecorpinc.local",
    "dvc_nt_host": "we8325srv",
    "eventtype": [
      "ms-sysmon-network",
      "wineventlog_windows"
    ],
    "host": "we8325srv",
    "index": "botsv1",
    "linecount": "2",
    "process": "svchost.exe",
    "process_id": "952",
    "protocol": "https",
    "punct": "<_='://../////'><><_='--'_='{----}'/><></><></><><",
    "session_id": "{C1B8F7DD-B08A-57AA-0000-0010CAEB0000}",
    "signature": "Network Connect",
    "signature_id": "3",
    "source": "WinEventLog:Microsoft-Windows-Sysmon/Operational",
    "sourcetype": "XmlWinEventLog:Microsoft-Windows-Sysmon/Operational",
    "splunk_server": "kraken.local",
    "src": "we8325srv.waynecorpinc.local",
    "src_host": "we8325srv.waynecorpinc.local",
    "src_ip": "192.168.250.100",
    "src_port": "52254",
    "tag": [
      "communicate",
      "network",
      "os",
      "windows"
    ],
    "tag::eventtype": [
      "communicate",
      "network",
      "os",
      "windows"
    ],
    "timestamp": "none",
    "transport": "tcp",
    "user": "NT AUTHORITY\\SYSTEM",
    "vendor_product": "Microsoft Sysmon",
    "_bkt": "botsv1~59~25FE58F7-C438-478E-AC42-625F7A4D81D6",
    "_cd": "59:875707850",
    "_eventtype_color": "none",
    "_indextime": "1473365208",
    "_raw": "<Event xmlns='http://schemas.microsoft.com/win/2004/08/events/event'><System><Provider Name='Microsoft-Windows-Sysmon' Guid='{5770385F-C22A-43E0-BF4C-06F5698FFBD9}'/><EventID>3</EventID><Version>5</Version><Level>4</Level><Task>3</Task><Opcode>0</Opcode><Keywords>0x8000000000000000</Keywords><TimeCreated SystemTime='2016-08-28T23:57:59.680708600Z'/><EventRecordID>398621</EventRecordID><Correlation/><Execution ProcessID='1200' ThreadID='2560'/><Channel>Microsoft-Windows-Sysmon/Operational</Channel><Computer>we8325srv.waynecorpinc.local</Computer><Security UserID='S-1-5-18'/></System><EventData><Data Name='UtcTime'>2016-08-28 23:57:59.912</Data><Data Name='ProcessGuid'>{C1B8F7DD-B08A-57AA-0000-0010CAEB0000}</Data><Data Name='ProcessId'>952</Data><Data Name='Image'>C:\\Windows\\System32\\svchost.exe</Data><Data Name='User'>NT AUTHORITY\\SYSTEM</Data><Data Name='Protocol'>tcp</Data><Data Name='Initiated'>true</Data><Data Name='SourceIsIpv6'>false</Data><Data Name='SourceIp'>192.168.250.100</Data><Data Name='SourceHostname'>we8325srv.waynecorpinc.local</Data><Data Name='SourcePort'>52254</Data><Data Name='SourcePortName'></Data><Data Name='DestinationIsIpv6'>false</Data><Data Name='DestinationIp'>23.46.228.104</Data><Data Name='DestinationHostname'>a23-46-228-104.deploy.static.akamaitechnologies.com</Data><Data Name='DestinationPort'>443</Data><Data Name='DestinationPortName'>https</Data></EventData></Event>\n",
    "_serial": "17",
    "_si": [
      "kraken.local",
      "botsv1"
    ],
    "_sourcetype": "XmlWinEventLog:Microsoft-Windows-Sysmon/Operational",
    "_time": "2016-08-28 17:57:59.000 MDT"
  },
  {
    "Computer": "we7961srv.waynecorpinc.local",
    "DestinationIp": "192.168.250.70",
    "DestinationIsIpv6": "false",
    "DestinationPort": "60054",
    "EventChannel": "Microsoft-Windows-Sysmon/Operational",
    "EventCode": "3",
    "EventDescription": "Network Connect",
    "Image": "C:\\Windows\\System32\\svchost.exe",
    "Initiated": "false",
    "Keywords": "0x8000000000000000",
    "Level": "4",
    "Opcode": "0",
    "ProcessGuid": "{46C72849-5AEF-57A9-0000-001003F90000}",
    "ProcessId": "944",
    "Protocol": "udp",
    "RecordID": "262161",
    "SecurityID": "S-1-5-18",
    "SourceIp": "224.0.0.252",
    "SourceIsIpv6": "false",
    "SourcePort": "5355",
    "SourcePortName": "llmnr",
    "Task": "3",
    "TimeCreated": "2016-08-28T23:57:59.840419800Z",
    "User": "NT AUTHORITY\\NETWORK SERVICE",
    "UtcTime": "2016-08-28 23:57:59.046",
    "Version": "5",
    "action": "allowed",
    "app": "C:\\Windows\\System32\\svchost.exe",
    "dest": "192.168.250.70",
    "dest_ip": "192.168.250.70",
    "dest_port": "60054",
    "direction": "inbound",
    "dvc": "we7961srv.waynecorpinc.local",
    "dvc_nt_host": "we7961srv",
    "eventtype": [
      "ms-sysmon-network",
      "wineventlog_windows"
    ],
    "host": "we7961srv",
    "index": "botsv1",
    "linecount": "2",
    "process": "svchost.exe",
    "process_id": "944",
    "protocol": "llmnr",
    "punct": "<_='://../////'><><_='--'_='{----}'/><></><></><><",
    "session_id": "{46C72849-5AEF-57A9-0000-001003F90000}",
    "signature": "Network Connect",
    "signature_id": "3",
    "source": "WinEventLog:Microsoft-Windows-Sysmon/Operational",
    "sourcetype": "XmlWinEventLog:Microsoft-Windows-Sysmon/Operational",
    "splunk_server": "kraken.local",
    "src": "224.0.0.252",
    "src_ip": "224.0.0.252",
    "src_port": "5355",
    "tag": [
      "communicate",
      "network",
      "os",
      "windows"
    ],
    "tag::eventtype": [
      "communicate",
      "network",
      "os",
      "windows"
    ],
    "timestamp": "none",
    "transport": "udp",
    "user": "NT AUTHORITY\\NETWORK SERVICE",
    "vendor_product": "Microsoft Sysmon",
    "_bkt": "botsv1~59~25FE58F7-C438-478E-AC42-625F7A4D81D6",
    "_cd": "59:755157513",
    "_eventtype_color": "none",
    "_indextime": "1473363299",
    "_raw": "<Event xmlns='http://schemas.microsoft.com/win/2004/08/events/event'><System><Provider Name='Microsoft-Windows-Sysmon' Guid='{5770385F-C22A-43E0-BF4C-06F5698FFBD9}'/><EventID>3</EventID><Version>5</Version><Level>4</Level><Task>3</Task><Opcode>0</Opcode><Keywords>0x8000000000000000</Keywords><TimeCreated SystemTime='2016-08-28T23:57:59.840419800Z'/><EventRecordID>262161</EventRecordID><Correlation/><Execution ProcessID='2572' ThreadID='3796'/><Channel>Microsoft-Windows-Sysmon/Operational</Channel><Computer>we7961srv.waynecorpinc.local</Computer><Security UserID='S-1-5-18'/></System><EventData><Data Name='UtcTime'>2016-08-28 23:57:59.046</Data><Data Name='ProcessGuid'>{46C72849-5AEF-57A9-0000-001003F90000}</Data><Data Name='ProcessId'>944</Data><Data Name='Image'>C:\\Windows\\System32\\svchost.exe</Data><Data Name='User'>NT AUTHORITY\\NETWORK SERVICE</Data><Data Name='Protocol'>udp</Data><Data Name='Initiated'>false</Data><Data Name='SourceIsIpv6'>false</Data><Data Name='SourceIp'>224.0.0.252</Data><Data Name='SourceHostname'></Data><Data Name='SourcePort'>5355</Data><Data Name='SourcePortName'>llmnr</Data><Data Name='DestinationIsIpv6'>false</Data><Data Name='DestinationIp'>192.168.250.70</Data><Data Name='DestinationHostname'></Data><Data Name='DestinationPort'>60054</Data><Data Name='DestinationPortName'></Data></EventData></Event>\n",
    "_serial": "18",
    "_si": [
      "kraken.local",
      "botsv1"
    ],
    "_sourcetype": "XmlWinEventLog:Microsoft-Windows-Sysmon/Operational",
    "_time": "2016-08-28 17:57:59.000 MDT"
  },
  {
    "Computer": "we4867srv.waynecorpinc.local",
    "DestinationIp": "192.168.250.100",
    "DestinationIsIpv6": "false",
    "DestinationPort": "59588",
    "EventChannel": "Microsoft-Windows-Sysmon/Operational",
    "EventCode": "3",
    "EventDescription": "Network Connect",
    "Image": "C:\\Windows\\System32\\dns.exe",
    "Initiated": "false",
    "Keywords": "0x8000000000000000",
    "Level": "4",
    "Opcode": "0",
    "ProcessGuid": "{46C72849-5AFF-57A9-0000-00100E7C0100}",
    "ProcessId": "1320",
    "Protocol": "udp",
    "RecordID": "211368",
    "SecurityID": "S-1-5-18",
    "SourceHostname": "we4867srv.waynecorpinc.local",
    "SourceIp": "192.168.250.20",
    "SourceIsIpv6": "false",
    "SourcePort": "53",
    "SourcePortName": "domain",
    "Task": "3",
    "TimeCreated": "2016-08-28T23:57:56.575392400Z",
    "User": "NT AUTHORITY\\SYSTEM",
    "UtcTime": "2016-08-28 23:57:56.187",
    "Version": "5",
    "action": "allowed",
    "app": "C:\\Windows\\System32\\dns.exe",
    "dest": "192.168.250.100",
    "dest_ip": "192.168.250.100",
    "dest_port": "59588",
    "direction": "inbound",
    "dvc": "we4867srv.waynecorpinc.local",
    "dvc_nt_host": "we4867srv",
    "eventtype": [
      "ms-sysmon-network",
      "wineventlog_windows"
    ],
    "host": "we4867srv",
    "index": "botsv1",
    "linecount": "2",
    "process": "dns.exe",
    "process_id": "1320",
    "protocol": "domain",
    "punct": "<_='://../////'><><_='--'_='{----}'/><></><></><><",
    "session_id": "{46C72849-5AFF-57A9-0000-00100E7C0100}",
    "signature": "Network Connect",
    "signature_id": "3",
    "source": "WinEventLog:Microsoft-Windows-Sysmon/Operational",
    "sourcetype": "XmlWinEventLog:Microsoft-Windows-Sysmon/Operational",
    "splunk_server": "kraken.local",
    "src": "we4867srv.waynecorpinc.local",
    "src_host": "we4867srv.waynecorpinc.local",
    "src_ip": "192.168.250.20",
    "src_port": "53",
    "tag": [
      "communicate",
      "network",
      "os",
      "windows"
    ],
    "tag::eventtype": [
      "communicate",
      "network",
      "os",
      "windows"
    ],
    "timestamp": "none",
    "transport": "udp",
    "user": "NT AUTHORITY\\SYSTEM",
    "vendor_product": "Microsoft Sysmon",
    "_bkt": "botsv1~59~25FE58F7-C438-478E-AC42-625F7A4D81D6",
    "_cd": "59:430525314",
    "_eventtype_color": "none",
    "_indextime": "1473358225",
    "_raw": "<Event xmlns='http://schemas.microsoft.com/win/2004/08/events/event'><System><Provider Name='Microsoft-Windows-Sysmon' Guid='{5770385F-C22A-43E0-BF4C-06F5698FFBD9}'/><EventID>3</EventID><Version>5</Version><Level>4</Level><Task>3</Task><Opcode>0</Opcode><Keywords>0x8000000000000000</Keywords><TimeCreated SystemTime='2016-08-28T23:57:56.575392400Z'/><EventRecordID>211368</EventRecordID><Correlation/><Execution ProcessID='2572' ThreadID='3796'/><Channel>Microsoft-Windows-Sysmon/Operational</Channel><Computer>we4867srv.waynecorpinc.local</Computer><Security UserID='S-1-5-18'/></System><EventData><Data Name='UtcTime'>2016-08-28 23:57:56.187</Data><Data Name='ProcessGuid'>{46C72849-5AFF-57A9-0000-00100E7C0100}</Data><Data Name='ProcessId'>1320</Data><Data Name='Image'>C:\\Windows\\System32\\dns.exe</Data><Data Name='User'>NT AUTHORITY\\SYSTEM</Data><Data Name='Protocol'>udp</Data><Data Name='Initiated'>false</Data><Data Name='SourceIsIpv6'>false</Data><Data Name='SourceIp'>192.168.250.20</Data><Data Name='SourceHostname'>we4867srv.waynecorpinc.local</Data><Data Name='SourcePort'>53</Data><Data Name='SourcePortName'>domain</Data><Data Name='DestinationIsIpv6'>false</Data><Data Name='DestinationIp'>192.168.250.100</Data><Data Name='DestinationHostname'></Data><Data Name='DestinationPort'>59588</Data><Data Name='DestinationPortName'></Data></EventData></Event>\n",
    "_serial": "19",
    "_si": [
      "kraken.local",
      "botsv1"
    ],
    "_sourcetype": "XmlWinEventLog:Microsoft-Windows-Sysmon/Operational",
    "_time": "2016-08-28 17:57:56.000 MDT"
  },
  {
    "Computer": "we3610srv.waynecorpinc.local",
    "DestinationIp": "157.56.144.215",
    "DestinationIsIpv6": "false",
    "DestinationPort": "3544",
    "DestinationPortName": "teredo",
    "EventChannel": "Microsoft-Windows-Sysmon/Operational",
    "EventCode": "3",
    "EventDescription": "Network Connect",
    "Image": "C:\\Windows\\System32\\svchost.exe",
    "Initiated": "true",
    "Keywords": "0x8000000000000000",
    "Level": "4",
    "Opcode": "0",
    "ProcessGuid": "{46C72849-5AEE-57A9-0000-001057E50000}",
    "ProcessId": "824",
    "Protocol": "udp",
    "RecordID": "244321",
    "SecurityID": "S-1-5-18",
    "SourceHostname": "we3610srv.waynecorpinc.local",
    "SourceIp": "192.168.250.20",
    "SourceIsIpv6": "false",
    "SourcePort": "52093",
    "Task": "3",
    "TimeCreated": "2016-08-28T23:57:55.686171100Z",
    "User": "NT AUTHORITY\\SYSTEM",
    "UtcTime": "2016-08-28 23:57:55.677",
    "Version": "5",
    "action": "allowed",
    "app": "C:\\Windows\\System32\\svchost.exe",
    "dest": "157.56.144.215",
    "dest_ip": "157.56.144.215",
    "dest_port": "3544",
    "direction": "outbound",
    "dvc": "we3610srv.waynecorpinc.local",
    "dvc_nt_host": "we3610srv",
    "eventtype": [
      "ms-sysmon-network",
      "wineventlog_windows"
    ],
    "host": "we3610srv",
    "index": "botsv1",
    "linecount": "2",
    "process": "svchost.exe",
    "process_id": "824",
    "protocol": "teredo",
    "punct": "<_='://../////'><><_='--'_='{----}'/><></><></><><",
    "session_id": "{46C72849-5AEE-57A9-0000-001057E50000}",
    "signature": "Network Connect",
    "signature_id": "3",
    "source": "WinEventLog:Microsoft-Windows-Sysmon/Operational",
    "sourcetype": "XmlWinEventLog:Microsoft-Windows-Sysmon/Operational",
    "splunk_server": "kraken.local",
    "src": "we3610srv.waynecorpinc.local",
    "src_host": "we3610srv.waynecorpinc.local",
    "src_ip": "192.168.250.20",
    "src_port": "52093",
    "tag": [
      "communicate",
      "network",
      "os",
      "windows"
    ],
    "tag::eventtype": [
      "communicate",
      "network",
      "os",
      "windows"
    ],
    "timestamp": "none",
    "transport": "udp",
    "user": "NT AUTHORITY\\SYSTEM",
    "vendor_product": "Microsoft Sysmon",
    "_bkt": "botsv1~59~25FE58F7-C438-478E-AC42-625F7A4D81D6",
    "_cd": "59:843231394",
    "_eventtype_color": "none",
    "_indextime": "1473364700",
    "_raw": "<Event xmlns='http://schemas.microsoft.com/win/2004/08/events/event'><System><Provider Name='Microsoft-Windows-Sysmon' Guid='{5770385F-C22A-43E0-BF4C-06F5698FFBD9}'/><EventID>3</EventID><Version>5</Version><Level>4</Level><Task>3</Task><Opcode>0</Opcode><Keywords>0x8000000000000000</Keywords><TimeCreated SystemTime='2016-08-28T23:57:55.686171100Z'/><EventRecordID>244321</EventRecordID><Correlation/><Execution ProcessID='2572' ThreadID='3796'/><Channel>Microsoft-Windows-Sysmon/Operational</Channel><Computer>we3610srv.waynecorpinc.local</Computer><Security UserID='S-1-5-18'/></System><EventData><Data Name='UtcTime'>2016-08-28 23:57:55.677</Data><Data Name='ProcessGuid'>{46C72849-5AEE-57A9-0000-001057E50000}</Data><Data Name='ProcessId'>824</Data><Data Name='Image'>C:\\Windows\\System32\\svchost.exe</Data><Data Name='User'>NT AUTHORITY\\SYSTEM</Data><Data Name='Protocol'>udp</Data><Data Name='Initiated'>true</Data><Data Name='SourceIsIpv6'>false</Data><Data Name='SourceIp'>192.168.250.20</Data><Data Name='SourceHostname'>we3610srv.waynecorpinc.local</Data><Data Name='SourcePort'>52093</Data><Data Name='SourcePortName'></Data><Data Name='DestinationIsIpv6'>false</Data><Data Name='DestinationIp'>157.56.144.215</Data><Data Name='DestinationHostname'></Data><Data Name='DestinationPort'>3544</Data><Data Name='DestinationPortName'>teredo</Data></EventData></Event>\n",
    "_serial": "20",
    "_si": [
      "kraken.local",
      "botsv1"
    ],
    "_sourcetype": "XmlWinEventLog:Microsoft-Windows-Sysmon/Operational",
    "_time": "2016-08-28 17:57:55.000 MDT"
  },
  {
    "Computer": "we7470srv.waynecorpinc.local",
    "DestinationIp": "192.168.250.100",
    "DestinationIsIpv6": "false",
    "DestinationPort": "50135",
    "EventChannel": "Microsoft-Windows-Sysmon/Operational",
    "EventCode": "3",
    "EventDescription": "Network Connect",
    "Image": "C:\\Windows\\System32\\dns.exe",
    "Initiated": "false",
    "Keywords": "0x8000000000000000",
    "Level": "4",
    "Opcode": "0",
    "ProcessGuid": "{46C72849-5AFF-57A9-0000-00100E7C0100}",
    "ProcessId": "1320",
    "Protocol": "udp",
    "RecordID": "394611",
    "SecurityID": "S-1-5-18",
    "SourceHostname": "we7470srv.waynecorpinc.local",
    "SourceIp": "192.168.250.20",
    "SourceIsIpv6": "false",
    "SourcePort": "53",
    "SourcePortName": "domain",
    "Task": "3",
    "TimeCreated": "2016-08-28T23:57:45.627036900Z",
    "User": "NT AUTHORITY\\SYSTEM",
    "UtcTime": "2016-08-28 23:57:45.008",
    "Version": "5",
    "action": "allowed",
    "app": "C:\\Windows\\System32\\dns.exe",
    "dest": "192.168.250.100",
    "dest_ip": "192.168.250.100",
    "dest_port": "50135",
    "direction": "inbound",
    "dvc": "we7470srv.waynecorpinc.local",
    "dvc_nt_host": "we7470srv",
    "eventtype": [
      "ms-sysmon-network",
      "wineventlog_windows"
    ],
    "host": "we7470srv",
    "index": "botsv1",
    "linecount": "2",
    "process": "dns.exe",
    "process_id": "1320",
    "protocol": "domain",
    "punct": "<_='://../////'><><_='--'_='{----}'/><></><></><><",
    "session_id": "{46C72849-5AFF-57A9-0000-00100E7C0100}",
    "signature": "Network Connect",
    "signature_id": "3",
    "source": "WinEventLog:Microsoft-Windows-Sysmon/Operational",
    "sourcetype": "XmlWinEventLog:Microsoft-Windows-Sysmon/Operational",
    "splunk_server": "kraken.local",
    "src": "we7470srv.waynecorpinc.local",
    "src_host": "we7470srv.waynecorpinc.local",
    "src_ip": "192.168.250.20",
    "src_port": "53",
    "tag": [
      "communicate",
      "network",
      "os",
      "windows"
    ],
    "tag::eventtype": [
      "communicate",
      "network",
      "os",
      "windows"
    ],
    "timestamp": "none",
    "transport": "udp",
    "user": "NT AUTHORITY\\SYSTEM",
    "vendor_product": "Microsoft Sysmon",
    "_bkt": "botsv1~59~25FE58F7-C438-478E-AC42-625F7A4D81D6",
    "_cd": "59:136932600",
    "_eventtype_color": "none",
    "_indextime": "1473353617",
    "_raw": "<Event xmlns='http://schemas.microsoft.com/win/2004/08/events/event'><System><Provider Name='Microsoft-Windows-Sysmon' Guid='{5770385F-C22A-43E0-BF4C-06F5698FFBD9}'/><EventID>3</EventID><Version>5</Version><Level>4</Level><Task>3</Task><Opcode>0</Opcode><Keywords>0x8000000000000000</Keywords><TimeCreated SystemTime='2016-08-28T23:57:45.627036900Z'/><EventRecordID>394611</EventRecordID><Correlation/><Execution ProcessID='2572' ThreadID='3796'/><Channel>Microsoft-Windows-Sysmon/Operational</Channel><Computer>we7470srv.waynecorpinc.local</Computer><Security UserID='S-1-5-18'/></System><EventData><Data Name='UtcTime'>2016-08-28 23:57:45.008</Data><Data Name='ProcessGuid'>{46C72849-5AFF-57A9-0000-00100E7C0100}</Data><Data Name='ProcessId'>1320</Data><Data Name='Image'>C:\\Windows\\System32\\dns.exe</Data><Data Name='User'>NT AUTHORITY\\SYSTEM</Data><Data Name='Protocol'>udp</Data><Data Name='Initiated'>false</Data><Data Name='SourceIsIpv6'>false</Data><Data Name='SourceIp'>192.168.250.20</Data><Data Name='SourceHostname'>we7470srv.waynecorpinc.local</Data><Data Name='SourcePort'>53</Data><Data Name='SourcePortName'>domain</Data><Data Name='DestinationIsIpv6'>false</Data><Data Name='DestinationIp'>192.168.250.100</Data><Data Name='DestinationHostname'></Data><Data Name='DestinationPort'>50135</Data><Data Name='DestinationPortName'></Data></EventData></Event>\n",
    "_serial": "21",
    "_si": [
      "kraken.local",
      "botsv1"
    ],
    "_sourcetype": "XmlWinEventLog:Microsoft-Windows-Sysmon/Operational",
    "_time": "2016-08-28 17:57:45.000 MDT"
  },
  {
    "Computer": "we1923srv.waynecorpinc.local",
    "DestinationIp": "192.168.250.100",
    "DestinationIsIpv6": "false",
    "DestinationPort": "56041",
    "EventChannel": "Microsoft-Windows-Sysmon/Operational",
    "EventCode": "3",
    "EventDescription": "Network Connect",
    "Image": "C:\\Windows\\System32\\dns.exe",
    "Initiated": "false",
    "Keywords": "0x8000000000000000",
    "Level": "4",
    "Opcode": "0",
    "ProcessGuid": "{46C72849-5AFF-57A9-0000-00100E7C0100}",
    "ProcessId": "1320",
    "Protocol": "udp",
    "RecordID": "259204",
    "SecurityID": "S-1-5-18",
    "SourceHostname": "we1923srv.waynecorpinc.local",
    "SourceIp": "192.168.250.20",
    "SourceIsIpv6": "false",
    "SourcePort": "53",
    "SourcePortName": "domain",
    "Task": "3",
    "TimeCreated": "2016-08-28T23:57:42.676724400Z",
    "User": "NT AUTHORITY\\SYSTEM",
    "UtcTime": "2016-08-28 23:57:42.710",
    "Version": "5",
    "action": "allowed",
    "app": "C:\\Windows\\System32\\dns.exe",
    "dest": "192.168.250.100",
    "dest_ip": "192.168.250.100",
    "dest_port": "56041",
    "direction": "inbound",
    "dvc": "we1923srv.waynecorpinc.local",
    "dvc_nt_host": "we1923srv",
    "eventtype": [
      "ms-sysmon-network",
      "wineventlog_windows"
    ],
    "host": "we1923srv",
    "index": "botsv1",
    "linecount": "2",
    "process": "dns.exe",
    "process_id": "1320",
    "protocol": "domain",
    "punct": "<_='://../////'><><_='--'_='{----}'/><></><></><><",
    "session_id": "{46C72849-5AFF-57A9-0000-00100E7C0100}",
    "signature": "Network Connect",
    "signature_id": "3",
    "source": "WinEventLog:Microsoft-Windows-Sysmon/Operational",
    "sourcetype": "XmlWinEventLog:Microsoft-Windows-Sysmon/Operational",
    "splunk_server": "kraken.local",
    "src": "we1923srv.waynecorpinc.local",
    "src_host": "we1923srv.waynecorpinc.local",
    "src_ip": "192.168.250.20",
    "src_port": "53",
    "tag": [
      "communicate",
      "network",
      "os",
      "windows"
    ],
    "tag::eventtype": [
      "communicate",
      "network",
      "os",
      "windows"
    ],
    "timestamp": "none",
    "transport": "udp",
    "user": "NT AUTHORITY\\SYSTEM",
    "vendor_product": "Microsoft Sysmon",
    "_bkt": "botsv1~59~25FE58F7-C438-478E-AC42-625F7A4D81D6",
    "_cd": "59:694909045",
    "_eventtype_color": "none",
    "_indextime": "1473362365",
    "_raw": "<Event xmlns='http://schemas.microsoft.com/win/2004/08/events/event'><System><Provider Name='Microsoft-Windows-Sysmon' Guid='{5770385F-C22A-43E0-BF4C-06F5698FFBD9}'/><EventID>3</EventID><Version>5</Version><Level>4</Level><Task>3</Task><Opcode>0</Opcode><Keywords>0x8000000000000000</Keywords><TimeCreated SystemTime='2016-08-28T23:57:42.676724400Z'/><EventRecordID>259204</EventRecordID><Correlation/><Execution ProcessID='2572' ThreadID='3796'/><Channel>Microsoft-Windows-Sysmon/Operational</Channel><Computer>we1923srv.waynecorpinc.local</Computer><Security UserID='S-1-5-18'/></System><EventData><Data Name='UtcTime'>2016-08-28 23:57:42.710</Data><Data Name='ProcessGuid'>{46C72849-5AFF-57A9-0000-00100E7C0100}</Data><Data Name='ProcessId'>1320</Data><Data Name='Image'>C:\\Windows\\System32\\dns.exe</Data><Data Name='User'>NT AUTHORITY\\SYSTEM</Data><Data Name='Protocol'>udp</Data><Data Name='Initiated'>false</Data><Data Name='SourceIsIpv6'>false</Data><Data Name='SourceIp'>192.168.250.20</Data><Data Name='SourceHostname'>we1923srv.waynecorpinc.local</Data><Data Name='SourcePort'>53</Data><Data Name='SourcePortName'>domain</Data><Data Name='DestinationIsIpv6'>false</Data><Data Name='DestinationIp'>192.168.250.100</Data><Data Name='DestinationHostname'></Data><Data Name='DestinationPort'>56041</Data><Data Name='DestinationPortName'></Data></EventData></Event>\n",
    "_serial": "22",
    "_si": [
      "kraken.local",
      "botsv1"
    ],
    "_sourcetype": "XmlWinEventLog:Microsoft-Windows-Sysmon/Operational",
    "_time": "2016-08-28 17:57:42.000 MDT"
  },
  {
    "Computer": "we9884srv.waynecorpinc.local",
    "DestinationHostname": "a23-212-26-146.deploy.static.akamaitechnologies.com",
    "DestinationIp": "23.212.26.146",
    "DestinationIsIpv6": "false",
    "DestinationPort": "443",
    "DestinationPortName": "https",
    "EventChannel": "Microsoft-Windows-Sysmon/Operational",
    "EventCode": "3",
    "EventDescription": "Network Connect",
    "Image": "C:\\Windows\\System32\\svchost.exe",
    "Initiated": "true",
    "Keywords": "0x8000000000000000",
    "Level": "4",
    "Opcode": "0",
    "ProcessGuid": "{C1B8F7DD-B08A-57AA-0000-0010CAEB0000}",
    "ProcessId": "952",
    "Protocol": "tcp",
    "RecordID": "337176",
    "SecurityID": "S-1-5-18",
    "SourceHostname": "we9884srv.waynecorpinc.local",
    "SourceIp": "192.168.250.100",
    "SourceIsIpv6": "false",
    "SourcePort": "51505",
    "Task": "3",
    "TimeCreated": "2016-08-28T23:57:27.931019100Z",
    "User": "NT AUTHORITY\\SYSTEM",
    "UtcTime": "2016-08-28 23:57:27.294",
    "Version": "5",
    "action": "allowed",
    "app": "C:\\Windows\\System32\\svchost.exe",
    "dest": "a23-212-26-146.deploy.static.akamaitechnologies.com",
    "dest_host": "a23-212-26-146.deploy.static.akamaitechnologies.com",
    "dest_ip": "23.212.26.146",
    "dest_port": "443",
    "direction": "outbound",
    "dvc": "we9884srv.waynecorpinc.local",
    "dvc_nt_host": "we9884srv",
    "eventtype": [
      "ms-sysmon-network",
      "wineventlog_windows"
    ],
    "host": "we9884srv",
    "index": "botsv1",
    "linecount": "2",
    "process": "svchost.exe",
    "process_id": "952",
    "protocol": "https",
    "punct": "<_='://../////'><><_='--'_='{----}'/><></><></><><",
    "session_id": "{C1B8F7DD-B08A-57AA-0000-0010CAEB0000}",
    "signature": "Network Connect",
    "signature_id": "3",
    "source": "WinEventLog:Microsoft-Windows-Sysmon/Operational",
    "sourcetype": "XmlWinEventLog:Microsoft-Windows-Sysmon/Operational",
    "splunk_server": "kraken.local",
    "src": "we9884srv.waynecorpinc.local",
    "src_host": "we9884srv.waynecorpinc.local",
    "src_ip": "192.168.250.100",
    "src_port": "51505",
    "tag": [
      "communicate",
      "network",
      "os",
      "windows"
    ],
    "tag::eventtype": [
      "communicate",
      "network",
      "os",
      "windows"
    ],
    "timestamp": "none",
    "transport": "tcp",
    "user": "NT AUTHORITY\\SYSTEM",
    "vendor_product": "Microsoft Sysmon",
    "_bkt": "botsv1~59~25FE58F7-C438-478E-AC42-625F7A4D81D6",
    "_cd": "59:243562436",
    "_eventtype_color": "none",
    "_indextime": "1473355297",
    "_raw": "<Event xmlns='http://schemas.microsoft.com/win/2004/08/events/event'><System><Provider Name='Microsoft-Windows-Sysmon' Guid='{5770385F-C22A-43E0-BF4C-06F5698FFBD9}'/><EventID>3</EventID><Version>5</Version><Level>4</Level><Task>3</Task><Opcode>0</Opcode><Keywords>0x8000000000000000</Keywords><TimeCreated SystemTime='2016-08-28T23:57:27.931019100Z'/><EventRecordID>337176</EventRecordID><Correlation/><Execution ProcessID='1200' ThreadID='2560'/><Channel>Microsoft-Windows-Sysmon/Operational</Channel><Computer>we9884srv.waynecorpinc.local</Computer><Security UserID='S-1-5-18'/></System><EventData><Data Name='UtcTime'>2016-08-28 23:57:27.294</Data><Data Name='ProcessGuid'>{C1B8F7DD-B08A-57AA-0000-0010CAEB0000}</Data><Data Name='ProcessId'>952</Data><Data Name='Image'>C:\\Windows\\System32\\svchost.exe</Data><Data Name='User'>NT AUTHORITY\\SYSTEM</Data><Data Name='Protocol'>tcp</Data><Data Name='Initiated'>true</Data><Data Name='SourceIsIpv6'>false</Data><Data Name='SourceIp'>192.168.250.100</Data><Data Name='SourceHostname'>we9884srv.waynecorpinc.local</Data><Data Name='SourcePort'>51505</Data><Data Name='SourcePortName'></Data><Data Name='DestinationIsIpv6'>false</Data><Data Name='DestinationIp'>23.212.26.146</Data><Data Name='DestinationHostname'>a23-212-26-146.deploy.static.akamaitechnologies.com</Data><Data Name='DestinationPort'>443</Data><Data Name='DestinationPortName'>https</Data></EventData></Event>\n",
    "_serial": "23",
    "_si": [
      "kraken.local",
      "botsv1"
    ],
    "_sourcetype": "XmlWinEventLog:Microsoft-Windows-Sysmon/Operational",
    "_time": "2016-08-28 17:57:27.000 MDT"
  },
