  {
    "Account_Domain": "WAYNECORPINC",
    "Account_Name": "we6915srv$",
    "ComputerName": "we6915srv.waynecorpinc.local",
    "Creator_Process_ID": "0xc24",
    "EventCode": "4688",
    "EventType": "0",
    "Keywords": "Audit Success",
    "LogName": "Security",
    "Logon_ID": "0x3E7",
    "Message": "A new process has been created.\n\nSubject:\n\tSecurity ID:\t\tNT AUTHORITY\\SYSTEM\n\tAccount Name:\t\twe6915srv$\n\tAccount Domain:\t\tWAYNECORPINC\n\tLogon ID:\t\t0x3E7\n\nProcess Information:\n\tNew Process ID:\t\t0x594\n\tNew Process Name:\tC:\\Program Files\\SplunkUniversalForwarder\\bin\\splunk-regmon.exe\n\tToken Elevation Type:\tTokenElevationTypeDefault (1)\n\tCreator Process ID:\t0xc24\n\tProcess Command Line:\t\"C:\\Program Files\\SplunkUniversalForwarder\\bin\\splunk-regmon.exe\"\n\nToken Elevation Type indicates the type of token that was assigned to the new process in accordance with User Account Control policy.\n\nType 1 is a full token with no privileges removed or groups disabled.  A full token is only used if User Account Control is disabled or if the user is the built-in Administrator account or a service account.\n\nType 2 is an elevated token with no privileges removed or groups disabled.  An elevated token is used when User Account Control is enabled and the user chooses to start the program using Run as administrator.  An elevated token is also used when an application is configured to always require administrative privilege or to always require maximum privilege, and the user is a member of the Administrators group.\n\nType 3 is a limited token with administrative privileges removed and administrative groups disabled.  The limited token is used when User Account Control is enabled, the application does not require administrative privilege, and the user does not choose to start the program using Run as administrator.",
    "New_Process_ID": "0x594",
    "New_Process_Name": "C:\\Program Files\\SplunkUniversalForwarder\\bin\\splunk-regmon.exe",
    "OpCode": "Info",
    "Process_Command_Line": "\"C:\\Program Files\\SplunkUniversalForwarder\\bin\\splunk-regmon.exe\"",
    "RecordNumber": "45181",
    "Security_ID": "NT AUTHORITY\\SYSTEM",
    "SourceName": "Microsoft Windows security auditing.",
    "TaskCategory": "Process Creation",
    "Token_Elevation_Type": "TokenElevationTypeDefault (1)",
    "Token_Elevation_Type_id": "1",
    "Type": "Information",
    "action": "success",
    "app": "win:unknown",
    "body": "A new process has been created.\n\nSubject:\n\tSecurity ID:\t\tNT AUTHORITY\\SYSTEM\n\tAccount Name:\t\twe6915srv$\n\tAccount Domain:\t\tWAYNECORPINC\n\tLogon ID:\t\t0x3E7\n\nProcess Information:\n\tNew Process ID:\t\t0x594\n\tNew Process Name:\tC:\\Program Files\\SplunkUniversalForwarder\\bin\\splunk-regmon.exe\n\tToken Elevation Type:\tTokenElevationTypeDefault (1)\n\tCreator Process ID:\t0xc24\n\tProcess Command Line:\t\"C:\\Program Files\\SplunkUniversalForwarder\\bin\\splunk-regmon.exe\"\n\nToken Elevation Type indicates the type of token that was assigned to the new process in accordance with User Account Control policy.\n\nType 1 is a full token with no privileges removed or groups disabled.  A full token is only used if User Account Control is disabled or if the user is the built-in Administrator account or a service account.\n\nType 2 is an elevated token with no privileges removed or groups disabled.  An elevated token is used when User Account Control is enabled and the user chooses to start the program using Run as administrator.  An elevated token is also used when an application is configured to always require administrative privilege or to always require maximum privilege, and the user is a member of the Administrators group.\n\nType 3 is a limited token with administrative privileges removed and administrative groups disabled.  The limited token is used when User Account Control is enabled, the application does not require administrative privilege, and the user does not choose to start the program using Run as administrator.",
    "date_hour": "23",
    "date_mday": "28",
    "date_minute": "59",
    "date_month": "august",
    "date_second": "0",
    "date_wday": "sunday",
    "date_year": "2016",
    "date_zone": "local",
    "dest": "we6915srv.waynecorpinc.local",
    "dest_nt_domain": "WAYNECORPINC",
    "dest_nt_host": "we6915srv.waynecorpinc.local",
    "dvc": "we6915srv",
    "dvc_nt_host": "we6915srv",
    "event_id": "45181",
    "eventtype": [
      "windows_process_new",
      "wineventlog_security",
      "wineventlog_windows",
      "winsec"
    ],
    "host": "we6915srv",
    "id": "45181",
    "index": "botsv1",
    "linecount": "34",
    "member_dn": "we6915srv$",
    "member_id": "NT AUTHORITY\\SYSTEM",
    "member_nt_domain": "NT AUTHORITY\\",
    "name": "A new process has been created",
    "object": "WinEventLog:Security",
    "product": "Windows",
    "punct": "//_::_==___.====..=_===_=_____.:t_:tt_\\t_:tt$t_:tt",
    "session_id": "0x3E7",
    "severity": "Information",
    "severity_id": "0",
    "signature": "A new process has been created",
    "signature_id": "4688",
    "source": "WinEventLog:Security",
    "sourcetype": "WinEventLog:Security",
    "splunk_server": "kraken.local",
    "src": "we6915srv.waynecorpinc.local",
    "src_nt_domain": "NT AUTHORITY",
    "status": "success",
    "subject": "A new process has been created",
    "tag": [
      "execute",
      "os",
      "process",
      "security",
      "start",
      "windows"
    ],
    "tag::eventtype": [
      "execute",
      "os",
      "process",
      "security",
      "start",
      "windows"
    ],
    "timeendpos": "23",
    "timestartpos": "0",
    "user": "we6915srv$",
    "vendor": "Microsoft",
    "_bkt": "botsv1~59~25FE58F7-C438-478E-AC42-625F7A4D81D6",
    "_cd": "59:770160786",
    "_eventtype_color": "none",
    "_indextime": "1473363525",
    "_pre_msg": "08/28/2016 23:59:00 PM\nLogName=Security\nSourceName=Microsoft Windows security auditing.\nEventCode=4688\nEventType=0\nType=Information\nComputerName=we6915srv.waynecorpinc.local\nTaskCategory=Process Creation\nOpCode=Info\nRecordNumber=45181\nKeywords=Audit Success",
    "_raw": "08/28/2016 23:59:00 PM\nLogName=Security\nSourceName=Microsoft Windows security auditing.\nEventCode=4688\nEventType=0\nType=Information\nComputerName=we6915srv.waynecorpinc.local\nTaskCategory=Process Creation\nOpCode=Info\nRecordNumber=45181\nKeywords=Audit Success\nMessage=A new process has been created.\n\nSubject:\n\tSecurity ID:\t\tNT AUTHORITY\\SYSTEM\n\tAccount Name:\t\twe6915srv$\n\tAccount Domain:\t\tWAYNECORPINC\n\tLogon ID:\t\t0x3E7\n\nProcess Information:\n\tNew Process ID:\t\t0x594\n\tNew Process Name:\tC:\\Program Files\\SplunkUniversalForwarder\\bin\\splunk-regmon.exe\n\tToken Elevation Type:\tTokenElevationTypeDefault (1)\n\tCreator Process ID:\t0xc24\n\tProcess Command Line:\t\"C:\\Program Files\\SplunkUniversalForwarder\\bin\\splunk-regmon.exe\"\n\nToken Elevation Type indicates the type of token that was assigned to the new process in accordance with User Account Control policy.\n\nType 1 is a full token with no privileges removed or groups disabled.  A full token is only used if User Account Control is disabled or if the user is the built-in Administrator account or a service account.\n\nType 2 is an elevated token with no privileges removed or groups disabled.  An elevated token is used when User Account Control is enabled and the user chooses to start the program using Run as administrator.  An elevated token is also used when an application is configured to always require administrative privilege or to always require maximum privilege, and the user is a member of the Administrators group.\n\nType 3 is a limited token with administrative privileges removed and administrative groups disabled.  The limited token is used when User Account Control is enabled, the application does not require administrative privilege, and the user does not choose to start the program using Run as administrator.\n",
    "_serial": "3",
    "_si": [
      "kraken.local",
      "botsv1"
    ],
    "_sourcetype": "WinEventLog:Security",
    "_time": "2016-08-28 17:59:00.000 MDT"
  },
  {
    "Account_Domain": [
      "-",
      "WAYNECORPINC"
    ],
    "Account_Name": [
      "-",
      "we3614srv$"
    ],
    "Authentication_Package": "Kerberos",
    "ComputerName": "we3614srv.waynecorpinc.local",
    "EventCode": "4624",
    "EventType": "0",
    "Impersonation_Level": "Impersonation",
    "Key_Length": "0",
    "Keywords": "Audit Success",
    "LogName": "Security",
    "Logon_GUID": "{CCFDB956-5500-C439-66AC-A2657C632FF9}",
    "Logon_ID": [
      "0x0",
      "0x1B778B9"
    ],
    "Logon_Process": "Kerberos",
    "Logon_Type": "3",
    "Message": "An account was successfully logged on.\n\nSubject:\n\tSecurity ID:\t\tNULL SID\n\tAccount Name:\t\t-\n\tAccount Domain:\t\t-\n\tLogon ID:\t\t0x0\n\nLogon Type:\t\t\t3\n\nImpersonation Level:\t\tImpersonation\n\nNew Logon:\n\tSecurity ID:\t\tNT AUTHORITY\\SYSTEM\n\tAccount Name:\t\twe3614srv$\n\tAccount Domain:\t\tWAYNECORPINC\n\tLogon ID:\t\t0x1B778B9\n\tLogon GUID:\t\t{CCFDB956-5500-C439-66AC-A2657C632FF9}\n\nProcess Information:\n\tProcess ID:\t\t0x0\n\tProcess Name:\t\t-\n\nNetwork Information:\n\tWorkstation Name:\t\n\tSource Network Address:\t::1\n\tSource Port:\t\t50784\n\nDetailed Authentication Information:\n\tLogon Process:\t\tKerberos\n\tAuthentication Package:\tKerberos\n\tTransited Services:\t-\n\tPackage Name (NTLM only):\t-\n\tKey Length:\t\t0\n\nThis event is generated when a logon session is created. It is generated on the computer that was accessed.\n\nThe subject fields indicate the account on the local system which requested the logon. This is most commonly a service such as the Server service, or a local process such as Winlogon.exe or Services.exe.\n\nThe logon type field indicates the kind of logon that occurred. The most common types are 2 (interactive) and 3 (network).\n\nThe New Logon fields indicate the account for whom the new logon was created, i.e. the account that was logged on.\n\nThe network fields indicate where a remote logon request originated. Workstation name is not always available and may be left blank in some cases.\n\nThe impersonation level field indicates the extent to which a process in the logon session can impersonate.\n\nThe authentication information fields provide detailed information about this specific logon request.\n\t- Logon GUID is a unique identifier that can be used to correlate this event with a KDC event.\n\t- Transited services indicate which intermediate services have participated in this logon request.\n\t- Package name indicates which sub-protocol was used among the NTLM protocols.\n\t- Key length indicates the length of the generated session key. This will be 0 if no session key was requested.",
    "OpCode": "Info",
    "Package_Name__NTLM_only_": "-",
    "Process_ID": "0x0",
    "Process_Name": "-",
    "RecordNumber": "44608",
    "Security_ID": [
      "NULL SID",
      "NT AUTHORITY\\SYSTEM"
    ],
    "SourceName": "Microsoft Windows security auditing.",
    "Source_Network_Address": "::1",
    "Source_Port": "50784",
    "TaskCategory": "Logon",
    "Transited_Services": "-",
    "Type": "Information",
    "action": "success",
    "app": "win:local",
    "body": "An account was successfully logged on.\n\nSubject:\n\tSecurity ID:\t\tNULL SID\n\tAccount Name:\t\t-\n\tAccount Domain:\t\t-\n\tLogon ID:\t\t0x0\n\nLogon Type:\t\t\t3\n\nImpersonation Level:\t\tImpersonation\n\nNew Logon:\n\tSecurity ID:\t\tNT AUTHORITY\\SYSTEM\n\tAccount Name:\t\twe3614srv$\n\tAccount Domain:\t\tWAYNECORPINC\n\tLogon ID:\t\t0x1B778B9\n\tLogon GUID:\t\t{CCFDB956-5500-C439-66AC-A2657C632FF9}\n\nProcess Information:\n\tProcess ID:\t\t0x0\n\tProcess Name:\t\t-\n\nNetwork Information:\n\tWorkstation Name:\t\n\tSource Network Address:\t::1\n\tSource Port:\t\t50784\n\nDetailed Authentication Information:\n\tLogon Process:\t\tKerberos\n\tAuthentication Package:\tKerberos\n\tTransited Services:\t-\n\tPackage Name (NTLM only):\t-\n\tKey Length:\t\t0\n\nThis event is generated when a logon session is created. It is generated on the computer that was accessed.\n\nThe subject fields indicate the account on the local system which requested the logon. This is most commonly a service such as the Server service, or a local process such as Winlogon.exe or Services.exe.\n\nThe logon type field indicates the kind of logon that occurred. The most common types are 2 (interactive) and 3 (network).\n\nThe New Logon fields indicate the account for whom the new logon was created, i.e. the account that was logged on.\n\nThe network fields indicate where a remote logon request originated. Workstation name is not always available and may be left blank in some cases.\n\nThe impersonation level field indicates the extent to which a process in the logon session can impersonate.\n\nThe authentication information fields provide detailed information about this specific logon request.\n\t- Logon GUID is a unique identifier that can be used to correlate this event with a KDC event.\n\t- Transited services indicate which intermediate services have participated in this logon request.\n\t- Package name indicates which sub-protocol was used among the NTLM protocols.\n\t- Key length indicates the length of the generated session key. This will be 0 if no session key was requested.",
    "date_hour": "23",
    "date_mday": "28",
    "date_minute": "59",
    "date_month": "august",
    "date_second": "0",
    "date_wday": "sunday",
    "date_year": "2016",
    "date_zone": "local",
    "dest": "we3614srv.waynecorpinc.local",
    "dest_nt_domain": "WAYNECORPINC",
    "dest_nt_host": "we3614srv.waynecorpinc.local",
    "dvc": "we3614srv",
    "dvc_nt_host": "we3614srv",
    "event_id": "44608",
    "eventtype": [
      "windows_logon_success",
      "wineventlog_security",
      "wineventlog_windows",
      "winsec"
    ],
    "host": "we3614srv",
    "id": "44608",
    "index": "botsv1",
    "linecount": "64",
    "member_dn": "-\nwe3614srv$",
    "member_id": "NULL SID\nNT AUTHORITY\\SYSTEM",
    "member_nt_domain": "NULL SID\nNT AUTHORITY\\",
    "name": "An account was successfully logged on",
    "object": "WinEventLog:Security",
    "product": "Windows",
    "punct": "//_::_==___.====..====_=_____.:t_:tt_t_:tt-t_:tt-t",
    "session_id": "0x1B778B9",
    "severity": "Information",
    "severity_id": "0",
    "signature": "An account was successfully logged on",
    "signature_id": "4624",
    "source": "WinEventLog:Security",
    "sourcetype": "WinEventLog:Security",
    "splunk_server": "kraken.local",
    "src": "::1",
    "src_ip": "::1",
    "src_nt_domain": "NULL SID\nNT AUTHORITY",
    "src_port": "50784",
    "status": "success",
    "subject": "An account was successfully logged on",
    "tag": [
      "authentication",
      "local",
      "os",
      "security",
      "windows"
    ],
    "tag::app": "local",
    "tag::eventtype": [
      "authentication",
      "os",
      "security",
      "windows"
    ],
    "timeendpos": "23",
    "timestartpos": "0",
    "user": "we3614srv$",
    "vendor": "Microsoft",
    "_bkt": "botsv1~59~25FE58F7-C438-478E-AC42-625F7A4D81D6",
    "_cd": "59:727797006",
    "_eventtype_color": "none",
    "_indextime": "1473362872",
    "_pre_msg": "08/28/2016 23:59:00 PM\nLogName=Security\nSourceName=Microsoft Windows security auditing.\nEventCode=4624\nEventType=0\nType=Information\nComputerName=we3614srv.waynecorpinc.local\nTaskCategory=Logon\nOpCode=Info\nRecordNumber=44608\nKeywords=Audit Success",
    "_raw": "08/28/2016 23:59:00 PM\nLogName=Security\nSourceName=Microsoft Windows security auditing.\nEventCode=4624\nEventType=0\nType=Information\nComputerName=we3614srv.waynecorpinc.local\nTaskCategory=Logon\nOpCode=Info\nRecordNumber=44608\nKeywords=Audit Success\nMessage=An account was successfully logged on.\n\nSubject:\n\tSecurity ID:\t\tNULL SID\n\tAccount Name:\t\t-\n\tAccount Domain:\t\t-\n\tLogon ID:\t\t0x0\n\nLogon Type:\t\t\t3\n\nImpersonation Level:\t\tImpersonation\n\nNew Logon:\n\tSecurity ID:\t\tNT AUTHORITY\\SYSTEM\n\tAccount Name:\t\twe3614srv$\n\tAccount Domain:\t\tWAYNECORPINC\n\tLogon ID:\t\t0x1B778B9\n\tLogon GUID:\t\t{CCFDB956-5500-C439-66AC-A2657C632FF9}\n\nProcess Information:\n\tProcess ID:\t\t0x0\n\tProcess Name:\t\t-\n\nNetwork Information:\n\tWorkstation Name:\t\n\tSource Network Address:\t::1\n\tSource Port:\t\t50784\n\nDetailed Authentication Information:\n\tLogon Process:\t\tKerberos\n\tAuthentication Package:\tKerberos\n\tTransited Services:\t-\n\tPackage Name (NTLM only):\t-\n\tKey Length:\t\t0\n\nThis event is generated when a logon session is created. It is generated on the computer that was accessed.\n\nThe subject fields indicate the account on the local system which requested the logon. This is most commonly a service such as the Server service, or a local process such as Winlogon.exe or Services.exe.\n\nThe logon type field indicates the kind of logon that occurred. The most common types are 2 (interactive) and 3 (network).\n\nThe New Logon fields indicate the account for whom the new logon was created, i.e. the account that was logged on.\n\nThe network fields indicate where a remote logon request originated. Workstation name is not always available and may be left blank in some cases.\n\nThe impersonation level field indicates the extent to which a process in the logon session can impersonate.\n\nThe authentication information fields provide detailed information about this specific logon request.\n\t- Logon GUID is a unique identifier that can be used to correlate this event with a KDC event.\n\t- Transited services indicate which intermediate services have participated in this logon request.\n\t- Package name indicates which sub-protocol was used among the NTLM protocols.\n\t- Key length indicates the length of the generated session key. This will be 0 if no session key was requested.\n",
    "_serial": "4",
    "_si": [
      "kraken.local",
      "botsv1"
    ],
    "_sourcetype": "WinEventLog:Security",
    "_time": "2016-08-28 17:59:00.000 MDT"
  },
  {
    "Account_Domain": "WAYNECORPINC",
    "Account_Name": "we8936srv$",
    "ComputerName": "we8936srv.waynecorpinc.local",
    "Creator_Process_ID": "0xddc",
    "EventCode": "4688",
    "EventType": "0",
    "Keywords": "Audit Success",
    "LogName": "Security",
    "Logon_ID": "0x3E7",
    "Message": "A new process has been created.\n\nSubject:\n\tSecurity ID:\t\tNT AUTHORITY\\SYSTEM\n\tAccount Name:\t\twe8936srv$\n\tAccount Domain:\t\tWAYNECORPINC\n\tLogon ID:\t\t0x3E7\n\nProcess Information:\n\tNew Process ID:\t\t0xcf0\n\tNew Process Name:\tC:\\Program Files\\SplunkUniversalForwarder\\bin\\splunk-winprintmon.exe\n\tToken Elevation Type:\tTokenElevationTypeDefault (1)\n\tCreator Process ID:\t0xddc\n\tProcess Command Line:\t\"C:\\Program Files\\SplunkUniversalForwarder\\bin\\splunk-winprintmon.exe\"\n\nToken Elevation Type indicates the type of token that was assigned to the new process in accordance with User Account Control policy.\n\nType 1 is a full token with no privileges removed or groups disabled.  A full token is only used if User Account Control is disabled or if the user is the built-in Administrator account or a service account.\n\nType 2 is an elevated token with no privileges removed or groups disabled.  An elevated token is used when User Account Control is enabled and the user chooses to start the program using Run as administrator.  An elevated token is also used when an application is configured to always require administrative privilege or to always require maximum privilege, and the user is a member of the Administrators group.\n\nType 3 is a limited token with administrative privileges removed and administrative groups disabled.  The limited token is used when User Account Control is enabled, the application does not require administrative privilege, and the user does not choose to start the program using Run as administrator.",
    "New_Process_ID": "0xcf0",
    "New_Process_Name": "C:\\Program Files\\SplunkUniversalForwarder\\bin\\splunk-winprintmon.exe",
    "OpCode": "Info",
    "Process_Command_Line": "\"C:\\Program Files\\SplunkUniversalForwarder\\bin\\splunk-winprintmon.exe\"",
    "RecordNumber": "12274",
    "Security_ID": "NT AUTHORITY\\SYSTEM",
    "SourceName": "Microsoft Windows security auditing.",
    "TaskCategory": "Process Creation",
    "Token_Elevation_Type": "TokenElevationTypeDefault (1)",
    "Token_Elevation_Type_id": "1",
    "Type": "Information",
    "action": "success",
    "app": "win:unknown",
    "body": "A new process has been created.\n\nSubject:\n\tSecurity ID:\t\tNT AUTHORITY\\SYSTEM\n\tAccount Name:\t\twe8936srv$\n\tAccount Domain:\t\tWAYNECORPINC\n\tLogon ID:\t\t0x3E7\n\nProcess Information:\n\tNew Process ID:\t\t0xcf0\n\tNew Process Name:\tC:\\Program Files\\SplunkUniversalForwarder\\bin\\splunk-winprintmon.exe\n\tToken Elevation Type:\tTokenElevationTypeDefault (1)\n\tCreator Process ID:\t0xddc\n\tProcess Command Line:\t\"C:\\Program Files\\SplunkUniversalForwarder\\bin\\splunk-winprintmon.exe\"\n\nToken Elevation Type indicates the type of token that was assigned to the new process in accordance with User Account Control policy.\n\nType 1 is a full token with no privileges removed or groups disabled.  A full token is only used if User Account Control is disabled or if the user is the built-in Administrator account or a service account.\n\nType 2 is an elevated token with no privileges removed or groups disabled.  An elevated token is used when User Account Control is enabled and the user chooses to start the program using Run as administrator.  An elevated token is also used when an application is configured to always require administrative privilege or to always require maximum privilege, and the user is a member of the Administrators group.\n\nType 3 is a limited token with administrative privileges removed and administrative groups disabled.  The limited token is used when User Account Control is enabled, the application does not require administrative privilege, and the user does not choose to start the program using Run as administrator.",
    "date_hour": "23",
    "date_mday": "28",
    "date_minute": "59",
    "date_month": "august",
    "date_second": "0",
    "date_wday": "sunday",
    "date_year": "2016",
    "date_zone": "local",
    "dest": "we8936srv.waynecorpinc.local",
    "dest_nt_domain": "WAYNECORPINC",
    "dest_nt_host": "we8936srv.waynecorpinc.local",
    "dvc": "we8936srv",
    "dvc_nt_host": "we8936srv",
    "event_id": "12274",
    "eventtype": [
      "windows_process_new",
      "wineventlog_security",
      "wineventlog_windows",
      "winsec"
    ],
    "host": "we8936srv",
    "id": "12274",
    "index": "botsv1",
    "linecount": "34",
    "member_dn": "we8936srv$",
    "member_id": "NT AUTHORITY\\SYSTEM",
    "member_nt_domain": "NT AUTHORITY\\",
    "name": "A new process has been created",
    "object": "WinEventLog:Security",
    "product": "Windows",
    "punct": "//_::_==___.====..=_===_=_____.:t_:tt_\\t_:tt$t_:tt",
    "session_id": "0x3E7",
    "severity": "Information",
    "severity_id": "0",
    "signature": "A new process has been created",
    "signature_id": "4688",
    "source": "WinEventLog:Security",
    "sourcetype": "WinEventLog:Security",
    "splunk_server": "kraken.local",
    "src": "we8936srv.waynecorpinc.local",
    "src_nt_domain": "NT AUTHORITY",
    "status": "success",
    "subject": "A new process has been created",
    "tag": [
      "execute",
      "os",
      "process",
      "security",
      "start",
      "windows"
    ],
    "tag::eventtype": [
      "execute",
      "os",
      "process",
      "security",
      "start",
      "windows"
    ],
    "timeendpos": "23",
    "timestartpos": "0",
    "user": "we8936srv$",
    "vendor": "Microsoft",
    "_bkt": "botsv1~59~25FE58F7-C438-478E-AC42-625F7A4D81D6",
    "_cd": "59:701323374",
    "_eventtype_color": "none",
    "_indextime": "1473362457",
    "_pre_msg": "08/28/2016 23:59:00 PM\nLogName=Security\nSourceName=Microsoft Windows security auditing.\nEventCode=4688\nEventType=0\nType=Information\nComputerName=we8936srv.waynecorpinc.local\nTaskCategory=Process Creation\nOpCode=Info\nRecordNumber=12274\nKeywords=Audit Success",
    "_raw": "08/28/2016 23:59:00 PM\nLogName=Security\nSourceName=Microsoft Windows security auditing.\nEventCode=4688\nEventType=0\nType=Information\nComputerName=we8936srv.waynecorpinc.local\nTaskCategory=Process Creation\nOpCode=Info\nRecordNumber=12274\nKeywords=Audit Success\nMessage=A new process has been created.\n\nSubject:\n\tSecurity ID:\t\tNT AUTHORITY\\SYSTEM\n\tAccount Name:\t\twe8936srv$\n\tAccount Domain:\t\tWAYNECORPINC\n\tLogon ID:\t\t0x3E7\n\nProcess Information:\n\tNew Process ID:\t\t0xcf0\n\tNew Process Name:\tC:\\Program Files\\SplunkUniversalForwarder\\bin\\splunk-winprintmon.exe\n\tToken Elevation Type:\tTokenElevationTypeDefault (1)\n\tCreator Process ID:\t0xddc\n\tProcess Command Line:\t\"C:\\Program Files\\SplunkUniversalForwarder\\bin\\splunk-winprintmon.exe\"\n\nToken Elevation Type indicates the type of token that was assigned to the new process in accordance with User Account Control policy.\n\nType 1 is a full token with no privileges removed or groups disabled.  A full token is only used if User Account Control is disabled or if the user is the built-in Administrator account or a service account.\n\nType 2 is an elevated token with no privileges removed or groups disabled.  An elevated token is used when User Account Control is enabled and the user chooses to start the program using Run as administrator.  An elevated token is also used when an application is configured to always require administrative privilege or to always require maximum privilege, and the user is a member of the Administrators group.\n\nType 3 is a limited token with administrative privileges removed and administrative groups disabled.  The limited token is used when User Account Control is enabled, the application does not require administrative privilege, and the user does not choose to start the program using Run as administrator.\n",
    "_serial": "5",
    "_si": [
      "kraken.local",
      "botsv1"
    ],
    "_sourcetype": "WinEventLog:Security",
    "_time": "2016-08-28 17:59:00.000 MDT"
  },
  {
    "Account_Domain": [
      "WAYNECORPINC",
      "-"
    ],
    "Account_Name": [
      "we9833srv$",
      "-"
    ],
    "ComputerName": "we9833srv.waynecorpinc.local",
    "Creator_Process_ID": "0x1b0",
    "Creator_Process_Name": "C:\\Program Files\\SplunkUniversalForwarder\\bin\\splunkd.exe",
    "EventCode": "4688",
    "EventType": "0",
    "Keywords": "Audit Success",
    "LogName": "Security",
    "Logon_ID": [
      "0x3E7",
      "0x0"
    ],
    "Mandatory_Label": "Mandatory Label\\System Mandatory Level",
    "Message": "A new process has been created.\n\nCreator Subject:\n\tSecurity ID:\t\tNT AUTHORITY\\SYSTEM\n\tAccount Name:\t\twe9833srv$\n\tAccount Domain:\t\tWAYNECORPINC\n\tLogon ID:\t\t0x3E7\n\nTarget Subject:\n\tSecurity ID:\t\tNULL SID\n\tAccount Name:\t\t-\n\tAccount Domain:\t\t-\n\tLogon ID:\t\t0x0\n\nProcess Information:\n\tNew Process ID:\t\t0xeb0\n\tNew Process Name:\tC:\\Program Files\\SplunkUniversalForwarder\\bin\\splunk-powershell.exe\n\tToken Elevation Type:\t%%1936\n\tMandatory Label:\t\tMandatory Label\\System Mandatory Level\n\tCreator Process ID:\t0x1b0\n\tCreator Process Name:\tC:\\Program Files\\SplunkUniversalForwarder\\bin\\splunkd.exe\n\tProcess Command Line:\t\"C:\\Program Files\\SplunkUniversalForwarder\\bin\\splunk-powershell.exe\" --ps2\n\nToken Elevation Type indicates the type of token that was assigned to the new process in accordance with User Account Control policy.\n\nType 1 is a full token with no privileges removed or groups disabled.  A full token is only used if User Account Control is disabled or if the user is the built-in Administrator account or a service account.\n\nType 2 is an elevated token with no privileges removed or groups disabled.  An elevated token is used when User Account Control is enabled and the user chooses to start the program using Run as administrator.  An elevated token is also used when an application is configured to always require administrative privilege or to always require maximum privilege, and the user is a member of the Administrators group.\n\nType 3 is a limited token with administrative privileges removed and administrative groups disabled.  The limited token is used when User Account Control is enabled, the application does not require administrative privilege, and the user does not choose to start the program using Run as administrator.",
    "New_Process_ID": "0xeb0",
    "New_Process_Name": "C:\\Program Files\\SplunkUniversalForwarder\\bin\\splunk-powershell.exe",
    "OpCode": "Info",
    "Process_Command_Line": "\"C:\\Program Files\\SplunkUniversalForwarder\\bin\\splunk-powershell.exe\" --ps2",
    "RecordNumber": "518776",
    "Security_ID": [
      "NT AUTHORITY\\SYSTEM",
      "NULL SID"
    ],
    "SourceName": "Microsoft Windows security auditing.",
    "TaskCategory": "Process Creation",
    "Token_Elevation_Type": "%%1936",
    "Type": "Information",
    "action": "success",
    "app": "win:unknown",
    "body": "A new process has been created.\n\nCreator Subject:\n\tSecurity ID:\t\tNT AUTHORITY\\SYSTEM\n\tAccount Name:\t\twe9833srv$\n\tAccount Domain:\t\tWAYNECORPINC\n\tLogon ID:\t\t0x3E7\n\nTarget Subject:\n\tSecurity ID:\t\tNULL SID\n\tAccount Name:\t\t-\n\tAccount Domain:\t\t-\n\tLogon ID:\t\t0x0\n\nProcess Information:\n\tNew Process ID:\t\t0xeb0\n\tNew Process Name:\tC:\\Program Files\\SplunkUniversalForwarder\\bin\\splunk-powershell.exe\n\tToken Elevation Type:\t%%1936\n\tMandatory Label:\t\tMandatory Label\\System Mandatory Level\n\tCreator Process ID:\t0x1b0\n\tCreator Process Name:\tC:\\Program Files\\SplunkUniversalForwarder\\bin\\splunkd.exe\n\tProcess Command Line:\t\"C:\\Program Files\\SplunkUniversalForwarder\\bin\\splunk-powershell.exe\" --ps2\n\nToken Elevation Type indicates the type of token that was assigned to the new process in accordance with User Account Control policy.\n\nType 1 is a full token with no privileges removed or groups disabled.  A full token is only used if User Account Control is disabled or if the user is the built-in Administrator account or a service account.\n\nType 2 is an elevated token with no privileges removed or groups disabled.  An elevated token is used when User Account Control is enabled and the user chooses to start the program using Run as administrator.  An elevated token is also used when an application is configured to always require administrative privilege or to always require maximum privilege, and the user is a member of the Administrators group.\n\nType 3 is a limited token with administrative privileges removed and administrative groups disabled.  The limited token is used when User Account Control is enabled, the application does not require administrative privilege, and the user does not choose to start the program using Run as administrator.",
    "date_hour": "23",
    "date_mday": "28",
    "date_minute": "59",
    "date_month": "august",
    "date_second": "0",
    "date_wday": "sunday",
    "date_year": "2016",
    "date_zone": "local",
    "dest": "we9833srv.waynecorpinc.local",
    "dest_nt_domain": "-",
    "dest_nt_host": "we9833srv.waynecorpinc.local",
    "dvc": "we9833srv",
    "dvc_nt_host": "we9833srv",
    "event_id": "518776",
    "eventtype": [
      "windows_process_new",
      "wineventlog_security",
      "wineventlog_windows",
      "winsec"
    ],
    "host": "we9833srv",
    "id": "518776",
    "index": "botsv1",
    "linecount": "42",
    "member_dn": "we9833srv$\n-",
    "member_id": "NT AUTHORITY\\SYSTEM\nNULL SID",
    "member_nt_domain": "NT AUTHORITY\\",
    "name": "A new process has been created",
    "object": "WinEventLog:Security",
    "product": "Windows",
    "punct": "//_::_==___.====..=_===_=_____._:t_:tt_\\t_:tt$t_:t",
    "session_id": "0x0",
    "severity": "Information",
    "severity_id": "0",
    "signature": "A new process has been created",
    "signature_id": "4688",
    "source": "WinEventLog:Security",
    "sourcetype": "WinEventLog:Security",
    "splunk_server": "kraken.local",
    "src": "we9833srv.waynecorpinc.local",
    "src_nt_domain": "WAYNECORPINC",
    "src_user": "we9833srv$",
    "status": "success",
    "subject": "A new process has been created",
    "tag": [
      "execute",
      "os",
      "process",
      "security",
      "start",
      "windows"
    ],
    "tag::eventtype": [
      "execute",
      "os",
      "process",
      "security",
      "start",
      "windows"
    ],
    "timeendpos": "23",
    "timestartpos": "0",
    "user": "-",
    "vendor": "Microsoft",
    "_bkt": "botsv1~59~25FE58F7-C438-478E-AC42-625F7A4D81D6",
    "_cd": "59:510284347",
    "_eventtype_color": "none",
    "_indextime": "1473359475",
    "_pre_msg": "08/28/2016 23:59:00 PM\nLogName=Security\nSourceName=Microsoft Windows security auditing.\nEventCode=4688\nEventType=0\nType=Information\nComputerName=we9833srv.waynecorpinc.local\nTaskCategory=Process Creation\nOpCode=Info\nRecordNumber=518776\nKeywords=Audit Success",
    "_raw": "08/28/2016 23:59:00 PM\nLogName=Security\nSourceName=Microsoft Windows security auditing.\nEventCode=4688\nEventType=0\nType=Information\nComputerName=we9833srv.waynecorpinc.local\nTaskCategory=Process Creation\nOpCode=Info\nRecordNumber=518776\nKeywords=Audit Success\nMessage=A new process has been created.\n\nCreator Subject:\n\tSecurity ID:\t\tNT AUTHORITY\\SYSTEM\n\tAccount Name:\t\twe9833srv$\n\tAccount Domain:\t\tWAYNECORPINC\n\tLogon ID:\t\t0x3E7\n\nTarget Subject:\n\tSecurity ID:\t\tNULL SID\n\tAccount Name:\t\t-\n\tAccount Domain:\t\t-\n\tLogon ID:\t\t0x0\n\nProcess Information:\n\tNew Process ID:\t\t0xeb0\n\tNew Process Name:\tC:\\Program Files\\SplunkUniversalForwarder\\bin\\splunk-powershell.exe\n\tToken Elevation Type:\t%%1936\n\tMandatory Label:\t\tMandatory Label\\System Mandatory Level\n\tCreator Process ID:\t0x1b0\n\tCreator Process Name:\tC:\\Program Files\\SplunkUniversalForwarder\\bin\\splunkd.exe\n\tProcess Command Line:\t\"C:\\Program Files\\SplunkUniversalForwarder\\bin\\splunk-powershell.exe\" --ps2\n\nToken Elevation Type indicates the type of token that was assigned to the new process in accordance with User Account Control policy.\n\nType 1 is a full token with no privileges removed or groups disabled.  A full token is only used if User Account Control is disabled or if the user is the built-in Administrator account or a service account.\n\nType 2 is an elevated token with no privileges removed or groups disabled.  An elevated token is used when User Account Control is enabled and the user chooses to start the program using Run as administrator.  An elevated token is also used when an application is configured to always require administrative privilege or to always require maximum privilege, and the user is a member of the Administrators group.\n\nType 3 is a limited token with administrative privileges removed and administrative groups disabled.  The limited token is used when User Account Control is enabled, the application does not require administrative privilege, and the user does not choose to start the program using Run as administrator.\n",
    "_serial": "6",
    "_si": [
      "kraken.local",
      "botsv1"
    ],
    "_sourcetype": "WinEventLog:Security",
    "_time": "2016-08-28 17:59:00.000 MDT"
  },
  {
    "Account_Domain": "WAYNECORPINC",
    "Account_Name": "we4781srv$",
    "ComputerName": "we4781srv.waynecorpinc.local",
    "EventCode": "4634",
    "EventType": "0",
    "Keywords": "Audit Success",
    "LogName": "Security",
    "Logon_ID": "0x179B967",
    "Logon_Type": "3",
    "Message": "An account was logged off.\n\nSubject:\n\tSecurity ID:\t\tNT AUTHORITY\\SYSTEM\n\tAccount Name:\t\twe4781srv$\n\tAccount Domain:\t\tWAYNECORPINC\n\tLogon ID:\t\t0x179B967\n\nLogon Type:\t\t\t3\n\nThis event is generated when a logon session is destroyed. It may be positively correlated with a logon event using the Logon ID value. Logon IDs are only unique between reboots on the same computer.",
    "OpCode": "Info",
    "RecordNumber": "37697",
    "Security_ID": "NT AUTHORITY\\SYSTEM",
    "SourceName": "Microsoft Windows security auditing.",
    "TaskCategory": "Logoff",
    "Type": "Information",
    "action": "success",
    "app": "win:remote",
    "body": "An account was logged off.\n\nSubject:\n\tSecurity ID:\t\tNT AUTHORITY\\SYSTEM\n\tAccount Name:\t\twe4781srv$\n\tAccount Domain:\t\tWAYNECORPINC\n\tLogon ID:\t\t0x179B967\n\nLogon Type:\t\t\t3\n\nThis event is generated when a logon session is destroyed. It may be positively correlated with a logon event using the Logon ID value. Logon IDs are only unique between reboots on the same computer.",
    "date_hour": "23",
    "date_mday": "28",
    "date_minute": "59",
    "date_month": "august",
    "date_second": "0",
    "date_wday": "sunday",
    "date_year": "2016",
    "date_zone": "local",
    "dest": "we4781srv.waynecorpinc.local",
    "dest_nt_domain": "WAYNECORPINC",
    "dest_nt_host": "we4781srv.waynecorpinc.local",
    "dvc": "we4781srv",
    "dvc_nt_host": "we4781srv",
    "event_id": "37697",
    "eventtype": [
      "windows_logoff",
      "wineventlog_security",
      "wineventlog_windows",
      "winsec"
    ],
    "host": "we4781srv",
    "id": "37697",
    "index": "botsv1",
    "linecount": "23",
    "member_dn": "we4781srv$",
    "member_id": "NT AUTHORITY\\SYSTEM",
    "member_nt_domain": "NT AUTHORITY\\",
    "name": "An account was logged off",
    "object": "WinEventLog:Security",
    "product": "Windows",
    "punct": "//_::_==___.====..====_=____.:t_:tt_\\t_:tt$t_:ttt_",
    "session_id": "0x179B967",
    "severity": "Information",
    "severity_id": "0",
    "signature": "An account was logged off",
    "signature_id": "4634",
    "source": "WinEventLog:Security",
    "sourcetype": "WinEventLog:Security",
    "splunk_server": "kraken.local",
    "src": "we4781srv.waynecorpinc.local",
    "src_nt_domain": "NT AUTHORITY",
    "status": "success",
    "subject": "An account was logged off",
    "tag": [
      "access",
      "logoff",
      "os",
      "remote",
      "security",
      "stop",
      "windows"
    ],
    "tag::app": "remote",
    "tag::eventtype": [
      "access",
      "logoff",
      "os",
      "security",
      "stop",
      "windows"
    ],
    "timeendpos": "23",
    "timestartpos": "0",
    "user": "we4781srv$",
    "vendor": "Microsoft",
    "_bkt": "botsv1~59~25FE58F7-C438-478E-AC42-625F7A4D81D6",
    "_cd": "59:339233994",
    "_eventtype_color": "none",
    "_indextime": "1473356795",
    "_pre_msg": "08/28/2016 23:59:00 PM\nLogName=Security\nSourceName=Microsoft Windows security auditing.\nEventCode=4634\nEventType=0\nType=Information\nComputerName=we4781srv.waynecorpinc.local\nTaskCategory=Logoff\nOpCode=Info\nRecordNumber=37697\nKeywords=Audit Success",
    "_raw": "08/28/2016 23:59:00 PM\nLogName=Security\nSourceName=Microsoft Windows security auditing.\nEventCode=4634\nEventType=0\nType=Information\nComputerName=we4781srv.waynecorpinc.local\nTaskCategory=Logoff\nOpCode=Info\nRecordNumber=37697\nKeywords=Audit Success\nMessage=An account was logged off.\n\nSubject:\n\tSecurity ID:\t\tNT AUTHORITY\\SYSTEM\n\tAccount Name:\t\twe4781srv$\n\tAccount Domain:\t\tWAYNECORPINC\n\tLogon ID:\t\t0x179B967\n\nLogon Type:\t\t\t3\n\nThis event is generated when a logon session is destroyed. It may be positively correlated with a logon event using the Logon ID value. Logon IDs are only unique between reboots on the same computer.\n",
    "_serial": "7",
    "_si": [
      "kraken.local",
      "botsv1"
    ],
    "_sourcetype": "WinEventLog:Security",
    "_time": "2016-08-28 17:59:00.000 MDT"
  },
  {
    "Account_Domain": [
      "WAYNECORPINC",
      "WAYNECORPINC"
    ],
    "Account_Name": [
      "we8287srv$",
      "we8287srv$"
    ],
    "ComputerName": "we8287srv.waynecorpinc.local",
    "EventCode": "4703",
    "EventType": "0",
    "Keywords": "Audit Success",
    "LogName": "Security",
    "Logon_ID": [
      "0x3E7",
      "0x3E7"
    ],
    "Message": "A user right was adjusted.\n\nSubject:\n\tSecurity ID:\t\tNT AUTHORITY\\SYSTEM\n\tAccount Name:\t\twe8287srv$\n\tAccount Domain:\t\tWAYNECORPINC\n\tLogon ID:\t\t0x3E7\n\nTarget Account:\n\tSecurity ID:\t\tNT AUTHORITY\\SYSTEM\n\tAccount Name:\t\twe8287srv$\n\tAccount Domain:\t\tWAYNECORPINC\n\tLogon ID:\t\t0x3E7\n\nProcess Information:\n\tProcess ID:\t\t0x15c4\n\tProcess Name:\t\tC:\\Windows\\WinSxS\\amd64_microsoft-windows-servicingstack_31bf3856ad364e35_10.0.10586.486_none_7640e086266ea227\\TiWorker.exe\n\nEnabled Privileges:\n\t\t\tSeSecurityPrivilege\n\nDisabled Privileges:\n\t\t\t-",
    "OpCode": "Info",
    "Process_ID": "0x15c4",
    "Process_Name": "C:\\Windows\\WinSxS\\amd64_microsoft-windows-servicingstack_31bf3856ad364e35_10.0.10586.486_none_7640e086266ea227\\TiWorker.exe",
    "RecordNumber": "532934",
    "Security_ID": [
      "NT AUTHORITY\\SYSTEM",
      "NT AUTHORITY\\SYSTEM"
    ],
    "SourceName": "Microsoft Windows security auditing.",
    "TaskCategory": "Authorization Policy Change",
    "Type": "Information",
    "action": "success",
    "app": "win:unknown",
    "body": "A user right was adjusted.\n\nSubject:\n\tSecurity ID:\t\tNT AUTHORITY\\SYSTEM\n\tAccount Name:\t\twe8287srv$\n\tAccount Domain:\t\tWAYNECORPINC\n\tLogon ID:\t\t0x3E7\n\nTarget Account:\n\tSecurity ID:\t\tNT AUTHORITY\\SYSTEM\n\tAccount Name:\t\twe8287srv$\n\tAccount Domain:\t\tWAYNECORPINC\n\tLogon ID:\t\t0x3E7\n\nProcess Information:\n\tProcess ID:\t\t0x15c4\n\tProcess Name:\t\tC:\\Windows\\WinSxS\\amd64_microsoft-windows-servicingstack_31bf3856ad364e35_10.0.10586.486_none_7640e086266ea227\\TiWorker.exe\n\nEnabled Privileges:\n\t\t\tSeSecurityPrivilege\n\nDisabled Privileges:\n\t\t\t-",
    "date_hour": "23",
    "date_mday": "28",
    "date_minute": "59",
    "date_month": "august",
    "date_second": "0",
    "date_wday": "sunday",
    "date_year": "2016",
    "date_zone": "local",
    "dest": "we8287srv.waynecorpinc.local",
    "dest_nt_domain": "WAYNECORPINC",
    "dest_nt_host": "we8287srv.waynecorpinc.local",
    "dvc": "we8287srv",
    "dvc_nt_host": "we8287srv",
    "event_id": "532934",
    "eventtype": [
      "wineventlog_security",
      "wineventlog_windows",
      "winsec"
    ],
    "host": "we8287srv",
    "id": "532934",
    "index": "botsv1",
    "linecount": "35",
    "member_dn": "we8287srv$\nwe8287srv$",
    "member_id": "NT AUTHORITY\\SYSTEM\nNT AUTHORITY\\SYSTEM",
    "member_nt_domain": "NT AUTHORITY\\",
    "object": "WinEventLog:Security",
    "product": "Windows",
    "punct": "//_::_==___.====..=__===_=____.:t_:tt_\\t_:tt$t_:tt",
    "session_id": "0x3E7",
    "severity": "Information",
    "severity_id": "0",
    "signature_id": "4703",
    "source": "WinEventLog:Security",
    "sourcetype": "WinEventLog:Security",
    "splunk_server": "kraken.local",
    "src": "we8287srv.waynecorpinc.local",
    "src_nt_domain": "WAYNECORPINC",
    "src_user": "we8287srv$",
    "status": "success",
    "tag": [
      "os",
      "security",
      "windows"
    ],
    "tag::eventtype": [
      "os",
      "security",
      "windows"
    ],
    "timeendpos": "23",
    "timestartpos": "0",
    "user": "we8287srv$",
    "vendor": "Microsoft",
    "_bkt": "botsv1~59~25FE58F7-C438-478E-AC42-625F7A4D81D6",
    "_cd": "59:256293763",
    "_eventtype_color": "none",
    "_indextime": "1473355498",
    "_pre_msg": "08/28/2016 23:59:00 PM\nLogName=Security\nSourceName=Microsoft Windows security auditing.\nEventCode=4703\nEventType=0\nType=Information\nComputerName=we8287srv.waynecorpinc.local\nTaskCategory=Authorization Policy Change\nOpCode=Info\nRecordNumber=532934\nKeywords=Audit Success",
    "_raw": "08/28/2016 23:59:00 PM\nLogName=Security\nSourceName=Microsoft Windows security auditing.\nEventCode=4703\nEventType=0\nType=Information\nComputerName=we8287srv.waynecorpinc.local\nTaskCategory=Authorization Policy Change\nOpCode=Info\nRecordNumber=532934\nKeywords=Audit Success\nMessage=A user right was adjusted.\n\nSubject:\n\tSecurity ID:\t\tNT AUTHORITY\\SYSTEM\n\tAccount Name:\t\twe8287srv$\n\tAccount Domain:\t\tWAYNECORPINC\n\tLogon ID:\t\t0x3E7\n\nTarget Account:\n\tSecurity ID:\t\tNT AUTHORITY\\SYSTEM\n\tAccount Name:\t\twe8287srv$\n\tAccount Domain:\t\tWAYNECORPINC\n\tLogon ID:\t\t0x3E7\n\nProcess Information:\n\tProcess ID:\t\t0x15c4\n\tProcess Name:\t\tC:\\Windows\\WinSxS\\amd64_microsoft-windows-servicingstack_31bf3856ad364e35_10.0.10586.486_none_7640e086266ea227\\TiWorker.exe\n\nEnabled Privileges:\n\t\t\tSeSecurityPrivilege\n\nDisabled Privileges:\n\t\t\t-\n",
    "_serial": "8",
    "_si": [
      "kraken.local",
      "botsv1"
    ],
    "_sourcetype": "WinEventLog:Security",
    "_time": "2016-08-28 17:59:00.000 MDT"
  },
  {
    "Account_Domain": "WAYNECORPINC",
    "Account_Name": "we5214srv$",
    "ComputerName": "we5214srv.waynecorpinc.local",
    "EventCode": "4689",
    "EventType": "0",
    "Exit_Status": "0x1",
    "Keywords": "Audit Success",
    "LogName": "Security",
    "Logon_ID": "0x3E7",
    "Message": "A process has exited.\n\nSubject:\n\tSecurity ID:\t\tNT AUTHORITY\\SYSTEM\n\tAccount Name:\t\twe5214srv$\n\tAccount Domain:\t\tWAYNECORPINC\n\tLogon ID:\t\t0x3E7\n\nProcess Information:\n\tProcess ID:\t0x101c\n\tProcess Name:\tC:\\Program Files\\SplunkUniversalForwarder\\bin\\splunk-admon.exe\n\tExit Status:\t0x1",
    "OpCode": "Info",
    "Process_ID": "0x101c",
    "Process_Name": "C:\\Program Files\\SplunkUniversalForwarder\\bin\\splunk-admon.exe",
    "RecordNumber": "514820",
    "Security_ID": "NT AUTHORITY\\SYSTEM",
    "SourceName": "Microsoft Windows security auditing.",
    "TaskCategory": "Process Termination",
    "Type": "Information",
    "action": "success",
    "app": "win:unknown",
    "body": "A process has exited.\n\nSubject:\n\tSecurity ID:\t\tNT AUTHORITY\\SYSTEM\n\tAccount Name:\t\twe5214srv$\n\tAccount Domain:\t\tWAYNECORPINC\n\tLogon ID:\t\t0x3E7\n\nProcess Information:\n\tProcess ID:\t0x101c\n\tProcess Name:\tC:\\Program Files\\SplunkUniversalForwarder\\bin\\splunk-admon.exe\n\tExit Status:\t0x1",
    "date_hour": "23",
    "date_mday": "28",
    "date_minute": "59",
    "date_month": "august",
    "date_second": "0",
    "date_wday": "sunday",
    "date_year": "2016",
    "date_zone": "local",
    "dest": "we5214srv.waynecorpinc.local",
    "dest_nt_domain": "WAYNECORPINC",
    "dest_nt_host": "we5214srv.waynecorpinc.local",
    "dvc": "we5214srv",
    "dvc_nt_host": "we5214srv",
    "event_id": "514820",
    "eventtype": [
      "windows_process_exit",
      "wineventlog_security",
      "wineventlog_windows",
      "winsec"
    ],
    "host": "we5214srv",
    "id": "514820",
    "index": "botsv1",
    "linecount": "24",
    "member_dn": "we5214srv$",
    "member_id": "NT AUTHORITY\\SYSTEM",
    "member_nt_domain": "NT AUTHORITY\\",
    "name": "A process has exited",
    "object": "WinEventLog:Security",
    "product": "Windows",
    "punct": "//_::_==___.====..=_===_=___.:t_:tt_\\t_:tt$t_:ttt_",
    "session_id": "0x3E7",
    "severity": "Information",
    "severity_id": "0",
    "signature": "A process has exited",
    "signature_id": "4689",
    "source": "WinEventLog:Security",
    "sourcetype": "WinEventLog:Security",
    "splunk_server": "kraken.local",
    "src": "we5214srv.waynecorpinc.local",
    "src_nt_domain": "NT AUTHORITY",
    "status": "success",
    "subject": "A process has exited",
    "tag": [
      "execute",
      "os",
      "process",
      "security",
      "stop",
      "windows"
    ],
    "tag::eventtype": [
      "execute",
      "os",
      "process",
      "security",
      "stop",
      "windows"
    ],
    "timeendpos": "23",
    "timestartpos": "0",
    "user": "we5214srv$",
    "vendor": "Microsoft",
    "_bkt": "botsv1~59~25FE58F7-C438-478E-AC42-625F7A4D81D6",
    "_cd": "59:233436986",
    "_eventtype_color": "none",
    "_indextime": "1473355129",
    "_pre_msg": "08/28/2016 23:59:00 PM\nLogName=Security\nSourceName=Microsoft Windows security auditing.\nEventCode=4689\nEventType=0\nType=Information\nComputerName=we5214srv.waynecorpinc.local\nTaskCategory=Process Termination\nOpCode=Info\nRecordNumber=514820\nKeywords=Audit Success",
